TCP Ping trying to connect to server localhost (127.0.0.1) on port 1491
 ... connected to Pong server: asking for 500 repetitions of 1048576 bytes TCP messages
 ... Pong server agreed :-)
tcp_ping received 1048576 bytes back
Round trip time was 5.69301 milliseconds in repetition 1
tcp_ping received 1048576 bytes back
Round trip time was 5.79572 milliseconds in repetition 2
tcp_ping received 1048576 bytes back
Round trip time was 5.54406 milliseconds in repetition 3
tcp_ping received 1048576 bytes back
Round trip time was 5.57881 milliseconds in repetition 4
tcp_ping received 1048576 bytes back
Round trip time was 5.57893 milliseconds in repetition 5
tcp_ping received 1048576 bytes back
Round trip time was 5.6914 milliseconds in repetition 6
tcp_ping received 1048576 bytes back
Round trip time was 5.60098 milliseconds in repetition 7
tcp_ping received 1048576 bytes back
Round trip time was 5.59076 milliseconds in repetition 8
tcp_ping received 1048576 bytes back
Round trip time was 5.52334 milliseconds in repetition 9
tcp_ping received 1048576 bytes back
Round trip time was 5.59623 milliseconds in repetition 10
tcp_ping received 1048576 bytes back
Round trip time was 5.51837 milliseconds in repetition 11
tcp_ping received 1048576 bytes back
Round trip time was 5.51208 milliseconds in repetition 12
tcp_ping received 1048576 bytes back
Round trip time was 5.53348 milliseconds in repetition 13
tcp_ping received 1048576 bytes back
Round trip time was 5.50589 milliseconds in repetition 14
tcp_ping received 1048576 bytes back
Round trip time was 5.50713 milliseconds in repetition 15
tcp_ping received 1048576 bytes back
Round trip time was 5.50664 milliseconds in repetition 16
tcp_ping received 1048576 bytes back
Round trip time was 5.54997 milliseconds in repetition 17
tcp_ping received 1048576 bytes back
Round trip time was 5.54154 milliseconds in repetition 18
tcp_ping received 1048576 bytes back
Round trip time was 5.49498 milliseconds in repetition 19
tcp_ping received 1048576 bytes back
Round trip time was 5.70445 milliseconds in repetition 20
tcp_ping received 1048576 bytes back
Round trip time was 5.50297 milliseconds in repetition 21
tcp_ping received 1048576 bytes back
Round trip time was 5.52521 milliseconds in repetition 22
tcp_ping received 1048576 bytes back
Round trip time was 5.50499 milliseconds in repetition 23
tcp_ping received 1048576 bytes back
Round trip time was 5.49865 milliseconds in repetition 24
tcp_ping received 1048576 bytes back
Round trip time was 5.49595 milliseconds in repetition 25
tcp_ping received 1048576 bytes back
Round trip time was 5.49307 milliseconds in repetition 26
tcp_ping received 1048576 bytes back
Round trip time was 5.48884 milliseconds in repetition 27
tcp_ping received 1048576 bytes back
Round trip time was 5.49537 milliseconds in repetition 28
tcp_ping received 1048576 bytes back
Round trip time was 5.51768 milliseconds in repetition 29
tcp_ping received 1048576 bytes back
Round trip time was 5.48563 milliseconds in repetition 30
tcp_ping received 1048576 bytes back
Round trip time was 5.45893 milliseconds in repetition 31
tcp_ping received 1048576 bytes back
Round trip time was 5.49667 milliseconds in repetition 32
tcp_ping received 1048576 bytes back
Round trip time was 5.49833 milliseconds in repetition 33
tcp_ping received 1048576 bytes back
Round trip time was 5.48341 milliseconds in repetition 34
tcp_ping received 1048576 bytes back
Round trip time was 5.48795 milliseconds in repetition 35
tcp_ping received 1048576 bytes back
Round trip time was 5.40268 milliseconds in repetition 36
tcp_ping received 1048576 bytes back
Round trip time was 5.39355 milliseconds in repetition 37
tcp_ping received 1048576 bytes back
Round trip time was 5.28842 milliseconds in repetition 38
tcp_ping received 1048576 bytes back
Round trip time was 5.29095 milliseconds in repetition 39
tcp_ping received 1048576 bytes back
Round trip time was 5.28659 milliseconds in repetition 40
tcp_ping received 1048576 bytes back
Round trip time was 5.35355 milliseconds in repetition 41
tcp_ping received 1048576 bytes back
Round trip time was 5.49282 milliseconds in repetition 42
tcp_ping received 1048576 bytes back
Round trip time was 5.4907 milliseconds in repetition 43
tcp_ping received 1048576 bytes back
Round trip time was 5.48551 milliseconds in repetition 44
tcp_ping received 1048576 bytes back
Round trip time was 5.51552 milliseconds in repetition 45
tcp_ping received 1048576 bytes back
Round trip time was 5.55015 milliseconds in repetition 46
tcp_ping received 1048576 bytes back
Round trip time was 5.50079 milliseconds in repetition 47
tcp_ping received 1048576 bytes back
Round trip time was 5.49512 milliseconds in repetition 48
tcp_ping received 1048576 bytes back
Round trip time was 5.49332 milliseconds in repetition 49
tcp_ping received 1048576 bytes back
Round trip time was 5.44171 milliseconds in repetition 50
tcp_ping received 1048576 bytes back
Round trip time was 5.56512 milliseconds in repetition 51
tcp_ping received 1048576 bytes back
Round trip time was 5.50244 milliseconds in repetition 52
tcp_ping received 1048576 bytes back
Round trip time was 5.51453 milliseconds in repetition 53
tcp_ping received 1048576 bytes back
Round trip time was 5.49777 milliseconds in repetition 54
tcp_ping received 1048576 bytes back
Round trip time was 5.53536 milliseconds in repetition 55
tcp_ping received 1048576 bytes back
Round trip time was 5.5156 milliseconds in repetition 56
tcp_ping received 1048576 bytes back
Round trip time was 5.49763 milliseconds in repetition 57
tcp_ping received 1048576 bytes back
Round trip time was 6.01153 milliseconds in repetition 58
tcp_ping received 1048576 bytes back
Round trip time was 5.50089 milliseconds in repetition 59
tcp_ping received 1048576 bytes back
Round trip time was 5.50417 milliseconds in repetition 60
tcp_ping received 1048576 bytes back
Round trip time was 5.5026 milliseconds in repetition 61
tcp_ping received 1048576 bytes back
Round trip time was 5.49424 milliseconds in repetition 62
tcp_ping received 1048576 bytes back
Round trip time was 5.49227 milliseconds in repetition 63
tcp_ping received 1048576 bytes back
Round trip time was 5.51517 milliseconds in repetition 64
tcp_ping received 1048576 bytes back
Round trip time was 5.53115 milliseconds in repetition 65
tcp_ping received 1048576 bytes back
Round trip time was 5.53817 milliseconds in repetition 66
tcp_ping received 1048576 bytes back
Round trip time was 5.53101 milliseconds in repetition 67
tcp_ping received 1048576 bytes back
Round trip time was 5.50561 milliseconds in repetition 68
tcp_ping received 1048576 bytes back
Round trip time was 5.51603 milliseconds in repetition 69
tcp_ping received 1048576 bytes back
Round trip time was 5.5098 milliseconds in repetition 70
tcp_ping received 1048576 bytes back
Round trip time was 5.53281 milliseconds in repetition 71
tcp_ping received 1048576 bytes back
Round trip time was 5.51056 milliseconds in repetition 72
tcp_ping received 1048576 bytes back
Round trip time was 5.50598 milliseconds in repetition 73
tcp_ping received 1048576 bytes back
Round trip time was 5.51127 milliseconds in repetition 74
tcp_ping received 1048576 bytes back
Round trip time was 5.51078 milliseconds in repetition 75
tcp_ping received 1048576 bytes back
Round trip time was 5.72847 milliseconds in repetition 76
tcp_ping received 1048576 bytes back
Round trip time was 5.50515 milliseconds in repetition 77
tcp_ping received 1048576 bytes back
Round trip time was 5.51295 milliseconds in repetition 78
tcp_ping received 1048576 bytes back
Round trip time was 5.4947 milliseconds in repetition 79
tcp_ping received 1048576 bytes back
Round trip time was 5.49916 milliseconds in repetition 80
tcp_ping received 1048576 bytes back
Round trip time was 5.49481 milliseconds in repetition 81
tcp_ping received 1048576 bytes back
Round trip time was 5.50883 milliseconds in repetition 82
tcp_ping received 1048576 bytes back
Round trip time was 5.55624 milliseconds in repetition 83
tcp_ping received 1048576 bytes back
Round trip time was 5.52896 milliseconds in repetition 84
tcp_ping received 1048576 bytes back
Round trip time was 5.50579 milliseconds in repetition 85
tcp_ping received 1048576 bytes back
Round trip time was 5.50662 milliseconds in repetition 86
tcp_ping received 1048576 bytes back
Round trip time was 5.50938 milliseconds in repetition 87
tcp_ping received 1048576 bytes back
Round trip time was 5.50538 milliseconds in repetition 88
tcp_ping received 1048576 bytes back
Round trip time was 5.50089 milliseconds in repetition 89
tcp_ping received 1048576 bytes back
Round trip time was 5.50229 milliseconds in repetition 90
tcp_ping received 1048576 bytes back
Round trip time was 5.48977 milliseconds in repetition 91
tcp_ping received 1048576 bytes back
Round trip time was 5.50073 milliseconds in repetition 92
tcp_ping received 1048576 bytes back
Round trip time was 5.35487 milliseconds in repetition 93
tcp_ping received 1048576 bytes back
Round trip time was 5.2945 milliseconds in repetition 94
tcp_ping received 1048576 bytes back
Round trip time was 5.35337 milliseconds in repetition 95
tcp_ping received 1048576 bytes back
Round trip time was 5.2927 milliseconds in repetition 96
tcp_ping received 1048576 bytes back
Round trip time was 5.29299 milliseconds in repetition 97
tcp_ping received 1048576 bytes back
Round trip time was 5.29219 milliseconds in repetition 98
tcp_ping received 1048576 bytes back
Round trip time was 5.28727 milliseconds in repetition 99
tcp_ping received 1048576 bytes back
Round trip time was 5.27978 milliseconds in repetition 100
tcp_ping received 1048576 bytes back
Round trip time was 5.4588 milliseconds in repetition 101
tcp_ping received 1048576 bytes back
Round trip time was 5.50163 milliseconds in repetition 102
tcp_ping received 1048576 bytes back
Round trip time was 5.50542 milliseconds in repetition 103
tcp_ping received 1048576 bytes back
Round trip time was 5.48739 milliseconds in repetition 104
tcp_ping received 1048576 bytes back
Round trip time was 5.50092 milliseconds in repetition 105
tcp_ping received 1048576 bytes back
Round trip time was 5.49524 milliseconds in repetition 106
tcp_ping received 1048576 bytes back
Round trip time was 5.5405 milliseconds in repetition 107
tcp_ping received 1048576 bytes back
Round trip time was 5.69936 milliseconds in repetition 108
tcp_ping received 1048576 bytes back
Round trip time was 5.65447 milliseconds in repetition 109
tcp_ping received 1048576 bytes back
Round trip time was 5.55208 milliseconds in repetition 110
tcp_ping received 1048576 bytes back
Round trip time was 5.58916 milliseconds in repetition 111
tcp_ping received 1048576 bytes back
Round trip time was 5.54048 milliseconds in repetition 112
tcp_ping received 1048576 bytes back
Round trip time was 5.80474 milliseconds in repetition 113
tcp_ping received 1048576 bytes back
Round trip time was 5.54397 milliseconds in repetition 114
tcp_ping received 1048576 bytes back
Round trip time was 5.50955 milliseconds in repetition 115
tcp_ping received 1048576 bytes back
Round trip time was 5.49365 milliseconds in repetition 116
tcp_ping received 1048576 bytes back
Round trip time was 5.50374 milliseconds in repetition 117
tcp_ping received 1048576 bytes back
Round trip time was 5.49212 milliseconds in repetition 118
tcp_ping received 1048576 bytes back
Round trip time was 5.59482 milliseconds in repetition 119
tcp_ping received 1048576 bytes back
Round trip time was 5.50135 milliseconds in repetition 120
tcp_ping received 1048576 bytes back
Round trip time was 5.50105 milliseconds in repetition 121
tcp_ping received 1048576 bytes back
Round trip time was 5.5084 milliseconds in repetition 122
tcp_ping received 1048576 bytes back
Round trip time was 5.50844 milliseconds in repetition 123
tcp_ping received 1048576 bytes back
Round trip time was 5.5017 milliseconds in repetition 124
tcp_ping received 1048576 bytes back
Round trip time was 5.49544 milliseconds in repetition 125
tcp_ping received 1048576 bytes back
Round trip time was 5.49805 milliseconds in repetition 126
tcp_ping received 1048576 bytes back
Round trip time was 5.48726 milliseconds in repetition 127
tcp_ping received 1048576 bytes back
Round trip time was 5.49817 milliseconds in repetition 128
tcp_ping received 1048576 bytes back
Round trip time was 5.49014 milliseconds in repetition 129
tcp_ping received 1048576 bytes back
Round trip time was 5.48862 milliseconds in repetition 130
tcp_ping received 1048576 bytes back
Round trip time was 5.49156 milliseconds in repetition 131
tcp_ping received 1048576 bytes back
Round trip time was 5.69547 milliseconds in repetition 132
tcp_ping received 1048576 bytes back
Round trip time was 5.35699 milliseconds in repetition 133
tcp_ping received 1048576 bytes back
Round trip time was 5.28954 milliseconds in repetition 134
tcp_ping received 1048576 bytes back
Round trip time was 5.28702 milliseconds in repetition 135
tcp_ping received 1048576 bytes back
Round trip time was 5.29928 milliseconds in repetition 136
tcp_ping received 1048576 bytes back
Round trip time was 5.36149 milliseconds in repetition 137
tcp_ping received 1048576 bytes back
Round trip time was 5.48744 milliseconds in repetition 138
tcp_ping received 1048576 bytes back
Round trip time was 5.50416 milliseconds in repetition 139
tcp_ping received 1048576 bytes back
Round trip time was 5.30244 milliseconds in repetition 140
tcp_ping received 1048576 bytes back
Round trip time was 5.30594 milliseconds in repetition 141
tcp_ping received 1048576 bytes back
Round trip time was 5.35003 milliseconds in repetition 142
tcp_ping received 1048576 bytes back
Round trip time was 5.30037 milliseconds in repetition 143
tcp_ping received 1048576 bytes back
Round trip time was 5.29183 milliseconds in repetition 144
tcp_ping received 1048576 bytes back
Round trip time was 5.2887 milliseconds in repetition 145
tcp_ping received 1048576 bytes back
Round trip time was 5.38121 milliseconds in repetition 146
tcp_ping received 1048576 bytes back
Round trip time was 5.5106 milliseconds in repetition 147
tcp_ping received 1048576 bytes back
Round trip time was 5.48317 milliseconds in repetition 148
tcp_ping received 1048576 bytes back
Round trip time was 5.35767 milliseconds in repetition 149
tcp_ping received 1048576 bytes back
Round trip time was 5.29046 milliseconds in repetition 150
tcp_ping received 1048576 bytes back
Round trip time was 5.30823 milliseconds in repetition 151
tcp_ping received 1048576 bytes back
Round trip time was 5.2977 milliseconds in repetition 152
tcp_ping received 1048576 bytes back
Round trip time was 5.30036 milliseconds in repetition 153
tcp_ping received 1048576 bytes back
Round trip time was 5.32662 milliseconds in repetition 154
tcp_ping received 1048576 bytes back
Round trip time was 5.44468 milliseconds in repetition 155
tcp_ping received 1048576 bytes back
Round trip time was 5.58665 milliseconds in repetition 156
tcp_ping received 1048576 bytes back
Round trip time was 5.50496 milliseconds in repetition 157
tcp_ping received 1048576 bytes back
Round trip time was 5.52873 milliseconds in repetition 158
tcp_ping received 1048576 bytes back
Round trip time was 5.48454 milliseconds in repetition 159
tcp_ping received 1048576 bytes back
Round trip time was 5.50205 milliseconds in repetition 160
tcp_ping received 1048576 bytes back
Round trip time was 5.50931 milliseconds in repetition 161
tcp_ping received 1048576 bytes back
Round trip time was 5.49392 milliseconds in repetition 162
tcp_ping received 1048576 bytes back
Round trip time was 5.49303 milliseconds in repetition 163
tcp_ping received 1048576 bytes back
Round trip time was 5.50388 milliseconds in repetition 164
tcp_ping received 1048576 bytes back
Round trip time was 5.49206 milliseconds in repetition 165
tcp_ping received 1048576 bytes back
Round trip time was 5.41569 milliseconds in repetition 166
tcp_ping received 1048576 bytes back
Round trip time was 5.29268 milliseconds in repetition 167
tcp_ping received 1048576 bytes back
Round trip time was 5.29656 milliseconds in repetition 168
tcp_ping received 1048576 bytes back
Round trip time was 5.29762 milliseconds in repetition 169
tcp_ping received 1048576 bytes back
Round trip time was 5.30509 milliseconds in repetition 170
tcp_ping received 1048576 bytes back
Round trip time was 5.30113 milliseconds in repetition 171
tcp_ping received 1048576 bytes back
Round trip time was 5.29886 milliseconds in repetition 172
tcp_ping received 1048576 bytes back
Round trip time was 5.33438 milliseconds in repetition 173
tcp_ping received 1048576 bytes back
Round trip time was 5.51814 milliseconds in repetition 174
tcp_ping received 1048576 bytes back
Round trip time was 5.50211 milliseconds in repetition 175
tcp_ping received 1048576 bytes back
Round trip time was 5.5031 milliseconds in repetition 176
tcp_ping received 1048576 bytes back
Round trip time was 5.50618 milliseconds in repetition 177
tcp_ping received 1048576 bytes back
Round trip time was 5.51606 milliseconds in repetition 178
tcp_ping received 1048576 bytes back
Round trip time was 5.49697 milliseconds in repetition 179
tcp_ping received 1048576 bytes back
Round trip time was 5.51927 milliseconds in repetition 180
tcp_ping received 1048576 bytes back
Round trip time was 5.50865 milliseconds in repetition 181
tcp_ping received 1048576 bytes back
Round trip time was 5.50199 milliseconds in repetition 182
tcp_ping received 1048576 bytes back
Round trip time was 5.52368 milliseconds in repetition 183
tcp_ping received 1048576 bytes back
Round trip time was 5.50481 milliseconds in repetition 184
tcp_ping received 1048576 bytes back
Round trip time was 5.50665 milliseconds in repetition 185
tcp_ping received 1048576 bytes back
Round trip time was 5.50818 milliseconds in repetition 186
tcp_ping received 1048576 bytes back
Round trip time was 5.50876 milliseconds in repetition 187
tcp_ping received 1048576 bytes back
Round trip time was 5.72691 milliseconds in repetition 188
tcp_ping received 1048576 bytes back
Round trip time was 5.50433 milliseconds in repetition 189
tcp_ping received 1048576 bytes back
Round trip time was 5.5006 milliseconds in repetition 190
tcp_ping received 1048576 bytes back
Round trip time was 5.50064 milliseconds in repetition 191
tcp_ping received 1048576 bytes back
Round trip time was 5.56553 milliseconds in repetition 192
tcp_ping received 1048576 bytes back
Round trip time was 5.50365 milliseconds in repetition 193
tcp_ping received 1048576 bytes back
Round trip time was 5.49923 milliseconds in repetition 194
tcp_ping received 1048576 bytes back
Round trip time was 5.5113 milliseconds in repetition 195
tcp_ping received 1048576 bytes back
Round trip time was 5.51044 milliseconds in repetition 196
tcp_ping received 1048576 bytes back
Round trip time was 5.50171 milliseconds in repetition 197
tcp_ping received 1048576 bytes back
Round trip time was 5.49851 milliseconds in repetition 198
tcp_ping received 1048576 bytes back
Round trip time was 5.50933 milliseconds in repetition 199
tcp_ping received 1048576 bytes back
Round trip time was 5.50335 milliseconds in repetition 200
tcp_ping received 1048576 bytes back
Round trip time was 5.50229 milliseconds in repetition 201
tcp_ping received 1048576 bytes back
Round trip time was 5.48859 milliseconds in repetition 202
tcp_ping received 1048576 bytes back
Round trip time was 5.4922 milliseconds in repetition 203
tcp_ping received 1048576 bytes back
Round trip time was 5.5001 milliseconds in repetition 204
tcp_ping received 1048576 bytes back
Round trip time was 5.50529 milliseconds in repetition 205
tcp_ping received 1048576 bytes back
Round trip time was 5.49372 milliseconds in repetition 206
tcp_ping received 1048576 bytes back
Round trip time was 5.78299 milliseconds in repetition 207
tcp_ping received 1048576 bytes back
Round trip time was 5.48606 milliseconds in repetition 208
tcp_ping received 1048576 bytes back
Round trip time was 5.42651 milliseconds in repetition 209
tcp_ping received 1048576 bytes back
Round trip time was 5.28201 milliseconds in repetition 210
tcp_ping received 1048576 bytes back
Round trip time was 5.47662 milliseconds in repetition 211
tcp_ping received 1048576 bytes back
Round trip time was 5.45782 milliseconds in repetition 212
tcp_ping received 1048576 bytes back
Round trip time was 5.50174 milliseconds in repetition 213
tcp_ping received 1048576 bytes back
Round trip time was 5.4897 milliseconds in repetition 214
tcp_ping received 1048576 bytes back
Round trip time was 5.51125 milliseconds in repetition 215
tcp_ping received 1048576 bytes back
Round trip time was 5.49075 milliseconds in repetition 216
tcp_ping received 1048576 bytes back
Round trip time was 5.3146 milliseconds in repetition 217
tcp_ping received 1048576 bytes back
Round trip time was 5.31858 milliseconds in repetition 218
tcp_ping received 1048576 bytes back
Round trip time was 5.43476 milliseconds in repetition 219
tcp_ping received 1048576 bytes back
Round trip time was 5.29571 milliseconds in repetition 220
tcp_ping received 1048576 bytes back
Round trip time was 5.30573 milliseconds in repetition 221
tcp_ping received 1048576 bytes back
Round trip time was 5.28743 milliseconds in repetition 222
tcp_ping received 1048576 bytes back
Round trip time was 5.30004 milliseconds in repetition 223
tcp_ping received 1048576 bytes back
Round trip time was 5.29146 milliseconds in repetition 224
tcp_ping received 1048576 bytes back
Round trip time was 5.29112 milliseconds in repetition 225
tcp_ping received 1048576 bytes back
Round trip time was 5.3066 milliseconds in repetition 226
tcp_ping received 1048576 bytes back
Round trip time was 5.29415 milliseconds in repetition 227
tcp_ping received 1048576 bytes back
Round trip time was 5.28844 milliseconds in repetition 228
tcp_ping received 1048576 bytes back
Round trip time was 5.34048 milliseconds in repetition 229
tcp_ping received 1048576 bytes back
Round trip time was 5.29106 milliseconds in repetition 230
tcp_ping received 1048576 bytes back
Round trip time was 5.50406 milliseconds in repetition 231
tcp_ping received 1048576 bytes back
Round trip time was 5.50956 milliseconds in repetition 232
tcp_ping received 1048576 bytes back
Round trip time was 5.49003 milliseconds in repetition 233
tcp_ping received 1048576 bytes back
Round trip time was 5.50239 milliseconds in repetition 234
tcp_ping received 1048576 bytes back
Round trip time was 5.50998 milliseconds in repetition 235
tcp_ping received 1048576 bytes back
Round trip time was 5.49889 milliseconds in repetition 236
tcp_ping received 1048576 bytes back
Round trip time was 5.50111 milliseconds in repetition 237
tcp_ping received 1048576 bytes back
Round trip time was 5.50696 milliseconds in repetition 238
tcp_ping received 1048576 bytes back
Round trip time was 5.50537 milliseconds in repetition 239
tcp_ping received 1048576 bytes back
Round trip time was 5.50101 milliseconds in repetition 240
tcp_ping received 1048576 bytes back
Round trip time was 5.44915 milliseconds in repetition 241
tcp_ping received 1048576 bytes back
Round trip time was 5.49277 milliseconds in repetition 242
tcp_ping received 1048576 bytes back
Round trip time was 5.4948 milliseconds in repetition 243
tcp_ping received 1048576 bytes back
Round trip time was 5.48762 milliseconds in repetition 244
tcp_ping received 1048576 bytes back
Round trip time was 5.68688 milliseconds in repetition 245
tcp_ping received 1048576 bytes back
Round trip time was 5.50845 milliseconds in repetition 246
tcp_ping received 1048576 bytes back
Round trip time was 5.50252 milliseconds in repetition 247
tcp_ping received 1048576 bytes back
Round trip time was 5.50126 milliseconds in repetition 248
tcp_ping received 1048576 bytes back
Round trip time was 5.52065 milliseconds in repetition 249
tcp_ping received 1048576 bytes back
Round trip time was 5.50234 milliseconds in repetition 250
tcp_ping received 1048576 bytes back
Round trip time was 5.47745 milliseconds in repetition 251
tcp_ping received 1048576 bytes back
Round trip time was 5.47986 milliseconds in repetition 252
tcp_ping received 1048576 bytes back
Round trip time was 5.49621 milliseconds in repetition 253
tcp_ping received 1048576 bytes back
Round trip time was 5.50494 milliseconds in repetition 254
tcp_ping received 1048576 bytes back
Round trip time was 5.49893 milliseconds in repetition 255
tcp_ping received 1048576 bytes back
Round trip time was 5.50726 milliseconds in repetition 256
tcp_ping received 1048576 bytes back
Round trip time was 5.49436 milliseconds in repetition 257
tcp_ping received 1048576 bytes back
Round trip time was 5.48676 milliseconds in repetition 258
tcp_ping received 1048576 bytes back
Round trip time was 5.5031 milliseconds in repetition 259
tcp_ping received 1048576 bytes back
Round trip time was 5.49436 milliseconds in repetition 260
tcp_ping received 1048576 bytes back
Round trip time was 5.50666 milliseconds in repetition 261
tcp_ping received 1048576 bytes back
Round trip time was 5.39219 milliseconds in repetition 262
tcp_ping received 1048576 bytes back
Round trip time was 5.29839 milliseconds in repetition 263
tcp_ping received 1048576 bytes back
Round trip time was 5.30404 milliseconds in repetition 264
tcp_ping received 1048576 bytes back
Round trip time was 5.35058 milliseconds in repetition 265
tcp_ping received 1048576 bytes back
Round trip time was 5.27662 milliseconds in repetition 266
tcp_ping received 1048576 bytes back
Round trip time was 5.30647 milliseconds in repetition 267
tcp_ping received 1048576 bytes back
Round trip time was 5.49896 milliseconds in repetition 268
tcp_ping received 1048576 bytes back
Round trip time was 5.31823 milliseconds in repetition 269
tcp_ping received 1048576 bytes back
Round trip time was 5.23304 milliseconds in repetition 270
tcp_ping received 1048576 bytes back
Round trip time was 5.35134 milliseconds in repetition 271
tcp_ping received 1048576 bytes back
Round trip time was 5.28257 milliseconds in repetition 272
tcp_ping received 1048576 bytes back
Round trip time was 5.30095 milliseconds in repetition 273
tcp_ping received 1048576 bytes back
Round trip time was 5.28292 milliseconds in repetition 274
tcp_ping received 1048576 bytes back
Round trip time was 5.28974 milliseconds in repetition 275
tcp_ping received 1048576 bytes back
Round trip time was 5.28059 milliseconds in repetition 276
tcp_ping received 1048576 bytes back
Round trip time was 5.28747 milliseconds in repetition 277
tcp_ping received 1048576 bytes back
Round trip time was 5.28909 milliseconds in repetition 278
tcp_ping received 1048576 bytes back
Round trip time was 5.285 milliseconds in repetition 279
tcp_ping received 1048576 bytes back
Round trip time was 5.2946 milliseconds in repetition 280
tcp_ping received 1048576 bytes back
Round trip time was 5.28059 milliseconds in repetition 281
tcp_ping received 1048576 bytes back
Round trip time was 5.28404 milliseconds in repetition 282
tcp_ping received 1048576 bytes back
Round trip time was 5.48637 milliseconds in repetition 283
tcp_ping received 1048576 bytes back
Round trip time was 5.30393 milliseconds in repetition 284
tcp_ping received 1048576 bytes back
Round trip time was 5.50954 milliseconds in repetition 285
tcp_ping received 1048576 bytes back
Round trip time was 5.49518 milliseconds in repetition 286
tcp_ping received 1048576 bytes back
Round trip time was 5.48332 milliseconds in repetition 287
tcp_ping received 1048576 bytes back
Round trip time was 5.48412 milliseconds in repetition 288
tcp_ping received 1048576 bytes back
Round trip time was 5.49594 milliseconds in repetition 289
tcp_ping received 1048576 bytes back
Round trip time was 5.49421 milliseconds in repetition 290
tcp_ping received 1048576 bytes back
Round trip time was 5.54277 milliseconds in repetition 291
tcp_ping received 1048576 bytes back
Round trip time was 5.50666 milliseconds in repetition 292
tcp_ping received 1048576 bytes back
Round trip time was 5.50425 milliseconds in repetition 293
tcp_ping received 1048576 bytes back
Round trip time was 5.50379 milliseconds in repetition 294
tcp_ping received 1048576 bytes back
Round trip time was 5.50137 milliseconds in repetition 295
tcp_ping received 1048576 bytes back
Round trip time was 5.51957 milliseconds in repetition 296
tcp_ping received 1048576 bytes back
Round trip time was 5.49927 milliseconds in repetition 297
tcp_ping received 1048576 bytes back
Round trip time was 5.49932 milliseconds in repetition 298
tcp_ping received 1048576 bytes back
Round trip time was 5.50321 milliseconds in repetition 299
tcp_ping received 1048576 bytes back
Round trip time was 5.50329 milliseconds in repetition 300
tcp_ping received 1048576 bytes back
Round trip time was 5.71527 milliseconds in repetition 301
tcp_ping received 1048576 bytes back
Round trip time was 5.55493 milliseconds in repetition 302
tcp_ping received 1048576 bytes back
Round trip time was 5.49807 milliseconds in repetition 303
tcp_ping received 1048576 bytes back
Round trip time was 5.52226 milliseconds in repetition 304
tcp_ping received 1048576 bytes back
Round trip time was 5.49441 milliseconds in repetition 305
tcp_ping received 1048576 bytes back
Round trip time was 5.51402 milliseconds in repetition 306
tcp_ping received 1048576 bytes back
Round trip time was 5.50005 milliseconds in repetition 307
tcp_ping received 1048576 bytes back
Round trip time was 5.49404 milliseconds in repetition 308
tcp_ping received 1048576 bytes back
Round trip time was 5.40726 milliseconds in repetition 309
tcp_ping received 1048576 bytes back
Round trip time was 5.2899 milliseconds in repetition 310
tcp_ping received 1048576 bytes back
Round trip time was 5.2864 milliseconds in repetition 311
tcp_ping received 1048576 bytes back
Round trip time was 5.30918 milliseconds in repetition 312
tcp_ping received 1048576 bytes back
Round trip time was 5.28991 milliseconds in repetition 313
tcp_ping received 1048576 bytes back
Round trip time was 5.29212 milliseconds in repetition 314
tcp_ping received 1048576 bytes back
Round trip time was 5.29806 milliseconds in repetition 315
tcp_ping received 1048576 bytes back
Round trip time was 5.28888 milliseconds in repetition 316
tcp_ping received 1048576 bytes back
Round trip time was 5.29508 milliseconds in repetition 317
tcp_ping received 1048576 bytes back
Round trip time was 5.47212 milliseconds in repetition 318
tcp_ping received 1048576 bytes back
Round trip time was 5.5178 milliseconds in repetition 319
tcp_ping received 1048576 bytes back
Round trip time was 5.47176 milliseconds in repetition 320
tcp_ping received 1048576 bytes back
Round trip time was 5.50928 milliseconds in repetition 321
tcp_ping received 1048576 bytes back
Round trip time was 5.49171 milliseconds in repetition 322
tcp_ping received 1048576 bytes back
Round trip time was 5.41153 milliseconds in repetition 323
tcp_ping received 1048576 bytes back
Round trip time was 5.4776 milliseconds in repetition 324
tcp_ping received 1048576 bytes back
Round trip time was 5.49946 milliseconds in repetition 325
tcp_ping received 1048576 bytes back
Round trip time was 5.49666 milliseconds in repetition 326
tcp_ping received 1048576 bytes back
Round trip time was 5.4885 milliseconds in repetition 327
tcp_ping received 1048576 bytes back
Round trip time was 5.48128 milliseconds in repetition 328
tcp_ping received 1048576 bytes back
Round trip time was 5.28038 milliseconds in repetition 329
tcp_ping received 1048576 bytes back
Round trip time was 5.45081 milliseconds in repetition 330
tcp_ping received 1048576 bytes back
Round trip time was 5.31777 milliseconds in repetition 331
tcp_ping received 1048576 bytes back
Round trip time was 5.29019 milliseconds in repetition 332
tcp_ping received 1048576 bytes back
Round trip time was 5.27717 milliseconds in repetition 333
tcp_ping received 1048576 bytes back
Round trip time was 5.20427 milliseconds in repetition 334
tcp_ping received 1048576 bytes back
Round trip time was 5.16632 milliseconds in repetition 335
tcp_ping received 1048576 bytes back
Round trip time was 5.27592 milliseconds in repetition 336
tcp_ping received 1048576 bytes back
Round trip time was 5.19919 milliseconds in repetition 337
tcp_ping received 1048576 bytes back
Round trip time was 5.18463 milliseconds in repetition 338
tcp_ping received 1048576 bytes back
Round trip time was 5.30488 milliseconds in repetition 339
tcp_ping received 1048576 bytes back
Round trip time was 5.20277 milliseconds in repetition 340
tcp_ping received 1048576 bytes back
Round trip time was 5.22397 milliseconds in repetition 341
tcp_ping received 1048576 bytes back
Round trip time was 5.29914 milliseconds in repetition 342
tcp_ping received 1048576 bytes back
Round trip time was 5.48391 milliseconds in repetition 343
tcp_ping received 1048576 bytes back
Round trip time was 5.36316 milliseconds in repetition 344
tcp_ping received 1048576 bytes back
Round trip time was 5.49136 milliseconds in repetition 345
tcp_ping received 1048576 bytes back
Round trip time was 5.35024 milliseconds in repetition 346
tcp_ping received 1048576 bytes back
Round trip time was 5.28871 milliseconds in repetition 347
tcp_ping received 1048576 bytes back
Round trip time was 5.29202 milliseconds in repetition 348
tcp_ping received 1048576 bytes back
Round trip time was 5.2815 milliseconds in repetition 349
tcp_ping received 1048576 bytes back
Round trip time was 5.28229 milliseconds in repetition 350
tcp_ping received 1048576 bytes back
Round trip time was 5.28553 milliseconds in repetition 351
tcp_ping received 1048576 bytes back
Round trip time was 5.28528 milliseconds in repetition 352
tcp_ping received 1048576 bytes back
Round trip time was 5.28091 milliseconds in repetition 353
tcp_ping received 1048576 bytes back
Round trip time was 5.29053 milliseconds in repetition 354
tcp_ping received 1048576 bytes back
Round trip time was 5.28043 milliseconds in repetition 355
tcp_ping received 1048576 bytes back
Round trip time was 5.28631 milliseconds in repetition 356
tcp_ping received 1048576 bytes back
Round trip time was 5.33345 milliseconds in repetition 357
tcp_ping received 1048576 bytes back
Round trip time was 5.72372 milliseconds in repetition 358
tcp_ping received 1048576 bytes back
Round trip time was 5.51684 milliseconds in repetition 359
tcp_ping received 1048576 bytes back
Round trip time was 5.49424 milliseconds in repetition 360
tcp_ping received 1048576 bytes back
Round trip time was 5.51691 milliseconds in repetition 361
tcp_ping received 1048576 bytes back
Round trip time was 5.52078 milliseconds in repetition 362
tcp_ping received 1048576 bytes back
Round trip time was 5.50342 milliseconds in repetition 363
tcp_ping received 1048576 bytes back
Round trip time was 5.48414 milliseconds in repetition 364
tcp_ping received 1048576 bytes back
Round trip time was 5.49783 milliseconds in repetition 365
tcp_ping received 1048576 bytes back
Round trip time was 5.4992 milliseconds in repetition 366
tcp_ping received 1048576 bytes back
Round trip time was 5.50095 milliseconds in repetition 367
tcp_ping received 1048576 bytes back
Round trip time was 5.49216 milliseconds in repetition 368
tcp_ping received 1048576 bytes back
Round trip time was 5.48948 milliseconds in repetition 369
tcp_ping received 1048576 bytes back
Round trip time was 5.48428 milliseconds in repetition 370
tcp_ping received 1048576 bytes back
Round trip time was 5.49217 milliseconds in repetition 371
tcp_ping received 1048576 bytes back
Round trip time was 5.50492 milliseconds in repetition 372
tcp_ping received 1048576 bytes back
Round trip time was 5.49483 milliseconds in repetition 373
tcp_ping received 1048576 bytes back
Round trip time was 5.4763 milliseconds in repetition 374
tcp_ping received 1048576 bytes back
Round trip time was 5.48957 milliseconds in repetition 375
tcp_ping received 1048576 bytes back
Round trip time was 5.54504 milliseconds in repetition 376
tcp_ping received 1048576 bytes back
Round trip time was 5.70707 milliseconds in repetition 377
tcp_ping received 1048576 bytes back
Round trip time was 5.5125 milliseconds in repetition 378
tcp_ping received 1048576 bytes back
Round trip time was 5.50464 milliseconds in repetition 379
tcp_ping received 1048576 bytes back
Round trip time was 5.52228 milliseconds in repetition 380
tcp_ping received 1048576 bytes back
Round trip time was 5.5065 milliseconds in repetition 381
tcp_ping received 1048576 bytes back
Round trip time was 5.50033 milliseconds in repetition 382
tcp_ping received 1048576 bytes back
Round trip time was 5.5161 milliseconds in repetition 383
tcp_ping received 1048576 bytes back
Round trip time was 5.54689 milliseconds in repetition 384
tcp_ping received 1048576 bytes back
Round trip time was 5.51137 milliseconds in repetition 385
tcp_ping received 1048576 bytes back
Round trip time was 5.50829 milliseconds in repetition 386
tcp_ping received 1048576 bytes back
Round trip time was 5.50224 milliseconds in repetition 387
tcp_ping received 1048576 bytes back
Round trip time was 5.50684 milliseconds in repetition 388
tcp_ping received 1048576 bytes back
Round trip time was 5.49631 milliseconds in repetition 389
tcp_ping received 1048576 bytes back
Round trip time was 5.48592 milliseconds in repetition 390
tcp_ping received 1048576 bytes back
Round trip time was 5.7062 milliseconds in repetition 391
tcp_ping received 1048576 bytes back
Round trip time was 5.55928 milliseconds in repetition 392
tcp_ping received 1048576 bytes back
Round trip time was 5.53534 milliseconds in repetition 393
tcp_ping received 1048576 bytes back
Round trip time was 5.52115 milliseconds in repetition 394
tcp_ping received 1048576 bytes back
Round trip time was 5.73247 milliseconds in repetition 395
tcp_ping received 1048576 bytes back
Round trip time was 5.51963 milliseconds in repetition 396
tcp_ping received 1048576 bytes back
Round trip time was 5.50315 milliseconds in repetition 397
tcp_ping received 1048576 bytes back
Round trip time was 5.50457 milliseconds in repetition 398
tcp_ping received 1048576 bytes back
Round trip time was 5.49689 milliseconds in repetition 399
tcp_ping received 1048576 bytes back
Round trip time was 5.50053 milliseconds in repetition 400
tcp_ping received 1048576 bytes back
Round trip time was 5.52327 milliseconds in repetition 401
tcp_ping received 1048576 bytes back
Round trip time was 5.50276 milliseconds in repetition 402
tcp_ping received 1048576 bytes back
Round trip time was 5.49118 milliseconds in repetition 403
tcp_ping received 1048576 bytes back
Round trip time was 5.51082 milliseconds in repetition 404
tcp_ping received 1048576 bytes back
Round trip time was 5.50056 milliseconds in repetition 405
tcp_ping received 1048576 bytes back
Round trip time was 5.49412 milliseconds in repetition 406
tcp_ping received 1048576 bytes back
Round trip time was 5.50786 milliseconds in repetition 407
tcp_ping received 1048576 bytes back
Round trip time was 5.49802 milliseconds in repetition 408
tcp_ping received 1048576 bytes back
Round trip time was 5.50709 milliseconds in repetition 409
tcp_ping received 1048576 bytes back
Round trip time was 5.49793 milliseconds in repetition 410
tcp_ping received 1048576 bytes back
Round trip time was 5.48333 milliseconds in repetition 411
tcp_ping received 1048576 bytes back
Round trip time was 5.57988 milliseconds in repetition 412
tcp_ping received 1048576 bytes back
Round trip time was 5.50189 milliseconds in repetition 413
tcp_ping received 1048576 bytes back
Round trip time was 5.50993 milliseconds in repetition 414
tcp_ping received 1048576 bytes back
Round trip time was 5.51462 milliseconds in repetition 415
tcp_ping received 1048576 bytes back
Round trip time was 5.49643 milliseconds in repetition 416
tcp_ping received 1048576 bytes back
Round trip time was 5.51689 milliseconds in repetition 417
tcp_ping received 1048576 bytes back
Round trip time was 5.50788 milliseconds in repetition 418
tcp_ping received 1048576 bytes back
Round trip time was 5.50018 milliseconds in repetition 419
tcp_ping received 1048576 bytes back
Round trip time was 5.51312 milliseconds in repetition 420
tcp_ping received 1048576 bytes back
Round trip time was 5.51671 milliseconds in repetition 421
tcp_ping received 1048576 bytes back
Round trip time was 5.51005 milliseconds in repetition 422
tcp_ping received 1048576 bytes back
Round trip time was 5.49691 milliseconds in repetition 423
tcp_ping received 1048576 bytes back
Round trip time was 5.50009 milliseconds in repetition 424
tcp_ping received 1048576 bytes back
Round trip time was 5.5062 milliseconds in repetition 425
tcp_ping received 1048576 bytes back
Round trip time was 5.49176 milliseconds in repetition 426
tcp_ping received 1048576 bytes back
Round trip time was 5.50446 milliseconds in repetition 427
tcp_ping received 1048576 bytes back
Round trip time was 5.50178 milliseconds in repetition 428
tcp_ping received 1048576 bytes back
Round trip time was 5.49503 milliseconds in repetition 429
tcp_ping received 1048576 bytes back
Round trip time was 5.50574 milliseconds in repetition 430
tcp_ping received 1048576 bytes back
Round trip time was 5.51557 milliseconds in repetition 431
tcp_ping received 1048576 bytes back
Round trip time was 5.71778 milliseconds in repetition 432
tcp_ping received 1048576 bytes back
Round trip time was 5.73134 milliseconds in repetition 433
tcp_ping received 1048576 bytes back
Round trip time was 5.49763 milliseconds in repetition 434
tcp_ping received 1048576 bytes back
Round trip time was 5.51029 milliseconds in repetition 435
tcp_ping received 1048576 bytes back
Round trip time was 5.49252 milliseconds in repetition 436
tcp_ping received 1048576 bytes back
Round trip time was 5.50864 milliseconds in repetition 437
tcp_ping received 1048576 bytes back
Round trip time was 5.50997 milliseconds in repetition 438
tcp_ping received 1048576 bytes back
Round trip time was 5.51798 milliseconds in repetition 439
tcp_ping received 1048576 bytes back
Round trip time was 5.51431 milliseconds in repetition 440
tcp_ping received 1048576 bytes back
Round trip time was 5.49675 milliseconds in repetition 441
tcp_ping received 1048576 bytes back
Round trip time was 5.49592 milliseconds in repetition 442
tcp_ping received 1048576 bytes back
Round trip time was 5.50015 milliseconds in repetition 443
tcp_ping received 1048576 bytes back
Round trip time was 5.38113 milliseconds in repetition 444
tcp_ping received 1048576 bytes back
Round trip time was 5.28078 milliseconds in repetition 445
tcp_ping received 1048576 bytes back
Round trip time was 5.30088 milliseconds in repetition 446
tcp_ping received 1048576 bytes back
Round trip time was 5.28232 milliseconds in repetition 447
tcp_ping received 1048576 bytes back
Round trip time was 5.28891 milliseconds in repetition 448
tcp_ping received 1048576 bytes back
Round trip time was 5.26354 milliseconds in repetition 449
tcp_ping received 1048576 bytes back
Round trip time was 5.35672 milliseconds in repetition 450
tcp_ping received 1048576 bytes back
Round trip time was 5.2951 milliseconds in repetition 451
tcp_ping received 1048576 bytes back
Round trip time was 5.27789 milliseconds in repetition 452
tcp_ping received 1048576 bytes back
Round trip time was 5.31194 milliseconds in repetition 453
tcp_ping received 1048576 bytes back
Round trip time was 5.49553 milliseconds in repetition 454
tcp_ping received 1048576 bytes back
Round trip time was 5.50068 milliseconds in repetition 455
tcp_ping received 1048576 bytes back
Round trip time was 5.49003 milliseconds in repetition 456
tcp_ping received 1048576 bytes back
Round trip time was 5.42722 milliseconds in repetition 457
tcp_ping received 1048576 bytes back
Round trip time was 5.28356 milliseconds in repetition 458
tcp_ping received 1048576 bytes back
Round trip time was 5.29472 milliseconds in repetition 459
tcp_ping received 1048576 bytes back
Round trip time was 5.28716 milliseconds in repetition 460
tcp_ping received 1048576 bytes back
Round trip time was 5.28983 milliseconds in repetition 461
tcp_ping received 1048576 bytes back
Round trip time was 5.28874 milliseconds in repetition 462
tcp_ping received 1048576 bytes back
Round trip time was 5.28889 milliseconds in repetition 463
tcp_ping received 1048576 bytes back
Round trip time was 5.29483 milliseconds in repetition 464
tcp_ping received 1048576 bytes back
Round trip time was 5.28948 milliseconds in repetition 465
tcp_ping received 1048576 bytes back
Round trip time was 5.28723 milliseconds in repetition 466
tcp_ping received 1048576 bytes back
Round trip time was 5.2858 milliseconds in repetition 467
tcp_ping received 1048576 bytes back
Round trip time was 5.25219 milliseconds in repetition 468
tcp_ping received 1048576 bytes back
Round trip time was 5.26883 milliseconds in repetition 469
tcp_ping received 1048576 bytes back
Round trip time was 5.52334 milliseconds in repetition 470
tcp_ping received 1048576 bytes back
Round trip time was 5.49543 milliseconds in repetition 471
tcp_ping received 1048576 bytes back
Round trip time was 5.49884 milliseconds in repetition 472
tcp_ping received 1048576 bytes back
Round trip time was 5.50439 milliseconds in repetition 473
tcp_ping received 1048576 bytes back
Round trip time was 5.52588 milliseconds in repetition 474
tcp_ping received 1048576 bytes back
Round trip time was 5.59187 milliseconds in repetition 475
tcp_ping received 1048576 bytes back
Round trip time was 5.50828 milliseconds in repetition 476
tcp_ping received 1048576 bytes back
Round trip time was 5.50393 milliseconds in repetition 477
tcp_ping received 1048576 bytes back
Round trip time was 5.51557 milliseconds in repetition 478
tcp_ping received 1048576 bytes back
Round trip time was 5.49206 milliseconds in repetition 479
tcp_ping received 1048576 bytes back
Round trip time was 5.5094 milliseconds in repetition 480
tcp_ping received 1048576 bytes back
Round trip time was 5.49906 milliseconds in repetition 481
tcp_ping received 1048576 bytes back
Round trip time was 5.4922 milliseconds in repetition 482
tcp_ping received 1048576 bytes back
Round trip time was 5.49618 milliseconds in repetition 483
tcp_ping received 1048576 bytes back
Round trip time was 5.49243 milliseconds in repetition 484
tcp_ping received 1048576 bytes back
Round trip time was 5.50021 milliseconds in repetition 485
tcp_ping received 1048576 bytes back
Round trip time was 5.50792 milliseconds in repetition 486
tcp_ping received 1048576 bytes back
Round trip time was 5.49923 milliseconds in repetition 487
tcp_ping received 1048576 bytes back
Round trip time was 5.49116 milliseconds in repetition 488
tcp_ping received 1048576 bytes back
Round trip time was 5.49071 milliseconds in repetition 489
tcp_ping received 1048576 bytes back
Round trip time was 5.48922 milliseconds in repetition 490
tcp_ping received 1048576 bytes back
Round trip time was 5.49902 milliseconds in repetition 491
tcp_ping received 1048576 bytes back
Round trip time was 5.48418 milliseconds in repetition 492
tcp_ping received 1048576 bytes back
Round trip time was 5.48859 milliseconds in repetition 493
tcp_ping received 1048576 bytes back
Round trip time was 5.4966 milliseconds in repetition 494
tcp_ping received 1048576 bytes back
Round trip time was 5.35687 milliseconds in repetition 495
tcp_ping received 1048576 bytes back
Round trip time was 5.28423 milliseconds in repetition 496
tcp_ping received 1048576 bytes back
Round trip time was 5.28945 milliseconds in repetition 497
tcp_ping received 1048576 bytes back
Round trip time was 5.28893 milliseconds in repetition 498
tcp_ping received 1048576 bytes back
Round trip time was 5.28416 milliseconds in repetition 499
tcp_ping received 1048576 bytes back
Round trip time was 5.29156 milliseconds in repetition 500

 ... clock resolution was 1e-06
TCP Ping:  Statistics over 500 repetitions of 1048576 byte messages

RTT : percentile 10: 5.28889, median: 5.49689, percentile 90: 5.53348, average: 5.45739, variance: 0.0125359

RTT histogram:
5.16631 2
5.20858 4
5.25084 4
5.2931 100
5.33536 15
5.37762 10
5.41988 7
5.46214 16
5.5044 286
5.54666 26
5.58892 10
5.63118 0
5.67344 4
5.7157 12
5.75797 0
5.80023 3
5.84249 0
5.88475 0
5.92701 0
5.96927 0
6.01153 1

   median Throughput : 381516 KB/s   overall Throughput : 384277 KB/s

