TCP Ping trying to connect to server localhost (127.0.0.1) on port 1491
 ... connected to Pong server: asking for 500 repetitions of 384 bytes TCP messages
 ... Pong server agreed :-)
tcp_ping received 384 bytes back
Round trip time was 0.026991 milliseconds in repetition 1
tcp_ping received 384 bytes back
Round trip time was 0.019 milliseconds in repetition 2
tcp_ping received 384 bytes back
Round trip time was 0.017497 milliseconds in repetition 3
tcp_ping received 384 bytes back
Round trip time was 0.017512 milliseconds in repetition 4
tcp_ping received 384 bytes back
Round trip time was 0.017549 milliseconds in repetition 5
tcp_ping received 384 bytes back
Round trip time was 0.017092 milliseconds in repetition 6
tcp_ping received 384 bytes back
Round trip time was 0.016075 milliseconds in repetition 7
tcp_ping received 384 bytes back
Round trip time was 0.016523 milliseconds in repetition 8
tcp_ping received 384 bytes back
Round trip time was 0.016125 milliseconds in repetition 9
tcp_ping received 384 bytes back
Round trip time was 0.01647 milliseconds in repetition 10
tcp_ping received 384 bytes back
Round trip time was 0.015913 milliseconds in repetition 11
tcp_ping received 384 bytes back
Round trip time was 0.01644 milliseconds in repetition 12
tcp_ping received 384 bytes back
Round trip time was 0.016357 milliseconds in repetition 13
tcp_ping received 384 bytes back
Round trip time was 0.016201 milliseconds in repetition 14
tcp_ping received 384 bytes back
Round trip time was 0.016263 milliseconds in repetition 15
tcp_ping received 384 bytes back
Round trip time was 0.016421 milliseconds in repetition 16
tcp_ping received 384 bytes back
Round trip time was 0.016411 milliseconds in repetition 17
tcp_ping received 384 bytes back
Round trip time was 0.016395 milliseconds in repetition 18
tcp_ping received 384 bytes back
Round trip time was 0.016177 milliseconds in repetition 19
tcp_ping received 384 bytes back
Round trip time was 0.016293 milliseconds in repetition 20
tcp_ping received 384 bytes back
Round trip time was 0.016021 milliseconds in repetition 21
tcp_ping received 384 bytes back
Round trip time was 0.016187 milliseconds in repetition 22
tcp_ping received 384 bytes back
Round trip time was 0.015974 milliseconds in repetition 23
tcp_ping received 384 bytes back
Round trip time was 0.016373 milliseconds in repetition 24
tcp_ping received 384 bytes back
Round trip time was 0.016135 milliseconds in repetition 25
tcp_ping received 384 bytes back
Round trip time was 0.01626 milliseconds in repetition 26
tcp_ping received 384 bytes back
Round trip time was 0.015894 milliseconds in repetition 27
tcp_ping received 384 bytes back
Round trip time was 0.016235 milliseconds in repetition 28
tcp_ping received 384 bytes back
Round trip time was 0.016254 milliseconds in repetition 29
tcp_ping received 384 bytes back
Round trip time was 0.016083 milliseconds in repetition 30
tcp_ping received 384 bytes back
Round trip time was 0.016164 milliseconds in repetition 31
tcp_ping received 384 bytes back
Round trip time was 0.016343 milliseconds in repetition 32
tcp_ping received 384 bytes back
Round trip time was 0.016164 milliseconds in repetition 33
tcp_ping received 384 bytes back
Round trip time was 0.016465 milliseconds in repetition 34
tcp_ping received 384 bytes back
Round trip time was 0.015985 milliseconds in repetition 35
tcp_ping received 384 bytes back
Round trip time was 0.016065 milliseconds in repetition 36
tcp_ping received 384 bytes back
Round trip time was 0.016085 milliseconds in repetition 37
tcp_ping received 384 bytes back
Round trip time was 0.016422 milliseconds in repetition 38
tcp_ping received 384 bytes back
Round trip time was 0.016005 milliseconds in repetition 39
tcp_ping received 384 bytes back
Round trip time was 0.016095 milliseconds in repetition 40
tcp_ping received 384 bytes back
Round trip time was 0.016052 milliseconds in repetition 41
tcp_ping received 384 bytes back
Round trip time was 0.01621 milliseconds in repetition 42
tcp_ping received 384 bytes back
Round trip time was 0.016004 milliseconds in repetition 43
tcp_ping received 384 bytes back
Round trip time was 0.018118 milliseconds in repetition 44
tcp_ping received 384 bytes back
Round trip time was 0.016556 milliseconds in repetition 45
tcp_ping received 384 bytes back
Round trip time was 0.016436 milliseconds in repetition 46
tcp_ping received 384 bytes back
Round trip time was 0.015987 milliseconds in repetition 47
tcp_ping received 384 bytes back
Round trip time was 0.016105 milliseconds in repetition 48
tcp_ping received 384 bytes back
Round trip time was 0.01599 milliseconds in repetition 49
tcp_ping received 384 bytes back
Round trip time was 0.016439 milliseconds in repetition 50
tcp_ping received 384 bytes back
Round trip time was 0.016289 milliseconds in repetition 51
tcp_ping received 384 bytes back
Round trip time was 0.01629 milliseconds in repetition 52
tcp_ping received 384 bytes back
Round trip time was 0.016224 milliseconds in repetition 53
tcp_ping received 384 bytes back
Round trip time was 0.016013 milliseconds in repetition 54
tcp_ping received 384 bytes back
Round trip time was 0.016273 milliseconds in repetition 55
tcp_ping received 384 bytes back
Round trip time was 0.016158 milliseconds in repetition 56
tcp_ping received 384 bytes back
Round trip time was 0.016096 milliseconds in repetition 57
tcp_ping received 384 bytes back
Round trip time was 0.016449 milliseconds in repetition 58
tcp_ping received 384 bytes back
Round trip time was 0.015933 milliseconds in repetition 59
tcp_ping received 384 bytes back
Round trip time was 0.016347 milliseconds in repetition 60
tcp_ping received 384 bytes back
Round trip time was 0.016115 milliseconds in repetition 61
tcp_ping received 384 bytes back
Round trip time was 0.016105 milliseconds in repetition 62
tcp_ping received 384 bytes back
Round trip time was 0.016214 milliseconds in repetition 63
tcp_ping received 384 bytes back
Round trip time was 0.016133 milliseconds in repetition 64
tcp_ping received 384 bytes back
Round trip time was 0.016133 milliseconds in repetition 65
tcp_ping received 384 bytes back
Round trip time was 0.016158 milliseconds in repetition 66
tcp_ping received 384 bytes back
Round trip time was 0.016345 milliseconds in repetition 67
tcp_ping received 384 bytes back
Round trip time was 0.016279 milliseconds in repetition 68
tcp_ping received 384 bytes back
Round trip time was 0.016173 milliseconds in repetition 69
tcp_ping received 384 bytes back
Round trip time was 0.016088 milliseconds in repetition 70
tcp_ping received 384 bytes back
Round trip time was 0.015997 milliseconds in repetition 71
tcp_ping received 384 bytes back
Round trip time was 0.016095 milliseconds in repetition 72
tcp_ping received 384 bytes back
Round trip time was 0.016207 milliseconds in repetition 73
tcp_ping received 384 bytes back
Round trip time was 0.016299 milliseconds in repetition 74
tcp_ping received 384 bytes back
Round trip time was 0.016078 milliseconds in repetition 75
tcp_ping received 384 bytes back
Round trip time was 0.016462 milliseconds in repetition 76
tcp_ping received 384 bytes back
Round trip time was 0.016026 milliseconds in repetition 77
tcp_ping received 384 bytes back
Round trip time was 0.016256 milliseconds in repetition 78
tcp_ping received 384 bytes back
Round trip time was 0.016174 milliseconds in repetition 79
tcp_ping received 384 bytes back
Round trip time was 0.016138 milliseconds in repetition 80
tcp_ping received 384 bytes back
Round trip time was 0.016267 milliseconds in repetition 81
tcp_ping received 384 bytes back
Round trip time was 0.01599 milliseconds in repetition 82
tcp_ping received 384 bytes back
Round trip time was 0.016207 milliseconds in repetition 83
tcp_ping received 384 bytes back
Round trip time was 0.016191 milliseconds in repetition 84
tcp_ping received 384 bytes back
Round trip time was 0.016276 milliseconds in repetition 85
tcp_ping received 384 bytes back
Round trip time was 0.015993 milliseconds in repetition 86
tcp_ping received 384 bytes back
Round trip time was 0.016169 milliseconds in repetition 87
tcp_ping received 384 bytes back
Round trip time was 0.016084 milliseconds in repetition 88
tcp_ping received 384 bytes back
Round trip time was 0.017855 milliseconds in repetition 89
tcp_ping received 384 bytes back
Round trip time was 0.016366 milliseconds in repetition 90
tcp_ping received 384 bytes back
Round trip time was 0.015975 milliseconds in repetition 91
tcp_ping received 384 bytes back
Round trip time was 0.016143 milliseconds in repetition 92
tcp_ping received 384 bytes back
Round trip time was 0.01646 milliseconds in repetition 93
tcp_ping received 384 bytes back
Round trip time was 0.016169 milliseconds in repetition 94
tcp_ping received 384 bytes back
Round trip time was 0.015877 milliseconds in repetition 95
tcp_ping received 384 bytes back
Round trip time was 0.015977 milliseconds in repetition 96
tcp_ping received 384 bytes back
Round trip time was 0.01641 milliseconds in repetition 97
tcp_ping received 384 bytes back
Round trip time was 0.016323 milliseconds in repetition 98
tcp_ping received 384 bytes back
Round trip time was 0.016025 milliseconds in repetition 99
tcp_ping received 384 bytes back
Round trip time was 0.01638 milliseconds in repetition 100
tcp_ping received 384 bytes back
Round trip time was 0.016261 milliseconds in repetition 101
tcp_ping received 384 bytes back
Round trip time was 0.01619 milliseconds in repetition 102
tcp_ping received 384 bytes back
Round trip time was 0.01605 milliseconds in repetition 103
tcp_ping received 384 bytes back
Round trip time was 0.016168 milliseconds in repetition 104
tcp_ping received 384 bytes back
Round trip time was 0.016584 milliseconds in repetition 105
tcp_ping received 384 bytes back
Round trip time was 0.016158 milliseconds in repetition 106
tcp_ping received 384 bytes back
Round trip time was 0.015862 milliseconds in repetition 107
tcp_ping received 384 bytes back
Round trip time was 0.016314 milliseconds in repetition 108
tcp_ping received 384 bytes back
Round trip time was 0.016234 milliseconds in repetition 109
tcp_ping received 384 bytes back
Round trip time was 0.016006 milliseconds in repetition 110
tcp_ping received 384 bytes back
Round trip time was 0.016236 milliseconds in repetition 111
tcp_ping received 384 bytes back
Round trip time was 0.016166 milliseconds in repetition 112
tcp_ping received 384 bytes back
Round trip time was 0.01628 milliseconds in repetition 113
tcp_ping received 384 bytes back
Round trip time was 0.016168 milliseconds in repetition 114
tcp_ping received 384 bytes back
Round trip time was 0.015833 milliseconds in repetition 115
tcp_ping received 384 bytes back
Round trip time was 0.016191 milliseconds in repetition 116
tcp_ping received 384 bytes back
Round trip time was 0.016393 milliseconds in repetition 117
tcp_ping received 384 bytes back
Round trip time was 0.016063 milliseconds in repetition 118
tcp_ping received 384 bytes back
Round trip time was 0.015801 milliseconds in repetition 119
tcp_ping received 384 bytes back
Round trip time was 0.015887 milliseconds in repetition 120
tcp_ping received 384 bytes back
Round trip time was 0.016081 milliseconds in repetition 121
tcp_ping received 384 bytes back
Round trip time was 0.01603 milliseconds in repetition 122
tcp_ping received 384 bytes back
Round trip time was 0.015924 milliseconds in repetition 123
tcp_ping received 384 bytes back
Round trip time was 0.0164 milliseconds in repetition 124
tcp_ping received 384 bytes back
Round trip time was 0.01646 milliseconds in repetition 125
tcp_ping received 384 bytes back
Round trip time was 0.016145 milliseconds in repetition 126
tcp_ping received 384 bytes back
Round trip time was 0.016073 milliseconds in repetition 127
tcp_ping received 384 bytes back
Round trip time was 0.016261 milliseconds in repetition 128
tcp_ping received 384 bytes back
Round trip time was 0.01635 milliseconds in repetition 129
tcp_ping received 384 bytes back
Round trip time was 0.016289 milliseconds in repetition 130
tcp_ping received 384 bytes back
Round trip time was 0.015948 milliseconds in repetition 131
tcp_ping received 384 bytes back
Round trip time was 0.016299 milliseconds in repetition 132
tcp_ping received 384 bytes back
Round trip time was 0.017518 milliseconds in repetition 133
tcp_ping received 384 bytes back
Round trip time was 0.016665 milliseconds in repetition 134
tcp_ping received 384 bytes back
Round trip time was 0.015989 milliseconds in repetition 135
tcp_ping received 384 bytes back
Round trip time was 0.016307 milliseconds in repetition 136
tcp_ping received 384 bytes back
Round trip time was 0.016322 milliseconds in repetition 137
tcp_ping received 384 bytes back
Round trip time was 0.016156 milliseconds in repetition 138
tcp_ping received 384 bytes back
Round trip time was 0.01587 milliseconds in repetition 139
tcp_ping received 384 bytes back
Round trip time was 0.016234 milliseconds in repetition 140
tcp_ping received 384 bytes back
Round trip time was 0.016574 milliseconds in repetition 141
tcp_ping received 384 bytes back
Round trip time was 0.016249 milliseconds in repetition 142
tcp_ping received 384 bytes back
Round trip time was 0.016209 milliseconds in repetition 143
tcp_ping received 384 bytes back
Round trip time was 0.016084 milliseconds in repetition 144
tcp_ping received 384 bytes back
Round trip time was 0.016213 milliseconds in repetition 145
tcp_ping received 384 bytes back
Round trip time was 0.016121 milliseconds in repetition 146
tcp_ping received 384 bytes back
Round trip time was 0.015952 milliseconds in repetition 147
tcp_ping received 384 bytes back
Round trip time was 0.016209 milliseconds in repetition 148
tcp_ping received 384 bytes back
Round trip time was 0.016286 milliseconds in repetition 149
tcp_ping received 384 bytes back
Round trip time was 0.016433 milliseconds in repetition 150
tcp_ping received 384 bytes back
Round trip time was 0.016212 milliseconds in repetition 151
tcp_ping received 384 bytes back
Round trip time was 0.016366 milliseconds in repetition 152
tcp_ping received 384 bytes back
Round trip time was 0.016157 milliseconds in repetition 153
tcp_ping received 384 bytes back
Round trip time was 0.015922 milliseconds in repetition 154
tcp_ping received 384 bytes back
Round trip time was 0.015919 milliseconds in repetition 155
tcp_ping received 384 bytes back
Round trip time was 0.016295 milliseconds in repetition 156
tcp_ping received 384 bytes back
Round trip time was 0.01633 milliseconds in repetition 157
tcp_ping received 384 bytes back
Round trip time was 0.016432 milliseconds in repetition 158
tcp_ping received 384 bytes back
Round trip time was 0.016193 milliseconds in repetition 159
tcp_ping received 384 bytes back
Round trip time was 0.016307 milliseconds in repetition 160
tcp_ping received 384 bytes back
Round trip time was 0.016383 milliseconds in repetition 161
tcp_ping received 384 bytes back
Round trip time was 0.016153 milliseconds in repetition 162
tcp_ping received 384 bytes back
Round trip time was 0.01596 milliseconds in repetition 163
tcp_ping received 384 bytes back
Round trip time was 0.016251 milliseconds in repetition 164
tcp_ping received 384 bytes back
Round trip time was 0.01652 milliseconds in repetition 165
tcp_ping received 384 bytes back
Round trip time was 0.016624 milliseconds in repetition 166
tcp_ping received 384 bytes back
Round trip time was 0.015988 milliseconds in repetition 167
tcp_ping received 384 bytes back
Round trip time was 0.016537 milliseconds in repetition 168
tcp_ping received 384 bytes back
Round trip time was 0.016421 milliseconds in repetition 169
tcp_ping received 384 bytes back
Round trip time was 0.016024 milliseconds in repetition 170
tcp_ping received 384 bytes back
Round trip time was 0.017657 milliseconds in repetition 171
tcp_ping received 384 bytes back
Round trip time was 0.022237 milliseconds in repetition 172
tcp_ping received 384 bytes back
Round trip time was 0.016144 milliseconds in repetition 173
tcp_ping received 384 bytes back
Round trip time was 0.016636 milliseconds in repetition 174
tcp_ping received 384 bytes back
Round trip time was 0.016663 milliseconds in repetition 175
tcp_ping received 384 bytes back
Round trip time was 0.016615 milliseconds in repetition 176
tcp_ping received 384 bytes back
Round trip time was 0.017552 milliseconds in repetition 177
tcp_ping received 384 bytes back
Round trip time was 0.016407 milliseconds in repetition 178
tcp_ping received 384 bytes back
Round trip time was 0.016083 milliseconds in repetition 179
tcp_ping received 384 bytes back
Round trip time was 0.016804 milliseconds in repetition 180
tcp_ping received 384 bytes back
Round trip time was 0.016429 milliseconds in repetition 181
tcp_ping received 384 bytes back
Round trip time was 0.021885 milliseconds in repetition 182
tcp_ping received 384 bytes back
Round trip time was 0.01739 milliseconds in repetition 183
tcp_ping received 384 bytes back
Round trip time was 0.016554 milliseconds in repetition 184
tcp_ping received 384 bytes back
Round trip time was 0.016168 milliseconds in repetition 185
tcp_ping received 384 bytes back
Round trip time was 0.015968 milliseconds in repetition 186
tcp_ping received 384 bytes back
Round trip time was 0.016218 milliseconds in repetition 187
tcp_ping received 384 bytes back
Round trip time was 0.016291 milliseconds in repetition 188
tcp_ping received 384 bytes back
Round trip time was 0.016198 milliseconds in repetition 189
tcp_ping received 384 bytes back
Round trip time was 0.016009 milliseconds in repetition 190
tcp_ping received 384 bytes back
Round trip time was 0.016027 milliseconds in repetition 191
tcp_ping received 384 bytes back
Round trip time was 0.015944 milliseconds in repetition 192
tcp_ping received 384 bytes back
Round trip time was 0.016185 milliseconds in repetition 193
tcp_ping received 384 bytes back
Round trip time was 0.016069 milliseconds in repetition 194
tcp_ping received 384 bytes back
Round trip time was 0.016163 milliseconds in repetition 195
tcp_ping received 384 bytes back
Round trip time was 0.016079 milliseconds in repetition 196
tcp_ping received 384 bytes back
Round trip time was 0.016215 milliseconds in repetition 197
tcp_ping received 384 bytes back
Round trip time was 0.01615 milliseconds in repetition 198
tcp_ping received 384 bytes back
Round trip time was 0.016187 milliseconds in repetition 199
tcp_ping received 384 bytes back
Round trip time was 0.016483 milliseconds in repetition 200
tcp_ping received 384 bytes back
Round trip time was 0.016422 milliseconds in repetition 201
tcp_ping received 384 bytes back
Round trip time was 0.016131 milliseconds in repetition 202
tcp_ping received 384 bytes back
Round trip time was 0.016266 milliseconds in repetition 203
tcp_ping received 384 bytes back
Round trip time was 0.016356 milliseconds in repetition 204
tcp_ping received 384 bytes back
Round trip time was 0.016406 milliseconds in repetition 205
tcp_ping received 384 bytes back
Round trip time was 0.016 milliseconds in repetition 206
tcp_ping received 384 bytes back
Round trip time was 0.01603 milliseconds in repetition 207
tcp_ping received 384 bytes back
Round trip time was 0.016074 milliseconds in repetition 208
tcp_ping received 384 bytes back
Round trip time was 0.016169 milliseconds in repetition 209
tcp_ping received 384 bytes back
Round trip time was 0.015965 milliseconds in repetition 210
tcp_ping received 384 bytes back
Round trip time was 0.016118 milliseconds in repetition 211
tcp_ping received 384 bytes back
Round trip time was 0.016467 milliseconds in repetition 212
tcp_ping received 384 bytes back
Round trip time was 0.016186 milliseconds in repetition 213
tcp_ping received 384 bytes back
Round trip time was 0.016049 milliseconds in repetition 214
tcp_ping received 384 bytes back
Round trip time was 0.015951 milliseconds in repetition 215
tcp_ping received 384 bytes back
Round trip time was 0.01636 milliseconds in repetition 216
tcp_ping received 384 bytes back
Round trip time was 0.016171 milliseconds in repetition 217
tcp_ping received 384 bytes back
Round trip time was 0.016123 milliseconds in repetition 218
tcp_ping received 384 bytes back
Round trip time was 0.016097 milliseconds in repetition 219
tcp_ping received 384 bytes back
Round trip time was 0.016295 milliseconds in repetition 220
tcp_ping received 384 bytes back
Round trip time was 0.017783 milliseconds in repetition 221
tcp_ping received 384 bytes back
Round trip time was 0.016177 milliseconds in repetition 222
tcp_ping received 384 bytes back
Round trip time was 0.016221 milliseconds in repetition 223
tcp_ping received 384 bytes back
Round trip time was 0.016379 milliseconds in repetition 224
tcp_ping received 384 bytes back
Round trip time was 0.016341 milliseconds in repetition 225
tcp_ping received 384 bytes back
Round trip time was 0.02075 milliseconds in repetition 226
tcp_ping received 384 bytes back
Round trip time was 0.019476 milliseconds in repetition 227
tcp_ping received 384 bytes back
Round trip time was 0.021688 milliseconds in repetition 228
tcp_ping received 384 bytes back
Round trip time was 0.016872 milliseconds in repetition 229
tcp_ping received 384 bytes back
Round trip time was 0.016225 milliseconds in repetition 230
tcp_ping received 384 bytes back
Round trip time was 0.016122 milliseconds in repetition 231
tcp_ping received 384 bytes back
Round trip time was 0.0164 milliseconds in repetition 232
tcp_ping received 384 bytes back
Round trip time was 0.016287 milliseconds in repetition 233
tcp_ping received 384 bytes back
Round trip time was 0.015619 milliseconds in repetition 234
tcp_ping received 384 bytes back
Round trip time was 0.016051 milliseconds in repetition 235
tcp_ping received 384 bytes back
Round trip time was 0.016277 milliseconds in repetition 236
tcp_ping received 384 bytes back
Round trip time was 0.015747 milliseconds in repetition 237
tcp_ping received 384 bytes back
Round trip time was 0.015907 milliseconds in repetition 238
tcp_ping received 384 bytes back
Round trip time was 0.01606 milliseconds in repetition 239
tcp_ping received 384 bytes back
Round trip time was 0.016195 milliseconds in repetition 240
tcp_ping received 384 bytes back
Round trip time was 0.016062 milliseconds in repetition 241
tcp_ping received 384 bytes back
Round trip time was 0.016165 milliseconds in repetition 242
tcp_ping received 384 bytes back
Round trip time was 0.016276 milliseconds in repetition 243
tcp_ping received 384 bytes back
Round trip time was 0.016394 milliseconds in repetition 244
tcp_ping received 384 bytes back
Round trip time was 0.016089 milliseconds in repetition 245
tcp_ping received 384 bytes back
Round trip time was 0.015867 milliseconds in repetition 246
tcp_ping received 384 bytes back
Round trip time was 0.015957 milliseconds in repetition 247
tcp_ping received 384 bytes back
Round trip time was 0.016133 milliseconds in repetition 248
tcp_ping received 384 bytes back
Round trip time was 0.015983 milliseconds in repetition 249
tcp_ping received 384 bytes back
Round trip time was 0.016321 milliseconds in repetition 250
tcp_ping received 384 bytes back
Round trip time was 0.016077 milliseconds in repetition 251
tcp_ping received 384 bytes back
Round trip time was 0.016189 milliseconds in repetition 252
tcp_ping received 384 bytes back
Round trip time was 0.016035 milliseconds in repetition 253
tcp_ping received 384 bytes back
Round trip time was 0.01581 milliseconds in repetition 254
tcp_ping received 384 bytes back
Round trip time was 0.015985 milliseconds in repetition 255
tcp_ping received 384 bytes back
Round trip time was 0.016174 milliseconds in repetition 256
tcp_ping received 384 bytes back
Round trip time was 0.016262 milliseconds in repetition 257
tcp_ping received 384 bytes back
Round trip time was 0.016131 milliseconds in repetition 258
tcp_ping received 384 bytes back
Round trip time was 0.016144 milliseconds in repetition 259
tcp_ping received 384 bytes back
Round trip time was 0.0162 milliseconds in repetition 260
tcp_ping received 384 bytes back
Round trip time was 0.016215 milliseconds in repetition 261
tcp_ping received 384 bytes back
Round trip time was 0.016131 milliseconds in repetition 262
tcp_ping received 384 bytes back
Round trip time was 0.015882 milliseconds in repetition 263
tcp_ping received 384 bytes back
Round trip time was 0.0162 milliseconds in repetition 264
tcp_ping received 384 bytes back
Round trip time was 0.01704 milliseconds in repetition 265
tcp_ping received 384 bytes back
Round trip time was 0.016637 milliseconds in repetition 266
tcp_ping received 384 bytes back
Round trip time was 0.015928 milliseconds in repetition 267
tcp_ping received 384 bytes back
Round trip time was 0.016223 milliseconds in repetition 268
tcp_ping received 384 bytes back
Round trip time was 0.015935 milliseconds in repetition 269
tcp_ping received 384 bytes back
Round trip time was 0.016045 milliseconds in repetition 270
tcp_ping received 384 bytes back
Round trip time was 0.015913 milliseconds in repetition 271
tcp_ping received 384 bytes back
Round trip time was 0.015891 milliseconds in repetition 272
tcp_ping received 384 bytes back
Round trip time was 0.015838 milliseconds in repetition 273
tcp_ping received 384 bytes back
Round trip time was 0.016241 milliseconds in repetition 274
tcp_ping received 384 bytes back
Round trip time was 0.016103 milliseconds in repetition 275
tcp_ping received 384 bytes back
Round trip time was 0.016211 milliseconds in repetition 276
tcp_ping received 384 bytes back
Round trip time was 0.016125 milliseconds in repetition 277
tcp_ping received 384 bytes back
Round trip time was 0.016117 milliseconds in repetition 278
tcp_ping received 384 bytes back
Round trip time was 0.016068 milliseconds in repetition 279
tcp_ping received 384 bytes back
Round trip time was 0.016136 milliseconds in repetition 280
tcp_ping received 384 bytes back
Round trip time was 0.01606 milliseconds in repetition 281
tcp_ping received 384 bytes back
Round trip time was 0.016313 milliseconds in repetition 282
tcp_ping received 384 bytes back
Round trip time was 0.016148 milliseconds in repetition 283
tcp_ping received 384 bytes back
Round trip time was 0.016201 milliseconds in repetition 284
tcp_ping received 384 bytes back
Round trip time was 0.015974 milliseconds in repetition 285
tcp_ping received 384 bytes back
Round trip time was 0.016005 milliseconds in repetition 286
tcp_ping received 384 bytes back
Round trip time was 0.015727 milliseconds in repetition 287
tcp_ping received 384 bytes back
Round trip time was 0.015855 milliseconds in repetition 288
tcp_ping received 384 bytes back
Round trip time was 0.015885 milliseconds in repetition 289
tcp_ping received 384 bytes back
Round trip time was 0.016275 milliseconds in repetition 290
tcp_ping received 384 bytes back
Round trip time was 0.015881 milliseconds in repetition 291
tcp_ping received 384 bytes back
Round trip time was 0.031319 milliseconds in repetition 292
tcp_ping received 384 bytes back
Round trip time was 0.016865 milliseconds in repetition 293
tcp_ping received 384 bytes back
Round trip time was 0.016877 milliseconds in repetition 294
tcp_ping received 384 bytes back
Round trip time was 0.016659 milliseconds in repetition 295
tcp_ping received 384 bytes back
Round trip time was 0.016606 milliseconds in repetition 296
tcp_ping received 384 bytes back
Round trip time was 0.016579 milliseconds in repetition 297
tcp_ping received 384 bytes back
Round trip time was 0.017044 milliseconds in repetition 298
tcp_ping received 384 bytes back
Round trip time was 0.016635 milliseconds in repetition 299
tcp_ping received 384 bytes back
Round trip time was 0.017102 milliseconds in repetition 300
tcp_ping received 384 bytes back
Round trip time was 0.016673 milliseconds in repetition 301
tcp_ping received 384 bytes back
Round trip time was 0.016858 milliseconds in repetition 302
tcp_ping received 384 bytes back
Round trip time was 0.016693 milliseconds in repetition 303
tcp_ping received 384 bytes back
Round trip time was 0.016759 milliseconds in repetition 304
tcp_ping received 384 bytes back
Round trip time was 0.016854 milliseconds in repetition 305
tcp_ping received 384 bytes back
Round trip time was 0.016914 milliseconds in repetition 306
tcp_ping received 384 bytes back
Round trip time was 0.016674 milliseconds in repetition 307
tcp_ping received 384 bytes back
Round trip time was 0.016941 milliseconds in repetition 308
tcp_ping received 384 bytes back
Round trip time was 0.017973 milliseconds in repetition 309
tcp_ping received 384 bytes back
Round trip time was 0.01697 milliseconds in repetition 310
tcp_ping received 384 bytes back
Round trip time was 0.016374 milliseconds in repetition 311
tcp_ping received 384 bytes back
Round trip time was 0.01664 milliseconds in repetition 312
tcp_ping received 384 bytes back
Round trip time was 0.016779 milliseconds in repetition 313
tcp_ping received 384 bytes back
Round trip time was 0.016846 milliseconds in repetition 314
tcp_ping received 384 bytes back
Round trip time was 0.016678 milliseconds in repetition 315
tcp_ping received 384 bytes back
Round trip time was 0.017036 milliseconds in repetition 316
tcp_ping received 384 bytes back
Round trip time was 0.016707 milliseconds in repetition 317
tcp_ping received 384 bytes back
Round trip time was 0.016801 milliseconds in repetition 318
tcp_ping received 384 bytes back
Round trip time was 0.016457 milliseconds in repetition 319
tcp_ping received 384 bytes back
Round trip time was 0.017043 milliseconds in repetition 320
tcp_ping received 384 bytes back
Round trip time was 0.016756 milliseconds in repetition 321
tcp_ping received 384 bytes back
Round trip time was 0.016796 milliseconds in repetition 322
tcp_ping received 384 bytes back
Round trip time was 0.018346 milliseconds in repetition 323
tcp_ping received 384 bytes back
Round trip time was 0.016833 milliseconds in repetition 324
tcp_ping received 384 bytes back
Round trip time was 0.016792 milliseconds in repetition 325
tcp_ping received 384 bytes back
Round trip time was 0.016783 milliseconds in repetition 326
tcp_ping received 384 bytes back
Round trip time was 0.016551 milliseconds in repetition 327
tcp_ping received 384 bytes back
Round trip time was 0.016786 milliseconds in repetition 328
tcp_ping received 384 bytes back
Round trip time was 0.016616 milliseconds in repetition 329
tcp_ping received 384 bytes back
Round trip time was 0.016756 milliseconds in repetition 330
tcp_ping received 384 bytes back
Round trip time was 0.016644 milliseconds in repetition 331
tcp_ping received 384 bytes back
Round trip time was 0.016605 milliseconds in repetition 332
tcp_ping received 384 bytes back
Round trip time was 0.016674 milliseconds in repetition 333
tcp_ping received 384 bytes back
Round trip time was 0.016772 milliseconds in repetition 334
tcp_ping received 384 bytes back
Round trip time was 0.016684 milliseconds in repetition 335
tcp_ping received 384 bytes back
Round trip time was 0.016643 milliseconds in repetition 336
tcp_ping received 384 bytes back
Round trip time was 0.016859 milliseconds in repetition 337
tcp_ping received 384 bytes back
Round trip time was 0.016481 milliseconds in repetition 338
tcp_ping received 384 bytes back
Round trip time was 0.016672 milliseconds in repetition 339
tcp_ping received 384 bytes back
Round trip time was 0.016747 milliseconds in repetition 340
tcp_ping received 384 bytes back
Round trip time was 0.016703 milliseconds in repetition 341
tcp_ping received 384 bytes back
Round trip time was 0.016986 milliseconds in repetition 342
tcp_ping received 384 bytes back
Round trip time was 0.016856 milliseconds in repetition 343
tcp_ping received 384 bytes back
Round trip time was 0.016791 milliseconds in repetition 344
tcp_ping received 384 bytes back
Round trip time was 0.016602 milliseconds in repetition 345
tcp_ping received 384 bytes back
Round trip time was 0.016499 milliseconds in repetition 346
tcp_ping received 384 bytes back
Round trip time was 0.016436 milliseconds in repetition 347
tcp_ping received 384 bytes back
Round trip time was 0.016831 milliseconds in repetition 348
tcp_ping received 384 bytes back
Round trip time was 0.01656 milliseconds in repetition 349
tcp_ping received 384 bytes back
Round trip time was 0.016727 milliseconds in repetition 350
tcp_ping received 384 bytes back
Round trip time was 0.016522 milliseconds in repetition 351
tcp_ping received 384 bytes back
Round trip time was 0.016788 milliseconds in repetition 352
tcp_ping received 384 bytes back
Round trip time was 0.016791 milliseconds in repetition 353
tcp_ping received 384 bytes back
Round trip time was 0.019443 milliseconds in repetition 354
tcp_ping received 384 bytes back
Round trip time was 0.017045 milliseconds in repetition 355
tcp_ping received 384 bytes back
Round trip time was 0.016665 milliseconds in repetition 356
tcp_ping received 384 bytes back
Round trip time was 0.017006 milliseconds in repetition 357
tcp_ping received 384 bytes back
Round trip time was 0.016945 milliseconds in repetition 358
tcp_ping received 384 bytes back
Round trip time was 0.016463 milliseconds in repetition 359
tcp_ping received 384 bytes back
Round trip time was 0.016368 milliseconds in repetition 360
tcp_ping received 384 bytes back
Round trip time was 0.017021 milliseconds in repetition 361
tcp_ping received 384 bytes back
Round trip time was 0.0168 milliseconds in repetition 362
tcp_ping received 384 bytes back
Round trip time was 0.016817 milliseconds in repetition 363
tcp_ping received 384 bytes back
Round trip time was 0.016894 milliseconds in repetition 364
tcp_ping received 384 bytes back
Round trip time was 0.016874 milliseconds in repetition 365
tcp_ping received 384 bytes back
Round trip time was 0.016787 milliseconds in repetition 366
tcp_ping received 384 bytes back
Round trip time was 0.016597 milliseconds in repetition 367
tcp_ping received 384 bytes back
Round trip time was 0.016639 milliseconds in repetition 368
tcp_ping received 384 bytes back
Round trip time was 0.016886 milliseconds in repetition 369
tcp_ping received 384 bytes back
Round trip time was 0.016838 milliseconds in repetition 370
tcp_ping received 384 bytes back
Round trip time was 0.016675 milliseconds in repetition 371
tcp_ping received 384 bytes back
Round trip time was 0.016803 milliseconds in repetition 372
tcp_ping received 384 bytes back
Round trip time was 0.017038 milliseconds in repetition 373
tcp_ping received 384 bytes back
Round trip time was 0.016906 milliseconds in repetition 374
tcp_ping received 384 bytes back
Round trip time was 0.016537 milliseconds in repetition 375
tcp_ping received 384 bytes back
Round trip time was 0.016682 milliseconds in repetition 376
tcp_ping received 384 bytes back
Round trip time was 0.01686 milliseconds in repetition 377
tcp_ping received 384 bytes back
Round trip time was 0.016692 milliseconds in repetition 378
tcp_ping received 384 bytes back
Round trip time was 0.016502 milliseconds in repetition 379
tcp_ping received 384 bytes back
Round trip time was 0.016951 milliseconds in repetition 380
tcp_ping received 384 bytes back
Round trip time was 0.017068 milliseconds in repetition 381
tcp_ping received 384 bytes back
Round trip time was 0.016742 milliseconds in repetition 382
tcp_ping received 384 bytes back
Round trip time was 0.016585 milliseconds in repetition 383
tcp_ping received 384 bytes back
Round trip time was 0.016971 milliseconds in repetition 384
tcp_ping received 384 bytes back
Round trip time was 0.01696 milliseconds in repetition 385
tcp_ping received 384 bytes back
Round trip time was 0.016908 milliseconds in repetition 386
tcp_ping received 384 bytes back
Round trip time was 0.016579 milliseconds in repetition 387
tcp_ping received 384 bytes back
Round trip time was 0.016612 milliseconds in repetition 388
tcp_ping received 384 bytes back
Round trip time was 0.016869 milliseconds in repetition 389
tcp_ping received 384 bytes back
Round trip time was 0.016765 milliseconds in repetition 390
tcp_ping received 384 bytes back
Round trip time was 0.025197 milliseconds in repetition 391
tcp_ping received 384 bytes back
Round trip time was 0.018497 milliseconds in repetition 392
tcp_ping received 384 bytes back
Round trip time was 0.017068 milliseconds in repetition 393
tcp_ping received 384 bytes back
Round trip time was 0.034581 milliseconds in repetition 394
tcp_ping received 384 bytes back
Round trip time was 0.016136 milliseconds in repetition 395
tcp_ping received 384 bytes back
Round trip time was 0.016264 milliseconds in repetition 396
tcp_ping received 384 bytes back
Round trip time was 0.016123 milliseconds in repetition 397
tcp_ping received 384 bytes back
Round trip time was 0.017348 milliseconds in repetition 398
tcp_ping received 384 bytes back
Round trip time was 0.016444 milliseconds in repetition 399
tcp_ping received 384 bytes back
Round trip time was 0.016098 milliseconds in repetition 400
tcp_ping received 384 bytes back
Round trip time was 0.016027 milliseconds in repetition 401
tcp_ping received 384 bytes back
Round trip time was 0.015943 milliseconds in repetition 402
tcp_ping received 384 bytes back
Round trip time was 0.01626 milliseconds in repetition 403
tcp_ping received 384 bytes back
Round trip time was 0.016397 milliseconds in repetition 404
tcp_ping received 384 bytes back
Round trip time was 0.016155 milliseconds in repetition 405
tcp_ping received 384 bytes back
Round trip time was 0.015883 milliseconds in repetition 406
tcp_ping received 384 bytes back
Round trip time was 0.016126 milliseconds in repetition 407
tcp_ping received 384 bytes back
Round trip time was 0.015975 milliseconds in repetition 408
tcp_ping received 384 bytes back
Round trip time was 0.016126 milliseconds in repetition 409
tcp_ping received 384 bytes back
Round trip time was 0.015989 milliseconds in repetition 410
tcp_ping received 384 bytes back
Round trip time was 0.016217 milliseconds in repetition 411
tcp_ping received 384 bytes back
Round trip time was 0.01618 milliseconds in repetition 412
tcp_ping received 384 bytes back
Round trip time was 0.016085 milliseconds in repetition 413
tcp_ping received 384 bytes back
Round trip time was 0.015928 milliseconds in repetition 414
tcp_ping received 384 bytes back
Round trip time was 0.016121 milliseconds in repetition 415
tcp_ping received 384 bytes back
Round trip time was 0.016045 milliseconds in repetition 416
tcp_ping received 384 bytes back
Round trip time was 0.016099 milliseconds in repetition 417
tcp_ping received 384 bytes back
Round trip time was 0.01603 milliseconds in repetition 418
tcp_ping received 384 bytes back
Round trip time was 0.016093 milliseconds in repetition 419
tcp_ping received 384 bytes back
Round trip time was 0.016243 milliseconds in repetition 420
tcp_ping received 384 bytes back
Round trip time was 0.016105 milliseconds in repetition 421
tcp_ping received 384 bytes back
Round trip time was 0.015981 milliseconds in repetition 422
tcp_ping received 384 bytes back
Round trip time was 0.016194 milliseconds in repetition 423
tcp_ping received 384 bytes back
Round trip time was 0.016021 milliseconds in repetition 424
tcp_ping received 384 bytes back
Round trip time was 0.016243 milliseconds in repetition 425
tcp_ping received 384 bytes back
Round trip time was 0.016752 milliseconds in repetition 426
tcp_ping received 384 bytes back
Round trip time was 0.016022 milliseconds in repetition 427
tcp_ping received 384 bytes back
Round trip time was 0.016488 milliseconds in repetition 428
tcp_ping received 384 bytes back
Round trip time was 0.016151 milliseconds in repetition 429
tcp_ping received 384 bytes back
Round trip time was 0.015841 milliseconds in repetition 430
tcp_ping received 384 bytes back
Round trip time was 0.016217 milliseconds in repetition 431
tcp_ping received 384 bytes back
Round trip time was 0.016248 milliseconds in repetition 432
tcp_ping received 384 bytes back
Round trip time was 0.016296 milliseconds in repetition 433
tcp_ping received 384 bytes back
Round trip time was 0.016173 milliseconds in repetition 434
tcp_ping received 384 bytes back
Round trip time was 0.01633 milliseconds in repetition 435
tcp_ping received 384 bytes back
Round trip time was 0.016569 milliseconds in repetition 436
tcp_ping received 384 bytes back
Round trip time was 0.016237 milliseconds in repetition 437
tcp_ping received 384 bytes back
Round trip time was 0.016119 milliseconds in repetition 438
tcp_ping received 384 bytes back
Round trip time was 0.01665 milliseconds in repetition 439
tcp_ping received 384 bytes back
Round trip time was 0.016035 milliseconds in repetition 440
tcp_ping received 384 bytes back
Round trip time was 0.016163 milliseconds in repetition 441
tcp_ping received 384 bytes back
Round trip time was 0.017259 milliseconds in repetition 442
tcp_ping received 384 bytes back
Round trip time was 0.016847 milliseconds in repetition 443
tcp_ping received 384 bytes back
Round trip time was 0.016214 milliseconds in repetition 444
tcp_ping received 384 bytes back
Round trip time was 0.015934 milliseconds in repetition 445
tcp_ping received 384 bytes back
Round trip time was 0.01604 milliseconds in repetition 446
tcp_ping received 384 bytes back
Round trip time was 0.016547 milliseconds in repetition 447
tcp_ping received 384 bytes back
Round trip time was 0.016214 milliseconds in repetition 448
tcp_ping received 384 bytes back
Round trip time was 0.01604 milliseconds in repetition 449
tcp_ping received 384 bytes back
Round trip time was 0.016282 milliseconds in repetition 450
tcp_ping received 384 bytes back
Round trip time was 0.016579 milliseconds in repetition 451
tcp_ping received 384 bytes back
Round trip time was 0.016095 milliseconds in repetition 452
tcp_ping received 384 bytes back
Round trip time was 0.016148 milliseconds in repetition 453
tcp_ping received 384 bytes back
Round trip time was 0.016175 milliseconds in repetition 454
tcp_ping received 384 bytes back
Round trip time was 0.016316 milliseconds in repetition 455
tcp_ping received 384 bytes back
Round trip time was 0.016188 milliseconds in repetition 456
tcp_ping received 384 bytes back
Round trip time was 0.016127 milliseconds in repetition 457
tcp_ping received 384 bytes back
Round trip time was 0.016248 milliseconds in repetition 458
tcp_ping received 384 bytes back
Round trip time was 0.016308 milliseconds in repetition 459
tcp_ping received 384 bytes back
Round trip time was 0.016216 milliseconds in repetition 460
tcp_ping received 384 bytes back
Round trip time was 0.016277 milliseconds in repetition 461
tcp_ping received 384 bytes back
Round trip time was 0.016115 milliseconds in repetition 462
tcp_ping received 384 bytes back
Round trip time was 0.016369 milliseconds in repetition 463
tcp_ping received 384 bytes back
Round trip time was 0.015875 milliseconds in repetition 464
tcp_ping received 384 bytes back
Round trip time was 0.016069 milliseconds in repetition 465
tcp_ping received 384 bytes back
Round trip time was 0.015915 milliseconds in repetition 466
tcp_ping received 384 bytes back
Round trip time was 0.016367 milliseconds in repetition 467
tcp_ping received 384 bytes back
Round trip time was 0.016309 milliseconds in repetition 468
tcp_ping received 384 bytes back
Round trip time was 0.018121 milliseconds in repetition 469
tcp_ping received 384 bytes back
Round trip time was 0.017884 milliseconds in repetition 470
tcp_ping received 384 bytes back
Round trip time was 0.016477 milliseconds in repetition 471
tcp_ping received 384 bytes back
Round trip time was 0.016196 milliseconds in repetition 472
tcp_ping received 384 bytes back
Round trip time was 0.015834 milliseconds in repetition 473
tcp_ping received 384 bytes back
Round trip time was 0.016147 milliseconds in repetition 474
tcp_ping received 384 bytes back
Round trip time was 0.016625 milliseconds in repetition 475
tcp_ping received 384 bytes back
Round trip time was 0.0162 milliseconds in repetition 476
tcp_ping received 384 bytes back
Round trip time was 0.015911 milliseconds in repetition 477
tcp_ping received 384 bytes back
Round trip time was 0.01859 milliseconds in repetition 478
tcp_ping received 384 bytes back
Round trip time was 0.02041 milliseconds in repetition 479
tcp_ping received 384 bytes back
Round trip time was 0.016541 milliseconds in repetition 480
tcp_ping received 384 bytes back
Round trip time was 0.015916 milliseconds in repetition 481
tcp_ping received 384 bytes back
Round trip time was 0.015702 milliseconds in repetition 482
tcp_ping received 384 bytes back
Round trip time was 0.0163 milliseconds in repetition 483
tcp_ping received 384 bytes back
Round trip time was 0.015926 milliseconds in repetition 484
tcp_ping received 384 bytes back
Round trip time was 0.016047 milliseconds in repetition 485
tcp_ping received 384 bytes back
Round trip time was 0.017274 milliseconds in repetition 486
tcp_ping received 384 bytes back
Round trip time was 0.016677 milliseconds in repetition 487
tcp_ping received 384 bytes back
Round trip time was 0.016298 milliseconds in repetition 488
tcp_ping received 384 bytes back
Round trip time was 0.015939 milliseconds in repetition 489
tcp_ping received 384 bytes back
Round trip time was 0.015907 milliseconds in repetition 490
tcp_ping received 384 bytes back
Round trip time was 0.016299 milliseconds in repetition 491
tcp_ping received 384 bytes back
Round trip time was 0.016163 milliseconds in repetition 492
tcp_ping received 384 bytes back
Round trip time was 0.016054 milliseconds in repetition 493
tcp_ping received 384 bytes back
Round trip time was 0.015968 milliseconds in repetition 494
tcp_ping received 384 bytes back
Round trip time was 0.016145 milliseconds in repetition 495
tcp_ping received 384 bytes back
Round trip time was 0.016084 milliseconds in repetition 496
tcp_ping received 384 bytes back
Round trip time was 0.015885 milliseconds in repetition 497
tcp_ping received 384 bytes back
Round trip time was 0.015772 milliseconds in repetition 498
tcp_ping received 384 bytes back
Round trip time was 0.016161 milliseconds in repetition 499
tcp_ping received 384 bytes back
Round trip time was 0.016608 milliseconds in repetition 500

 ... clock resolution was 1e-06
TCP Ping:  Statistics over 500 repetitions of 384 byte messages

RTT : percentile 10: 0.015968, median: 0.016249, percentile 90: 0.016941, average: 0.0165335, variance: 1.95259e-06

RTT histogram:
0.0156185 123
0.0165666 339
0.0175148 21
0.0184629 5
0.0194111 3
0.0203593 2
0.0213074 1
0.0222556 2
0.0232037 0
0.0241519 0
0.0251 1
0.0260482 0
0.0269963 1
0.0279445 0
0.0288926 0
0.0298408 0
0.0307889 0
0.0317371 1
0.0326852 0
0.0336334 0
0.0345815 1

   median Throughput : 47264.5 KB/s   overall Throughput : 46451.2 KB/s

