TCP Ping trying to connect to server localhost (127.0.0.1) on port 1491
 ... connected to Pong server: asking for 500 repetitions of 49152 bytes TCP messages
 ... Pong server agreed :-)
tcp_ping received 49152 bytes back
Round trip time was 0.291567 milliseconds in repetition 1
tcp_ping received 49152 bytes back
Round trip time was 0.28415 milliseconds in repetition 2
tcp_ping received 49152 bytes back
Round trip time was 0.289566 milliseconds in repetition 3
tcp_ping received 49152 bytes back
Round trip time was 0.321011 milliseconds in repetition 4
tcp_ping received 49152 bytes back
Round trip time was 0.328349 milliseconds in repetition 5
tcp_ping received 49152 bytes back
Round trip time was 0.279482 milliseconds in repetition 6
tcp_ping received 49152 bytes back
Round trip time was 0.279641 milliseconds in repetition 7
tcp_ping received 49152 bytes back
Round trip time was 0.277411 milliseconds in repetition 8
tcp_ping received 49152 bytes back
Round trip time was 0.278385 milliseconds in repetition 9
tcp_ping received 49152 bytes back
Round trip time was 0.278659 milliseconds in repetition 10
tcp_ping received 49152 bytes back
Round trip time was 0.276748 milliseconds in repetition 11
tcp_ping received 49152 bytes back
Round trip time was 0.2775 milliseconds in repetition 12
tcp_ping received 49152 bytes back
Round trip time was 0.276943 milliseconds in repetition 13
tcp_ping received 49152 bytes back
Round trip time was 0.278399 milliseconds in repetition 14
tcp_ping received 49152 bytes back
Round trip time was 0.277929 milliseconds in repetition 15
tcp_ping received 49152 bytes back
Round trip time was 0.284206 milliseconds in repetition 16
tcp_ping received 49152 bytes back
Round trip time was 0.280311 milliseconds in repetition 17
tcp_ping received 49152 bytes back
Round trip time was 0.277843 milliseconds in repetition 18
tcp_ping received 49152 bytes back
Round trip time was 0.277688 milliseconds in repetition 19
tcp_ping received 49152 bytes back
Round trip time was 0.277504 milliseconds in repetition 20
tcp_ping received 49152 bytes back
Round trip time was 0.27856 milliseconds in repetition 21
tcp_ping received 49152 bytes back
Round trip time was 0.27767 milliseconds in repetition 22
tcp_ping received 49152 bytes back
Round trip time was 0.277201 milliseconds in repetition 23
tcp_ping received 49152 bytes back
Round trip time was 0.276737 milliseconds in repetition 24
tcp_ping received 49152 bytes back
Round trip time was 0.278054 milliseconds in repetition 25
tcp_ping received 49152 bytes back
Round trip time was 0.277017 milliseconds in repetition 26
tcp_ping received 49152 bytes back
Round trip time was 0.277411 milliseconds in repetition 27
tcp_ping received 49152 bytes back
Round trip time was 0.27807 milliseconds in repetition 28
tcp_ping received 49152 bytes back
Round trip time was 0.276878 milliseconds in repetition 29
tcp_ping received 49152 bytes back
Round trip time was 0.277159 milliseconds in repetition 30
tcp_ping received 49152 bytes back
Round trip time was 0.281291 milliseconds in repetition 31
tcp_ping received 49152 bytes back
Round trip time was 0.278763 milliseconds in repetition 32
tcp_ping received 49152 bytes back
Round trip time was 0.278528 milliseconds in repetition 33
tcp_ping received 49152 bytes back
Round trip time was 0.277854 milliseconds in repetition 34
tcp_ping received 49152 bytes back
Round trip time was 0.276599 milliseconds in repetition 35
tcp_ping received 49152 bytes back
Round trip time was 0.277005 milliseconds in repetition 36
tcp_ping received 49152 bytes back
Round trip time was 0.276871 milliseconds in repetition 37
tcp_ping received 49152 bytes back
Round trip time was 0.276366 milliseconds in repetition 38
tcp_ping received 49152 bytes back
Round trip time was 0.278051 milliseconds in repetition 39
tcp_ping received 49152 bytes back
Round trip time was 0.277514 milliseconds in repetition 40
tcp_ping received 49152 bytes back
Round trip time was 0.279445 milliseconds in repetition 41
tcp_ping received 49152 bytes back
Round trip time was 0.277665 milliseconds in repetition 42
tcp_ping received 49152 bytes back
Round trip time was 0.277941 milliseconds in repetition 43
tcp_ping received 49152 bytes back
Round trip time was 0.276496 milliseconds in repetition 44
tcp_ping received 49152 bytes back
Round trip time was 0.280416 milliseconds in repetition 45
tcp_ping received 49152 bytes back
Round trip time was 0.277898 milliseconds in repetition 46
tcp_ping received 49152 bytes back
Round trip time was 0.276716 milliseconds in repetition 47
tcp_ping received 49152 bytes back
Round trip time was 0.277376 milliseconds in repetition 48
tcp_ping received 49152 bytes back
Round trip time was 0.27593 milliseconds in repetition 49
tcp_ping received 49152 bytes back
Round trip time was 0.277888 milliseconds in repetition 50
tcp_ping received 49152 bytes back
Round trip time was 0.277413 milliseconds in repetition 51
tcp_ping received 49152 bytes back
Round trip time was 0.275942 milliseconds in repetition 52
tcp_ping received 49152 bytes back
Round trip time was 0.275836 milliseconds in repetition 53
tcp_ping received 49152 bytes back
Round trip time was 0.275767 milliseconds in repetition 54
tcp_ping received 49152 bytes back
Round trip time was 0.27702 milliseconds in repetition 55
tcp_ping received 49152 bytes back
Round trip time was 0.27652 milliseconds in repetition 56
tcp_ping received 49152 bytes back
Round trip time was 0.277066 milliseconds in repetition 57
tcp_ping received 49152 bytes back
Round trip time was 0.277397 milliseconds in repetition 58
tcp_ping received 49152 bytes back
Round trip time was 0.281373 milliseconds in repetition 59
tcp_ping received 49152 bytes back
Round trip time was 0.280904 milliseconds in repetition 60
tcp_ping received 49152 bytes back
Round trip time was 0.278299 milliseconds in repetition 61
tcp_ping received 49152 bytes back
Round trip time was 0.275739 milliseconds in repetition 62
tcp_ping received 49152 bytes back
Round trip time was 0.276547 milliseconds in repetition 63
tcp_ping received 49152 bytes back
Round trip time was 0.275931 milliseconds in repetition 64
tcp_ping received 49152 bytes back
Round trip time was 0.275503 milliseconds in repetition 65
tcp_ping received 49152 bytes back
Round trip time was 0.276549 milliseconds in repetition 66
tcp_ping received 49152 bytes back
Round trip time was 0.277779 milliseconds in repetition 67
tcp_ping received 49152 bytes back
Round trip time was 0.276034 milliseconds in repetition 68
tcp_ping received 49152 bytes back
Round trip time was 0.276309 milliseconds in repetition 69
tcp_ping received 49152 bytes back
Round trip time was 0.276839 milliseconds in repetition 70
tcp_ping received 49152 bytes back
Round trip time was 0.276269 milliseconds in repetition 71
tcp_ping received 49152 bytes back
Round trip time was 0.275476 milliseconds in repetition 72
tcp_ping received 49152 bytes back
Round trip time was 0.28527 milliseconds in repetition 73
tcp_ping received 49152 bytes back
Round trip time was 0.277799 milliseconds in repetition 74
tcp_ping received 49152 bytes back
Round trip time was 0.276559 milliseconds in repetition 75
tcp_ping received 49152 bytes back
Round trip time was 0.275571 milliseconds in repetition 76
tcp_ping received 49152 bytes back
Round trip time was 0.277702 milliseconds in repetition 77
tcp_ping received 49152 bytes back
Round trip time was 0.27662 milliseconds in repetition 78
tcp_ping received 49152 bytes back
Round trip time was 0.276303 milliseconds in repetition 79
tcp_ping received 49152 bytes back
Round trip time was 0.276076 milliseconds in repetition 80
tcp_ping received 49152 bytes back
Round trip time was 0.275783 milliseconds in repetition 81
tcp_ping received 49152 bytes back
Round trip time was 0.276736 milliseconds in repetition 82
tcp_ping received 49152 bytes back
Round trip time was 0.276541 milliseconds in repetition 83
tcp_ping received 49152 bytes back
Round trip time was 0.276268 milliseconds in repetition 84
tcp_ping received 49152 bytes back
Round trip time was 0.27648 milliseconds in repetition 85
tcp_ping received 49152 bytes back
Round trip time was 0.276569 milliseconds in repetition 86
tcp_ping received 49152 bytes back
Round trip time was 0.277648 milliseconds in repetition 87
tcp_ping received 49152 bytes back
Round trip time was 0.281536 milliseconds in repetition 88
tcp_ping received 49152 bytes back
Round trip time was 0.278586 milliseconds in repetition 89
tcp_ping received 49152 bytes back
Round trip time was 0.277277 milliseconds in repetition 90
tcp_ping received 49152 bytes back
Round trip time was 0.277234 milliseconds in repetition 91
tcp_ping received 49152 bytes back
Round trip time was 0.277472 milliseconds in repetition 92
tcp_ping received 49152 bytes back
Round trip time was 0.278364 milliseconds in repetition 93
tcp_ping received 49152 bytes back
Round trip time was 0.276296 milliseconds in repetition 94
tcp_ping received 49152 bytes back
Round trip time was 0.277827 milliseconds in repetition 95
tcp_ping received 49152 bytes back
Round trip time was 0.27748 milliseconds in repetition 96
tcp_ping received 49152 bytes back
Round trip time was 0.27603 milliseconds in repetition 97
tcp_ping received 49152 bytes back
Round trip time was 0.278073 milliseconds in repetition 98
tcp_ping received 49152 bytes back
Round trip time was 0.277341 milliseconds in repetition 99
tcp_ping received 49152 bytes back
Round trip time was 0.277906 milliseconds in repetition 100
tcp_ping received 49152 bytes back
Round trip time was 0.278237 milliseconds in repetition 101
tcp_ping received 49152 bytes back
Round trip time was 0.283818 milliseconds in repetition 102
tcp_ping received 49152 bytes back
Round trip time was 0.280051 milliseconds in repetition 103
tcp_ping received 49152 bytes back
Round trip time was 0.277429 milliseconds in repetition 104
tcp_ping received 49152 bytes back
Round trip time was 0.278126 milliseconds in repetition 105
tcp_ping received 49152 bytes back
Round trip time was 0.27783 milliseconds in repetition 106
tcp_ping received 49152 bytes back
Round trip time was 0.276557 milliseconds in repetition 107
tcp_ping received 49152 bytes back
Round trip time was 0.276961 milliseconds in repetition 108
tcp_ping received 49152 bytes back
Round trip time was 0.276967 milliseconds in repetition 109
tcp_ping received 49152 bytes back
Round trip time was 0.275882 milliseconds in repetition 110
tcp_ping received 49152 bytes back
Round trip time was 0.276663 milliseconds in repetition 111
tcp_ping received 49152 bytes back
Round trip time was 0.277225 milliseconds in repetition 112
tcp_ping received 49152 bytes back
Round trip time was 0.276215 milliseconds in repetition 113
tcp_ping received 49152 bytes back
Round trip time was 0.276324 milliseconds in repetition 114
tcp_ping received 49152 bytes back
Round trip time was 0.277041 milliseconds in repetition 115
tcp_ping received 49152 bytes back
Round trip time was 0.281352 milliseconds in repetition 116
tcp_ping received 49152 bytes back
Round trip time was 0.279104 milliseconds in repetition 117
tcp_ping received 49152 bytes back
Round trip time was 0.277255 milliseconds in repetition 118
tcp_ping received 49152 bytes back
Round trip time was 0.276576 milliseconds in repetition 119
tcp_ping received 49152 bytes back
Round trip time was 0.27604 milliseconds in repetition 120
tcp_ping received 49152 bytes back
Round trip time was 0.276335 milliseconds in repetition 121
tcp_ping received 49152 bytes back
Round trip time was 0.275819 milliseconds in repetition 122
tcp_ping received 49152 bytes back
Round trip time was 0.276694 milliseconds in repetition 123
tcp_ping received 49152 bytes back
Round trip time was 0.275892 milliseconds in repetition 124
tcp_ping received 49152 bytes back
Round trip time was 0.275787 milliseconds in repetition 125
tcp_ping received 49152 bytes back
Round trip time was 0.276886 milliseconds in repetition 126
tcp_ping received 49152 bytes back
Round trip time was 0.275847 milliseconds in repetition 127
tcp_ping received 49152 bytes back
Round trip time was 0.275938 milliseconds in repetition 128
tcp_ping received 49152 bytes back
Round trip time was 0.276329 milliseconds in repetition 129
tcp_ping received 49152 bytes back
Round trip time was 0.283588 milliseconds in repetition 130
tcp_ping received 49152 bytes back
Round trip time was 0.283158 milliseconds in repetition 131
tcp_ping received 49152 bytes back
Round trip time was 0.284227 milliseconds in repetition 132
tcp_ping received 49152 bytes back
Round trip time was 0.279819 milliseconds in repetition 133
tcp_ping received 49152 bytes back
Round trip time was 0.277356 milliseconds in repetition 134
tcp_ping received 49152 bytes back
Round trip time was 0.276658 milliseconds in repetition 135
tcp_ping received 49152 bytes back
Round trip time was 0.275604 milliseconds in repetition 136
tcp_ping received 49152 bytes back
Round trip time was 0.277144 milliseconds in repetition 137
tcp_ping received 49152 bytes back
Round trip time was 0.276363 milliseconds in repetition 138
tcp_ping received 49152 bytes back
Round trip time was 0.276563 milliseconds in repetition 139
tcp_ping received 49152 bytes back
Round trip time was 0.277017 milliseconds in repetition 140
tcp_ping received 49152 bytes back
Round trip time was 0.276684 milliseconds in repetition 141
tcp_ping received 49152 bytes back
Round trip time was 0.276489 milliseconds in repetition 142
tcp_ping received 49152 bytes back
Round trip time was 0.277136 milliseconds in repetition 143
tcp_ping received 49152 bytes back
Round trip time was 0.276579 milliseconds in repetition 144
tcp_ping received 49152 bytes back
Round trip time was 0.282246 milliseconds in repetition 145
tcp_ping received 49152 bytes back
Round trip time was 0.278646 milliseconds in repetition 146
tcp_ping received 49152 bytes back
Round trip time was 0.277649 milliseconds in repetition 147
tcp_ping received 49152 bytes back
Round trip time was 0.277578 milliseconds in repetition 148
tcp_ping received 49152 bytes back
Round trip time was 0.27647 milliseconds in repetition 149
tcp_ping received 49152 bytes back
Round trip time was 0.276515 milliseconds in repetition 150
tcp_ping received 49152 bytes back
Round trip time was 0.275804 milliseconds in repetition 151
tcp_ping received 49152 bytes back
Round trip time was 0.276894 milliseconds in repetition 152
tcp_ping received 49152 bytes back
Round trip time was 0.276696 milliseconds in repetition 153
tcp_ping received 49152 bytes back
Round trip time was 0.276369 milliseconds in repetition 154
tcp_ping received 49152 bytes back
Round trip time was 0.275815 milliseconds in repetition 155
tcp_ping received 49152 bytes back
Round trip time was 0.276875 milliseconds in repetition 156
tcp_ping received 49152 bytes back
Round trip time was 0.276813 milliseconds in repetition 157
tcp_ping received 49152 bytes back
Round trip time was 0.276536 milliseconds in repetition 158
tcp_ping received 49152 bytes back
Round trip time was 0.281003 milliseconds in repetition 159
tcp_ping received 49152 bytes back
Round trip time was 0.278288 milliseconds in repetition 160
tcp_ping received 49152 bytes back
Round trip time was 0.287 milliseconds in repetition 161
tcp_ping received 49152 bytes back
Round trip time was 0.277145 milliseconds in repetition 162
tcp_ping received 49152 bytes back
Round trip time was 0.276801 milliseconds in repetition 163
tcp_ping received 49152 bytes back
Round trip time was 0.276124 milliseconds in repetition 164
tcp_ping received 49152 bytes back
Round trip time was 0.275143 milliseconds in repetition 165
tcp_ping received 49152 bytes back
Round trip time was 0.275775 milliseconds in repetition 166
tcp_ping received 49152 bytes back
Round trip time was 0.276858 milliseconds in repetition 167
tcp_ping received 49152 bytes back
Round trip time was 0.276378 milliseconds in repetition 168
tcp_ping received 49152 bytes back
Round trip time was 0.275334 milliseconds in repetition 169
tcp_ping received 49152 bytes back
Round trip time was 0.276203 milliseconds in repetition 170
tcp_ping received 49152 bytes back
Round trip time was 0.276103 milliseconds in repetition 171
tcp_ping received 49152 bytes back
Round trip time was 0.276074 milliseconds in repetition 172
tcp_ping received 49152 bytes back
Round trip time was 0.282809 milliseconds in repetition 173
tcp_ping received 49152 bytes back
Round trip time was 0.278509 milliseconds in repetition 174
tcp_ping received 49152 bytes back
Round trip time was 0.276658 milliseconds in repetition 175
tcp_ping received 49152 bytes back
Round trip time was 0.276985 milliseconds in repetition 176
tcp_ping received 49152 bytes back
Round trip time was 0.276413 milliseconds in repetition 177
tcp_ping received 49152 bytes back
Round trip time was 0.276269 milliseconds in repetition 178
tcp_ping received 49152 bytes back
Round trip time was 0.277176 milliseconds in repetition 179
tcp_ping received 49152 bytes back
Round trip time was 0.27655 milliseconds in repetition 180
tcp_ping received 49152 bytes back
Round trip time was 0.276354 milliseconds in repetition 181
tcp_ping received 49152 bytes back
Round trip time was 0.275182 milliseconds in repetition 182
tcp_ping received 49152 bytes back
Round trip time was 0.275536 milliseconds in repetition 183
tcp_ping received 49152 bytes back
Round trip time was 0.275538 milliseconds in repetition 184
tcp_ping received 49152 bytes back
Round trip time was 0.276024 milliseconds in repetition 185
tcp_ping received 49152 bytes back
Round trip time was 0.27609 milliseconds in repetition 186
tcp_ping received 49152 bytes back
Round trip time was 0.275629 milliseconds in repetition 187
tcp_ping received 49152 bytes back
Round trip time was 0.282008 milliseconds in repetition 188
tcp_ping received 49152 bytes back
Round trip time was 0.276429 milliseconds in repetition 189
tcp_ping received 49152 bytes back
Round trip time was 0.276594 milliseconds in repetition 190
tcp_ping received 49152 bytes back
Round trip time was 0.275564 milliseconds in repetition 191
tcp_ping received 49152 bytes back
Round trip time was 0.276159 milliseconds in repetition 192
tcp_ping received 49152 bytes back
Round trip time was 0.276483 milliseconds in repetition 193
tcp_ping received 49152 bytes back
Round trip time was 0.276502 milliseconds in repetition 194
tcp_ping received 49152 bytes back
Round trip time was 0.276141 milliseconds in repetition 195
tcp_ping received 49152 bytes back
Round trip time was 0.276237 milliseconds in repetition 196
tcp_ping received 49152 bytes back
Round trip time was 0.275899 milliseconds in repetition 197
tcp_ping received 49152 bytes back
Round trip time was 0.276197 milliseconds in repetition 198
tcp_ping received 49152 bytes back
Round trip time was 0.276261 milliseconds in repetition 199
tcp_ping received 49152 bytes back
Round trip time was 0.275939 milliseconds in repetition 200
tcp_ping received 49152 bytes back
Round trip time was 0.276646 milliseconds in repetition 201
tcp_ping received 49152 bytes back
Round trip time was 0.281765 milliseconds in repetition 202
tcp_ping received 49152 bytes back
Round trip time was 0.279967 milliseconds in repetition 203
tcp_ping received 49152 bytes back
Round trip time was 0.276843 milliseconds in repetition 204
tcp_ping received 49152 bytes back
Round trip time was 0.276529 milliseconds in repetition 205
tcp_ping received 49152 bytes back
Round trip time was 0.276512 milliseconds in repetition 206
tcp_ping received 49152 bytes back
Round trip time was 0.278138 milliseconds in repetition 207
tcp_ping received 49152 bytes back
Round trip time was 0.281202 milliseconds in repetition 208
tcp_ping received 49152 bytes back
Round trip time was 0.278563 milliseconds in repetition 209
tcp_ping received 49152 bytes back
Round trip time was 0.276773 milliseconds in repetition 210
tcp_ping received 49152 bytes back
Round trip time was 0.276431 milliseconds in repetition 211
tcp_ping received 49152 bytes back
Round trip time was 0.2758 milliseconds in repetition 212
tcp_ping received 49152 bytes back
Round trip time was 0.275971 milliseconds in repetition 213
tcp_ping received 49152 bytes back
Round trip time was 0.276041 milliseconds in repetition 214
tcp_ping received 49152 bytes back
Round trip time was 0.275322 milliseconds in repetition 215
tcp_ping received 49152 bytes back
Round trip time was 0.279689 milliseconds in repetition 216
tcp_ping received 49152 bytes back
Round trip time was 0.278909 milliseconds in repetition 217
tcp_ping received 49152 bytes back
Round trip time was 0.2765 milliseconds in repetition 218
tcp_ping received 49152 bytes back
Round trip time was 0.276412 milliseconds in repetition 219
tcp_ping received 49152 bytes back
Round trip time was 0.276182 milliseconds in repetition 220
tcp_ping received 49152 bytes back
Round trip time was 0.275716 milliseconds in repetition 221
tcp_ping received 49152 bytes back
Round trip time was 0.27485 milliseconds in repetition 222
tcp_ping received 49152 bytes back
Round trip time was 0.276197 milliseconds in repetition 223
tcp_ping received 49152 bytes back
Round trip time was 0.277079 milliseconds in repetition 224
tcp_ping received 49152 bytes back
Round trip time was 0.276157 milliseconds in repetition 225
tcp_ping received 49152 bytes back
Round trip time was 0.276138 milliseconds in repetition 226
tcp_ping received 49152 bytes back
Round trip time was 0.276137 milliseconds in repetition 227
tcp_ping received 49152 bytes back
Round trip time was 0.276033 milliseconds in repetition 228
tcp_ping received 49152 bytes back
Round trip time was 0.275882 milliseconds in repetition 229
tcp_ping received 49152 bytes back
Round trip time was 0.281446 milliseconds in repetition 230
tcp_ping received 49152 bytes back
Round trip time was 0.278365 milliseconds in repetition 231
tcp_ping received 49152 bytes back
Round trip time was 0.276174 milliseconds in repetition 232
tcp_ping received 49152 bytes back
Round trip time was 0.275999 milliseconds in repetition 233
tcp_ping received 49152 bytes back
Round trip time was 0.276299 milliseconds in repetition 234
tcp_ping received 49152 bytes back
Round trip time was 0.275769 milliseconds in repetition 235
tcp_ping received 49152 bytes back
Round trip time was 0.276598 milliseconds in repetition 236
tcp_ping received 49152 bytes back
Round trip time was 0.276813 milliseconds in repetition 237
tcp_ping received 49152 bytes back
Round trip time was 0.27629 milliseconds in repetition 238
tcp_ping received 49152 bytes back
Round trip time was 0.276005 milliseconds in repetition 239
tcp_ping received 49152 bytes back
Round trip time was 0.275378 milliseconds in repetition 240
tcp_ping received 49152 bytes back
Round trip time was 0.276091 milliseconds in repetition 241
tcp_ping received 49152 bytes back
Round trip time was 0.275809 milliseconds in repetition 242
tcp_ping received 49152 bytes back
Round trip time was 0.276031 milliseconds in repetition 243
tcp_ping received 49152 bytes back
Round trip time was 0.276683 milliseconds in repetition 244
tcp_ping received 49152 bytes back
Round trip time was 0.280143 milliseconds in repetition 245
tcp_ping received 49152 bytes back
Round trip time was 0.277761 milliseconds in repetition 246
tcp_ping received 49152 bytes back
Round trip time was 0.27873 milliseconds in repetition 247
tcp_ping received 49152 bytes back
Round trip time was 0.276353 milliseconds in repetition 248
tcp_ping received 49152 bytes back
Round trip time was 0.275407 milliseconds in repetition 249
tcp_ping received 49152 bytes back
Round trip time was 0.276982 milliseconds in repetition 250
tcp_ping received 49152 bytes back
Round trip time was 0.276016 milliseconds in repetition 251
tcp_ping received 49152 bytes back
Round trip time was 0.276151 milliseconds in repetition 252
tcp_ping received 49152 bytes back
Round trip time was 0.275538 milliseconds in repetition 253
tcp_ping received 49152 bytes back
Round trip time was 0.275306 milliseconds in repetition 254
tcp_ping received 49152 bytes back
Round trip time was 0.275626 milliseconds in repetition 255
tcp_ping received 49152 bytes back
Round trip time was 0.2749 milliseconds in repetition 256
tcp_ping received 49152 bytes back
Round trip time was 0.276759 milliseconds in repetition 257
tcp_ping received 49152 bytes back
Round trip time was 0.276326 milliseconds in repetition 258
tcp_ping received 49152 bytes back
Round trip time was 0.279461 milliseconds in repetition 259
tcp_ping received 49152 bytes back
Round trip time was 0.279865 milliseconds in repetition 260
tcp_ping received 49152 bytes back
Round trip time was 0.277241 milliseconds in repetition 261
tcp_ping received 49152 bytes back
Round trip time was 0.276049 milliseconds in repetition 262
tcp_ping received 49152 bytes back
Round trip time was 0.276156 milliseconds in repetition 263
tcp_ping received 49152 bytes back
Round trip time was 0.276201 milliseconds in repetition 264
tcp_ping received 49152 bytes back
Round trip time was 0.275723 milliseconds in repetition 265
tcp_ping received 49152 bytes back
Round trip time was 0.277242 milliseconds in repetition 266
tcp_ping received 49152 bytes back
Round trip time was 0.276401 milliseconds in repetition 267
tcp_ping received 49152 bytes back
Round trip time was 0.276914 milliseconds in repetition 268
tcp_ping received 49152 bytes back
Round trip time was 0.276759 milliseconds in repetition 269
tcp_ping received 49152 bytes back
Round trip time was 0.276264 milliseconds in repetition 270
tcp_ping received 49152 bytes back
Round trip time was 0.277149 milliseconds in repetition 271
tcp_ping received 49152 bytes back
Round trip time was 0.277207 milliseconds in repetition 272
tcp_ping received 49152 bytes back
Round trip time was 0.281991 milliseconds in repetition 273
tcp_ping received 49152 bytes back
Round trip time was 0.278121 milliseconds in repetition 274
tcp_ping received 49152 bytes back
Round trip time was 0.276908 milliseconds in repetition 275
tcp_ping received 49152 bytes back
Round trip time was 0.276564 milliseconds in repetition 276
tcp_ping received 49152 bytes back
Round trip time was 0.276873 milliseconds in repetition 277
tcp_ping received 49152 bytes back
Round trip time was 0.276196 milliseconds in repetition 278
tcp_ping received 49152 bytes back
Round trip time was 0.277085 milliseconds in repetition 279
tcp_ping received 49152 bytes back
Round trip time was 0.276469 milliseconds in repetition 280
tcp_ping received 49152 bytes back
Round trip time was 0.277162 milliseconds in repetition 281
tcp_ping received 49152 bytes back
Round trip time was 0.276762 milliseconds in repetition 282
tcp_ping received 49152 bytes back
Round trip time was 0.276368 milliseconds in repetition 283
tcp_ping received 49152 bytes back
Round trip time was 0.275998 milliseconds in repetition 284
tcp_ping received 49152 bytes back
Round trip time was 0.275869 milliseconds in repetition 285
tcp_ping received 49152 bytes back
Round trip time was 0.276289 milliseconds in repetition 286
tcp_ping received 49152 bytes back
Round trip time was 0.277235 milliseconds in repetition 287
tcp_ping received 49152 bytes back
Round trip time was 0.289569 milliseconds in repetition 288
tcp_ping received 49152 bytes back
Round trip time was 0.28019 milliseconds in repetition 289
tcp_ping received 49152 bytes back
Round trip time was 0.279474 milliseconds in repetition 290
tcp_ping received 49152 bytes back
Round trip time was 0.2759 milliseconds in repetition 291
tcp_ping received 49152 bytes back
Round trip time was 0.275563 milliseconds in repetition 292
tcp_ping received 49152 bytes back
Round trip time was 0.276473 milliseconds in repetition 293
tcp_ping received 49152 bytes back
Round trip time was 0.27599 milliseconds in repetition 294
tcp_ping received 49152 bytes back
Round trip time was 0.275734 milliseconds in repetition 295
tcp_ping received 49152 bytes back
Round trip time was 0.276811 milliseconds in repetition 296
tcp_ping received 49152 bytes back
Round trip time was 0.275404 milliseconds in repetition 297
tcp_ping received 49152 bytes back
Round trip time was 0.276026 milliseconds in repetition 298
tcp_ping received 49152 bytes back
Round trip time was 0.27584 milliseconds in repetition 299
tcp_ping received 49152 bytes back
Round trip time was 0.276595 milliseconds in repetition 300
tcp_ping received 49152 bytes back
Round trip time was 0.275806 milliseconds in repetition 301
tcp_ping received 49152 bytes back
Round trip time was 0.279728 milliseconds in repetition 302
tcp_ping received 49152 bytes back
Round trip time was 0.278949 milliseconds in repetition 303
tcp_ping received 49152 bytes back
Round trip time was 0.275788 milliseconds in repetition 304
tcp_ping received 49152 bytes back
Round trip time was 0.276298 milliseconds in repetition 305
tcp_ping received 49152 bytes back
Round trip time was 0.275857 milliseconds in repetition 306
tcp_ping received 49152 bytes back
Round trip time was 0.275536 milliseconds in repetition 307
tcp_ping received 49152 bytes back
Round trip time was 0.275649 milliseconds in repetition 308
tcp_ping received 49152 bytes back
Round trip time was 0.27626 milliseconds in repetition 309
tcp_ping received 49152 bytes back
Round trip time was 0.276115 milliseconds in repetition 310
tcp_ping received 49152 bytes back
Round trip time was 0.275574 milliseconds in repetition 311
tcp_ping received 49152 bytes back
Round trip time was 0.275938 milliseconds in repetition 312
tcp_ping received 49152 bytes back
Round trip time was 0.276384 milliseconds in repetition 313
tcp_ping received 49152 bytes back
Round trip time was 0.276249 milliseconds in repetition 314
tcp_ping received 49152 bytes back
Round trip time was 0.276298 milliseconds in repetition 315
tcp_ping received 49152 bytes back
Round trip time was 0.298031 milliseconds in repetition 316
tcp_ping received 49152 bytes back
Round trip time was 0.278877 milliseconds in repetition 317
tcp_ping received 49152 bytes back
Round trip time was 0.276656 milliseconds in repetition 318
tcp_ping received 49152 bytes back
Round trip time was 0.2762 milliseconds in repetition 319
tcp_ping received 49152 bytes back
Round trip time was 0.276047 milliseconds in repetition 320
tcp_ping received 49152 bytes back
Round trip time was 0.27702 milliseconds in repetition 321
tcp_ping received 49152 bytes back
Round trip time was 0.276664 milliseconds in repetition 322
tcp_ping received 49152 bytes back
Round trip time was 0.275355 milliseconds in repetition 323
tcp_ping received 49152 bytes back
Round trip time was 0.27576 milliseconds in repetition 324
tcp_ping received 49152 bytes back
Round trip time was 0.27601 milliseconds in repetition 325
tcp_ping received 49152 bytes back
Round trip time was 0.275695 milliseconds in repetition 326
tcp_ping received 49152 bytes back
Round trip time was 0.275725 milliseconds in repetition 327
tcp_ping received 49152 bytes back
Round trip time was 0.276009 milliseconds in repetition 328
tcp_ping received 49152 bytes back
Round trip time was 0.276007 milliseconds in repetition 329
tcp_ping received 49152 bytes back
Round trip time was 0.280156 milliseconds in repetition 330
tcp_ping received 49152 bytes back
Round trip time was 0.276512 milliseconds in repetition 331
tcp_ping received 49152 bytes back
Round trip time was 0.276092 milliseconds in repetition 332
tcp_ping received 49152 bytes back
Round trip time was 0.276334 milliseconds in repetition 333
tcp_ping received 49152 bytes back
Round trip time was 0.275872 milliseconds in repetition 334
tcp_ping received 49152 bytes back
Round trip time was 0.276863 milliseconds in repetition 335
tcp_ping received 49152 bytes back
Round trip time was 0.275677 milliseconds in repetition 336
tcp_ping received 49152 bytes back
Round trip time was 0.275906 milliseconds in repetition 337
tcp_ping received 49152 bytes back
Round trip time was 0.276261 milliseconds in repetition 338
tcp_ping received 49152 bytes back
Round trip time was 0.276171 milliseconds in repetition 339
tcp_ping received 49152 bytes back
Round trip time was 0.276267 milliseconds in repetition 340
tcp_ping received 49152 bytes back
Round trip time was 0.276581 milliseconds in repetition 341
tcp_ping received 49152 bytes back
Round trip time was 0.276504 milliseconds in repetition 342
tcp_ping received 49152 bytes back
Round trip time was 0.275584 milliseconds in repetition 343
tcp_ping received 49152 bytes back
Round trip time was 0.275119 milliseconds in repetition 344
tcp_ping received 49152 bytes back
Round trip time was 0.280439 milliseconds in repetition 345
tcp_ping received 49152 bytes back
Round trip time was 0.27842 milliseconds in repetition 346
tcp_ping received 49152 bytes back
Round trip time was 0.302269 milliseconds in repetition 347
tcp_ping received 49152 bytes back
Round trip time was 0.279576 milliseconds in repetition 348
tcp_ping received 49152 bytes back
Round trip time was 0.275889 milliseconds in repetition 349
tcp_ping received 49152 bytes back
Round trip time was 0.275842 milliseconds in repetition 350
tcp_ping received 49152 bytes back
Round trip time was 0.276866 milliseconds in repetition 351
tcp_ping received 49152 bytes back
Round trip time was 0.276618 milliseconds in repetition 352
tcp_ping received 49152 bytes back
Round trip time was 0.276766 milliseconds in repetition 353
tcp_ping received 49152 bytes back
Round trip time was 0.275789 milliseconds in repetition 354
tcp_ping received 49152 bytes back
Round trip time was 0.27708 milliseconds in repetition 355
tcp_ping received 49152 bytes back
Round trip time was 0.276374 milliseconds in repetition 356
tcp_ping received 49152 bytes back
Round trip time was 0.2762 milliseconds in repetition 357
tcp_ping received 49152 bytes back
Round trip time was 0.276678 milliseconds in repetition 358
tcp_ping received 49152 bytes back
Round trip time was 0.280571 milliseconds in repetition 359
tcp_ping received 49152 bytes back
Round trip time was 0.277446 milliseconds in repetition 360
tcp_ping received 49152 bytes back
Round trip time was 0.276125 milliseconds in repetition 361
tcp_ping received 49152 bytes back
Round trip time was 0.276057 milliseconds in repetition 362
tcp_ping received 49152 bytes back
Round trip time was 0.275796 milliseconds in repetition 363
tcp_ping received 49152 bytes back
Round trip time was 0.276823 milliseconds in repetition 364
tcp_ping received 49152 bytes back
Round trip time was 0.275816 milliseconds in repetition 365
tcp_ping received 49152 bytes back
Round trip time was 0.276676 milliseconds in repetition 366
tcp_ping received 49152 bytes back
Round trip time was 0.276025 milliseconds in repetition 367
tcp_ping received 49152 bytes back
Round trip time was 0.276247 milliseconds in repetition 368
tcp_ping received 49152 bytes back
Round trip time was 0.276021 milliseconds in repetition 369
tcp_ping received 49152 bytes back
Round trip time was 0.276242 milliseconds in repetition 370
tcp_ping received 49152 bytes back
Round trip time was 0.276298 milliseconds in repetition 371
tcp_ping received 49152 bytes back
Round trip time was 0.276443 milliseconds in repetition 372
tcp_ping received 49152 bytes back
Round trip time was 0.280214 milliseconds in repetition 373
tcp_ping received 49152 bytes back
Round trip time was 0.276953 milliseconds in repetition 374
tcp_ping received 49152 bytes back
Round trip time was 0.275761 milliseconds in repetition 375
tcp_ping received 49152 bytes back
Round trip time was 0.275307 milliseconds in repetition 376
tcp_ping received 49152 bytes back
Round trip time was 0.276122 milliseconds in repetition 377
tcp_ping received 49152 bytes back
Round trip time was 0.276714 milliseconds in repetition 378
tcp_ping received 49152 bytes back
Round trip time was 0.276294 milliseconds in repetition 379
tcp_ping received 49152 bytes back
Round trip time was 0.276111 milliseconds in repetition 380
tcp_ping received 49152 bytes back
Round trip time was 0.276483 milliseconds in repetition 381
tcp_ping received 49152 bytes back
Round trip time was 0.27541 milliseconds in repetition 382
tcp_ping received 49152 bytes back
Round trip time was 0.275851 milliseconds in repetition 383
tcp_ping received 49152 bytes back
Round trip time was 0.275793 milliseconds in repetition 384
tcp_ping received 49152 bytes back
Round trip time was 0.275535 milliseconds in repetition 385
tcp_ping received 49152 bytes back
Round trip time was 0.276135 milliseconds in repetition 386
tcp_ping received 49152 bytes back
Round trip time was 0.275884 milliseconds in repetition 387
tcp_ping received 49152 bytes back
Round trip time was 0.281017 milliseconds in repetition 388
tcp_ping received 49152 bytes back
Round trip time was 0.277469 milliseconds in repetition 389
tcp_ping received 49152 bytes back
Round trip time was 0.275847 milliseconds in repetition 390
tcp_ping received 49152 bytes back
Round trip time was 0.275951 milliseconds in repetition 391
tcp_ping received 49152 bytes back
Round trip time was 0.275891 milliseconds in repetition 392
tcp_ping received 49152 bytes back
Round trip time was 0.275508 milliseconds in repetition 393
tcp_ping received 49152 bytes back
Round trip time was 0.275935 milliseconds in repetition 394
tcp_ping received 49152 bytes back
Round trip time was 0.276016 milliseconds in repetition 395
tcp_ping received 49152 bytes back
Round trip time was 0.27733 milliseconds in repetition 396
tcp_ping received 49152 bytes back
Round trip time was 0.276382 milliseconds in repetition 397
tcp_ping received 49152 bytes back
Round trip time was 0.275537 milliseconds in repetition 398
tcp_ping received 49152 bytes back
Round trip time was 0.275605 milliseconds in repetition 399
tcp_ping received 49152 bytes back
Round trip time was 0.275514 milliseconds in repetition 400
tcp_ping received 49152 bytes back
Round trip time was 0.276103 milliseconds in repetition 401
tcp_ping received 49152 bytes back
Round trip time was 0.280383 milliseconds in repetition 402
tcp_ping received 49152 bytes back
Round trip time was 0.27678 milliseconds in repetition 403
tcp_ping received 49152 bytes back
Round trip time was 0.284932 milliseconds in repetition 404
tcp_ping received 49152 bytes back
Round trip time was 0.365085 milliseconds in repetition 405
tcp_ping received 49152 bytes back
Round trip time was 0.33463 milliseconds in repetition 406
tcp_ping received 49152 bytes back
Round trip time was 0.320887 milliseconds in repetition 407
tcp_ping received 49152 bytes back
Round trip time was 0.31786 milliseconds in repetition 408
tcp_ping received 49152 bytes back
Round trip time was 0.318094 milliseconds in repetition 409
tcp_ping received 49152 bytes back
Round trip time was 0.319988 milliseconds in repetition 410
tcp_ping received 49152 bytes back
Round trip time was 0.318344 milliseconds in repetition 411
tcp_ping received 49152 bytes back
Round trip time was 0.286054 milliseconds in repetition 412
tcp_ping received 49152 bytes back
Round trip time was 0.278933 milliseconds in repetition 413
tcp_ping received 49152 bytes back
Round trip time was 0.277309 milliseconds in repetition 414
tcp_ping received 49152 bytes back
Round trip time was 0.316695 milliseconds in repetition 415
tcp_ping received 49152 bytes back
Round trip time was 0.318537 milliseconds in repetition 416
tcp_ping received 49152 bytes back
Round trip time was 0.317737 milliseconds in repetition 417
tcp_ping received 49152 bytes back
Round trip time was 0.322227 milliseconds in repetition 418
tcp_ping received 49152 bytes back
Round trip time was 0.317666 milliseconds in repetition 419
tcp_ping received 49152 bytes back
Round trip time was 0.317855 milliseconds in repetition 420
tcp_ping received 49152 bytes back
Round trip time was 0.286032 milliseconds in repetition 421
tcp_ping received 49152 bytes back
Round trip time was 0.279517 milliseconds in repetition 422
tcp_ping received 49152 bytes back
Round trip time was 0.278149 milliseconds in repetition 423
tcp_ping received 49152 bytes back
Round trip time was 0.308769 milliseconds in repetition 424
tcp_ping received 49152 bytes back
Round trip time was 0.315749 milliseconds in repetition 425
tcp_ping received 49152 bytes back
Round trip time was 0.315349 milliseconds in repetition 426
tcp_ping received 49152 bytes back
Round trip time was 0.286717 milliseconds in repetition 427
tcp_ping received 49152 bytes back
Round trip time was 0.31815 milliseconds in repetition 428
tcp_ping received 49152 bytes back
Round trip time was 0.316769 milliseconds in repetition 429
tcp_ping received 49152 bytes back
Round trip time was 0.317479 milliseconds in repetition 430
tcp_ping received 49152 bytes back
Round trip time was 0.286031 milliseconds in repetition 431
tcp_ping received 49152 bytes back
Round trip time was 0.282527 milliseconds in repetition 432
tcp_ping received 49152 bytes back
Round trip time was 0.278947 milliseconds in repetition 433
tcp_ping received 49152 bytes back
Round trip time was 0.30611 milliseconds in repetition 434
tcp_ping received 49152 bytes back
Round trip time was 0.317808 milliseconds in repetition 435
tcp_ping received 49152 bytes back
Round trip time was 0.315886 milliseconds in repetition 436
tcp_ping received 49152 bytes back
Round trip time was 0.315178 milliseconds in repetition 437
tcp_ping received 49152 bytes back
Round trip time was 0.315381 milliseconds in repetition 438
tcp_ping received 49152 bytes back
Round trip time was 0.28799 milliseconds in repetition 439
tcp_ping received 49152 bytes back
Round trip time was 0.316965 milliseconds in repetition 440
tcp_ping received 49152 bytes back
Round trip time was 0.317614 milliseconds in repetition 441
tcp_ping received 49152 bytes back
Round trip time was 0.316806 milliseconds in repetition 442
tcp_ping received 49152 bytes back
Round trip time was 0.317631 milliseconds in repetition 443
tcp_ping received 49152 bytes back
Round trip time was 0.315149 milliseconds in repetition 444
tcp_ping received 49152 bytes back
Round trip time was 0.315896 milliseconds in repetition 445
tcp_ping received 49152 bytes back
Round trip time was 0.315981 milliseconds in repetition 446
tcp_ping received 49152 bytes back
Round trip time was 0.320968 milliseconds in repetition 447
tcp_ping received 49152 bytes back
Round trip time was 0.285884 milliseconds in repetition 448
tcp_ping received 49152 bytes back
Round trip time was 0.27876 milliseconds in repetition 449
tcp_ping received 49152 bytes back
Round trip time was 0.278044 milliseconds in repetition 450
tcp_ping received 49152 bytes back
Round trip time was 0.278602 milliseconds in repetition 451
tcp_ping received 49152 bytes back
Round trip time was 0.277767 milliseconds in repetition 452
tcp_ping received 49152 bytes back
Round trip time was 0.283308 milliseconds in repetition 453
tcp_ping received 49152 bytes back
Round trip time was 0.281527 milliseconds in repetition 454
tcp_ping received 49152 bytes back
Round trip time was 0.279397 milliseconds in repetition 455
tcp_ping received 49152 bytes back
Round trip time was 0.288983 milliseconds in repetition 456
tcp_ping received 49152 bytes back
Round trip time was 0.379863 milliseconds in repetition 457
tcp_ping received 49152 bytes back
Round trip time was 0.389174 milliseconds in repetition 458
tcp_ping received 49152 bytes back
Round trip time was 0.431782 milliseconds in repetition 459
tcp_ping received 49152 bytes back
Round trip time was 0.438063 milliseconds in repetition 460
tcp_ping received 49152 bytes back
Round trip time was 0.425499 milliseconds in repetition 461
tcp_ping received 49152 bytes back
Round trip time was 0.427212 milliseconds in repetition 462
tcp_ping received 49152 bytes back
Round trip time was 0.434398 milliseconds in repetition 463
tcp_ping received 49152 bytes back
Round trip time was 0.442138 milliseconds in repetition 464
tcp_ping received 49152 bytes back
Round trip time was 0.43776 milliseconds in repetition 465
tcp_ping received 49152 bytes back
Round trip time was 0.45676 milliseconds in repetition 466
tcp_ping received 49152 bytes back
Round trip time was 0.453334 milliseconds in repetition 467
tcp_ping received 49152 bytes back
Round trip time was 0.452517 milliseconds in repetition 468
tcp_ping received 49152 bytes back
Round trip time was 0.457022 milliseconds in repetition 469
tcp_ping received 49152 bytes back
Round trip time was 0.45219 milliseconds in repetition 470
tcp_ping received 49152 bytes back
Round trip time was 0.452045 milliseconds in repetition 471
tcp_ping received 49152 bytes back
Round trip time was 0.459182 milliseconds in repetition 472
tcp_ping received 49152 bytes back
Round trip time was 0.452193 milliseconds in repetition 473
tcp_ping received 49152 bytes back
Round trip time was 0.455523 milliseconds in repetition 474
tcp_ping received 49152 bytes back
Round trip time was 0.451207 milliseconds in repetition 475
tcp_ping received 49152 bytes back
Round trip time was 0.456216 milliseconds in repetition 476
tcp_ping received 49152 bytes back
Round trip time was 0.450123 milliseconds in repetition 477
tcp_ping received 49152 bytes back
Round trip time was 0.446632 milliseconds in repetition 478
tcp_ping received 49152 bytes back
Round trip time was 0.454246 milliseconds in repetition 479
tcp_ping received 49152 bytes back
Round trip time was 0.450109 milliseconds in repetition 480
tcp_ping received 49152 bytes back
Round trip time was 0.457953 milliseconds in repetition 481
tcp_ping received 49152 bytes back
Round trip time was 0.457408 milliseconds in repetition 482
tcp_ping received 49152 bytes back
Round trip time was 0.440195 milliseconds in repetition 483
tcp_ping received 49152 bytes back
Round trip time was 0.437879 milliseconds in repetition 484
tcp_ping received 49152 bytes back
Round trip time was 0.41214 milliseconds in repetition 485
tcp_ping received 49152 bytes back
Round trip time was 0.397892 milliseconds in repetition 486
tcp_ping received 49152 bytes back
Round trip time was 0.477016 milliseconds in repetition 487
tcp_ping received 49152 bytes back
Round trip time was 0.475316 milliseconds in repetition 488
tcp_ping received 49152 bytes back
Round trip time was 0.486819 milliseconds in repetition 489
tcp_ping received 49152 bytes back
Round trip time was 0.4994 milliseconds in repetition 490
tcp_ping received 49152 bytes back
Round trip time was 0.450488 milliseconds in repetition 491
tcp_ping received 49152 bytes back
Round trip time was 0.380504 milliseconds in repetition 492
tcp_ping received 49152 bytes back
Round trip time was 0.334501 milliseconds in repetition 493
tcp_ping received 49152 bytes back
Round trip time was 0.302878 milliseconds in repetition 494
tcp_ping received 49152 bytes back
Round trip time was 0.297497 milliseconds in repetition 495
tcp_ping received 49152 bytes back
Round trip time was 0.297589 milliseconds in repetition 496
tcp_ping received 49152 bytes back
Round trip time was 0.297422 milliseconds in repetition 497
tcp_ping received 49152 bytes back
Round trip time was 0.295024 milliseconds in repetition 498
tcp_ping received 49152 bytes back
Round trip time was 0.325958 milliseconds in repetition 499
tcp_ping received 49152 bytes back
Round trip time was 0.313408 milliseconds in repetition 500

 ... clock resolution was 1e-06
TCP Ping:  Statistics over 500 repetitions of 49152 byte messages

RTT : percentile 10: 0.275793, median: 0.276871, percentile 90: 0.318094, average: 0.292841, variance: 0.00195851

RTT histogram:
0.274848 383
0.286076 37
0.297304 7
0.308531 3
0.319759 29
0.330987 4
0.342214 0
0.353442 0
0.364669 1
0.375897 2
0.387125 1
0.398352 1
0.40958 1
0.420807 1
0.432035 3
0.443263 6
0.45449 17
0.465718 0
0.476945 2
0.488173 1
0.499401 1

   median Throughput : 355053 KB/s   overall Throughput : 335691 KB/s

