TCP Ping trying to connect to server localhost (127.0.0.1) on port 1491
 ... connected to Pong server: asking for 500 repetitions of 1024 bytes TCP messages
 ... Pong server agreed :-)
tcp_ping received 1024 bytes back
Round trip time was 0.030055 milliseconds in repetition 1
tcp_ping received 1024 bytes back
Round trip time was 0.021306 milliseconds in repetition 2
tcp_ping received 1024 bytes back
Round trip time was 0.020022 milliseconds in repetition 3
tcp_ping received 1024 bytes back
Round trip time was 0.019374 milliseconds in repetition 4
tcp_ping received 1024 bytes back
Round trip time was 0.019709 milliseconds in repetition 5
tcp_ping received 1024 bytes back
Round trip time was 0.020584 milliseconds in repetition 6
tcp_ping received 1024 bytes back
Round trip time was 0.019516 milliseconds in repetition 7
tcp_ping received 1024 bytes back
Round trip time was 0.020126 milliseconds in repetition 8
tcp_ping received 1024 bytes back
Round trip time was 0.01982 milliseconds in repetition 9
tcp_ping received 1024 bytes back
Round trip time was 0.019596 milliseconds in repetition 10
tcp_ping received 1024 bytes back
Round trip time was 0.01966 milliseconds in repetition 11
tcp_ping received 1024 bytes back
Round trip time was 0.019556 milliseconds in repetition 12
tcp_ping received 1024 bytes back
Round trip time was 0.019507 milliseconds in repetition 13
tcp_ping received 1024 bytes back
Round trip time was 0.019809 milliseconds in repetition 14
tcp_ping received 1024 bytes back
Round trip time was 0.019499 milliseconds in repetition 15
tcp_ping received 1024 bytes back
Round trip time was 0.019571 milliseconds in repetition 16
tcp_ping received 1024 bytes back
Round trip time was 0.01992 milliseconds in repetition 17
tcp_ping received 1024 bytes back
Round trip time was 0.01951 milliseconds in repetition 18
tcp_ping received 1024 bytes back
Round trip time was 0.019645 milliseconds in repetition 19
tcp_ping received 1024 bytes back
Round trip time was 0.019547 milliseconds in repetition 20
tcp_ping received 1024 bytes back
Round trip time was 0.01988 milliseconds in repetition 21
tcp_ping received 1024 bytes back
Round trip time was 0.02017 milliseconds in repetition 22
tcp_ping received 1024 bytes back
Round trip time was 0.019392 milliseconds in repetition 23
tcp_ping received 1024 bytes back
Round trip time was 0.019508 milliseconds in repetition 24
tcp_ping received 1024 bytes back
Round trip time was 0.019653 milliseconds in repetition 25
tcp_ping received 1024 bytes back
Round trip time was 0.019654 milliseconds in repetition 26
tcp_ping received 1024 bytes back
Round trip time was 0.019501 milliseconds in repetition 27
tcp_ping received 1024 bytes back
Round trip time was 0.019653 milliseconds in repetition 28
tcp_ping received 1024 bytes back
Round trip time was 0.019841 milliseconds in repetition 29
tcp_ping received 1024 bytes back
Round trip time was 0.019647 milliseconds in repetition 30
tcp_ping received 1024 bytes back
Round trip time was 0.019562 milliseconds in repetition 31
tcp_ping received 1024 bytes back
Round trip time was 0.019323 milliseconds in repetition 32
tcp_ping received 1024 bytes back
Round trip time was 0.019554 milliseconds in repetition 33
tcp_ping received 1024 bytes back
Round trip time was 0.019748 milliseconds in repetition 34
tcp_ping received 1024 bytes back
Round trip time was 0.019331 milliseconds in repetition 35
tcp_ping received 1024 bytes back
Round trip time was 0.019541 milliseconds in repetition 36
tcp_ping received 1024 bytes back
Round trip time was 0.019653 milliseconds in repetition 37
tcp_ping received 1024 bytes back
Round trip time was 0.019931 milliseconds in repetition 38
tcp_ping received 1024 bytes back
Round trip time was 0.019346 milliseconds in repetition 39
tcp_ping received 1024 bytes back
Round trip time was 0.019461 milliseconds in repetition 40
tcp_ping received 1024 bytes back
Round trip time was 0.01947 milliseconds in repetition 41
tcp_ping received 1024 bytes back
Round trip time was 0.01983 milliseconds in repetition 42
tcp_ping received 1024 bytes back
Round trip time was 0.019684 milliseconds in repetition 43
tcp_ping received 1024 bytes back
Round trip time was 0.021803 milliseconds in repetition 44
tcp_ping received 1024 bytes back
Round trip time was 0.020122 milliseconds in repetition 45
tcp_ping received 1024 bytes back
Round trip time was 0.019809 milliseconds in repetition 46
tcp_ping received 1024 bytes back
Round trip time was 0.019427 milliseconds in repetition 47
tcp_ping received 1024 bytes back
Round trip time was 0.019288 milliseconds in repetition 48
tcp_ping received 1024 bytes back
Round trip time was 0.019816 milliseconds in repetition 49
tcp_ping received 1024 bytes back
Round trip time was 0.019777 milliseconds in repetition 50
tcp_ping received 1024 bytes back
Round trip time was 0.019663 milliseconds in repetition 51
tcp_ping received 1024 bytes back
Round trip time was 0.019364 milliseconds in repetition 52
tcp_ping received 1024 bytes back
Round trip time was 0.020131 milliseconds in repetition 53
tcp_ping received 1024 bytes back
Round trip time was 0.019782 milliseconds in repetition 54
tcp_ping received 1024 bytes back
Round trip time was 0.019482 milliseconds in repetition 55
tcp_ping received 1024 bytes back
Round trip time was 0.019378 milliseconds in repetition 56
tcp_ping received 1024 bytes back
Round trip time was 0.019941 milliseconds in repetition 57
tcp_ping received 1024 bytes back
Round trip time was 0.019713 milliseconds in repetition 58
tcp_ping received 1024 bytes back
Round trip time was 0.019515 milliseconds in repetition 59
tcp_ping received 1024 bytes back
Round trip time was 0.019623 milliseconds in repetition 60
tcp_ping received 1024 bytes back
Round trip time was 0.027234 milliseconds in repetition 61
tcp_ping received 1024 bytes back
Round trip time was 0.021724 milliseconds in repetition 62
tcp_ping received 1024 bytes back
Round trip time was 0.019711 milliseconds in repetition 63
tcp_ping received 1024 bytes back
Round trip time was 0.019705 milliseconds in repetition 64
tcp_ping received 1024 bytes back
Round trip time was 0.019847 milliseconds in repetition 65
tcp_ping received 1024 bytes back
Round trip time was 0.019482 milliseconds in repetition 66
tcp_ping received 1024 bytes back
Round trip time was 0.01944 milliseconds in repetition 67
tcp_ping received 1024 bytes back
Round trip time was 0.019762 milliseconds in repetition 68
tcp_ping received 1024 bytes back
Round trip time was 0.019981 milliseconds in repetition 69
tcp_ping received 1024 bytes back
Round trip time was 0.01969 milliseconds in repetition 70
tcp_ping received 1024 bytes back
Round trip time was 0.019434 milliseconds in repetition 71
tcp_ping received 1024 bytes back
Round trip time was 0.019617 milliseconds in repetition 72
tcp_ping received 1024 bytes back
Round trip time was 0.0196 milliseconds in repetition 73
tcp_ping received 1024 bytes back
Round trip time was 0.019481 milliseconds in repetition 74
tcp_ping received 1024 bytes back
Round trip time was 0.019376 milliseconds in repetition 75
tcp_ping received 1024 bytes back
Round trip time was 0.019786 milliseconds in repetition 76
tcp_ping received 1024 bytes back
Round trip time was 0.019695 milliseconds in repetition 77
tcp_ping received 1024 bytes back
Round trip time was 0.019667 milliseconds in repetition 78
tcp_ping received 1024 bytes back
Round trip time was 0.019485 milliseconds in repetition 79
tcp_ping received 1024 bytes back
Round trip time was 0.019646 milliseconds in repetition 80
tcp_ping received 1024 bytes back
Round trip time was 0.019619 milliseconds in repetition 81
tcp_ping received 1024 bytes back
Round trip time was 0.019534 milliseconds in repetition 82
tcp_ping received 1024 bytes back
Round trip time was 0.019506 milliseconds in repetition 83
tcp_ping received 1024 bytes back
Round trip time was 0.019658 milliseconds in repetition 84
tcp_ping received 1024 bytes back
Round trip time was 0.019615 milliseconds in repetition 85
tcp_ping received 1024 bytes back
Round trip time was 0.019548 milliseconds in repetition 86
tcp_ping received 1024 bytes back
Round trip time was 0.019434 milliseconds in repetition 87
tcp_ping received 1024 bytes back
Round trip time was 0.021455 milliseconds in repetition 88
tcp_ping received 1024 bytes back
Round trip time was 0.019687 milliseconds in repetition 89
tcp_ping received 1024 bytes back
Round trip time was 0.019246 milliseconds in repetition 90
tcp_ping received 1024 bytes back
Round trip time was 0.01947 milliseconds in repetition 91
tcp_ping received 1024 bytes back
Round trip time was 0.019738 milliseconds in repetition 92
tcp_ping received 1024 bytes back
Round trip time was 0.019564 milliseconds in repetition 93
tcp_ping received 1024 bytes back
Round trip time was 0.019661 milliseconds in repetition 94
tcp_ping received 1024 bytes back
Round trip time was 0.019496 milliseconds in repetition 95
tcp_ping received 1024 bytes back
Round trip time was 0.019786 milliseconds in repetition 96
tcp_ping received 1024 bytes back
Round trip time was 0.019279 milliseconds in repetition 97
tcp_ping received 1024 bytes back
Round trip time was 0.01936 milliseconds in repetition 98
tcp_ping received 1024 bytes back
Round trip time was 0.019189 milliseconds in repetition 99
tcp_ping received 1024 bytes back
Round trip time was 0.019823 milliseconds in repetition 100
tcp_ping received 1024 bytes back
Round trip time was 0.019574 milliseconds in repetition 101
tcp_ping received 1024 bytes back
Round trip time was 0.019925 milliseconds in repetition 102
tcp_ping received 1024 bytes back
Round trip time was 0.019273 milliseconds in repetition 103
tcp_ping received 1024 bytes back
Round trip time was 0.019725 milliseconds in repetition 104
tcp_ping received 1024 bytes back
Round trip time was 0.019462 milliseconds in repetition 105
tcp_ping received 1024 bytes back
Round trip time was 0.019218 milliseconds in repetition 106
tcp_ping received 1024 bytes back
Round trip time was 0.019203 milliseconds in repetition 107
tcp_ping received 1024 bytes back
Round trip time was 0.019674 milliseconds in repetition 108
tcp_ping received 1024 bytes back
Round trip time was 0.01989 milliseconds in repetition 109
tcp_ping received 1024 bytes back
Round trip time was 0.019656 milliseconds in repetition 110
tcp_ping received 1024 bytes back
Round trip time was 0.019348 milliseconds in repetition 111
tcp_ping received 1024 bytes back
Round trip time was 0.019813 milliseconds in repetition 112
tcp_ping received 1024 bytes back
Round trip time was 0.019556 milliseconds in repetition 113
tcp_ping received 1024 bytes back
Round trip time was 0.019295 milliseconds in repetition 114
tcp_ping received 1024 bytes back
Round trip time was 0.019254 milliseconds in repetition 115
tcp_ping received 1024 bytes back
Round trip time was 0.020049 milliseconds in repetition 116
tcp_ping received 1024 bytes back
Round trip time was 0.019461 milliseconds in repetition 117
tcp_ping received 1024 bytes back
Round trip time was 0.019446 milliseconds in repetition 118
tcp_ping received 1024 bytes back
Round trip time was 0.019499 milliseconds in repetition 119
tcp_ping received 1024 bytes back
Round trip time was 0.019611 milliseconds in repetition 120
tcp_ping received 1024 bytes back
Round trip time was 0.019509 milliseconds in repetition 121
tcp_ping received 1024 bytes back
Round trip time was 0.019457 milliseconds in repetition 122
tcp_ping received 1024 bytes back
Round trip time was 0.019339 milliseconds in repetition 123
tcp_ping received 1024 bytes back
Round trip time was 0.019914 milliseconds in repetition 124
tcp_ping received 1024 bytes back
Round trip time was 0.019621 milliseconds in repetition 125
tcp_ping received 1024 bytes back
Round trip time was 0.019419 milliseconds in repetition 126
tcp_ping received 1024 bytes back
Round trip time was 0.019652 milliseconds in repetition 127
tcp_ping received 1024 bytes back
Round trip time was 0.019989 milliseconds in repetition 128
tcp_ping received 1024 bytes back
Round trip time was 0.01974 milliseconds in repetition 129
tcp_ping received 1024 bytes back
Round trip time was 0.019347 milliseconds in repetition 130
tcp_ping received 1024 bytes back
Round trip time was 0.0193 milliseconds in repetition 131
tcp_ping received 1024 bytes back
Round trip time was 0.022571 milliseconds in repetition 132
tcp_ping received 1024 bytes back
Round trip time was 0.019966 milliseconds in repetition 133
tcp_ping received 1024 bytes back
Round trip time was 0.019919 milliseconds in repetition 134
tcp_ping received 1024 bytes back
Round trip time was 0.01984 milliseconds in repetition 135
tcp_ping received 1024 bytes back
Round trip time was 0.019764 milliseconds in repetition 136
tcp_ping received 1024 bytes back
Round trip time was 0.019432 milliseconds in repetition 137
tcp_ping received 1024 bytes back
Round trip time was 0.019469 milliseconds in repetition 138
tcp_ping received 1024 bytes back
Round trip time was 0.019313 milliseconds in repetition 139
tcp_ping received 1024 bytes back
Round trip time was 0.019528 milliseconds in repetition 140
tcp_ping received 1024 bytes back
Round trip time was 0.019576 milliseconds in repetition 141
tcp_ping received 1024 bytes back
Round trip time was 0.019368 milliseconds in repetition 142
tcp_ping received 1024 bytes back
Round trip time was 0.019541 milliseconds in repetition 143
tcp_ping received 1024 bytes back
Round trip time was 0.019778 milliseconds in repetition 144
tcp_ping received 1024 bytes back
Round trip time was 0.019781 milliseconds in repetition 145
tcp_ping received 1024 bytes back
Round trip time was 0.019877 milliseconds in repetition 146
tcp_ping received 1024 bytes back
Round trip time was 0.019745 milliseconds in repetition 147
tcp_ping received 1024 bytes back
Round trip time was 0.019837 milliseconds in repetition 148
tcp_ping received 1024 bytes back
Round trip time was 0.019763 milliseconds in repetition 149
tcp_ping received 1024 bytes back
Round trip time was 0.019443 milliseconds in repetition 150
tcp_ping received 1024 bytes back
Round trip time was 0.019618 milliseconds in repetition 151
tcp_ping received 1024 bytes back
Round trip time was 0.019904 milliseconds in repetition 152
tcp_ping received 1024 bytes back
Round trip time was 0.019625 milliseconds in repetition 153
tcp_ping received 1024 bytes back
Round trip time was 0.019492 milliseconds in repetition 154
tcp_ping received 1024 bytes back
Round trip time was 0.019353 milliseconds in repetition 155
tcp_ping received 1024 bytes back
Round trip time was 0.019654 milliseconds in repetition 156
tcp_ping received 1024 bytes back
Round trip time was 0.019649 milliseconds in repetition 157
tcp_ping received 1024 bytes back
Round trip time was 0.019431 milliseconds in repetition 158
tcp_ping received 1024 bytes back
Round trip time was 0.019384 milliseconds in repetition 159
tcp_ping received 1024 bytes back
Round trip time was 0.019775 milliseconds in repetition 160
tcp_ping received 1024 bytes back
Round trip time was 0.019586 milliseconds in repetition 161
tcp_ping received 1024 bytes back
Round trip time was 0.019603 milliseconds in repetition 162
tcp_ping received 1024 bytes back
Round trip time was 0.019297 milliseconds in repetition 163
tcp_ping received 1024 bytes back
Round trip time was 0.0198 milliseconds in repetition 164
tcp_ping received 1024 bytes back
Round trip time was 0.019734 milliseconds in repetition 165
tcp_ping received 1024 bytes back
Round trip time was 0.019471 milliseconds in repetition 166
tcp_ping received 1024 bytes back
Round trip time was 0.019549 milliseconds in repetition 167
tcp_ping received 1024 bytes back
Round trip time was 0.01982 milliseconds in repetition 168
tcp_ping received 1024 bytes back
Round trip time was 0.01961 milliseconds in repetition 169
tcp_ping received 1024 bytes back
Round trip time was 0.019533 milliseconds in repetition 170
tcp_ping received 1024 bytes back
Round trip time was 0.019378 milliseconds in repetition 171
tcp_ping received 1024 bytes back
Round trip time was 0.019828 milliseconds in repetition 172
tcp_ping received 1024 bytes back
Round trip time was 0.019588 milliseconds in repetition 173
tcp_ping received 1024 bytes back
Round trip time was 0.01938 milliseconds in repetition 174
tcp_ping received 1024 bytes back
Round trip time was 0.021242 milliseconds in repetition 175
tcp_ping received 1024 bytes back
Round trip time was 0.020128 milliseconds in repetition 176
tcp_ping received 1024 bytes back
Round trip time was 0.01959 milliseconds in repetition 177
tcp_ping received 1024 bytes back
Round trip time was 0.019793 milliseconds in repetition 178
tcp_ping received 1024 bytes back
Round trip time was 0.019829 milliseconds in repetition 179
tcp_ping received 1024 bytes back
Round trip time was 0.019989 milliseconds in repetition 180
tcp_ping received 1024 bytes back
Round trip time was 0.019611 milliseconds in repetition 181
tcp_ping received 1024 bytes back
Round trip time was 0.019792 milliseconds in repetition 182
tcp_ping received 1024 bytes back
Round trip time was 0.01975 milliseconds in repetition 183
tcp_ping received 1024 bytes back
Round trip time was 0.019727 milliseconds in repetition 184
tcp_ping received 1024 bytes back
Round trip time was 0.02035 milliseconds in repetition 185
tcp_ping received 1024 bytes back
Round trip time was 0.019591 milliseconds in repetition 186
tcp_ping received 1024 bytes back
Round trip time was 0.019713 milliseconds in repetition 187
tcp_ping received 1024 bytes back
Round trip time was 0.01986 milliseconds in repetition 188
tcp_ping received 1024 bytes back
Round trip time was 0.019613 milliseconds in repetition 189
tcp_ping received 1024 bytes back
Round trip time was 0.019366 milliseconds in repetition 190
tcp_ping received 1024 bytes back
Round trip time was 0.019646 milliseconds in repetition 191
tcp_ping received 1024 bytes back
Round trip time was 0.019644 milliseconds in repetition 192
tcp_ping received 1024 bytes back
Round trip time was 0.01953 milliseconds in repetition 193
tcp_ping received 1024 bytes back
Round trip time was 0.01976 milliseconds in repetition 194
tcp_ping received 1024 bytes back
Round trip time was 0.019864 milliseconds in repetition 195
tcp_ping received 1024 bytes back
Round trip time was 0.019785 milliseconds in repetition 196
tcp_ping received 1024 bytes back
Round trip time was 0.019783 milliseconds in repetition 197
tcp_ping received 1024 bytes back
Round trip time was 0.019373 milliseconds in repetition 198
tcp_ping received 1024 bytes back
Round trip time was 0.01953 milliseconds in repetition 199
tcp_ping received 1024 bytes back
Round trip time was 0.019858 milliseconds in repetition 200
tcp_ping received 1024 bytes back
Round trip time was 0.019722 milliseconds in repetition 201
tcp_ping received 1024 bytes back
Round trip time was 0.019265 milliseconds in repetition 202
tcp_ping received 1024 bytes back
Round trip time was 0.019505 milliseconds in repetition 203
tcp_ping received 1024 bytes back
Round trip time was 0.019907 milliseconds in repetition 204
tcp_ping received 1024 bytes back
Round trip time was 0.01987 milliseconds in repetition 205
tcp_ping received 1024 bytes back
Round trip time was 0.019301 milliseconds in repetition 206
tcp_ping received 1024 bytes back
Round trip time was 0.019611 milliseconds in repetition 207
tcp_ping received 1024 bytes back
Round trip time was 0.020202 milliseconds in repetition 208
tcp_ping received 1024 bytes back
Round trip time was 0.019811 milliseconds in repetition 209
tcp_ping received 1024 bytes back
Round trip time was 0.019311 milliseconds in repetition 210
tcp_ping received 1024 bytes back
Round trip time was 0.020007 milliseconds in repetition 211
tcp_ping received 1024 bytes back
Round trip time was 0.019965 milliseconds in repetition 212
tcp_ping received 1024 bytes back
Round trip time was 0.01967 milliseconds in repetition 213
tcp_ping received 1024 bytes back
Round trip time was 0.019464 milliseconds in repetition 214
tcp_ping received 1024 bytes back
Round trip time was 0.019713 milliseconds in repetition 215
tcp_ping received 1024 bytes back
Round trip time was 0.019729 milliseconds in repetition 216
tcp_ping received 1024 bytes back
Round trip time was 0.020088 milliseconds in repetition 217
tcp_ping received 1024 bytes back
Round trip time was 0.019525 milliseconds in repetition 218
tcp_ping received 1024 bytes back
Round trip time was 0.021467 milliseconds in repetition 219
tcp_ping received 1024 bytes back
Round trip time was 0.020197 milliseconds in repetition 220
tcp_ping received 1024 bytes back
Round trip time was 0.019939 milliseconds in repetition 221
tcp_ping received 1024 bytes back
Round trip time was 0.01993 milliseconds in repetition 222
tcp_ping received 1024 bytes back
Round trip time was 0.019781 milliseconds in repetition 223
tcp_ping received 1024 bytes back
Round trip time was 0.019829 milliseconds in repetition 224
tcp_ping received 1024 bytes back
Round trip time was 0.019801 milliseconds in repetition 225
tcp_ping received 1024 bytes back
Round trip time was 0.019783 milliseconds in repetition 226
tcp_ping received 1024 bytes back
Round trip time was 0.019664 milliseconds in repetition 227
tcp_ping received 1024 bytes back
Round trip time was 0.020054 milliseconds in repetition 228
tcp_ping received 1024 bytes back
Round trip time was 0.020282 milliseconds in repetition 229
tcp_ping received 1024 bytes back
Round trip time was 0.020048 milliseconds in repetition 230
tcp_ping received 1024 bytes back
Round trip time was 0.019829 milliseconds in repetition 231
tcp_ping received 1024 bytes back
Round trip time was 0.01967 milliseconds in repetition 232
tcp_ping received 1024 bytes back
Round trip time was 0.019633 milliseconds in repetition 233
tcp_ping received 1024 bytes back
Round trip time was 0.019405 milliseconds in repetition 234
tcp_ping received 1024 bytes back
Round trip time was 0.019456 milliseconds in repetition 235
tcp_ping received 1024 bytes back
Round trip time was 0.019817 milliseconds in repetition 236
tcp_ping received 1024 bytes back
Round trip time was 0.020049 milliseconds in repetition 237
tcp_ping received 1024 bytes back
Round trip time was 0.019393 milliseconds in repetition 238
tcp_ping received 1024 bytes back
Round trip time was 0.019485 milliseconds in repetition 239
tcp_ping received 1024 bytes back
Round trip time was 0.019666 milliseconds in repetition 240
tcp_ping received 1024 bytes back
Round trip time was 0.027676 milliseconds in repetition 241
tcp_ping received 1024 bytes back
Round trip time was 0.021304 milliseconds in repetition 242
tcp_ping received 1024 bytes back
Round trip time was 0.020335 milliseconds in repetition 243
tcp_ping received 1024 bytes back
Round trip time was 0.019754 milliseconds in repetition 244
tcp_ping received 1024 bytes back
Round trip time was 0.020131 milliseconds in repetition 245
tcp_ping received 1024 bytes back
Round trip time was 0.020417 milliseconds in repetition 246
tcp_ping received 1024 bytes back
Round trip time was 0.020032 milliseconds in repetition 247
tcp_ping received 1024 bytes back
Round trip time was 0.020285 milliseconds in repetition 248
tcp_ping received 1024 bytes back
Round trip time was 0.019786 milliseconds in repetition 249
tcp_ping received 1024 bytes back
Round trip time was 0.01974 milliseconds in repetition 250
tcp_ping received 1024 bytes back
Round trip time was 0.019555 milliseconds in repetition 251
tcp_ping received 1024 bytes back
Round trip time was 0.01975 milliseconds in repetition 252
tcp_ping received 1024 bytes back
Round trip time was 0.01956 milliseconds in repetition 253
tcp_ping received 1024 bytes back
Round trip time was 0.01953 milliseconds in repetition 254
tcp_ping received 1024 bytes back
Round trip time was 0.019582 milliseconds in repetition 255
tcp_ping received 1024 bytes back
Round trip time was 0.019812 milliseconds in repetition 256
tcp_ping received 1024 bytes back
Round trip time was 0.019669 milliseconds in repetition 257
tcp_ping received 1024 bytes back
Round trip time was 0.01986 milliseconds in repetition 258
tcp_ping received 1024 bytes back
Round trip time was 0.019648 milliseconds in repetition 259
tcp_ping received 1024 bytes back
Round trip time was 0.019608 milliseconds in repetition 260
tcp_ping received 1024 bytes back
Round trip time was 0.019643 milliseconds in repetition 261
tcp_ping received 1024 bytes back
Round trip time was 0.029701 milliseconds in repetition 262
tcp_ping received 1024 bytes back
Round trip time was 0.023834 milliseconds in repetition 263
tcp_ping received 1024 bytes back
Round trip time was 0.020454 milliseconds in repetition 264
tcp_ping received 1024 bytes back
Round trip time was 0.019668 milliseconds in repetition 265
tcp_ping received 1024 bytes back
Round trip time was 0.019477 milliseconds in repetition 266
tcp_ping received 1024 bytes back
Round trip time was 0.019534 milliseconds in repetition 267
tcp_ping received 1024 bytes back
Round trip time was 0.019571 milliseconds in repetition 268
tcp_ping received 1024 bytes back
Round trip time was 0.019521 milliseconds in repetition 269
tcp_ping received 1024 bytes back
Round trip time was 0.01955 milliseconds in repetition 270
tcp_ping received 1024 bytes back
Round trip time was 0.019632 milliseconds in repetition 271
tcp_ping received 1024 bytes back
Round trip time was 0.019579 milliseconds in repetition 272
tcp_ping received 1024 bytes back
Round trip time was 0.019225 milliseconds in repetition 273
tcp_ping received 1024 bytes back
Round trip time was 0.019188 milliseconds in repetition 274
tcp_ping received 1024 bytes back
Round trip time was 0.019238 milliseconds in repetition 275
tcp_ping received 1024 bytes back
Round trip time was 0.019415 milliseconds in repetition 276
tcp_ping received 1024 bytes back
Round trip time was 0.019784 milliseconds in repetition 277
tcp_ping received 1024 bytes back
Round trip time was 0.019581 milliseconds in repetition 278
tcp_ping received 1024 bytes back
Round trip time was 0.019303 milliseconds in repetition 279
tcp_ping received 1024 bytes back
Round trip time was 0.019763 milliseconds in repetition 280
tcp_ping received 1024 bytes back
Round trip time was 0.019319 milliseconds in repetition 281
tcp_ping received 1024 bytes back
Round trip time was 0.019519 milliseconds in repetition 282
tcp_ping received 1024 bytes back
Round trip time was 0.01921 milliseconds in repetition 283
tcp_ping received 1024 bytes back
Round trip time was 0.019325 milliseconds in repetition 284
tcp_ping received 1024 bytes back
Round trip time was 0.019275 milliseconds in repetition 285
tcp_ping received 1024 bytes back
Round trip time was 0.019482 milliseconds in repetition 286
tcp_ping received 1024 bytes back
Round trip time was 0.019304 milliseconds in repetition 287
tcp_ping received 1024 bytes back
Round trip time was 0.019739 milliseconds in repetition 288
tcp_ping received 1024 bytes back
Round trip time was 0.019637 milliseconds in repetition 289
tcp_ping received 1024 bytes back
Round trip time was 0.019407 milliseconds in repetition 290
tcp_ping received 1024 bytes back
Round trip time was 0.019265 milliseconds in repetition 291
tcp_ping received 1024 bytes back
Round trip time was 0.019498 milliseconds in repetition 292
tcp_ping received 1024 bytes back
Round trip time was 0.019498 milliseconds in repetition 293
tcp_ping received 1024 bytes back
Round trip time was 0.019484 milliseconds in repetition 294
tcp_ping received 1024 bytes back
Round trip time was 0.019643 milliseconds in repetition 295
tcp_ping received 1024 bytes back
Round trip time was 0.019819 milliseconds in repetition 296
tcp_ping received 1024 bytes back
Round trip time was 0.019497 milliseconds in repetition 297
tcp_ping received 1024 bytes back
Round trip time was 0.019658 milliseconds in repetition 298
tcp_ping received 1024 bytes back
Round trip time was 0.019515 milliseconds in repetition 299
tcp_ping received 1024 bytes back
Round trip time was 0.019527 milliseconds in repetition 300
tcp_ping received 1024 bytes back
Round trip time was 0.019506 milliseconds in repetition 301
tcp_ping received 1024 bytes back
Round trip time was 0.019494 milliseconds in repetition 302
tcp_ping received 1024 bytes back
Round trip time was 0.019353 milliseconds in repetition 303
tcp_ping received 1024 bytes back
Round trip time was 0.019889 milliseconds in repetition 304
tcp_ping received 1024 bytes back
Round trip time was 0.019439 milliseconds in repetition 305
tcp_ping received 1024 bytes back
Round trip time was 0.021141 milliseconds in repetition 306
tcp_ping received 1024 bytes back
Round trip time was 0.019687 milliseconds in repetition 307
tcp_ping received 1024 bytes back
Round trip time was 0.019705 milliseconds in repetition 308
tcp_ping received 1024 bytes back
Round trip time was 0.019833 milliseconds in repetition 309
tcp_ping received 1024 bytes back
Round trip time was 0.019625 milliseconds in repetition 310
tcp_ping received 1024 bytes back
Round trip time was 0.019415 milliseconds in repetition 311
tcp_ping received 1024 bytes back
Round trip time was 0.019899 milliseconds in repetition 312
tcp_ping received 1024 bytes back
Round trip time was 0.019746 milliseconds in repetition 313
tcp_ping received 1024 bytes back
Round trip time was 0.019535 milliseconds in repetition 314
tcp_ping received 1024 bytes back
Round trip time was 0.019531 milliseconds in repetition 315
tcp_ping received 1024 bytes back
Round trip time was 0.019398 milliseconds in repetition 316
tcp_ping received 1024 bytes back
Round trip time was 0.019694 milliseconds in repetition 317
tcp_ping received 1024 bytes back
Round trip time was 0.019339 milliseconds in repetition 318
tcp_ping received 1024 bytes back
Round trip time was 0.019357 milliseconds in repetition 319
tcp_ping received 1024 bytes back
Round trip time was 0.019618 milliseconds in repetition 320
tcp_ping received 1024 bytes back
Round trip time was 0.019804 milliseconds in repetition 321
tcp_ping received 1024 bytes back
Round trip time was 0.019484 milliseconds in repetition 322
tcp_ping received 1024 bytes back
Round trip time was 0.019692 milliseconds in repetition 323
tcp_ping received 1024 bytes back
Round trip time was 0.019425 milliseconds in repetition 324
tcp_ping received 1024 bytes back
Round trip time was 0.019698 milliseconds in repetition 325
tcp_ping received 1024 bytes back
Round trip time was 0.019578 milliseconds in repetition 326
tcp_ping received 1024 bytes back
Round trip time was 0.019232 milliseconds in repetition 327
tcp_ping received 1024 bytes back
Round trip time was 0.019485 milliseconds in repetition 328
tcp_ping received 1024 bytes back
Round trip time was 0.019817 milliseconds in repetition 329
tcp_ping received 1024 bytes back
Round trip time was 0.019433 milliseconds in repetition 330
tcp_ping received 1024 bytes back
Round trip time was 0.019442 milliseconds in repetition 331
tcp_ping received 1024 bytes back
Round trip time was 0.019623 milliseconds in repetition 332
tcp_ping received 1024 bytes back
Round trip time was 0.019794 milliseconds in repetition 333
tcp_ping received 1024 bytes back
Round trip time was 0.019356 milliseconds in repetition 334
tcp_ping received 1024 bytes back
Round trip time was 0.019563 milliseconds in repetition 335
tcp_ping received 1024 bytes back
Round trip time was 0.019685 milliseconds in repetition 336
tcp_ping received 1024 bytes back
Round trip time was 0.019894 milliseconds in repetition 337
tcp_ping received 1024 bytes back
Round trip time was 0.019615 milliseconds in repetition 338
tcp_ping received 1024 bytes back
Round trip time was 0.019551 milliseconds in repetition 339
tcp_ping received 1024 bytes back
Round trip time was 0.019571 milliseconds in repetition 340
tcp_ping received 1024 bytes back
Round trip time was 0.019571 milliseconds in repetition 341
tcp_ping received 1024 bytes back
Round trip time was 0.019564 milliseconds in repetition 342
tcp_ping received 1024 bytes back
Round trip time was 0.019142 milliseconds in repetition 343
tcp_ping received 1024 bytes back
Round trip time was 0.019447 milliseconds in repetition 344
tcp_ping received 1024 bytes back
Round trip time was 0.019819 milliseconds in repetition 345
tcp_ping received 1024 bytes back
Round trip time was 0.019552 milliseconds in repetition 346
tcp_ping received 1024 bytes back
Round trip time was 0.019494 milliseconds in repetition 347
tcp_ping received 1024 bytes back
Round trip time was 0.019522 milliseconds in repetition 348
tcp_ping received 1024 bytes back
Round trip time was 0.019888 milliseconds in repetition 349
tcp_ping received 1024 bytes back
Round trip time was 0.022951 milliseconds in repetition 350
tcp_ping received 1024 bytes back
Round trip time was 0.019786 milliseconds in repetition 351
tcp_ping received 1024 bytes back
Round trip time was 0.019715 milliseconds in repetition 352
tcp_ping received 1024 bytes back
Round trip time was 0.019972 milliseconds in repetition 353
tcp_ping received 1024 bytes back
Round trip time was 0.019347 milliseconds in repetition 354
tcp_ping received 1024 bytes back
Round trip time was 0.019378 milliseconds in repetition 355
tcp_ping received 1024 bytes back
Round trip time was 0.019664 milliseconds in repetition 356
tcp_ping received 1024 bytes back
Round trip time was 0.019591 milliseconds in repetition 357
tcp_ping received 1024 bytes back
Round trip time was 0.019735 milliseconds in repetition 358
tcp_ping received 1024 bytes back
Round trip time was 0.019139 milliseconds in repetition 359
tcp_ping received 1024 bytes back
Round trip time was 0.019545 milliseconds in repetition 360
tcp_ping received 1024 bytes back
Round trip time was 0.019309 milliseconds in repetition 361
tcp_ping received 1024 bytes back
Round trip time was 0.019479 milliseconds in repetition 362
tcp_ping received 1024 bytes back
Round trip time was 0.019395 milliseconds in repetition 363
tcp_ping received 1024 bytes back
Round trip time was 0.019548 milliseconds in repetition 364
tcp_ping received 1024 bytes back
Round trip time was 0.019713 milliseconds in repetition 365
tcp_ping received 1024 bytes back
Round trip time was 0.019688 milliseconds in repetition 366
tcp_ping received 1024 bytes back
Round trip time was 0.019341 milliseconds in repetition 367
tcp_ping received 1024 bytes back
Round trip time was 0.019605 milliseconds in repetition 368
tcp_ping received 1024 bytes back
Round trip time was 0.019616 milliseconds in repetition 369
tcp_ping received 1024 bytes back
Round trip time was 0.019257 milliseconds in repetition 370
tcp_ping received 1024 bytes back
Round trip time was 0.0194 milliseconds in repetition 371
tcp_ping received 1024 bytes back
Round trip time was 0.019605 milliseconds in repetition 372
tcp_ping received 1024 bytes back
Round trip time was 0.019452 milliseconds in repetition 373
tcp_ping received 1024 bytes back
Round trip time was 0.019518 milliseconds in repetition 374
tcp_ping received 1024 bytes back
Round trip time was 0.019192 milliseconds in repetition 375
tcp_ping received 1024 bytes back
Round trip time was 0.019525 milliseconds in repetition 376
tcp_ping received 1024 bytes back
Round trip time was 0.019548 milliseconds in repetition 377
tcp_ping received 1024 bytes back
Round trip time was 0.019336 milliseconds in repetition 378
tcp_ping received 1024 bytes back
Round trip time was 0.019567 milliseconds in repetition 379
tcp_ping received 1024 bytes back
Round trip time was 0.019869 milliseconds in repetition 380
tcp_ping received 1024 bytes back
Round trip time was 0.019906 milliseconds in repetition 381
tcp_ping received 1024 bytes back
Round trip time was 0.019588 milliseconds in repetition 382
tcp_ping received 1024 bytes back
Round trip time was 0.019318 milliseconds in repetition 383
tcp_ping received 1024 bytes back
Round trip time was 0.019585 milliseconds in repetition 384
tcp_ping received 1024 bytes back
Round trip time was 0.01977 milliseconds in repetition 385
tcp_ping received 1024 bytes back
Round trip time was 0.019445 milliseconds in repetition 386
tcp_ping received 1024 bytes back
Round trip time was 0.019272 milliseconds in repetition 387
tcp_ping received 1024 bytes back
Round trip time was 0.019481 milliseconds in repetition 388
tcp_ping received 1024 bytes back
Round trip time was 0.01963 milliseconds in repetition 389
tcp_ping received 1024 bytes back
Round trip time was 0.019572 milliseconds in repetition 390
tcp_ping received 1024 bytes back
Round trip time was 0.019216 milliseconds in repetition 391
tcp_ping received 1024 bytes back
Round trip time was 0.019444 milliseconds in repetition 392
tcp_ping received 1024 bytes back
Round trip time was 0.020968 milliseconds in repetition 393
tcp_ping received 1024 bytes back
Round trip time was 0.019632 milliseconds in repetition 394
tcp_ping received 1024 bytes back
Round trip time was 0.019413 milliseconds in repetition 395
tcp_ping received 1024 bytes back
Round trip time was 0.019922 milliseconds in repetition 396
tcp_ping received 1024 bytes back
Round trip time was 0.019264 milliseconds in repetition 397
tcp_ping received 1024 bytes back
Round trip time was 0.019561 milliseconds in repetition 398
tcp_ping received 1024 bytes back
Round trip time was 0.019197 milliseconds in repetition 399
tcp_ping received 1024 bytes back
Round trip time was 0.019852 milliseconds in repetition 400
tcp_ping received 1024 bytes back
Round trip time was 0.019532 milliseconds in repetition 401
tcp_ping received 1024 bytes back
Round trip time was 0.019451 milliseconds in repetition 402
tcp_ping received 1024 bytes back
Round trip time was 0.019256 milliseconds in repetition 403
tcp_ping received 1024 bytes back
Round trip time was 0.019797 milliseconds in repetition 404
tcp_ping received 1024 bytes back
Round trip time was 0.019506 milliseconds in repetition 405
tcp_ping received 1024 bytes back
Round trip time was 0.019221 milliseconds in repetition 406
tcp_ping received 1024 bytes back
Round trip time was 0.019205 milliseconds in repetition 407
tcp_ping received 1024 bytes back
Round trip time was 0.019819 milliseconds in repetition 408
tcp_ping received 1024 bytes back
Round trip time was 0.019569 milliseconds in repetition 409
tcp_ping received 1024 bytes back
Round trip time was 0.019529 milliseconds in repetition 410
tcp_ping received 1024 bytes back
Round trip time was 0.019254 milliseconds in repetition 411
tcp_ping received 1024 bytes back
Round trip time was 0.019678 milliseconds in repetition 412
tcp_ping received 1024 bytes back
Round trip time was 0.019341 milliseconds in repetition 413
tcp_ping received 1024 bytes back
Round trip time was 0.019345 milliseconds in repetition 414
tcp_ping received 1024 bytes back
Round trip time was 0.019045 milliseconds in repetition 415
tcp_ping received 1024 bytes back
Round trip time was 0.019757 milliseconds in repetition 416
tcp_ping received 1024 bytes back
Round trip time was 0.019773 milliseconds in repetition 417
tcp_ping received 1024 bytes back
Round trip time was 0.026728 milliseconds in repetition 418
tcp_ping received 1024 bytes back
Round trip time was 0.020724 milliseconds in repetition 419
tcp_ping received 1024 bytes back
Round trip time was 0.019687 milliseconds in repetition 420
tcp_ping received 1024 bytes back
Round trip time was 0.019507 milliseconds in repetition 421
tcp_ping received 1024 bytes back
Round trip time was 0.019404 milliseconds in repetition 422
tcp_ping received 1024 bytes back
Round trip time was 0.019466 milliseconds in repetition 423
tcp_ping received 1024 bytes back
Round trip time was 0.019831 milliseconds in repetition 424
tcp_ping received 1024 bytes back
Round trip time was 0.019635 milliseconds in repetition 425
tcp_ping received 1024 bytes back
Round trip time was 0.019447 milliseconds in repetition 426
tcp_ping received 1024 bytes back
Round trip time was 0.019944 milliseconds in repetition 427
tcp_ping received 1024 bytes back
Round trip time was 0.019835 milliseconds in repetition 428
tcp_ping received 1024 bytes back
Round trip time was 0.019349 milliseconds in repetition 429
tcp_ping received 1024 bytes back
Round trip time was 0.019379 milliseconds in repetition 430
tcp_ping received 1024 bytes back
Round trip time was 0.019486 milliseconds in repetition 431
tcp_ping received 1024 bytes back
Round trip time was 0.019829 milliseconds in repetition 432
tcp_ping received 1024 bytes back
Round trip time was 0.019609 milliseconds in repetition 433
tcp_ping received 1024 bytes back
Round trip time was 0.019454 milliseconds in repetition 434
tcp_ping received 1024 bytes back
Round trip time was 0.019855 milliseconds in repetition 435
tcp_ping received 1024 bytes back
Round trip time was 0.019526 milliseconds in repetition 436
tcp_ping received 1024 bytes back
Round trip time was 0.020879 milliseconds in repetition 437
tcp_ping received 1024 bytes back
Round trip time was 0.019562 milliseconds in repetition 438
tcp_ping received 1024 bytes back
Round trip time was 0.019688 milliseconds in repetition 439
tcp_ping received 1024 bytes back
Round trip time was 0.019656 milliseconds in repetition 440
tcp_ping received 1024 bytes back
Round trip time was 0.019415 milliseconds in repetition 441
tcp_ping received 1024 bytes back
Round trip time was 0.019403 milliseconds in repetition 442
tcp_ping received 1024 bytes back
Round trip time was 0.020122 milliseconds in repetition 443
tcp_ping received 1024 bytes back
Round trip time was 0.019685 milliseconds in repetition 444
tcp_ping received 1024 bytes back
Round trip time was 0.019337 milliseconds in repetition 445
tcp_ping received 1024 bytes back
Round trip time was 0.019233 milliseconds in repetition 446
tcp_ping received 1024 bytes back
Round trip time was 0.019872 milliseconds in repetition 447
tcp_ping received 1024 bytes back
Round trip time was 0.019498 milliseconds in repetition 448
tcp_ping received 1024 bytes back
Round trip time was 0.01965 milliseconds in repetition 449
tcp_ping received 1024 bytes back
Round trip time was 0.019302 milliseconds in repetition 450
tcp_ping received 1024 bytes back
Round trip time was 0.019682 milliseconds in repetition 451
tcp_ping received 1024 bytes back
Round trip time was 0.019798 milliseconds in repetition 452
tcp_ping received 1024 bytes back
Round trip time was 0.019306 milliseconds in repetition 453
tcp_ping received 1024 bytes back
Round trip time was 0.01941 milliseconds in repetition 454
tcp_ping received 1024 bytes back
Round trip time was 0.019735 milliseconds in repetition 455
tcp_ping received 1024 bytes back
Round trip time was 0.0196 milliseconds in repetition 456
tcp_ping received 1024 bytes back
Round trip time was 0.019419 milliseconds in repetition 457
tcp_ping received 1024 bytes back
Round trip time was 0.019263 milliseconds in repetition 458
tcp_ping received 1024 bytes back
Round trip time was 0.01974 milliseconds in repetition 459
tcp_ping received 1024 bytes back
Round trip time was 0.019482 milliseconds in repetition 460
tcp_ping received 1024 bytes back
Round trip time was 0.019205 milliseconds in repetition 461
tcp_ping received 1024 bytes back
Round trip time was 0.019218 milliseconds in repetition 462
tcp_ping received 1024 bytes back
Round trip time was 0.01961 milliseconds in repetition 463
tcp_ping received 1024 bytes back
Round trip time was 0.019679 milliseconds in repetition 464
tcp_ping received 1024 bytes back
Round trip time was 0.01975 milliseconds in repetition 465
tcp_ping received 1024 bytes back
Round trip time was 0.019243 milliseconds in repetition 466
tcp_ping received 1024 bytes back
Round trip time was 0.019783 milliseconds in repetition 467
tcp_ping received 1024 bytes back
Round trip time was 0.019759 milliseconds in repetition 468
tcp_ping received 1024 bytes back
Round trip time was 0.019275 milliseconds in repetition 469
tcp_ping received 1024 bytes back
Round trip time was 0.019317 milliseconds in repetition 470
tcp_ping received 1024 bytes back
Round trip time was 0.019749 milliseconds in repetition 471
tcp_ping received 1024 bytes back
Round trip time was 0.019506 milliseconds in repetition 472
tcp_ping received 1024 bytes back
Round trip time was 0.019243 milliseconds in repetition 473
tcp_ping received 1024 bytes back
Round trip time was 0.019045 milliseconds in repetition 474
tcp_ping received 1024 bytes back
Round trip time was 0.019795 milliseconds in repetition 475
tcp_ping received 1024 bytes back
Round trip time was 0.019571 milliseconds in repetition 476
tcp_ping received 1024 bytes back
Round trip time was 0.019189 milliseconds in repetition 477
tcp_ping received 1024 bytes back
Round trip time was 0.019079 milliseconds in repetition 478
tcp_ping received 1024 bytes back
Round trip time was 0.019745 milliseconds in repetition 479
tcp_ping received 1024 bytes back
Round trip time was 0.019357 milliseconds in repetition 480
tcp_ping received 1024 bytes back
Round trip time was 0.020703 milliseconds in repetition 481
tcp_ping received 1024 bytes back
Round trip time was 0.019575 milliseconds in repetition 482
tcp_ping received 1024 bytes back
Round trip time was 0.019439 milliseconds in repetition 483
tcp_ping received 1024 bytes back
Round trip time was 0.019676 milliseconds in repetition 484
tcp_ping received 1024 bytes back
Round trip time was 0.019401 milliseconds in repetition 485
tcp_ping received 1024 bytes back
Round trip time was 0.019564 milliseconds in repetition 486
tcp_ping received 1024 bytes back
Round trip time was 0.019814 milliseconds in repetition 487
tcp_ping received 1024 bytes back
Round trip time was 0.019616 milliseconds in repetition 488
tcp_ping received 1024 bytes back
Round trip time was 0.01949 milliseconds in repetition 489
tcp_ping received 1024 bytes back
Round trip time was 0.019418 milliseconds in repetition 490
tcp_ping received 1024 bytes back
Round trip time was 0.019758 milliseconds in repetition 491
tcp_ping received 1024 bytes back
Round trip time was 0.019552 milliseconds in repetition 492
tcp_ping received 1024 bytes back
Round trip time was 0.01952 milliseconds in repetition 493
tcp_ping received 1024 bytes back
Round trip time was 0.019415 milliseconds in repetition 494
tcp_ping received 1024 bytes back
Round trip time was 0.01984 milliseconds in repetition 495
tcp_ping received 1024 bytes back
Round trip time was 0.019785 milliseconds in repetition 496
tcp_ping received 1024 bytes back
Round trip time was 0.019279 milliseconds in repetition 497
tcp_ping received 1024 bytes back
Round trip time was 0.019334 milliseconds in repetition 498
tcp_ping received 1024 bytes back
Round trip time was 0.019669 milliseconds in repetition 499
tcp_ping received 1024 bytes back
Round trip time was 0.019584 milliseconds in repetition 500

 ... clock resolution was 1e-06
TCP Ping:  Statistics over 500 repetitions of 1024 byte messages

RTT : percentile 10: 0.019313, median: 0.019608, percentile 90: 0.019965, average: 0.0197517, variance: 9.45885e-07

RTT histogram:
0.0190435 53
0.0195941 375
0.0201447 50
0.0206953 6
0.0212459 6
0.0217965 2
0.0223471 1
0.0228977 1
0.0234483 0
0.0239989 1
0.0245495 0
0.0251001 0
0.0256507 0
0.0262013 0
0.0267519 1
0.0273025 1
0.0278531 1
0.0284037 0
0.0289543 0
0.0295049 1
0.0300555 1

   median Throughput : 104447 KB/s   overall Throughput : 103688 KB/s

