TCP Ping trying to connect to server localhost (127.0.0.1) on port 1491
 ... connected to Pong server: asking for 500 repetitions of 6144 bytes TCP messages
 ... Pong server agreed :-)
tcp_ping received 6144 bytes back
Round trip time was 0.105728 milliseconds in repetition 1
tcp_ping received 6144 bytes back
Round trip time was 0.100224 milliseconds in repetition 2
tcp_ping received 6144 bytes back
Round trip time was 0.056948 milliseconds in repetition 3
tcp_ping received 6144 bytes back
Round trip time was 0.099285 milliseconds in repetition 4
tcp_ping received 6144 bytes back
Round trip time was 0.048355 milliseconds in repetition 5
tcp_ping received 6144 bytes back
Round trip time was 0.047775 milliseconds in repetition 6
tcp_ping received 6144 bytes back
Round trip time was 0.047767 milliseconds in repetition 7
tcp_ping received 6144 bytes back
Round trip time was 0.047815 milliseconds in repetition 8
tcp_ping received 6144 bytes back
Round trip time was 0.047169 milliseconds in repetition 9
tcp_ping received 6144 bytes back
Round trip time was 0.047496 milliseconds in repetition 10
tcp_ping received 6144 bytes back
Round trip time was 0.049104 milliseconds in repetition 11
tcp_ping received 6144 bytes back
Round trip time was 0.054333 milliseconds in repetition 12
tcp_ping received 6144 bytes back
Round trip time was 0.046967 milliseconds in repetition 13
tcp_ping received 6144 bytes back
Round trip time was 0.047714 milliseconds in repetition 14
tcp_ping received 6144 bytes back
Round trip time was 0.04723 milliseconds in repetition 15
tcp_ping received 6144 bytes back
Round trip time was 0.047206 milliseconds in repetition 16
tcp_ping received 6144 bytes back
Round trip time was 0.047168 milliseconds in repetition 17
tcp_ping received 6144 bytes back
Round trip time was 0.047551 milliseconds in repetition 18
tcp_ping received 6144 bytes back
Round trip time was 0.046752 milliseconds in repetition 19
tcp_ping received 6144 bytes back
Round trip time was 0.04677 milliseconds in repetition 20
tcp_ping received 6144 bytes back
Round trip time was 0.047032 milliseconds in repetition 21
tcp_ping received 6144 bytes back
Round trip time was 0.048453 milliseconds in repetition 22
tcp_ping received 6144 bytes back
Round trip time was 0.047397 milliseconds in repetition 23
tcp_ping received 6144 bytes back
Round trip time was 0.04712 milliseconds in repetition 24
tcp_ping received 6144 bytes back
Round trip time was 0.047222 milliseconds in repetition 25
tcp_ping received 6144 bytes back
Round trip time was 0.04728 milliseconds in repetition 26
tcp_ping received 6144 bytes back
Round trip time was 0.047267 milliseconds in repetition 27
tcp_ping received 6144 bytes back
Round trip time was 0.047129 milliseconds in repetition 28
tcp_ping received 6144 bytes back
Round trip time was 0.047245 milliseconds in repetition 29
tcp_ping received 6144 bytes back
Round trip time was 0.047341 milliseconds in repetition 30
tcp_ping received 6144 bytes back
Round trip time was 0.047284 milliseconds in repetition 31
tcp_ping received 6144 bytes back
Round trip time was 0.047106 milliseconds in repetition 32
tcp_ping received 6144 bytes back
Round trip time was 0.047114 milliseconds in repetition 33
tcp_ping received 6144 bytes back
Round trip time was 0.048739 milliseconds in repetition 34
tcp_ping received 6144 bytes back
Round trip time was 0.04703 milliseconds in repetition 35
tcp_ping received 6144 bytes back
Round trip time was 0.047493 milliseconds in repetition 36
tcp_ping received 6144 bytes back
Round trip time was 0.047439 milliseconds in repetition 37
tcp_ping received 6144 bytes back
Round trip time was 0.047512 milliseconds in repetition 38
tcp_ping received 6144 bytes back
Round trip time was 0.047527 milliseconds in repetition 39
tcp_ping received 6144 bytes back
Round trip time was 0.047077 milliseconds in repetition 40
tcp_ping received 6144 bytes back
Round trip time was 0.047288 milliseconds in repetition 41
tcp_ping received 6144 bytes back
Round trip time was 0.047259 milliseconds in repetition 42
tcp_ping received 6144 bytes back
Round trip time was 0.047275 milliseconds in repetition 43
tcp_ping received 6144 bytes back
Round trip time was 0.048968 milliseconds in repetition 44
tcp_ping received 6144 bytes back
Round trip time was 0.047366 milliseconds in repetition 45
tcp_ping received 6144 bytes back
Round trip time was 0.048008 milliseconds in repetition 46
tcp_ping received 6144 bytes back
Round trip time was 0.047362 milliseconds in repetition 47
tcp_ping received 6144 bytes back
Round trip time was 0.047055 milliseconds in repetition 48
tcp_ping received 6144 bytes back
Round trip time was 0.047172 milliseconds in repetition 49
tcp_ping received 6144 bytes back
Round trip time was 0.046826 milliseconds in repetition 50
tcp_ping received 6144 bytes back
Round trip time was 0.047176 milliseconds in repetition 51
tcp_ping received 6144 bytes back
Round trip time was 0.047034 milliseconds in repetition 52
tcp_ping received 6144 bytes back
Round trip time was 0.047282 milliseconds in repetition 53
tcp_ping received 6144 bytes back
Round trip time was 0.04704 milliseconds in repetition 54
tcp_ping received 6144 bytes back
Round trip time was 0.04726 milliseconds in repetition 55
tcp_ping received 6144 bytes back
Round trip time was 0.047379 milliseconds in repetition 56
tcp_ping received 6144 bytes back
Round trip time was 0.047654 milliseconds in repetition 57
tcp_ping received 6144 bytes back
Round trip time was 0.047235 milliseconds in repetition 58
tcp_ping received 6144 bytes back
Round trip time was 0.047626 milliseconds in repetition 59
tcp_ping received 6144 bytes back
Round trip time was 0.048214 milliseconds in repetition 60
tcp_ping received 6144 bytes back
Round trip time was 0.04715 milliseconds in repetition 61
tcp_ping received 6144 bytes back
Round trip time was 0.047082 milliseconds in repetition 62
tcp_ping received 6144 bytes back
Round trip time was 0.047657 milliseconds in repetition 63
tcp_ping received 6144 bytes back
Round trip time was 0.046965 milliseconds in repetition 64
tcp_ping received 6144 bytes back
Round trip time was 0.046878 milliseconds in repetition 65
tcp_ping received 6144 bytes back
Round trip time was 0.046611 milliseconds in repetition 66
tcp_ping received 6144 bytes back
Round trip time was 0.04703 milliseconds in repetition 67
tcp_ping received 6144 bytes back
Round trip time was 0.047462 milliseconds in repetition 68
tcp_ping received 6144 bytes back
Round trip time was 0.047637 milliseconds in repetition 69
tcp_ping received 6144 bytes back
Round trip time was 0.047025 milliseconds in repetition 70
tcp_ping received 6144 bytes back
Round trip time was 0.047411 milliseconds in repetition 71
tcp_ping received 6144 bytes back
Round trip time was 0.046994 milliseconds in repetition 72
tcp_ping received 6144 bytes back
Round trip time was 0.047941 milliseconds in repetition 73
tcp_ping received 6144 bytes back
Round trip time was 0.04734 milliseconds in repetition 74
tcp_ping received 6144 bytes back
Round trip time was 0.047172 milliseconds in repetition 75
tcp_ping received 6144 bytes back
Round trip time was 0.053876 milliseconds in repetition 76
tcp_ping received 6144 bytes back
Round trip time was 0.048734 milliseconds in repetition 77
tcp_ping received 6144 bytes back
Round trip time was 0.047513 milliseconds in repetition 78
tcp_ping received 6144 bytes back
Round trip time was 0.047066 milliseconds in repetition 79
tcp_ping received 6144 bytes back
Round trip time was 0.046987 milliseconds in repetition 80
tcp_ping received 6144 bytes back
Round trip time was 0.047453 milliseconds in repetition 81
tcp_ping received 6144 bytes back
Round trip time was 0.047517 milliseconds in repetition 82
tcp_ping received 6144 bytes back
Round trip time was 0.047428 milliseconds in repetition 83
tcp_ping received 6144 bytes back
Round trip time was 0.04718 milliseconds in repetition 84
tcp_ping received 6144 bytes back
Round trip time was 0.047356 milliseconds in repetition 85
tcp_ping received 6144 bytes back
Round trip time was 0.047639 milliseconds in repetition 86
tcp_ping received 6144 bytes back
Round trip time was 0.047642 milliseconds in repetition 87
tcp_ping received 6144 bytes back
Round trip time was 0.048886 milliseconds in repetition 88
tcp_ping received 6144 bytes back
Round trip time was 0.047921 milliseconds in repetition 89
tcp_ping received 6144 bytes back
Round trip time was 0.047336 milliseconds in repetition 90
tcp_ping received 6144 bytes back
Round trip time was 0.047318 milliseconds in repetition 91
tcp_ping received 6144 bytes back
Round trip time was 0.047533 milliseconds in repetition 92
tcp_ping received 6144 bytes back
Round trip time was 0.047181 milliseconds in repetition 93
tcp_ping received 6144 bytes back
Round trip time was 0.047553 milliseconds in repetition 94
tcp_ping received 6144 bytes back
Round trip time was 0.047019 milliseconds in repetition 95
tcp_ping received 6144 bytes back
Round trip time was 0.04705 milliseconds in repetition 96
tcp_ping received 6144 bytes back
Round trip time was 0.047395 milliseconds in repetition 97
tcp_ping received 6144 bytes back
Round trip time was 0.047506 milliseconds in repetition 98
tcp_ping received 6144 bytes back
Round trip time was 0.04706 milliseconds in repetition 99
tcp_ping received 6144 bytes back
Round trip time was 0.047497 milliseconds in repetition 100
tcp_ping received 6144 bytes back
Round trip time was 0.047292 milliseconds in repetition 101
tcp_ping received 6144 bytes back
Round trip time was 0.047734 milliseconds in repetition 102
tcp_ping received 6144 bytes back
Round trip time was 0.047616 milliseconds in repetition 103
tcp_ping received 6144 bytes back
Round trip time was 0.046932 milliseconds in repetition 104
tcp_ping received 6144 bytes back
Round trip time was 0.047137 milliseconds in repetition 105
tcp_ping received 6144 bytes back
Round trip time was 0.047268 milliseconds in repetition 106
tcp_ping received 6144 bytes back
Round trip time was 0.046985 milliseconds in repetition 107
tcp_ping received 6144 bytes back
Round trip time was 0.047188 milliseconds in repetition 108
tcp_ping received 6144 bytes back
Round trip time was 0.04711 milliseconds in repetition 109
tcp_ping received 6144 bytes back
Round trip time was 0.047596 milliseconds in repetition 110
tcp_ping received 6144 bytes back
Round trip time was 0.047206 milliseconds in repetition 111
tcp_ping received 6144 bytes back
Round trip time was 0.047299 milliseconds in repetition 112
tcp_ping received 6144 bytes back
Round trip time was 0.047795 milliseconds in repetition 113
tcp_ping received 6144 bytes back
Round trip time was 0.047168 milliseconds in repetition 114
tcp_ping received 6144 bytes back
Round trip time was 0.04709 milliseconds in repetition 115
tcp_ping received 6144 bytes back
Round trip time was 0.047389 milliseconds in repetition 116
tcp_ping received 6144 bytes back
Round trip time was 0.047183 milliseconds in repetition 117
tcp_ping received 6144 bytes back
Round trip time was 0.048162 milliseconds in repetition 118
tcp_ping received 6144 bytes back
Round trip time was 0.048035 milliseconds in repetition 119
tcp_ping received 6144 bytes back
Round trip time was 0.047161 milliseconds in repetition 120
tcp_ping received 6144 bytes back
Round trip time was 0.047363 milliseconds in repetition 121
tcp_ping received 6144 bytes back
Round trip time was 0.047372 milliseconds in repetition 122
tcp_ping received 6144 bytes back
Round trip time was 0.047096 milliseconds in repetition 123
tcp_ping received 6144 bytes back
Round trip time was 0.047303 milliseconds in repetition 124
tcp_ping received 6144 bytes back
Round trip time was 0.04757 milliseconds in repetition 125
tcp_ping received 6144 bytes back
Round trip time was 0.047239 milliseconds in repetition 126
tcp_ping received 6144 bytes back
Round trip time was 0.047441 milliseconds in repetition 127
tcp_ping received 6144 bytes back
Round trip time was 0.047272 milliseconds in repetition 128
tcp_ping received 6144 bytes back
Round trip time was 0.04748 milliseconds in repetition 129
tcp_ping received 6144 bytes back
Round trip time was 0.047455 milliseconds in repetition 130
tcp_ping received 6144 bytes back
Round trip time was 0.047158 milliseconds in repetition 131
tcp_ping received 6144 bytes back
Round trip time was 0.048775 milliseconds in repetition 132
tcp_ping received 6144 bytes back
Round trip time was 0.047289 milliseconds in repetition 133
tcp_ping received 6144 bytes back
Round trip time was 0.047175 milliseconds in repetition 134
tcp_ping received 6144 bytes back
Round trip time was 0.047142 milliseconds in repetition 135
tcp_ping received 6144 bytes back
Round trip time was 0.047486 milliseconds in repetition 136
tcp_ping received 6144 bytes back
Round trip time was 0.047336 milliseconds in repetition 137
tcp_ping received 6144 bytes back
Round trip time was 0.047203 milliseconds in repetition 138
tcp_ping received 6144 bytes back
Round trip time was 0.047102 milliseconds in repetition 139
tcp_ping received 6144 bytes back
Round trip time was 0.047487 milliseconds in repetition 140
tcp_ping received 6144 bytes back
Round trip time was 0.047305 milliseconds in repetition 141
tcp_ping received 6144 bytes back
Round trip time was 0.047148 milliseconds in repetition 142
tcp_ping received 6144 bytes back
Round trip time was 0.047189 milliseconds in repetition 143
tcp_ping received 6144 bytes back
Round trip time was 0.047037 milliseconds in repetition 144
tcp_ping received 6144 bytes back
Round trip time was 0.047369 milliseconds in repetition 145
tcp_ping received 6144 bytes back
Round trip time was 0.047432 milliseconds in repetition 146
tcp_ping received 6144 bytes back
Round trip time was 0.047233 milliseconds in repetition 147
tcp_ping received 6144 bytes back
Round trip time was 0.04751 milliseconds in repetition 148
tcp_ping received 6144 bytes back
Round trip time was 0.047201 milliseconds in repetition 149
tcp_ping received 6144 bytes back
Round trip time was 0.048045 milliseconds in repetition 150
tcp_ping received 6144 bytes back
Round trip time was 0.046834 milliseconds in repetition 151
tcp_ping received 6144 bytes back
Round trip time was 0.047962 milliseconds in repetition 152
tcp_ping received 6144 bytes back
Round trip time was 0.047416 milliseconds in repetition 153
tcp_ping received 6144 bytes back
Round trip time was 0.04764 milliseconds in repetition 154
tcp_ping received 6144 bytes back
Round trip time was 0.047065 milliseconds in repetition 155
tcp_ping received 6144 bytes back
Round trip time was 0.052142 milliseconds in repetition 156
tcp_ping received 6144 bytes back
Round trip time was 0.048165 milliseconds in repetition 157
tcp_ping received 6144 bytes back
Round trip time was 0.047425 milliseconds in repetition 158
tcp_ping received 6144 bytes back
Round trip time was 0.047586 milliseconds in repetition 159
tcp_ping received 6144 bytes back
Round trip time was 0.047467 milliseconds in repetition 160
tcp_ping received 6144 bytes back
Round trip time was 0.047429 milliseconds in repetition 161
tcp_ping received 6144 bytes back
Round trip time was 0.0469 milliseconds in repetition 162
tcp_ping received 6144 bytes back
Round trip time was 0.047256 milliseconds in repetition 163
tcp_ping received 6144 bytes back
Round trip time was 0.047404 milliseconds in repetition 164
tcp_ping received 6144 bytes back
Round trip time was 0.04741 milliseconds in repetition 165
tcp_ping received 6144 bytes back
Round trip time was 0.047414 milliseconds in repetition 166
tcp_ping received 6144 bytes back
Round trip time was 0.047028 milliseconds in repetition 167
tcp_ping received 6144 bytes back
Round trip time was 0.04697 milliseconds in repetition 168
tcp_ping received 6144 bytes back
Round trip time was 0.047349 milliseconds in repetition 169
tcp_ping received 6144 bytes back
Round trip time was 0.047121 milliseconds in repetition 170
tcp_ping received 6144 bytes back
Round trip time was 0.047407 milliseconds in repetition 171
tcp_ping received 6144 bytes back
Round trip time was 0.047143 milliseconds in repetition 172
tcp_ping received 6144 bytes back
Round trip time was 0.047133 milliseconds in repetition 173
tcp_ping received 6144 bytes back
Round trip time was 0.047175 milliseconds in repetition 174
tcp_ping received 6144 bytes back
Round trip time was 0.048615 milliseconds in repetition 175
tcp_ping received 6144 bytes back
Round trip time was 0.047419 milliseconds in repetition 176
tcp_ping received 6144 bytes back
Round trip time was 0.047333 milliseconds in repetition 177
tcp_ping received 6144 bytes back
Round trip time was 0.047154 milliseconds in repetition 178
tcp_ping received 6144 bytes back
Round trip time was 0.047013 milliseconds in repetition 179
tcp_ping received 6144 bytes back
Round trip time was 0.047593 milliseconds in repetition 180
tcp_ping received 6144 bytes back
Round trip time was 0.046988 milliseconds in repetition 181
tcp_ping received 6144 bytes back
Round trip time was 0.047733 milliseconds in repetition 182
tcp_ping received 6144 bytes back
Round trip time was 0.048032 milliseconds in repetition 183
tcp_ping received 6144 bytes back
Round trip time was 0.046964 milliseconds in repetition 184
tcp_ping received 6144 bytes back
Round trip time was 0.047479 milliseconds in repetition 185
tcp_ping received 6144 bytes back
Round trip time was 0.047072 milliseconds in repetition 186
tcp_ping received 6144 bytes back
Round trip time was 0.04747 milliseconds in repetition 187
tcp_ping received 6144 bytes back
Round trip time was 0.047331 milliseconds in repetition 188
tcp_ping received 6144 bytes back
Round trip time was 0.047577 milliseconds in repetition 189
tcp_ping received 6144 bytes back
Round trip time was 0.047467 milliseconds in repetition 190
tcp_ping received 6144 bytes back
Round trip time was 0.047459 milliseconds in repetition 191
tcp_ping received 6144 bytes back
Round trip time was 0.047426 milliseconds in repetition 192
tcp_ping received 6144 bytes back
Round trip time was 0.04731 milliseconds in repetition 193
tcp_ping received 6144 bytes back
Round trip time was 0.047253 milliseconds in repetition 194
tcp_ping received 6144 bytes back
Round trip time was 0.04764 milliseconds in repetition 195
tcp_ping received 6144 bytes back
Round trip time was 0.047335 milliseconds in repetition 196
tcp_ping received 6144 bytes back
Round trip time was 0.047254 milliseconds in repetition 197
tcp_ping received 6144 bytes back
Round trip time was 0.047186 milliseconds in repetition 198
tcp_ping received 6144 bytes back
Round trip time was 0.04744 milliseconds in repetition 199
tcp_ping received 6144 bytes back
Round trip time was 0.047092 milliseconds in repetition 200
tcp_ping received 6144 bytes back
Round trip time was 0.048068 milliseconds in repetition 201
tcp_ping received 6144 bytes back
Round trip time was 0.047087 milliseconds in repetition 202
tcp_ping received 6144 bytes back
Round trip time was 0.047622 milliseconds in repetition 203
tcp_ping received 6144 bytes back
Round trip time was 0.047745 milliseconds in repetition 204
tcp_ping received 6144 bytes back
Round trip time was 0.047163 milliseconds in repetition 205
tcp_ping received 6144 bytes back
Round trip time was 0.047621 milliseconds in repetition 206
tcp_ping received 6144 bytes back
Round trip time was 0.04714 milliseconds in repetition 207
tcp_ping received 6144 bytes back
Round trip time was 0.047161 milliseconds in repetition 208
tcp_ping received 6144 bytes back
Round trip time was 0.047123 milliseconds in repetition 209
tcp_ping received 6144 bytes back
Round trip time was 0.046941 milliseconds in repetition 210
tcp_ping received 6144 bytes back
Round trip time was 0.047666 milliseconds in repetition 211
tcp_ping received 6144 bytes back
Round trip time was 0.04715 milliseconds in repetition 212
tcp_ping received 6144 bytes back
Round trip time was 0.047642 milliseconds in repetition 213
tcp_ping received 6144 bytes back
Round trip time was 0.047476 milliseconds in repetition 214
tcp_ping received 6144 bytes back
Round trip time was 0.047372 milliseconds in repetition 215
tcp_ping received 6144 bytes back
Round trip time was 0.047217 milliseconds in repetition 216
tcp_ping received 6144 bytes back
Round trip time was 0.047285 milliseconds in repetition 217
tcp_ping received 6144 bytes back
Round trip time was 0.047401 milliseconds in repetition 218
tcp_ping received 6144 bytes back
Round trip time was 0.049406 milliseconds in repetition 219
tcp_ping received 6144 bytes back
Round trip time was 0.047366 milliseconds in repetition 220
tcp_ping received 6144 bytes back
Round trip time was 0.047247 milliseconds in repetition 221
tcp_ping received 6144 bytes back
Round trip time was 0.047359 milliseconds in repetition 222
tcp_ping received 6144 bytes back
Round trip time was 0.047117 milliseconds in repetition 223
tcp_ping received 6144 bytes back
Round trip time was 0.047264 milliseconds in repetition 224
tcp_ping received 6144 bytes back
Round trip time was 0.047088 milliseconds in repetition 225
tcp_ping received 6144 bytes back
Round trip time was 0.047089 milliseconds in repetition 226
tcp_ping received 6144 bytes back
Round trip time was 0.047337 milliseconds in repetition 227
tcp_ping received 6144 bytes back
Round trip time was 0.047526 milliseconds in repetition 228
tcp_ping received 6144 bytes back
Round trip time was 0.047433 milliseconds in repetition 229
tcp_ping received 6144 bytes back
Round trip time was 0.047821 milliseconds in repetition 230
tcp_ping received 6144 bytes back
Round trip time was 0.047465 milliseconds in repetition 231
tcp_ping received 6144 bytes back
Round trip time was 0.046938 milliseconds in repetition 232
tcp_ping received 6144 bytes back
Round trip time was 0.046973 milliseconds in repetition 233
tcp_ping received 6144 bytes back
Round trip time was 0.046947 milliseconds in repetition 234
tcp_ping received 6144 bytes back
Round trip time was 0.047555 milliseconds in repetition 235
tcp_ping received 6144 bytes back
Round trip time was 0.051322 milliseconds in repetition 236
tcp_ping received 6144 bytes back
Round trip time was 0.048307 milliseconds in repetition 237
tcp_ping received 6144 bytes back
Round trip time was 0.047661 milliseconds in repetition 238
tcp_ping received 6144 bytes back
Round trip time was 0.047221 milliseconds in repetition 239
tcp_ping received 6144 bytes back
Round trip time was 0.047183 milliseconds in repetition 240
tcp_ping received 6144 bytes back
Round trip time was 0.047129 milliseconds in repetition 241
tcp_ping received 6144 bytes back
Round trip time was 0.047364 milliseconds in repetition 242
tcp_ping received 6144 bytes back
Round trip time was 0.047479 milliseconds in repetition 243
tcp_ping received 6144 bytes back
Round trip time was 0.047277 milliseconds in repetition 244
tcp_ping received 6144 bytes back
Round trip time was 0.047215 milliseconds in repetition 245
tcp_ping received 6144 bytes back
Round trip time was 0.047622 milliseconds in repetition 246
tcp_ping received 6144 bytes back
Round trip time was 0.047062 milliseconds in repetition 247
tcp_ping received 6144 bytes back
Round trip time was 0.047528 milliseconds in repetition 248
tcp_ping received 6144 bytes back
Round trip time was 0.047112 milliseconds in repetition 249
tcp_ping received 6144 bytes back
Round trip time was 0.047493 milliseconds in repetition 250
tcp_ping received 6144 bytes back
Round trip time was 0.046822 milliseconds in repetition 251
tcp_ping received 6144 bytes back
Round trip time was 0.046962 milliseconds in repetition 252
tcp_ping received 6144 bytes back
Round trip time was 0.046959 milliseconds in repetition 253
tcp_ping received 6144 bytes back
Round trip time was 0.047391 milliseconds in repetition 254
tcp_ping received 6144 bytes back
Round trip time was 0.04784 milliseconds in repetition 255
tcp_ping received 6144 bytes back
Round trip time was 0.047277 milliseconds in repetition 256
tcp_ping received 6144 bytes back
Round trip time was 0.047007 milliseconds in repetition 257
tcp_ping received 6144 bytes back
Round trip time was 0.047166 milliseconds in repetition 258
tcp_ping received 6144 bytes back
Round trip time was 0.04802 milliseconds in repetition 259
tcp_ping received 6144 bytes back
Round trip time was 0.047048 milliseconds in repetition 260
tcp_ping received 6144 bytes back
Round trip time was 0.047093 milliseconds in repetition 261
tcp_ping received 6144 bytes back
Round trip time was 0.049119 milliseconds in repetition 262
tcp_ping received 6144 bytes back
Round trip time was 0.047605 milliseconds in repetition 263
tcp_ping received 6144 bytes back
Round trip time was 0.047542 milliseconds in repetition 264
tcp_ping received 6144 bytes back
Round trip time was 0.046966 milliseconds in repetition 265
tcp_ping received 6144 bytes back
Round trip time was 0.047186 milliseconds in repetition 266
tcp_ping received 6144 bytes back
Round trip time was 0.047553 milliseconds in repetition 267
tcp_ping received 6144 bytes back
Round trip time was 0.047318 milliseconds in repetition 268
tcp_ping received 6144 bytes back
Round trip time was 0.048293 milliseconds in repetition 269
tcp_ping received 6144 bytes back
Round trip time was 0.04849 milliseconds in repetition 270
tcp_ping received 6144 bytes back
Round trip time was 0.047308 milliseconds in repetition 271
tcp_ping received 6144 bytes back
Round trip time was 0.047549 milliseconds in repetition 272
tcp_ping received 6144 bytes back
Round trip time was 0.047205 milliseconds in repetition 273
tcp_ping received 6144 bytes back
Round trip time was 0.047999 milliseconds in repetition 274
tcp_ping received 6144 bytes back
Round trip time was 0.047504 milliseconds in repetition 275
tcp_ping received 6144 bytes back
Round trip time was 0.047465 milliseconds in repetition 276
tcp_ping received 6144 bytes back
Round trip time was 0.047326 milliseconds in repetition 277
tcp_ping received 6144 bytes back
Round trip time was 0.047482 milliseconds in repetition 278
tcp_ping received 6144 bytes back
Round trip time was 0.047336 milliseconds in repetition 279
tcp_ping received 6144 bytes back
Round trip time was 0.047569 milliseconds in repetition 280
tcp_ping received 6144 bytes back
Round trip time was 0.047294 milliseconds in repetition 281
tcp_ping received 6144 bytes back
Round trip time was 0.046945 milliseconds in repetition 282
tcp_ping received 6144 bytes back
Round trip time was 0.047545 milliseconds in repetition 283
tcp_ping received 6144 bytes back
Round trip time was 0.04688 milliseconds in repetition 284
tcp_ping received 6144 bytes back
Round trip time was 0.047103 milliseconds in repetition 285
tcp_ping received 6144 bytes back
Round trip time was 0.047382 milliseconds in repetition 286
tcp_ping received 6144 bytes back
Round trip time was 0.04727 milliseconds in repetition 287
tcp_ping received 6144 bytes back
Round trip time was 0.04754 milliseconds in repetition 288
tcp_ping received 6144 bytes back
Round trip time was 0.046995 milliseconds in repetition 289
tcp_ping received 6144 bytes back
Round trip time was 0.047068 milliseconds in repetition 290
tcp_ping received 6144 bytes back
Round trip time was 0.04741 milliseconds in repetition 291
tcp_ping received 6144 bytes back
Round trip time was 0.04736 milliseconds in repetition 292
tcp_ping received 6144 bytes back
Round trip time was 0.047935 milliseconds in repetition 293
tcp_ping received 6144 bytes back
Round trip time was 0.047434 milliseconds in repetition 294
tcp_ping received 6144 bytes back
Round trip time was 0.047231 milliseconds in repetition 295
tcp_ping received 6144 bytes back
Round trip time was 0.047277 milliseconds in repetition 296
tcp_ping received 6144 bytes back
Round trip time was 0.047181 milliseconds in repetition 297
tcp_ping received 6144 bytes back
Round trip time was 0.047322 milliseconds in repetition 298
tcp_ping received 6144 bytes back
Round trip time was 0.047201 milliseconds in repetition 299
tcp_ping received 6144 bytes back
Round trip time was 0.047157 milliseconds in repetition 300
tcp_ping received 6144 bytes back
Round trip time was 0.047113 milliseconds in repetition 301
tcp_ping received 6144 bytes back
Round trip time was 0.04769 milliseconds in repetition 302
tcp_ping received 6144 bytes back
Round trip time was 0.047185 milliseconds in repetition 303
tcp_ping received 6144 bytes back
Round trip time was 0.047309 milliseconds in repetition 304
tcp_ping received 6144 bytes back
Round trip time was 0.047622 milliseconds in repetition 305
tcp_ping received 6144 bytes back
Round trip time was 0.048813 milliseconds in repetition 306
tcp_ping received 6144 bytes back
Round trip time was 0.047972 milliseconds in repetition 307
tcp_ping received 6144 bytes back
Round trip time was 0.047408 milliseconds in repetition 308
tcp_ping received 6144 bytes back
Round trip time was 0.047583 milliseconds in repetition 309
tcp_ping received 6144 bytes back
Round trip time was 0.048207 milliseconds in repetition 310
tcp_ping received 6144 bytes back
Round trip time was 0.047591 milliseconds in repetition 311
tcp_ping received 6144 bytes back
Round trip time was 0.048098 milliseconds in repetition 312
tcp_ping received 6144 bytes back
Round trip time was 0.047549 milliseconds in repetition 313
tcp_ping received 6144 bytes back
Round trip time was 0.047189 milliseconds in repetition 314
tcp_ping received 6144 bytes back
Round trip time was 0.047849 milliseconds in repetition 315
tcp_ping received 6144 bytes back
Round trip time was 0.051732 milliseconds in repetition 316
tcp_ping received 6144 bytes back
Round trip time was 0.048916 milliseconds in repetition 317
tcp_ping received 6144 bytes back
Round trip time was 0.047927 milliseconds in repetition 318
tcp_ping received 6144 bytes back
Round trip time was 0.047725 milliseconds in repetition 319
tcp_ping received 6144 bytes back
Round trip time was 0.048232 milliseconds in repetition 320
tcp_ping received 6144 bytes back
Round trip time was 0.049144 milliseconds in repetition 321
tcp_ping received 6144 bytes back
Round trip time was 0.047254 milliseconds in repetition 322
tcp_ping received 6144 bytes back
Round trip time was 0.047493 milliseconds in repetition 323
tcp_ping received 6144 bytes back
Round trip time was 0.047365 milliseconds in repetition 324
tcp_ping received 6144 bytes back
Round trip time was 0.047561 milliseconds in repetition 325
tcp_ping received 6144 bytes back
Round trip time was 0.048286 milliseconds in repetition 326
tcp_ping received 6144 bytes back
Round trip time was 0.049294 milliseconds in repetition 327
tcp_ping received 6144 bytes back
Round trip time was 0.048961 milliseconds in repetition 328
tcp_ping received 6144 bytes back
Round trip time was 0.047609 milliseconds in repetition 329
tcp_ping received 6144 bytes back
Round trip time was 0.047391 milliseconds in repetition 330
tcp_ping received 6144 bytes back
Round trip time was 0.047174 milliseconds in repetition 331
tcp_ping received 6144 bytes back
Round trip time was 0.046934 milliseconds in repetition 332
tcp_ping received 6144 bytes back
Round trip time was 0.047634 milliseconds in repetition 333
tcp_ping received 6144 bytes back
Round trip time was 0.047299 milliseconds in repetition 334
tcp_ping received 6144 bytes back
Round trip time was 0.047006 milliseconds in repetition 335
tcp_ping received 6144 bytes back
Round trip time was 0.04745 milliseconds in repetition 336
tcp_ping received 6144 bytes back
Round trip time was 0.047194 milliseconds in repetition 337
tcp_ping received 6144 bytes back
Round trip time was 0.047041 milliseconds in repetition 338
tcp_ping received 6144 bytes back
Round trip time was 0.047533 milliseconds in repetition 339
tcp_ping received 6144 bytes back
Round trip time was 0.047048 milliseconds in repetition 340
tcp_ping received 6144 bytes back
Round trip time was 0.04712 milliseconds in repetition 341
tcp_ping received 6144 bytes back
Round trip time was 0.046985 milliseconds in repetition 342
tcp_ping received 6144 bytes back
Round trip time was 0.047523 milliseconds in repetition 343
tcp_ping received 6144 bytes back
Round trip time was 0.047125 milliseconds in repetition 344
tcp_ping received 6144 bytes back
Round trip time was 0.047105 milliseconds in repetition 345
tcp_ping received 6144 bytes back
Round trip time was 0.04714 milliseconds in repetition 346
tcp_ping received 6144 bytes back
Round trip time was 0.047067 milliseconds in repetition 347
tcp_ping received 6144 bytes back
Round trip time was 0.046946 milliseconds in repetition 348
tcp_ping received 6144 bytes back
Round trip time was 0.047437 milliseconds in repetition 349
tcp_ping received 6144 bytes back
Round trip time was 0.048861 milliseconds in repetition 350
tcp_ping received 6144 bytes back
Round trip time was 0.047479 milliseconds in repetition 351
tcp_ping received 6144 bytes back
Round trip time was 0.047735 milliseconds in repetition 352
tcp_ping received 6144 bytes back
Round trip time was 0.047532 milliseconds in repetition 353
tcp_ping received 6144 bytes back
Round trip time was 0.04714 milliseconds in repetition 354
tcp_ping received 6144 bytes back
Round trip time was 0.04748 milliseconds in repetition 355
tcp_ping received 6144 bytes back
Round trip time was 0.047287 milliseconds in repetition 356
tcp_ping received 6144 bytes back
Round trip time was 0.047664 milliseconds in repetition 357
tcp_ping received 6144 bytes back
Round trip time was 0.047395 milliseconds in repetition 358
tcp_ping received 6144 bytes back
Round trip time was 0.046983 milliseconds in repetition 359
tcp_ping received 6144 bytes back
Round trip time was 0.047251 milliseconds in repetition 360
tcp_ping received 6144 bytes back
Round trip time was 0.047099 milliseconds in repetition 361
tcp_ping received 6144 bytes back
Round trip time was 0.047201 milliseconds in repetition 362
tcp_ping received 6144 bytes back
Round trip time was 0.047398 milliseconds in repetition 363
tcp_ping received 6144 bytes back
Round trip time was 0.047711 milliseconds in repetition 364
tcp_ping received 6144 bytes back
Round trip time was 0.047301 milliseconds in repetition 365
tcp_ping received 6144 bytes back
Round trip time was 0.047308 milliseconds in repetition 366
tcp_ping received 6144 bytes back
Round trip time was 0.047428 milliseconds in repetition 367
tcp_ping received 6144 bytes back
Round trip time was 0.047375 milliseconds in repetition 368
tcp_ping received 6144 bytes back
Round trip time was 0.047985 milliseconds in repetition 369
tcp_ping received 6144 bytes back
Round trip time was 0.04737 milliseconds in repetition 370
tcp_ping received 6144 bytes back
Round trip time was 0.047512 milliseconds in repetition 371
tcp_ping received 6144 bytes back
Round trip time was 0.0475 milliseconds in repetition 372
tcp_ping received 6144 bytes back
Round trip time was 0.047473 milliseconds in repetition 373
tcp_ping received 6144 bytes back
Round trip time was 0.04767 milliseconds in repetition 374
tcp_ping received 6144 bytes back
Round trip time was 0.047097 milliseconds in repetition 375
tcp_ping received 6144 bytes back
Round trip time was 0.04751 milliseconds in repetition 376
tcp_ping received 6144 bytes back
Round trip time was 0.047566 milliseconds in repetition 377
tcp_ping received 6144 bytes back
Round trip time was 0.04701 milliseconds in repetition 378
tcp_ping received 6144 bytes back
Round trip time was 0.04715 milliseconds in repetition 379
tcp_ping received 6144 bytes back
Round trip time was 0.047386 milliseconds in repetition 380
tcp_ping received 6144 bytes back
Round trip time was 0.047377 milliseconds in repetition 381
tcp_ping received 6144 bytes back
Round trip time was 0.047345 milliseconds in repetition 382
tcp_ping received 6144 bytes back
Round trip time was 0.047196 milliseconds in repetition 383
tcp_ping received 6144 bytes back
Round trip time was 0.04755 milliseconds in repetition 384
tcp_ping received 6144 bytes back
Round trip time was 0.047428 milliseconds in repetition 385
tcp_ping received 6144 bytes back
Round trip time was 0.04738 milliseconds in repetition 386
tcp_ping received 6144 bytes back
Round trip time was 0.047552 milliseconds in repetition 387
tcp_ping received 6144 bytes back
Round trip time was 0.047361 milliseconds in repetition 388
tcp_ping received 6144 bytes back
Round trip time was 0.048091 milliseconds in repetition 389
tcp_ping received 6144 bytes back
Round trip time was 0.04705 milliseconds in repetition 390
tcp_ping received 6144 bytes back
Round trip time was 0.047067 milliseconds in repetition 391
tcp_ping received 6144 bytes back
Round trip time was 0.047651 milliseconds in repetition 392
tcp_ping received 6144 bytes back
Round trip time was 0.048408 milliseconds in repetition 393
tcp_ping received 6144 bytes back
Round trip time was 0.047563 milliseconds in repetition 394
tcp_ping received 6144 bytes back
Round trip time was 0.047396 milliseconds in repetition 395
tcp_ping received 6144 bytes back
Round trip time was 0.054379 milliseconds in repetition 396
tcp_ping received 6144 bytes back
Round trip time was 0.048104 milliseconds in repetition 397
tcp_ping received 6144 bytes back
Round trip time was 0.047447 milliseconds in repetition 398
tcp_ping received 6144 bytes back
Round trip time was 0.047644 milliseconds in repetition 399
tcp_ping received 6144 bytes back
Round trip time was 0.047314 milliseconds in repetition 400
tcp_ping received 6144 bytes back
Round trip time was 0.047308 milliseconds in repetition 401
tcp_ping received 6144 bytes back
Round trip time was 0.047293 milliseconds in repetition 402
tcp_ping received 6144 bytes back
Round trip time was 0.047505 milliseconds in repetition 403
tcp_ping received 6144 bytes back
Round trip time was 0.046681 milliseconds in repetition 404
tcp_ping received 6144 bytes back
Round trip time was 0.047393 milliseconds in repetition 405
tcp_ping received 6144 bytes back
Round trip time was 0.047458 milliseconds in repetition 406
tcp_ping received 6144 bytes back
Round trip time was 0.047188 milliseconds in repetition 407
tcp_ping received 6144 bytes back
Round trip time was 0.047284 milliseconds in repetition 408
tcp_ping received 6144 bytes back
Round trip time was 0.047122 milliseconds in repetition 409
tcp_ping received 6144 bytes back
Round trip time was 0.047114 milliseconds in repetition 410
tcp_ping received 6144 bytes back
Round trip time was 0.047426 milliseconds in repetition 411
tcp_ping received 6144 bytes back
Round trip time was 0.047296 milliseconds in repetition 412
tcp_ping received 6144 bytes back
Round trip time was 0.04764 milliseconds in repetition 413
tcp_ping received 6144 bytes back
Round trip time was 0.047314 milliseconds in repetition 414
tcp_ping received 6144 bytes back
Round trip time was 0.047182 milliseconds in repetition 415
tcp_ping received 6144 bytes back
Round trip time was 0.047093 milliseconds in repetition 416
tcp_ping received 6144 bytes back
Round trip time was 0.047346 milliseconds in repetition 417
tcp_ping received 6144 bytes back
Round trip time was 0.047173 milliseconds in repetition 418
tcp_ping received 6144 bytes back
Round trip time was 0.046924 milliseconds in repetition 419
tcp_ping received 6144 bytes back
Round trip time was 0.046947 milliseconds in repetition 420
tcp_ping received 6144 bytes back
Round trip time was 0.047383 milliseconds in repetition 421
tcp_ping received 6144 bytes back
Round trip time was 0.046965 milliseconds in repetition 422
tcp_ping received 6144 bytes back
Round trip time was 0.046951 milliseconds in repetition 423
tcp_ping received 6144 bytes back
Round trip time was 0.0472 milliseconds in repetition 424
tcp_ping received 6144 bytes back
Round trip time was 0.046914 milliseconds in repetition 425
tcp_ping received 6144 bytes back
Round trip time was 0.046986 milliseconds in repetition 426
tcp_ping received 6144 bytes back
Round trip time was 0.047518 milliseconds in repetition 427
tcp_ping received 6144 bytes back
Round trip time was 0.047078 milliseconds in repetition 428
tcp_ping received 6144 bytes back
Round trip time was 0.047272 milliseconds in repetition 429
tcp_ping received 6144 bytes back
Round trip time was 0.047322 milliseconds in repetition 430
tcp_ping received 6144 bytes back
Round trip time was 0.047192 milliseconds in repetition 431
tcp_ping received 6144 bytes back
Round trip time was 0.047206 milliseconds in repetition 432
tcp_ping received 6144 bytes back
Round trip time was 0.046813 milliseconds in repetition 433
tcp_ping received 6144 bytes back
Round trip time was 0.047021 milliseconds in repetition 434
tcp_ping received 6144 bytes back
Round trip time was 0.047514 milliseconds in repetition 435
tcp_ping received 6144 bytes back
Round trip time was 0.047099 milliseconds in repetition 436
tcp_ping received 6144 bytes back
Round trip time was 0.048768 milliseconds in repetition 437
tcp_ping received 6144 bytes back
Round trip time was 0.047561 milliseconds in repetition 438
tcp_ping received 6144 bytes back
Round trip time was 0.047308 milliseconds in repetition 439
tcp_ping received 6144 bytes back
Round trip time was 0.047142 milliseconds in repetition 440
tcp_ping received 6144 bytes back
Round trip time was 0.047274 milliseconds in repetition 441
tcp_ping received 6144 bytes back
Round trip time was 0.047562 milliseconds in repetition 442
tcp_ping received 6144 bytes back
Round trip time was 0.047254 milliseconds in repetition 443
tcp_ping received 6144 bytes back
Round trip time was 0.046997 milliseconds in repetition 444
tcp_ping received 6144 bytes back
Round trip time was 0.047681 milliseconds in repetition 445
tcp_ping received 6144 bytes back
Round trip time was 0.046987 milliseconds in repetition 446
tcp_ping received 6144 bytes back
Round trip time was 0.047497 milliseconds in repetition 447
tcp_ping received 6144 bytes back
Round trip time was 0.04758 milliseconds in repetition 448
tcp_ping received 6144 bytes back
Round trip time was 0.047108 milliseconds in repetition 449
tcp_ping received 6144 bytes back
Round trip time was 0.047248 milliseconds in repetition 450
tcp_ping received 6144 bytes back
Round trip time was 0.04724 milliseconds in repetition 451
tcp_ping received 6144 bytes back
Round trip time was 0.046917 milliseconds in repetition 452
tcp_ping received 6144 bytes back
Round trip time was 0.04768 milliseconds in repetition 453
tcp_ping received 6144 bytes back
Round trip time was 0.047371 milliseconds in repetition 454
tcp_ping received 6144 bytes back
Round trip time was 0.047169 milliseconds in repetition 455
tcp_ping received 6144 bytes back
Round trip time was 0.047106 milliseconds in repetition 456
tcp_ping received 6144 bytes back
Round trip time was 0.046926 milliseconds in repetition 457
tcp_ping received 6144 bytes back
Round trip time was 0.046744 milliseconds in repetition 458
tcp_ping received 6144 bytes back
Round trip time was 0.047308 milliseconds in repetition 459
tcp_ping received 6144 bytes back
Round trip time was 0.047252 milliseconds in repetition 460
tcp_ping received 6144 bytes back
Round trip time was 0.047113 milliseconds in repetition 461
tcp_ping received 6144 bytes back
Round trip time was 0.047202 milliseconds in repetition 462
tcp_ping received 6144 bytes back
Round trip time was 0.047003 milliseconds in repetition 463
tcp_ping received 6144 bytes back
Round trip time was 0.046935 milliseconds in repetition 464
tcp_ping received 6144 bytes back
Round trip time was 0.046788 milliseconds in repetition 465
tcp_ping received 6144 bytes back
Round trip time was 0.047268 milliseconds in repetition 466
tcp_ping received 6144 bytes back
Round trip time was 0.047538 milliseconds in repetition 467
tcp_ping received 6144 bytes back
Round trip time was 0.046905 milliseconds in repetition 468
tcp_ping received 6144 bytes back
Round trip time was 0.047311 milliseconds in repetition 469
tcp_ping received 6144 bytes back
Round trip time was 0.046717 milliseconds in repetition 470
tcp_ping received 6144 bytes back
Round trip time was 0.046903 milliseconds in repetition 471
tcp_ping received 6144 bytes back
Round trip time was 0.047 milliseconds in repetition 472
tcp_ping received 6144 bytes back
Round trip time was 0.04703 milliseconds in repetition 473
tcp_ping received 6144 bytes back
Round trip time was 0.047201 milliseconds in repetition 474
tcp_ping received 6144 bytes back
Round trip time was 0.047234 milliseconds in repetition 475
tcp_ping received 6144 bytes back
Round trip time was 0.050901 milliseconds in repetition 476
tcp_ping received 6144 bytes back
Round trip time was 0.05154 milliseconds in repetition 477
tcp_ping received 6144 bytes back
Round trip time was 0.048791 milliseconds in repetition 478
tcp_ping received 6144 bytes back
Round trip time was 0.048698 milliseconds in repetition 479
tcp_ping received 6144 bytes back
Round trip time was 0.065611 milliseconds in repetition 480
tcp_ping received 6144 bytes back
Round trip time was 0.051464 milliseconds in repetition 481
tcp_ping received 6144 bytes back
Round trip time was 0.049915 milliseconds in repetition 482
tcp_ping received 6144 bytes back
Round trip time was 0.047476 milliseconds in repetition 483
tcp_ping received 6144 bytes back
Round trip time was 0.046775 milliseconds in repetition 484
tcp_ping received 6144 bytes back
Round trip time was 0.047232 milliseconds in repetition 485
tcp_ping received 6144 bytes back
Round trip time was 0.047922 milliseconds in repetition 486
tcp_ping received 6144 bytes back
Round trip time was 0.054295 milliseconds in repetition 487
tcp_ping received 6144 bytes back
Round trip time was 0.047691 milliseconds in repetition 488
tcp_ping received 6144 bytes back
Round trip time was 0.047042 milliseconds in repetition 489
tcp_ping received 6144 bytes back
Round trip time was 0.047269 milliseconds in repetition 490
tcp_ping received 6144 bytes back
Round trip time was 0.046983 milliseconds in repetition 491
tcp_ping received 6144 bytes back
Round trip time was 0.04657 milliseconds in repetition 492
tcp_ping received 6144 bytes back
Round trip time was 0.047428 milliseconds in repetition 493
tcp_ping received 6144 bytes back
Round trip time was 0.047011 milliseconds in repetition 494
tcp_ping received 6144 bytes back
Round trip time was 0.047622 milliseconds in repetition 495
tcp_ping received 6144 bytes back
Round trip time was 0.047445 milliseconds in repetition 496
tcp_ping received 6144 bytes back
Round trip time was 0.046919 milliseconds in repetition 497
tcp_ping received 6144 bytes back
Round trip time was 0.047403 milliseconds in repetition 498
tcp_ping received 6144 bytes back
Round trip time was 0.04714 milliseconds in repetition 499
tcp_ping received 6144 bytes back
Round trip time was 0.047113 milliseconds in repetition 500

 ... clock resolution was 1e-06
TCP Ping:  Statistics over 500 repetitions of 6144 byte messages

RTT : percentile 10: 0.046994, median: 0.047333, percentile 90: 0.048068, average: 0.0478872, variance: 1.91844e-05

RTT histogram:
0.0465685 450
0.0495265 36
0.0524845 6
0.0554425 3
0.0584005 1
0.0613585 0
0.0643165 1
0.0672745 0
0.0702325 0
0.0731905 0
0.0761485 0
0.0791065 0
0.0820645 0
0.0850225 0
0.0879805 0
0.0909385 0
0.0938965 0
0.0968545 0
0.0998125 2
0.102771 0
0.105729 1

   median Throughput : 259607 KB/s   overall Throughput : 256603 KB/s

