TCP Ping trying to connect to server localhost (127.0.0.1) on port 1491
 ... connected to Pong server: asking for 500 repetitions of 32 bytes TCP messages
 ... Pong server agreed :-)
tcp_ping received 32 bytes back
Round trip time was 0.209112 milliseconds in repetition 1
tcp_ping received 32 bytes back
Round trip time was 0.181368 milliseconds in repetition 2
tcp_ping received 32 bytes back
Round trip time was 0.185351 milliseconds in repetition 3
tcp_ping received 32 bytes back
Round trip time was 0.18055 milliseconds in repetition 4
tcp_ping received 32 bytes back
Round trip time was 0.181175 milliseconds in repetition 5
tcp_ping received 32 bytes back
Round trip time was 0.144724 milliseconds in repetition 6
tcp_ping received 32 bytes back
Round trip time was 0.048933 milliseconds in repetition 7
tcp_ping received 32 bytes back
Round trip time was 0.04267 milliseconds in repetition 8
tcp_ping received 32 bytes back
Round trip time was 0.041944 milliseconds in repetition 9
tcp_ping received 32 bytes back
Round trip time was 0.042144 milliseconds in repetition 10
tcp_ping received 32 bytes back
Round trip time was 0.060492 milliseconds in repetition 11
tcp_ping received 32 bytes back
Round trip time was 0.040286 milliseconds in repetition 12
tcp_ping received 32 bytes back
Round trip time was 0.040454 milliseconds in repetition 13
tcp_ping received 32 bytes back
Round trip time was 0.039482 milliseconds in repetition 14
tcp_ping received 32 bytes back
Round trip time was 0.039255 milliseconds in repetition 15
tcp_ping received 32 bytes back
Round trip time was 0.038516 milliseconds in repetition 16
tcp_ping received 32 bytes back
Round trip time was 0.038011 milliseconds in repetition 17
tcp_ping received 32 bytes back
Round trip time was 0.038284 milliseconds in repetition 18
tcp_ping received 32 bytes back
Round trip time was 0.039584 milliseconds in repetition 19
tcp_ping received 32 bytes back
Round trip time was 0.039231 milliseconds in repetition 20
tcp_ping received 32 bytes back
Round trip time was 0.038473 milliseconds in repetition 21
tcp_ping received 32 bytes back
Round trip time was 0.038854 milliseconds in repetition 22
tcp_ping received 32 bytes back
Round trip time was 0.03989 milliseconds in repetition 23
tcp_ping received 32 bytes back
Round trip time was 0.03949 milliseconds in repetition 24
tcp_ping received 32 bytes back
Round trip time was 0.038536 milliseconds in repetition 25
tcp_ping received 32 bytes back
Round trip time was 0.047386 milliseconds in repetition 26
tcp_ping received 32 bytes back
Round trip time was 0.040415 milliseconds in repetition 27
tcp_ping received 32 bytes back
Round trip time was 0.038608 milliseconds in repetition 28
tcp_ping received 32 bytes back
Round trip time was 0.038912 milliseconds in repetition 29
tcp_ping received 32 bytes back
Round trip time was 0.039265 milliseconds in repetition 30
tcp_ping received 32 bytes back
Round trip time was 0.038772 milliseconds in repetition 31
tcp_ping received 32 bytes back
Round trip time was 0.038842 milliseconds in repetition 32
tcp_ping received 32 bytes back
Round trip time was 0.038713 milliseconds in repetition 33
tcp_ping received 32 bytes back
Round trip time was 0.039784 milliseconds in repetition 34
tcp_ping received 32 bytes back
Round trip time was 0.038604 milliseconds in repetition 35
tcp_ping received 32 bytes back
Round trip time was 0.038873 milliseconds in repetition 36
tcp_ping received 32 bytes back
Round trip time was 0.039213 milliseconds in repetition 37
tcp_ping received 32 bytes back
Round trip time was 0.039248 milliseconds in repetition 38
tcp_ping received 32 bytes back
Round trip time was 0.039527 milliseconds in repetition 39
tcp_ping received 32 bytes back
Round trip time was 0.038222 milliseconds in repetition 40
tcp_ping received 32 bytes back
Round trip time was 0.038577 milliseconds in repetition 41
tcp_ping received 32 bytes back
Round trip time was 0.039084 milliseconds in repetition 42
tcp_ping received 32 bytes back
Round trip time was 0.038225 milliseconds in repetition 43
tcp_ping received 32 bytes back
Round trip time was 0.03797 milliseconds in repetition 44
tcp_ping received 32 bytes back
Round trip time was 0.045053 milliseconds in repetition 45
tcp_ping received 32 bytes back
Round trip time was 0.040035 milliseconds in repetition 46
tcp_ping received 32 bytes back
Round trip time was 0.038557 milliseconds in repetition 47
tcp_ping received 32 bytes back
Round trip time was 0.038439 milliseconds in repetition 48
tcp_ping received 32 bytes back
Round trip time was 0.038346 milliseconds in repetition 49
tcp_ping received 32 bytes back
Round trip time was 0.038739 milliseconds in repetition 50
tcp_ping received 32 bytes back
Round trip time was 0.039283 milliseconds in repetition 51
tcp_ping received 32 bytes back
Round trip time was 0.037417 milliseconds in repetition 52
tcp_ping received 32 bytes back
Round trip time was 0.058297 milliseconds in repetition 53
tcp_ping received 32 bytes back
Round trip time was 0.042423 milliseconds in repetition 54
tcp_ping received 32 bytes back
Round trip time was 0.041914 milliseconds in repetition 55
tcp_ping received 32 bytes back
Round trip time was 0.041927 milliseconds in repetition 56
tcp_ping received 32 bytes back
Round trip time was 0.042171 milliseconds in repetition 57
tcp_ping received 32 bytes back
Round trip time was 0.04241 milliseconds in repetition 58
tcp_ping received 32 bytes back
Round trip time was 0.04104 milliseconds in repetition 59
tcp_ping received 32 bytes back
Round trip time was 0.040547 milliseconds in repetition 60
tcp_ping received 32 bytes back
Round trip time was 0.041088 milliseconds in repetition 61
tcp_ping received 32 bytes back
Round trip time was 0.042085 milliseconds in repetition 62
tcp_ping received 32 bytes back
Round trip time was 0.041973 milliseconds in repetition 63
tcp_ping received 32 bytes back
Round trip time was 0.041454 milliseconds in repetition 64
tcp_ping received 32 bytes back
Round trip time was 0.042475 milliseconds in repetition 65
tcp_ping received 32 bytes back
Round trip time was 0.042529 milliseconds in repetition 66
tcp_ping received 32 bytes back
Round trip time was 0.040971 milliseconds in repetition 67
tcp_ping received 32 bytes back
Round trip time was 0.040936 milliseconds in repetition 68
tcp_ping received 32 bytes back
Round trip time was 0.041647 milliseconds in repetition 69
tcp_ping received 32 bytes back
Round trip time was 0.042669 milliseconds in repetition 70
tcp_ping received 32 bytes back
Round trip time was 0.042109 milliseconds in repetition 71
tcp_ping received 32 bytes back
Round trip time was 0.041571 milliseconds in repetition 72
tcp_ping received 32 bytes back
Round trip time was 0.041923 milliseconds in repetition 73
tcp_ping received 32 bytes back
Round trip time was 0.041541 milliseconds in repetition 74
tcp_ping received 32 bytes back
Round trip time was 0.042514 milliseconds in repetition 75
tcp_ping received 32 bytes back
Round trip time was 0.04183 milliseconds in repetition 76
tcp_ping received 32 bytes back
Round trip time was 0.04148 milliseconds in repetition 77
tcp_ping received 32 bytes back
Round trip time was 0.043077 milliseconds in repetition 78
tcp_ping received 32 bytes back
Round trip time was 0.042694 milliseconds in repetition 79
tcp_ping received 32 bytes back
Round trip time was 0.042652 milliseconds in repetition 80
tcp_ping received 32 bytes back
Round trip time was 0.041551 milliseconds in repetition 81
tcp_ping received 32 bytes back
Round trip time was 0.041687 milliseconds in repetition 82
tcp_ping received 32 bytes back
Round trip time was 0.041988 milliseconds in repetition 83
tcp_ping received 32 bytes back
Round trip time was 0.041168 milliseconds in repetition 84
tcp_ping received 32 bytes back
Round trip time was 0.041585 milliseconds in repetition 85
tcp_ping received 32 bytes back
Round trip time was 0.041893 milliseconds in repetition 86
tcp_ping received 32 bytes back
Round trip time was 0.041535 milliseconds in repetition 87
tcp_ping received 32 bytes back
Round trip time was 0.041975 milliseconds in repetition 88
tcp_ping received 32 bytes back
Round trip time was 0.042416 milliseconds in repetition 89
tcp_ping received 32 bytes back
Round trip time was 0.047315 milliseconds in repetition 90
tcp_ping received 32 bytes back
Round trip time was 0.042562 milliseconds in repetition 91
tcp_ping received 32 bytes back
Round trip time was 0.041617 milliseconds in repetition 92
tcp_ping received 32 bytes back
Round trip time was 0.042681 milliseconds in repetition 93
tcp_ping received 32 bytes back
Round trip time was 0.04233 milliseconds in repetition 94
tcp_ping received 32 bytes back
Round trip time was 0.051405 milliseconds in repetition 95
tcp_ping received 32 bytes back
Round trip time was 0.019185 milliseconds in repetition 96
tcp_ping received 32 bytes back
Round trip time was 0.019875 milliseconds in repetition 97
tcp_ping received 32 bytes back
Round trip time was 0.01931 milliseconds in repetition 98
tcp_ping received 32 bytes back
Round trip time was 0.018789 milliseconds in repetition 99
tcp_ping received 32 bytes back
Round trip time was 0.018797 milliseconds in repetition 100
tcp_ping received 32 bytes back
Round trip time was 0.019615 milliseconds in repetition 101
tcp_ping received 32 bytes back
Round trip time was 0.019308 milliseconds in repetition 102
tcp_ping received 32 bytes back
Round trip time was 0.019576 milliseconds in repetition 103
tcp_ping received 32 bytes back
Round trip time was 0.018837 milliseconds in repetition 104
tcp_ping received 32 bytes back
Round trip time was 0.019641 milliseconds in repetition 105
tcp_ping received 32 bytes back
Round trip time was 0.019608 milliseconds in repetition 106
tcp_ping received 32 bytes back
Round trip time was 0.01907 milliseconds in repetition 107
tcp_ping received 32 bytes back
Round trip time was 0.019766 milliseconds in repetition 108
tcp_ping received 32 bytes back
Round trip time was 0.023549 milliseconds in repetition 109
tcp_ping received 32 bytes back
Round trip time was 0.023523 milliseconds in repetition 110
tcp_ping received 32 bytes back
Round trip time was 0.022944 milliseconds in repetition 111
tcp_ping received 32 bytes back
Round trip time was 0.022451 milliseconds in repetition 112
tcp_ping received 32 bytes back
Round trip time was 0.023451 milliseconds in repetition 113
tcp_ping received 32 bytes back
Round trip time was 0.02464 milliseconds in repetition 114
tcp_ping received 32 bytes back
Round trip time was 0.023913 milliseconds in repetition 115
tcp_ping received 32 bytes back
Round trip time was 0.021817 milliseconds in repetition 116
tcp_ping received 32 bytes back
Round trip time was 0.024261 milliseconds in repetition 117
tcp_ping received 32 bytes back
Round trip time was 0.024011 milliseconds in repetition 118
tcp_ping received 32 bytes back
Round trip time was 0.023491 milliseconds in repetition 119
tcp_ping received 32 bytes back
Round trip time was 0.03372 milliseconds in repetition 120
tcp_ping received 32 bytes back
Round trip time was 0.028635 milliseconds in repetition 121
tcp_ping received 32 bytes back
Round trip time was 0.026507 milliseconds in repetition 122
tcp_ping received 32 bytes back
Round trip time was 0.025009 milliseconds in repetition 123
tcp_ping received 32 bytes back
Round trip time was 0.024341 milliseconds in repetition 124
tcp_ping received 32 bytes back
Round trip time was 0.023823 milliseconds in repetition 125
tcp_ping received 32 bytes back
Round trip time was 0.022779 milliseconds in repetition 126
tcp_ping received 32 bytes back
Round trip time was 0.023404 milliseconds in repetition 127
tcp_ping received 32 bytes back
Round trip time was 0.02388 milliseconds in repetition 128
tcp_ping received 32 bytes back
Round trip time was 0.024163 milliseconds in repetition 129
tcp_ping received 32 bytes back
Round trip time was 0.021161 milliseconds in repetition 130
tcp_ping received 32 bytes back
Round trip time was 0.018951 milliseconds in repetition 131
tcp_ping received 32 bytes back
Round trip time was 0.019192 milliseconds in repetition 132
tcp_ping received 32 bytes back
Round trip time was 0.019049 milliseconds in repetition 133
tcp_ping received 32 bytes back
Round trip time was 0.020987 milliseconds in repetition 134
tcp_ping received 32 bytes back
Round trip time was 0.019328 milliseconds in repetition 135
tcp_ping received 32 bytes back
Round trip time was 0.019006 milliseconds in repetition 136
tcp_ping received 32 bytes back
Round trip time was 0.019236 milliseconds in repetition 137
tcp_ping received 32 bytes back
Round trip time was 0.01879 milliseconds in repetition 138
tcp_ping received 32 bytes back
Round trip time was 0.019067 milliseconds in repetition 139
tcp_ping received 32 bytes back
Round trip time was 0.019105 milliseconds in repetition 140
tcp_ping received 32 bytes back
Round trip time was 0.019205 milliseconds in repetition 141
tcp_ping received 32 bytes back
Round trip time was 0.019099 milliseconds in repetition 142
tcp_ping received 32 bytes back
Round trip time was 0.018848 milliseconds in repetition 143
tcp_ping received 32 bytes back
Round trip time was 0.019188 milliseconds in repetition 144
tcp_ping received 32 bytes back
Round trip time was 0.019059 milliseconds in repetition 145
tcp_ping received 32 bytes back
Round trip time was 0.019409 milliseconds in repetition 146
tcp_ping received 32 bytes back
Round trip time was 0.01913 milliseconds in repetition 147
tcp_ping received 32 bytes back
Round trip time was 0.019302 milliseconds in repetition 148
tcp_ping received 32 bytes back
Round trip time was 0.0193 milliseconds in repetition 149
tcp_ping received 32 bytes back
Round trip time was 0.018896 milliseconds in repetition 150
tcp_ping received 32 bytes back
Round trip time was 0.018723 milliseconds in repetition 151
tcp_ping received 32 bytes back
Round trip time was 0.018909 milliseconds in repetition 152
tcp_ping received 32 bytes back
Round trip time was 0.019239 milliseconds in repetition 153
tcp_ping received 32 bytes back
Round trip time was 0.018943 milliseconds in repetition 154
tcp_ping received 32 bytes back
Round trip time was 0.018842 milliseconds in repetition 155
tcp_ping received 32 bytes back
Round trip time was 0.018941 milliseconds in repetition 156
tcp_ping received 32 bytes back
Round trip time was 0.019276 milliseconds in repetition 157
tcp_ping received 32 bytes back
Round trip time was 0.018811 milliseconds in repetition 158
tcp_ping received 32 bytes back
Round trip time was 0.018691 milliseconds in repetition 159
tcp_ping received 32 bytes back
Round trip time was 0.018945 milliseconds in repetition 160
tcp_ping received 32 bytes back
Round trip time was 0.019284 milliseconds in repetition 161
tcp_ping received 32 bytes back
Round trip time was 0.019041 milliseconds in repetition 162
tcp_ping received 32 bytes back
Round trip time was 0.018809 milliseconds in repetition 163
tcp_ping received 32 bytes back
Round trip time was 0.018857 milliseconds in repetition 164
tcp_ping received 32 bytes back
Round trip time was 0.019115 milliseconds in repetition 165
tcp_ping received 32 bytes back
Round trip time was 0.018786 milliseconds in repetition 166
tcp_ping received 32 bytes back
Round trip time was 0.019254 milliseconds in repetition 167
tcp_ping received 32 bytes back
Round trip time was 0.019004 milliseconds in repetition 168
tcp_ping received 32 bytes back
Round trip time was 0.019049 milliseconds in repetition 169
tcp_ping received 32 bytes back
Round trip time was 0.018834 milliseconds in repetition 170
tcp_ping received 32 bytes back
Round trip time was 0.018772 milliseconds in repetition 171
tcp_ping received 32 bytes back
Round trip time was 0.019117 milliseconds in repetition 172
tcp_ping received 32 bytes back
Round trip time was 0.019189 milliseconds in repetition 173
tcp_ping received 32 bytes back
Round trip time was 0.019032 milliseconds in repetition 174
tcp_ping received 32 bytes back
Round trip time was 0.018936 milliseconds in repetition 175
tcp_ping received 32 bytes back
Round trip time was 0.019023 milliseconds in repetition 176
tcp_ping received 32 bytes back
Round trip time was 0.018915 milliseconds in repetition 177
tcp_ping received 32 bytes back
Round trip time was 0.018835 milliseconds in repetition 178
tcp_ping received 32 bytes back
Round trip time was 0.021191 milliseconds in repetition 179
tcp_ping received 32 bytes back
Round trip time was 0.019104 milliseconds in repetition 180
tcp_ping received 32 bytes back
Round trip time was 0.019319 milliseconds in repetition 181
tcp_ping received 32 bytes back
Round trip time was 0.018814 milliseconds in repetition 182
tcp_ping received 32 bytes back
Round trip time was 0.018617 milliseconds in repetition 183
tcp_ping received 32 bytes back
Round trip time was 0.018799 milliseconds in repetition 184
tcp_ping received 32 bytes back
Round trip time was 0.018999 milliseconds in repetition 185
tcp_ping received 32 bytes back
Round trip time was 0.019023 milliseconds in repetition 186
tcp_ping received 32 bytes back
Round trip time was 0.018917 milliseconds in repetition 187
tcp_ping received 32 bytes back
Round trip time was 0.018979 milliseconds in repetition 188
tcp_ping received 32 bytes back
Round trip time was 0.019212 milliseconds in repetition 189
tcp_ping received 32 bytes back
Round trip time was 0.018912 milliseconds in repetition 190
tcp_ping received 32 bytes back
Round trip time was 0.019164 milliseconds in repetition 191
tcp_ping received 32 bytes back
Round trip time was 0.019273 milliseconds in repetition 192
tcp_ping received 32 bytes back
Round trip time was 0.019114 milliseconds in repetition 193
tcp_ping received 32 bytes back
Round trip time was 0.018986 milliseconds in repetition 194
tcp_ping received 32 bytes back
Round trip time was 0.018772 milliseconds in repetition 195
tcp_ping received 32 bytes back
Round trip time was 0.019109 milliseconds in repetition 196
tcp_ping received 32 bytes back
Round trip time was 0.01937 milliseconds in repetition 197
tcp_ping received 32 bytes back
Round trip time was 0.019163 milliseconds in repetition 198
tcp_ping received 32 bytes back
Round trip time was 0.019007 milliseconds in repetition 199
tcp_ping received 32 bytes back
Round trip time was 0.018894 milliseconds in repetition 200
tcp_ping received 32 bytes back
Round trip time was 0.019188 milliseconds in repetition 201
tcp_ping received 32 bytes back
Round trip time was 0.01912 milliseconds in repetition 202
tcp_ping received 32 bytes back
Round trip time was 0.018528 milliseconds in repetition 203
tcp_ping received 32 bytes back
Round trip time was 0.019066 milliseconds in repetition 204
tcp_ping received 32 bytes back
Round trip time was 0.019248 milliseconds in repetition 205
tcp_ping received 32 bytes back
Round trip time was 0.018962 milliseconds in repetition 206
tcp_ping received 32 bytes back
Round trip time was 0.019321 milliseconds in repetition 207
tcp_ping received 32 bytes back
Round trip time was 0.018994 milliseconds in repetition 208
tcp_ping received 32 bytes back
Round trip time was 0.019165 milliseconds in repetition 209
tcp_ping received 32 bytes back
Round trip time was 0.01903 milliseconds in repetition 210
tcp_ping received 32 bytes back
Round trip time was 0.01889 milliseconds in repetition 211
tcp_ping received 32 bytes back
Round trip time was 0.018775 milliseconds in repetition 212
tcp_ping received 32 bytes back
Round trip time was 0.019188 milliseconds in repetition 213
tcp_ping received 32 bytes back
Round trip time was 0.018953 milliseconds in repetition 214
tcp_ping received 32 bytes back
Round trip time was 0.01872 milliseconds in repetition 215
tcp_ping received 32 bytes back
Round trip time was 0.018766 milliseconds in repetition 216
tcp_ping received 32 bytes back
Round trip time was 0.019193 milliseconds in repetition 217
tcp_ping received 32 bytes back
Round trip time was 0.018977 milliseconds in repetition 218
tcp_ping received 32 bytes back
Round trip time was 0.018947 milliseconds in repetition 219
tcp_ping received 32 bytes back
Round trip time was 0.01916 milliseconds in repetition 220
tcp_ping received 32 bytes back
Round trip time was 0.034363 milliseconds in repetition 221
tcp_ping received 32 bytes back
Round trip time was 0.017907 milliseconds in repetition 222
tcp_ping received 32 bytes back
Round trip time was 0.017931 milliseconds in repetition 223
tcp_ping received 32 bytes back
Round trip time was 0.019657 milliseconds in repetition 224
tcp_ping received 32 bytes back
Round trip time was 0.018753 milliseconds in repetition 225
tcp_ping received 32 bytes back
Round trip time was 0.018234 milliseconds in repetition 226
tcp_ping received 32 bytes back
Round trip time was 0.018255 milliseconds in repetition 227
tcp_ping received 32 bytes back
Round trip time was 0.018113 milliseconds in repetition 228
tcp_ping received 32 bytes back
Round trip time was 0.017864 milliseconds in repetition 229
tcp_ping received 32 bytes back
Round trip time was 0.017704 milliseconds in repetition 230
tcp_ping received 32 bytes back
Round trip time was 0.018335 milliseconds in repetition 231
tcp_ping received 32 bytes back
Round trip time was 0.017968 milliseconds in repetition 232
tcp_ping received 32 bytes back
Round trip time was 0.018272 milliseconds in repetition 233
tcp_ping received 32 bytes back
Round trip time was 0.017937 milliseconds in repetition 234
tcp_ping received 32 bytes back
Round trip time was 0.018127 milliseconds in repetition 235
tcp_ping received 32 bytes back
Round trip time was 0.018223 milliseconds in repetition 236
tcp_ping received 32 bytes back
Round trip time was 0.01805 milliseconds in repetition 237
tcp_ping received 32 bytes back
Round trip time was 0.017985 milliseconds in repetition 238
tcp_ping received 32 bytes back
Round trip time was 0.018726 milliseconds in repetition 239
tcp_ping received 32 bytes back
Round trip time was 0.017696 milliseconds in repetition 240
tcp_ping received 32 bytes back
Round trip time was 0.018369 milliseconds in repetition 241
tcp_ping received 32 bytes back
Round trip time was 0.018058 milliseconds in repetition 242
tcp_ping received 32 bytes back
Round trip time was 0.018616 milliseconds in repetition 243
tcp_ping received 32 bytes back
Round trip time was 0.018236 milliseconds in repetition 244
tcp_ping received 32 bytes back
Round trip time was 0.018218 milliseconds in repetition 245
tcp_ping received 32 bytes back
Round trip time was 0.017466 milliseconds in repetition 246
tcp_ping received 32 bytes back
Round trip time was 0.018016 milliseconds in repetition 247
tcp_ping received 32 bytes back
Round trip time was 0.017867 milliseconds in repetition 248
tcp_ping received 32 bytes back
Round trip time was 0.01844 milliseconds in repetition 249
tcp_ping received 32 bytes back
Round trip time was 0.017947 milliseconds in repetition 250
tcp_ping received 32 bytes back
Round trip time was 0.018448 milliseconds in repetition 251
tcp_ping received 32 bytes back
Round trip time was 0.018102 milliseconds in repetition 252
tcp_ping received 32 bytes back
Round trip time was 0.017995 milliseconds in repetition 253
tcp_ping received 32 bytes back
Round trip time was 0.018063 milliseconds in repetition 254
tcp_ping received 32 bytes back
Round trip time was 0.018294 milliseconds in repetition 255
tcp_ping received 32 bytes back
Round trip time was 0.018035 milliseconds in repetition 256
tcp_ping received 32 bytes back
Round trip time was 0.018484 milliseconds in repetition 257
tcp_ping received 32 bytes back
Round trip time was 0.018055 milliseconds in repetition 258
tcp_ping received 32 bytes back
Round trip time was 0.018106 milliseconds in repetition 259
tcp_ping received 32 bytes back
Round trip time was 0.018191 milliseconds in repetition 260
tcp_ping received 32 bytes back
Round trip time was 0.018386 milliseconds in repetition 261
tcp_ping received 32 bytes back
Round trip time was 0.017616 milliseconds in repetition 262
tcp_ping received 32 bytes back
Round trip time was 0.018198 milliseconds in repetition 263
tcp_ping received 32 bytes back
Round trip time was 0.018023 milliseconds in repetition 264
tcp_ping received 32 bytes back
Round trip time was 0.018167 milliseconds in repetition 265
tcp_ping received 32 bytes back
Round trip time was 0.017833 milliseconds in repetition 266
tcp_ping received 32 bytes back
Round trip time was 0.018209 milliseconds in repetition 267
tcp_ping received 32 bytes back
Round trip time was 0.019602 milliseconds in repetition 268
tcp_ping received 32 bytes back
Round trip time was 0.01841 milliseconds in repetition 269
tcp_ping received 32 bytes back
Round trip time was 0.018074 milliseconds in repetition 270
tcp_ping received 32 bytes back
Round trip time was 0.018443 milliseconds in repetition 271
tcp_ping received 32 bytes back
Round trip time was 0.017886 milliseconds in repetition 272
tcp_ping received 32 bytes back
Round trip time was 0.018194 milliseconds in repetition 273
tcp_ping received 32 bytes back
Round trip time was 0.017881 milliseconds in repetition 274
tcp_ping received 32 bytes back
Round trip time was 0.018304 milliseconds in repetition 275
tcp_ping received 32 bytes back
Round trip time was 0.018073 milliseconds in repetition 276
tcp_ping received 32 bytes back
Round trip time was 0.018053 milliseconds in repetition 277
tcp_ping received 32 bytes back
Round trip time was 0.018153 milliseconds in repetition 278
tcp_ping received 32 bytes back
Round trip time was 0.017704 milliseconds in repetition 279
tcp_ping received 32 bytes back
Round trip time was 0.017991 milliseconds in repetition 280
tcp_ping received 32 bytes back
Round trip time was 0.018386 milliseconds in repetition 281
tcp_ping received 32 bytes back
Round trip time was 0.018159 milliseconds in repetition 282
tcp_ping received 32 bytes back
Round trip time was 0.018331 milliseconds in repetition 283
tcp_ping received 32 bytes back
Round trip time was 0.017913 milliseconds in repetition 284
tcp_ping received 32 bytes back
Round trip time was 0.018138 milliseconds in repetition 285
tcp_ping received 32 bytes back
Round trip time was 0.018131 milliseconds in repetition 286
tcp_ping received 32 bytes back
Round trip time was 0.017944 milliseconds in repetition 287
tcp_ping received 32 bytes back
Round trip time was 0.017941 milliseconds in repetition 288
tcp_ping received 32 bytes back
Round trip time was 0.018391 milliseconds in repetition 289
tcp_ping received 32 bytes back
Round trip time was 0.01802 milliseconds in repetition 290
tcp_ping received 32 bytes back
Round trip time was 0.018436 milliseconds in repetition 291
tcp_ping received 32 bytes back
Round trip time was 0.01814 milliseconds in repetition 292
tcp_ping received 32 bytes back
Round trip time was 0.01803 milliseconds in repetition 293
tcp_ping received 32 bytes back
Round trip time was 0.01823 milliseconds in repetition 294
tcp_ping received 32 bytes back
Round trip time was 0.017829 milliseconds in repetition 295
tcp_ping received 32 bytes back
Round trip time was 0.017893 milliseconds in repetition 296
tcp_ping received 32 bytes back
Round trip time was 0.01819 milliseconds in repetition 297
tcp_ping received 32 bytes back
Round trip time was 0.01767 milliseconds in repetition 298
tcp_ping received 32 bytes back
Round trip time was 0.018078 milliseconds in repetition 299
tcp_ping received 32 bytes back
Round trip time was 0.018075 milliseconds in repetition 300
tcp_ping received 32 bytes back
Round trip time was 0.024927 milliseconds in repetition 301
tcp_ping received 32 bytes back
Round trip time was 0.019119 milliseconds in repetition 302
tcp_ping received 32 bytes back
Round trip time was 0.0184 milliseconds in repetition 303
tcp_ping received 32 bytes back
Round trip time was 0.017949 milliseconds in repetition 304
tcp_ping received 32 bytes back
Round trip time was 0.01784 milliseconds in repetition 305
tcp_ping received 32 bytes back
Round trip time was 0.018076 milliseconds in repetition 306
tcp_ping received 32 bytes back
Round trip time was 0.018199 milliseconds in repetition 307
tcp_ping received 32 bytes back
Round trip time was 0.01829 milliseconds in repetition 308
tcp_ping received 32 bytes back
Round trip time was 0.017996 milliseconds in repetition 309
tcp_ping received 32 bytes back
Round trip time was 0.018251 milliseconds in repetition 310
tcp_ping received 32 bytes back
Round trip time was 0.01797 milliseconds in repetition 311
tcp_ping received 32 bytes back
Round trip time was 0.017886 milliseconds in repetition 312
tcp_ping received 32 bytes back
Round trip time was 0.019699 milliseconds in repetition 313
tcp_ping received 32 bytes back
Round trip time was 0.018433 milliseconds in repetition 314
tcp_ping received 32 bytes back
Round trip time was 0.017953 milliseconds in repetition 315
tcp_ping received 32 bytes back
Round trip time was 0.018157 milliseconds in repetition 316
tcp_ping received 32 bytes back
Round trip time was 0.0178 milliseconds in repetition 317
tcp_ping received 32 bytes back
Round trip time was 0.017825 milliseconds in repetition 318
tcp_ping received 32 bytes back
Round trip time was 0.017958 milliseconds in repetition 319
tcp_ping received 32 bytes back
Round trip time was 0.017786 milliseconds in repetition 320
tcp_ping received 32 bytes back
Round trip time was 0.018029 milliseconds in repetition 321
tcp_ping received 32 bytes back
Round trip time was 0.018379 milliseconds in repetition 322
tcp_ping received 32 bytes back
Round trip time was 0.017909 milliseconds in repetition 323
tcp_ping received 32 bytes back
Round trip time was 0.01814 milliseconds in repetition 324
tcp_ping received 32 bytes back
Round trip time was 0.01788 milliseconds in repetition 325
tcp_ping received 32 bytes back
Round trip time was 0.017967 milliseconds in repetition 326
tcp_ping received 32 bytes back
Round trip time was 0.017926 milliseconds in repetition 327
tcp_ping received 32 bytes back
Round trip time was 0.018136 milliseconds in repetition 328
tcp_ping received 32 bytes back
Round trip time was 0.017873 milliseconds in repetition 329
tcp_ping received 32 bytes back
Round trip time was 0.018243 milliseconds in repetition 330
tcp_ping received 32 bytes back
Round trip time was 0.018133 milliseconds in repetition 331
tcp_ping received 32 bytes back
Round trip time was 0.018104 milliseconds in repetition 332
tcp_ping received 32 bytes back
Round trip time was 0.017944 milliseconds in repetition 333
tcp_ping received 32 bytes back
Round trip time was 0.017993 milliseconds in repetition 334
tcp_ping received 32 bytes back
Round trip time was 0.018031 milliseconds in repetition 335
tcp_ping received 32 bytes back
Round trip time was 0.018191 milliseconds in repetition 336
tcp_ping received 32 bytes back
Round trip time was 0.017982 milliseconds in repetition 337
tcp_ping received 32 bytes back
Round trip time was 0.018178 milliseconds in repetition 338
tcp_ping received 32 bytes back
Round trip time was 0.018388 milliseconds in repetition 339
tcp_ping received 32 bytes back
Round trip time was 0.018257 milliseconds in repetition 340
tcp_ping received 32 bytes back
Round trip time was 0.018244 milliseconds in repetition 341
tcp_ping received 32 bytes back
Round trip time was 0.017971 milliseconds in repetition 342
tcp_ping received 32 bytes back
Round trip time was 0.017878 milliseconds in repetition 343
tcp_ping received 32 bytes back
Round trip time was 0.018202 milliseconds in repetition 344
tcp_ping received 32 bytes back
Round trip time was 0.017979 milliseconds in repetition 345
tcp_ping received 32 bytes back
Round trip time was 0.018061 milliseconds in repetition 346
tcp_ping received 32 bytes back
Round trip time was 0.018322 milliseconds in repetition 347
tcp_ping received 32 bytes back
Round trip time was 0.018058 milliseconds in repetition 348
tcp_ping received 32 bytes back
Round trip time was 0.01805 milliseconds in repetition 349
tcp_ping received 32 bytes back
Round trip time was 0.017874 milliseconds in repetition 350
tcp_ping received 32 bytes back
Round trip time was 0.017822 milliseconds in repetition 351
tcp_ping received 32 bytes back
Round trip time was 0.018145 milliseconds in repetition 352
tcp_ping received 32 bytes back
Round trip time was 0.01794 milliseconds in repetition 353
tcp_ping received 32 bytes back
Round trip time was 0.017868 milliseconds in repetition 354
tcp_ping received 32 bytes back
Round trip time was 0.018015 milliseconds in repetition 355
tcp_ping received 32 bytes back
Round trip time was 0.017825 milliseconds in repetition 356
tcp_ping received 32 bytes back
Round trip time was 0.019834 milliseconds in repetition 357
tcp_ping received 32 bytes back
Round trip time was 0.018157 milliseconds in repetition 358
tcp_ping received 32 bytes back
Round trip time was 0.017805 milliseconds in repetition 359
tcp_ping received 32 bytes back
Round trip time was 0.017967 milliseconds in repetition 360
tcp_ping received 32 bytes back
Round trip time was 0.018285 milliseconds in repetition 361
tcp_ping received 32 bytes back
Round trip time was 0.018304 milliseconds in repetition 362
tcp_ping received 32 bytes back
Round trip time was 0.017769 milliseconds in repetition 363
tcp_ping received 32 bytes back
Round trip time was 0.017985 milliseconds in repetition 364
tcp_ping received 32 bytes back
Round trip time was 0.018083 milliseconds in repetition 365
tcp_ping received 32 bytes back
Round trip time was 0.017881 milliseconds in repetition 366
tcp_ping received 32 bytes back
Round trip time was 0.01776 milliseconds in repetition 367
tcp_ping received 32 bytes back
Round trip time was 0.017768 milliseconds in repetition 368
tcp_ping received 32 bytes back
Round trip time was 0.018121 milliseconds in repetition 369
tcp_ping received 32 bytes back
Round trip time was 0.017793 milliseconds in repetition 370
tcp_ping received 32 bytes back
Round trip time was 0.017725 milliseconds in repetition 371
tcp_ping received 32 bytes back
Round trip time was 0.018094 milliseconds in repetition 372
tcp_ping received 32 bytes back
Round trip time was 0.018222 milliseconds in repetition 373
tcp_ping received 32 bytes back
Round trip time was 0.018049 milliseconds in repetition 374
tcp_ping received 32 bytes back
Round trip time was 0.017759 milliseconds in repetition 375
tcp_ping received 32 bytes back
Round trip time was 0.018079 milliseconds in repetition 376
tcp_ping received 32 bytes back
Round trip time was 0.018126 milliseconds in repetition 377
tcp_ping received 32 bytes back
Round trip time was 0.018109 milliseconds in repetition 378
tcp_ping received 32 bytes back
Round trip time was 0.017598 milliseconds in repetition 379
tcp_ping received 32 bytes back
Round trip time was 0.017753 milliseconds in repetition 380
tcp_ping received 32 bytes back
Round trip time was 0.018074 milliseconds in repetition 381
tcp_ping received 32 bytes back
Round trip time was 0.018025 milliseconds in repetition 382
tcp_ping received 32 bytes back
Round trip time was 0.017714 milliseconds in repetition 383
tcp_ping received 32 bytes back
Round trip time was 0.018017 milliseconds in repetition 384
tcp_ping received 32 bytes back
Round trip time was 0.018251 milliseconds in repetition 385
tcp_ping received 32 bytes back
Round trip time was 0.018255 milliseconds in repetition 386
tcp_ping received 32 bytes back
Round trip time was 0.017926 milliseconds in repetition 387
tcp_ping received 32 bytes back
Round trip time was 0.017698 milliseconds in repetition 388
tcp_ping received 32 bytes back
Round trip time was 0.018369 milliseconds in repetition 389
tcp_ping received 32 bytes back
Round trip time was 0.01806 milliseconds in repetition 390
tcp_ping received 32 bytes back
Round trip time was 0.018191 milliseconds in repetition 391
tcp_ping received 32 bytes back
Round trip time was 0.017825 milliseconds in repetition 392
tcp_ping received 32 bytes back
Round trip time was 0.018096 milliseconds in repetition 393
tcp_ping received 32 bytes back
Round trip time was 0.018137 milliseconds in repetition 394
tcp_ping received 32 bytes back
Round trip time was 0.018071 milliseconds in repetition 395
tcp_ping received 32 bytes back
Round trip time was 0.017935 milliseconds in repetition 396
tcp_ping received 32 bytes back
Round trip time was 0.018235 milliseconds in repetition 397
tcp_ping received 32 bytes back
Round trip time was 0.017933 milliseconds in repetition 398
tcp_ping received 32 bytes back
Round trip time was 0.017619 milliseconds in repetition 399
tcp_ping received 32 bytes back
Round trip time was 0.01783 milliseconds in repetition 400
tcp_ping received 32 bytes back
Round trip time was 0.018152 milliseconds in repetition 401
tcp_ping received 32 bytes back
Round trip time was 0.019605 milliseconds in repetition 402
tcp_ping received 32 bytes back
Round trip time was 0.018071 milliseconds in repetition 403
tcp_ping received 32 bytes back
Round trip time was 0.018211 milliseconds in repetition 404
tcp_ping received 32 bytes back
Round trip time was 0.018387 milliseconds in repetition 405
tcp_ping received 32 bytes back
Round trip time was 0.017938 milliseconds in repetition 406
tcp_ping received 32 bytes back
Round trip time was 0.017782 milliseconds in repetition 407
tcp_ping received 32 bytes back
Round trip time was 0.01801 milliseconds in repetition 408
tcp_ping received 32 bytes back
Round trip time was 0.018134 milliseconds in repetition 409
tcp_ping received 32 bytes back
Round trip time was 0.018035 milliseconds in repetition 410
tcp_ping received 32 bytes back
Round trip time was 0.01783 milliseconds in repetition 411
tcp_ping received 32 bytes back
Round trip time was 0.01789 milliseconds in repetition 412
tcp_ping received 32 bytes back
Round trip time was 0.018194 milliseconds in repetition 413
tcp_ping received 32 bytes back
Round trip time was 0.017869 milliseconds in repetition 414
tcp_ping received 32 bytes back
Round trip time was 0.017686 milliseconds in repetition 415
tcp_ping received 32 bytes back
Round trip time was 0.018049 milliseconds in repetition 416
tcp_ping received 32 bytes back
Round trip time was 0.018089 milliseconds in repetition 417
tcp_ping received 32 bytes back
Round trip time was 0.018121 milliseconds in repetition 418
tcp_ping received 32 bytes back
Round trip time was 0.018028 milliseconds in repetition 419
tcp_ping received 32 bytes back
Round trip time was 0.018225 milliseconds in repetition 420
tcp_ping received 32 bytes back
Round trip time was 0.018066 milliseconds in repetition 421
tcp_ping received 32 bytes back
Round trip time was 0.018108 milliseconds in repetition 422
tcp_ping received 32 bytes back
Round trip time was 0.017857 milliseconds in repetition 423
tcp_ping received 32 bytes back
Round trip time was 0.01797 milliseconds in repetition 424
tcp_ping received 32 bytes back
Round trip time was 0.018015 milliseconds in repetition 425
tcp_ping received 32 bytes back
Round trip time was 0.017877 milliseconds in repetition 426
tcp_ping received 32 bytes back
Round trip time was 0.018024 milliseconds in repetition 427
tcp_ping received 32 bytes back
Round trip time was 0.018212 milliseconds in repetition 428
tcp_ping received 32 bytes back
Round trip time was 0.017933 milliseconds in repetition 429
tcp_ping received 32 bytes back
Round trip time was 0.017873 milliseconds in repetition 430
tcp_ping received 32 bytes back
Round trip time was 0.017595 milliseconds in repetition 431
tcp_ping received 32 bytes back
Round trip time was 0.018192 milliseconds in repetition 432
tcp_ping received 32 bytes back
Round trip time was 0.018212 milliseconds in repetition 433
tcp_ping received 32 bytes back
Round trip time was 0.018125 milliseconds in repetition 434
tcp_ping received 32 bytes back
Round trip time was 0.018094 milliseconds in repetition 435
tcp_ping received 32 bytes back
Round trip time was 0.018179 milliseconds in repetition 436
tcp_ping received 32 bytes back
Round trip time was 0.017942 milliseconds in repetition 437
tcp_ping received 32 bytes back
Round trip time was 0.018239 milliseconds in repetition 438
tcp_ping received 32 bytes back
Round trip time was 0.01786 milliseconds in repetition 439
tcp_ping received 32 bytes back
Round trip time was 0.018405 milliseconds in repetition 440
tcp_ping received 32 bytes back
Round trip time was 0.01808 milliseconds in repetition 441
tcp_ping received 32 bytes back
Round trip time was 0.018346 milliseconds in repetition 442
tcp_ping received 32 bytes back
Round trip time was 0.018364 milliseconds in repetition 443
tcp_ping received 32 bytes back
Round trip time was 0.018073 milliseconds in repetition 444
tcp_ping received 32 bytes back
Round trip time was 0.018073 milliseconds in repetition 445
tcp_ping received 32 bytes back
Round trip time was 0.019511 milliseconds in repetition 446
tcp_ping received 32 bytes back
Round trip time was 0.017886 milliseconds in repetition 447
tcp_ping received 32 bytes back
Round trip time was 0.018273 milliseconds in repetition 448
tcp_ping received 32 bytes back
Round trip time was 0.018105 milliseconds in repetition 449
tcp_ping received 32 bytes back
Round trip time was 0.018152 milliseconds in repetition 450
tcp_ping received 32 bytes back
Round trip time was 0.01764 milliseconds in repetition 451
tcp_ping received 32 bytes back
Round trip time was 0.018182 milliseconds in repetition 452
tcp_ping received 32 bytes back
Round trip time was 0.017894 milliseconds in repetition 453
tcp_ping received 32 bytes back
Round trip time was 0.017749 milliseconds in repetition 454
tcp_ping received 32 bytes back
Round trip time was 0.01765 milliseconds in repetition 455
tcp_ping received 32 bytes back
Round trip time was 0.01841 milliseconds in repetition 456
tcp_ping received 32 bytes back
Round trip time was 0.018228 milliseconds in repetition 457
tcp_ping received 32 bytes back
Round trip time was 0.017809 milliseconds in repetition 458
tcp_ping received 32 bytes back
Round trip time was 0.017809 milliseconds in repetition 459
tcp_ping received 32 bytes back
Round trip time was 0.018261 milliseconds in repetition 460
tcp_ping received 32 bytes back
Round trip time was 0.018061 milliseconds in repetition 461
tcp_ping received 32 bytes back
Round trip time was 0.017733 milliseconds in repetition 462
tcp_ping received 32 bytes back
Round trip time was 0.03209 milliseconds in repetition 463
tcp_ping received 32 bytes back
Round trip time was 0.017503 milliseconds in repetition 464
tcp_ping received 32 bytes back
Round trip time was 0.01727 milliseconds in repetition 465
tcp_ping received 32 bytes back
Round trip time was 0.017355 milliseconds in repetition 466
tcp_ping received 32 bytes back
Round trip time was 0.017194 milliseconds in repetition 467
tcp_ping received 32 bytes back
Round trip time was 0.017601 milliseconds in repetition 468
tcp_ping received 32 bytes back
Round trip time was 0.017269 milliseconds in repetition 469
tcp_ping received 32 bytes back
Round trip time was 0.016983 milliseconds in repetition 470
tcp_ping received 32 bytes back
Round trip time was 0.016819 milliseconds in repetition 471
tcp_ping received 32 bytes back
Round trip time was 0.017515 milliseconds in repetition 472
tcp_ping received 32 bytes back
Round trip time was 0.017347 milliseconds in repetition 473
tcp_ping received 32 bytes back
Round trip time was 0.017164 milliseconds in repetition 474
tcp_ping received 32 bytes back
Round trip time was 0.017015 milliseconds in repetition 475
tcp_ping received 32 bytes back
Round trip time was 0.017295 milliseconds in repetition 476
tcp_ping received 32 bytes back
Round trip time was 0.017472 milliseconds in repetition 477
tcp_ping received 32 bytes back
Round trip time was 0.017037 milliseconds in repetition 478
tcp_ping received 32 bytes back
Round trip time was 0.016691 milliseconds in repetition 479
tcp_ping received 32 bytes back
Round trip time was 0.017419 milliseconds in repetition 480
tcp_ping received 32 bytes back
Round trip time was 0.017112 milliseconds in repetition 481
tcp_ping received 32 bytes back
Round trip time was 0.017002 milliseconds in repetition 482
tcp_ping received 32 bytes back
Round trip time was 0.016735 milliseconds in repetition 483
tcp_ping received 32 bytes back
Round trip time was 0.01752 milliseconds in repetition 484
tcp_ping received 32 bytes back
Round trip time was 0.017125 milliseconds in repetition 485
tcp_ping received 32 bytes back
Round trip time was 0.017058 milliseconds in repetition 486
tcp_ping received 32 bytes back
Round trip time was 0.017064 milliseconds in repetition 487
tcp_ping received 32 bytes back
Round trip time was 0.01752 milliseconds in repetition 488
tcp_ping received 32 bytes back
Round trip time was 0.017134 milliseconds in repetition 489
tcp_ping received 32 bytes back
Round trip time was 0.016901 milliseconds in repetition 490
tcp_ping received 32 bytes back
Round trip time was 0.018368 milliseconds in repetition 491
tcp_ping received 32 bytes back
Round trip time was 0.023231 milliseconds in repetition 492
tcp_ping received 32 bytes back
Round trip time was 0.019528 milliseconds in repetition 493
tcp_ping received 32 bytes back
Round trip time was 0.017477 milliseconds in repetition 494
tcp_ping received 32 bytes back
Round trip time was 0.017253 milliseconds in repetition 495
tcp_ping received 32 bytes back
Round trip time was 0.017405 milliseconds in repetition 496
tcp_ping received 32 bytes back
Round trip time was 0.017061 milliseconds in repetition 497
tcp_ping received 32 bytes back
Round trip time was 0.017027 milliseconds in repetition 498
tcp_ping received 32 bytes back
Round trip time was 0.017294 milliseconds in repetition 499
tcp_ping received 32 bytes back
Round trip time was 0.017651 milliseconds in repetition 500

 ... clock resolution was 1e-06
TCP Ping:  Statistics over 500 repetitions of 32 byte messages

RTT : percentile 10: 0.017749, median: 0.018386, percentile 90: 0.041454, average: 0.024699, variance: 0.000379636

RTT histogram:
0.0166895 380
0.0263106 22
0.0359318 43
0.0455529 46
0.0551741 2
0.0647952 1
0.0744164 0
0.0840375 0
0.0936587 0
0.10328 0
0.112901 0
0.122522 0
0.132143 0
0.141764 1
0.151386 0
0.161007 0
0.170628 0
0.180249 3
0.18987 1
0.199491 0
0.209112 1

   median Throughput : 3480.91 KB/s   overall Throughput : 2591.19 KB/s

