TCP Ping trying to connect to server localhost (127.0.0.1) on port 1491
 ... connected to Pong server: asking for 500 repetitions of 96 bytes TCP messages
 ... Pong server agreed :-)
tcp_ping received 96 bytes back
Round trip time was 0.077768 milliseconds in repetition 1
tcp_ping received 96 bytes back
Round trip time was 0.024639 milliseconds in repetition 2
tcp_ping received 96 bytes back
Round trip time was 0.068781 milliseconds in repetition 3
tcp_ping received 96 bytes back
Round trip time was 0.01661 milliseconds in repetition 4
tcp_ping received 96 bytes back
Round trip time was 0.069298 milliseconds in repetition 5
tcp_ping received 96 bytes back
Round trip time was 0.020103 milliseconds in repetition 6
tcp_ping received 96 bytes back
Round trip time was 0.016106 milliseconds in repetition 7
tcp_ping received 96 bytes back
Round trip time was 0.015342 milliseconds in repetition 8
tcp_ping received 96 bytes back
Round trip time was 0.015201 milliseconds in repetition 9
tcp_ping received 96 bytes back
Round trip time was 0.01567 milliseconds in repetition 10
tcp_ping received 96 bytes back
Round trip time was 0.015395 milliseconds in repetition 11
tcp_ping received 96 bytes back
Round trip time was 0.015474 milliseconds in repetition 12
tcp_ping received 96 bytes back
Round trip time was 0.015245 milliseconds in repetition 13
tcp_ping received 96 bytes back
Round trip time was 0.015659 milliseconds in repetition 14
tcp_ping received 96 bytes back
Round trip time was 0.015223 milliseconds in repetition 15
tcp_ping received 96 bytes back
Round trip time was 0.015308 milliseconds in repetition 16
tcp_ping received 96 bytes back
Round trip time was 0.015355 milliseconds in repetition 17
tcp_ping received 96 bytes back
Round trip time was 0.015244 milliseconds in repetition 18
tcp_ping received 96 bytes back
Round trip time was 0.015678 milliseconds in repetition 19
tcp_ping received 96 bytes back
Round trip time was 0.015635 milliseconds in repetition 20
tcp_ping received 96 bytes back
Round trip time was 0.015409 milliseconds in repetition 21
tcp_ping received 96 bytes back
Round trip time was 0.015411 milliseconds in repetition 22
tcp_ping received 96 bytes back
Round trip time was 0.015258 milliseconds in repetition 23
tcp_ping received 96 bytes back
Round trip time was 0.015448 milliseconds in repetition 24
tcp_ping received 96 bytes back
Round trip time was 0.015265 milliseconds in repetition 25
tcp_ping received 96 bytes back
Round trip time was 0.01537 milliseconds in repetition 26
tcp_ping received 96 bytes back
Round trip time was 0.015736 milliseconds in repetition 27
tcp_ping received 96 bytes back
Round trip time was 0.015268 milliseconds in repetition 28
tcp_ping received 96 bytes back
Round trip time was 0.015208 milliseconds in repetition 29
tcp_ping received 96 bytes back
Round trip time was 0.01536 milliseconds in repetition 30
tcp_ping received 96 bytes back
Round trip time was 0.0159 milliseconds in repetition 31
tcp_ping received 96 bytes back
Round trip time was 0.015285 milliseconds in repetition 32
tcp_ping received 96 bytes back
Round trip time was 0.015342 milliseconds in repetition 33
tcp_ping received 96 bytes back
Round trip time was 0.015871 milliseconds in repetition 34
tcp_ping received 96 bytes back
Round trip time was 0.015411 milliseconds in repetition 35
tcp_ping received 96 bytes back
Round trip time was 0.015358 milliseconds in repetition 36
tcp_ping received 96 bytes back
Round trip time was 0.015107 milliseconds in repetition 37
tcp_ping received 96 bytes back
Round trip time was 0.015195 milliseconds in repetition 38
tcp_ping received 96 bytes back
Round trip time was 0.015261 milliseconds in repetition 39
tcp_ping received 96 bytes back
Round trip time was 0.01527 milliseconds in repetition 40
tcp_ping received 96 bytes back
Round trip time was 0.015078 milliseconds in repetition 41
tcp_ping received 96 bytes back
Round trip time was 0.015074 milliseconds in repetition 42
tcp_ping received 96 bytes back
Round trip time was 0.015266 milliseconds in repetition 43
tcp_ping received 96 bytes back
Round trip time was 0.015043 milliseconds in repetition 44
tcp_ping received 96 bytes back
Round trip time was 0.017512 milliseconds in repetition 45
tcp_ping received 96 bytes back
Round trip time was 0.015696 milliseconds in repetition 46
tcp_ping received 96 bytes back
Round trip time was 0.015488 milliseconds in repetition 47
tcp_ping received 96 bytes back
Round trip time was 0.0154 milliseconds in repetition 48
tcp_ping received 96 bytes back
Round trip time was 0.015457 milliseconds in repetition 49
tcp_ping received 96 bytes back
Round trip time was 0.015489 milliseconds in repetition 50
tcp_ping received 96 bytes back
Round trip time was 0.015389 milliseconds in repetition 51
tcp_ping received 96 bytes back
Round trip time was 0.015432 milliseconds in repetition 52
tcp_ping received 96 bytes back
Round trip time was 0.015405 milliseconds in repetition 53
tcp_ping received 96 bytes back
Round trip time was 0.015475 milliseconds in repetition 54
tcp_ping received 96 bytes back
Round trip time was 0.015557 milliseconds in repetition 55
tcp_ping received 96 bytes back
Round trip time was 0.01555 milliseconds in repetition 56
tcp_ping received 96 bytes back
Round trip time was 0.015289 milliseconds in repetition 57
tcp_ping received 96 bytes back
Round trip time was 0.01551 milliseconds in repetition 58
tcp_ping received 96 bytes back
Round trip time was 0.015123 milliseconds in repetition 59
tcp_ping received 96 bytes back
Round trip time was 0.01528 milliseconds in repetition 60
tcp_ping received 96 bytes back
Round trip time was 0.015239 milliseconds in repetition 61
tcp_ping received 96 bytes back
Round trip time was 0.015454 milliseconds in repetition 62
tcp_ping received 96 bytes back
Round trip time was 0.01529 milliseconds in repetition 63
tcp_ping received 96 bytes back
Round trip time was 0.015506 milliseconds in repetition 64
tcp_ping received 96 bytes back
Round trip time was 0.015103 milliseconds in repetition 65
tcp_ping received 96 bytes back
Round trip time was 0.015744 milliseconds in repetition 66
tcp_ping received 96 bytes back
Round trip time was 0.015383 milliseconds in repetition 67
tcp_ping received 96 bytes back
Round trip time was 0.01539 milliseconds in repetition 68
tcp_ping received 96 bytes back
Round trip time was 0.015223 milliseconds in repetition 69
tcp_ping received 96 bytes back
Round trip time was 0.015621 milliseconds in repetition 70
tcp_ping received 96 bytes back
Round trip time was 0.015525 milliseconds in repetition 71
tcp_ping received 96 bytes back
Round trip time was 0.015134 milliseconds in repetition 72
tcp_ping received 96 bytes back
Round trip time was 0.015351 milliseconds in repetition 73
tcp_ping received 96 bytes back
Round trip time was 0.015382 milliseconds in repetition 74
tcp_ping received 96 bytes back
Round trip time was 0.015414 milliseconds in repetition 75
tcp_ping received 96 bytes back
Round trip time was 0.01532 milliseconds in repetition 76
tcp_ping received 96 bytes back
Round trip time was 0.015241 milliseconds in repetition 77
tcp_ping received 96 bytes back
Round trip time was 0.015744 milliseconds in repetition 78
tcp_ping received 96 bytes back
Round trip time was 0.015443 milliseconds in repetition 79
tcp_ping received 96 bytes back
Round trip time was 0.015197 milliseconds in repetition 80
tcp_ping received 96 bytes back
Round trip time was 0.015109 milliseconds in repetition 81
tcp_ping received 96 bytes back
Round trip time was 0.015647 milliseconds in repetition 82
tcp_ping received 96 bytes back
Round trip time was 0.015622 milliseconds in repetition 83
tcp_ping received 96 bytes back
Round trip time was 0.015525 milliseconds in repetition 84
tcp_ping received 96 bytes back
Round trip time was 0.015181 milliseconds in repetition 85
tcp_ping received 96 bytes back
Round trip time was 0.015482 milliseconds in repetition 86
tcp_ping received 96 bytes back
Round trip time was 0.015486 milliseconds in repetition 87
tcp_ping received 96 bytes back
Round trip time was 0.015045 milliseconds in repetition 88
tcp_ping received 96 bytes back
Round trip time was 0.015001 milliseconds in repetition 89
tcp_ping received 96 bytes back
Round trip time was 0.017633 milliseconds in repetition 90
tcp_ping received 96 bytes back
Round trip time was 0.015587 milliseconds in repetition 91
tcp_ping received 96 bytes back
Round trip time was 0.015432 milliseconds in repetition 92
tcp_ping received 96 bytes back
Round trip time was 0.015139 milliseconds in repetition 93
tcp_ping received 96 bytes back
Round trip time was 0.015497 milliseconds in repetition 94
tcp_ping received 96 bytes back
Round trip time was 0.015344 milliseconds in repetition 95
tcp_ping received 96 bytes back
Round trip time was 0.015036 milliseconds in repetition 96
tcp_ping received 96 bytes back
Round trip time was 0.015208 milliseconds in repetition 97
tcp_ping received 96 bytes back
Round trip time was 0.015406 milliseconds in repetition 98
tcp_ping received 96 bytes back
Round trip time was 0.015398 milliseconds in repetition 99
tcp_ping received 96 bytes back
Round trip time was 0.01539 milliseconds in repetition 100
tcp_ping received 96 bytes back
Round trip time was 0.015088 milliseconds in repetition 101
tcp_ping received 96 bytes back
Round trip time was 0.015525 milliseconds in repetition 102
tcp_ping received 96 bytes back
Round trip time was 0.015315 milliseconds in repetition 103
tcp_ping received 96 bytes back
Round trip time was 0.015223 milliseconds in repetition 104
tcp_ping received 96 bytes back
Round trip time was 0.015018 milliseconds in repetition 105
tcp_ping received 96 bytes back
Round trip time was 0.015473 milliseconds in repetition 106
tcp_ping received 96 bytes back
Round trip time was 0.015457 milliseconds in repetition 107
tcp_ping received 96 bytes back
Round trip time was 0.015417 milliseconds in repetition 108
tcp_ping received 96 bytes back
Round trip time was 0.015198 milliseconds in repetition 109
tcp_ping received 96 bytes back
Round trip time was 0.015471 milliseconds in repetition 110
tcp_ping received 96 bytes back
Round trip time was 0.01539 milliseconds in repetition 111
tcp_ping received 96 bytes back
Round trip time was 0.0154 milliseconds in repetition 112
tcp_ping received 96 bytes back
Round trip time was 0.015124 milliseconds in repetition 113
tcp_ping received 96 bytes back
Round trip time was 0.015435 milliseconds in repetition 114
tcp_ping received 96 bytes back
Round trip time was 0.015383 milliseconds in repetition 115
tcp_ping received 96 bytes back
Round trip time was 0.015391 milliseconds in repetition 116
tcp_ping received 96 bytes back
Round trip time was 0.015243 milliseconds in repetition 117
tcp_ping received 96 bytes back
Round trip time was 0.015579 milliseconds in repetition 118
tcp_ping received 96 bytes back
Round trip time was 0.015539 milliseconds in repetition 119
tcp_ping received 96 bytes back
Round trip time was 0.015089 milliseconds in repetition 120
tcp_ping received 96 bytes back
Round trip time was 0.014944 milliseconds in repetition 121
tcp_ping received 96 bytes back
Round trip time was 0.015494 milliseconds in repetition 122
tcp_ping received 96 bytes back
Round trip time was 0.015293 milliseconds in repetition 123
tcp_ping received 96 bytes back
Round trip time was 0.015357 milliseconds in repetition 124
tcp_ping received 96 bytes back
Round trip time was 0.014848 milliseconds in repetition 125
tcp_ping received 96 bytes back
Round trip time was 0.015693 milliseconds in repetition 126
tcp_ping received 96 bytes back
Round trip time was 0.015216 milliseconds in repetition 127
tcp_ping received 96 bytes back
Round trip time was 0.015044 milliseconds in repetition 128
tcp_ping received 96 bytes back
Round trip time was 0.015053 milliseconds in repetition 129
tcp_ping received 96 bytes back
Round trip time was 0.015537 milliseconds in repetition 130
tcp_ping received 96 bytes back
Round trip time was 0.015229 milliseconds in repetition 131
tcp_ping received 96 bytes back
Round trip time was 0.015283 milliseconds in repetition 132
tcp_ping received 96 bytes back
Round trip time was 0.015154 milliseconds in repetition 133
tcp_ping received 96 bytes back
Round trip time was 0.016951 milliseconds in repetition 134
tcp_ping received 96 bytes back
Round trip time was 0.015537 milliseconds in repetition 135
tcp_ping received 96 bytes back
Round trip time was 0.015507 milliseconds in repetition 136
tcp_ping received 96 bytes back
Round trip time was 0.015382 milliseconds in repetition 137
tcp_ping received 96 bytes back
Round trip time was 0.015275 milliseconds in repetition 138
tcp_ping received 96 bytes back
Round trip time was 0.015213 milliseconds in repetition 139
tcp_ping received 96 bytes back
Round trip time was 0.015317 milliseconds in repetition 140
tcp_ping received 96 bytes back
Round trip time was 0.015464 milliseconds in repetition 141
tcp_ping received 96 bytes back
Round trip time was 0.015769 milliseconds in repetition 142
tcp_ping received 96 bytes back
Round trip time was 0.015474 milliseconds in repetition 143
tcp_ping received 96 bytes back
Round trip time was 0.015432 milliseconds in repetition 144
tcp_ping received 96 bytes back
Round trip time was 0.015619 milliseconds in repetition 145
tcp_ping received 96 bytes back
Round trip time was 0.015167 milliseconds in repetition 146
tcp_ping received 96 bytes back
Round trip time was 0.015301 milliseconds in repetition 147
tcp_ping received 96 bytes back
Round trip time was 0.01533 milliseconds in repetition 148
tcp_ping received 96 bytes back
Round trip time was 0.015745 milliseconds in repetition 149
tcp_ping received 96 bytes back
Round trip time was 0.015487 milliseconds in repetition 150
tcp_ping received 96 bytes back
Round trip time was 0.015421 milliseconds in repetition 151
tcp_ping received 96 bytes back
Round trip time was 0.015426 milliseconds in repetition 152
tcp_ping received 96 bytes back
Round trip time was 0.015527 milliseconds in repetition 153
tcp_ping received 96 bytes back
Round trip time was 0.015225 milliseconds in repetition 154
tcp_ping received 96 bytes back
Round trip time was 0.015327 milliseconds in repetition 155
tcp_ping received 96 bytes back
Round trip time was 0.015251 milliseconds in repetition 156
tcp_ping received 96 bytes back
Round trip time was 0.015164 milliseconds in repetition 157
tcp_ping received 96 bytes back
Round trip time was 0.015505 milliseconds in repetition 158
tcp_ping received 96 bytes back
Round trip time was 0.015447 milliseconds in repetition 159
tcp_ping received 96 bytes back
Round trip time was 0.015511 milliseconds in repetition 160
tcp_ping received 96 bytes back
Round trip time was 0.015298 milliseconds in repetition 161
tcp_ping received 96 bytes back
Round trip time was 0.015572 milliseconds in repetition 162
tcp_ping received 96 bytes back
Round trip time was 0.015383 milliseconds in repetition 163
tcp_ping received 96 bytes back
Round trip time was 0.015149 milliseconds in repetition 164
tcp_ping received 96 bytes back
Round trip time was 0.015248 milliseconds in repetition 165
tcp_ping received 96 bytes back
Round trip time was 0.015552 milliseconds in repetition 166
tcp_ping received 96 bytes back
Round trip time was 0.015446 milliseconds in repetition 167
tcp_ping received 96 bytes back
Round trip time was 0.01539 milliseconds in repetition 168
tcp_ping received 96 bytes back
Round trip time was 0.01523 milliseconds in repetition 169
tcp_ping received 96 bytes back
Round trip time was 0.015329 milliseconds in repetition 170
tcp_ping received 96 bytes back
Round trip time was 0.015177 milliseconds in repetition 171
tcp_ping received 96 bytes back
Round trip time was 0.015247 milliseconds in repetition 172
tcp_ping received 96 bytes back
Round trip time was 0.015207 milliseconds in repetition 173
tcp_ping received 96 bytes back
Round trip time was 0.015352 milliseconds in repetition 174
tcp_ping received 96 bytes back
Round trip time was 0.015228 milliseconds in repetition 175
tcp_ping received 96 bytes back
Round trip time was 0.015133 milliseconds in repetition 176
tcp_ping received 96 bytes back
Round trip time was 0.015493 milliseconds in repetition 177
tcp_ping received 96 bytes back
Round trip time was 0.015269 milliseconds in repetition 178
tcp_ping received 96 bytes back
Round trip time was 0.016851 milliseconds in repetition 179
tcp_ping received 96 bytes back
Round trip time was 0.015663 milliseconds in repetition 180
tcp_ping received 96 bytes back
Round trip time was 0.015091 milliseconds in repetition 181
tcp_ping received 96 bytes back
Round trip time was 0.015315 milliseconds in repetition 182
tcp_ping received 96 bytes back
Round trip time was 0.015338 milliseconds in repetition 183
tcp_ping received 96 bytes back
Round trip time was 0.015256 milliseconds in repetition 184
tcp_ping received 96 bytes back
Round trip time was 0.015379 milliseconds in repetition 185
tcp_ping received 96 bytes back
Round trip time was 0.015453 milliseconds in repetition 186
tcp_ping received 96 bytes back
Round trip time was 0.015142 milliseconds in repetition 187
tcp_ping received 96 bytes back
Round trip time was 0.015518 milliseconds in repetition 188
tcp_ping received 96 bytes back
Round trip time was 0.015051 milliseconds in repetition 189
tcp_ping received 96 bytes back
Round trip time was 0.015399 milliseconds in repetition 190
tcp_ping received 96 bytes back
Round trip time was 0.015352 milliseconds in repetition 191
tcp_ping received 96 bytes back
Round trip time was 0.015182 milliseconds in repetition 192
tcp_ping received 96 bytes back
Round trip time was 0.015309 milliseconds in repetition 193
tcp_ping received 96 bytes back
Round trip time was 0.015524 milliseconds in repetition 194
tcp_ping received 96 bytes back
Round trip time was 0.01543 milliseconds in repetition 195
tcp_ping received 96 bytes back
Round trip time was 0.015605 milliseconds in repetition 196
tcp_ping received 96 bytes back
Round trip time was 0.02453 milliseconds in repetition 197
tcp_ping received 96 bytes back
Round trip time was 0.016671 milliseconds in repetition 198
tcp_ping received 96 bytes back
Round trip time was 0.015352 milliseconds in repetition 199
tcp_ping received 96 bytes back
Round trip time was 0.015106 milliseconds in repetition 200
tcp_ping received 96 bytes back
Round trip time was 0.01525 milliseconds in repetition 201
tcp_ping received 96 bytes back
Round trip time was 0.015186 milliseconds in repetition 202
tcp_ping received 96 bytes back
Round trip time was 0.015359 milliseconds in repetition 203
tcp_ping received 96 bytes back
Round trip time was 0.015367 milliseconds in repetition 204
tcp_ping received 96 bytes back
Round trip time was 0.015074 milliseconds in repetition 205
tcp_ping received 96 bytes back
Round trip time was 0.015261 milliseconds in repetition 206
tcp_ping received 96 bytes back
Round trip time was 0.014949 milliseconds in repetition 207
tcp_ping received 96 bytes back
Round trip time was 0.015534 milliseconds in repetition 208
tcp_ping received 96 bytes back
Round trip time was 0.014911 milliseconds in repetition 209
tcp_ping received 96 bytes back
Round trip time was 0.015136 milliseconds in repetition 210
tcp_ping received 96 bytes back
Round trip time was 0.01551 milliseconds in repetition 211
tcp_ping received 96 bytes back
Round trip time was 0.015545 milliseconds in repetition 212
tcp_ping received 96 bytes back
Round trip time was 0.015254 milliseconds in repetition 213
tcp_ping received 96 bytes back
Round trip time was 0.015262 milliseconds in repetition 214
tcp_ping received 96 bytes back
Round trip time was 0.014954 milliseconds in repetition 215
tcp_ping received 96 bytes back
Round trip time was 0.015066 milliseconds in repetition 216
tcp_ping received 96 bytes back
Round trip time was 0.015088 milliseconds in repetition 217
tcp_ping received 96 bytes back
Round trip time was 0.015177 milliseconds in repetition 218
tcp_ping received 96 bytes back
Round trip time was 0.015252 milliseconds in repetition 219
tcp_ping received 96 bytes back
Round trip time was 0.015088 milliseconds in repetition 220
tcp_ping received 96 bytes back
Round trip time was 0.015101 milliseconds in repetition 221
tcp_ping received 96 bytes back
Round trip time was 0.014963 milliseconds in repetition 222
tcp_ping received 96 bytes back
Round trip time was 0.015162 milliseconds in repetition 223
tcp_ping received 96 bytes back
Round trip time was 0.016806 milliseconds in repetition 224
tcp_ping received 96 bytes back
Round trip time was 0.015484 milliseconds in repetition 225
tcp_ping received 96 bytes back
Round trip time was 0.015288 milliseconds in repetition 226
tcp_ping received 96 bytes back
Round trip time was 0.0154 milliseconds in repetition 227
tcp_ping received 96 bytes back
Round trip time was 0.015223 milliseconds in repetition 228
tcp_ping received 96 bytes back
Round trip time was 0.015064 milliseconds in repetition 229
tcp_ping received 96 bytes back
Round trip time was 0.015414 milliseconds in repetition 230
tcp_ping received 96 bytes back
Round trip time was 0.01509 milliseconds in repetition 231
tcp_ping received 96 bytes back
Round trip time was 0.015282 milliseconds in repetition 232
tcp_ping received 96 bytes back
Round trip time was 0.014935 milliseconds in repetition 233
tcp_ping received 96 bytes back
Round trip time was 0.014957 milliseconds in repetition 234
tcp_ping received 96 bytes back
Round trip time was 0.015176 milliseconds in repetition 235
tcp_ping received 96 bytes back
Round trip time was 0.014984 milliseconds in repetition 236
tcp_ping received 96 bytes back
Round trip time was 0.014875 milliseconds in repetition 237
tcp_ping received 96 bytes back
Round trip time was 0.015324 milliseconds in repetition 238
tcp_ping received 96 bytes back
Round trip time was 0.015034 milliseconds in repetition 239
tcp_ping received 96 bytes back
Round trip time was 0.015394 milliseconds in repetition 240
tcp_ping received 96 bytes back
Round trip time was 0.015073 milliseconds in repetition 241
tcp_ping received 96 bytes back
Round trip time was 0.015129 milliseconds in repetition 242
tcp_ping received 96 bytes back
Round trip time was 0.015355 milliseconds in repetition 243
tcp_ping received 96 bytes back
Round trip time was 0.015263 milliseconds in repetition 244
tcp_ping received 96 bytes back
Round trip time was 0.015195 milliseconds in repetition 245
tcp_ping received 96 bytes back
Round trip time was 0.015198 milliseconds in repetition 246
tcp_ping received 96 bytes back
Round trip time was 0.0153 milliseconds in repetition 247
tcp_ping received 96 bytes back
Round trip time was 0.015039 milliseconds in repetition 248
tcp_ping received 96 bytes back
Round trip time was 0.014928 milliseconds in repetition 249
tcp_ping received 96 bytes back
Round trip time was 0.015146 milliseconds in repetition 250
tcp_ping received 96 bytes back
Round trip time was 0.015158 milliseconds in repetition 251
tcp_ping received 96 bytes back
Round trip time was 0.015109 milliseconds in repetition 252
tcp_ping received 96 bytes back
Round trip time was 0.015174 milliseconds in repetition 253
tcp_ping received 96 bytes back
Round trip time was 0.015397 milliseconds in repetition 254
tcp_ping received 96 bytes back
Round trip time was 0.014986 milliseconds in repetition 255
tcp_ping received 96 bytes back
Round trip time was 0.01497 milliseconds in repetition 256
tcp_ping received 96 bytes back
Round trip time was 0.01489 milliseconds in repetition 257
tcp_ping received 96 bytes back
Round trip time was 0.015156 milliseconds in repetition 258
tcp_ping received 96 bytes back
Round trip time was 0.015083 milliseconds in repetition 259
tcp_ping received 96 bytes back
Round trip time was 0.015206 milliseconds in repetition 260
tcp_ping received 96 bytes back
Round trip time was 0.015129 milliseconds in repetition 261
tcp_ping received 96 bytes back
Round trip time was 0.015135 milliseconds in repetition 262
tcp_ping received 96 bytes back
Round trip time was 0.015246 milliseconds in repetition 263
tcp_ping received 96 bytes back
Round trip time was 0.015358 milliseconds in repetition 264
tcp_ping received 96 bytes back
Round trip time was 0.015071 milliseconds in repetition 265
tcp_ping received 96 bytes back
Round trip time was 0.014845 milliseconds in repetition 266
tcp_ping received 96 bytes back
Round trip time was 0.015295 milliseconds in repetition 267
tcp_ping received 96 bytes back
Round trip time was 0.016809 milliseconds in repetition 268
tcp_ping received 96 bytes back
Round trip time was 0.015228 milliseconds in repetition 269
tcp_ping received 96 bytes back
Round trip time was 0.015261 milliseconds in repetition 270
tcp_ping received 96 bytes back
Round trip time was 0.015456 milliseconds in repetition 271
tcp_ping received 96 bytes back
Round trip time was 0.014976 milliseconds in repetition 272
tcp_ping received 96 bytes back
Round trip time was 0.015005 milliseconds in repetition 273
tcp_ping received 96 bytes back
Round trip time was 0.015019 milliseconds in repetition 274
tcp_ping received 96 bytes back
Round trip time was 0.015296 milliseconds in repetition 275
tcp_ping received 96 bytes back
Round trip time was 0.01503 milliseconds in repetition 276
tcp_ping received 96 bytes back
Round trip time was 0.014765 milliseconds in repetition 277
tcp_ping received 96 bytes back
Round trip time was 0.015381 milliseconds in repetition 278
tcp_ping received 96 bytes back
Round trip time was 0.015443 milliseconds in repetition 279
tcp_ping received 96 bytes back
Round trip time was 0.015124 milliseconds in repetition 280
tcp_ping received 96 bytes back
Round trip time was 0.015177 milliseconds in repetition 281
tcp_ping received 96 bytes back
Round trip time was 0.015053 milliseconds in repetition 282
tcp_ping received 96 bytes back
Round trip time was 0.01532 milliseconds in repetition 283
tcp_ping received 96 bytes back
Round trip time was 0.014985 milliseconds in repetition 284
tcp_ping received 96 bytes back
Round trip time was 0.014791 milliseconds in repetition 285
tcp_ping received 96 bytes back
Round trip time was 0.015265 milliseconds in repetition 286
tcp_ping received 96 bytes back
Round trip time was 0.015407 milliseconds in repetition 287
tcp_ping received 96 bytes back
Round trip time was 0.014969 milliseconds in repetition 288
tcp_ping received 96 bytes back
Round trip time was 0.014757 milliseconds in repetition 289
tcp_ping received 96 bytes back
Round trip time was 0.015026 milliseconds in repetition 290
tcp_ping received 96 bytes back
Round trip time was 0.01547 milliseconds in repetition 291
tcp_ping received 96 bytes back
Round trip time was 0.01499 milliseconds in repetition 292
tcp_ping received 96 bytes back
Round trip time was 0.014979 milliseconds in repetition 293
tcp_ping received 96 bytes back
Round trip time was 0.015117 milliseconds in repetition 294
tcp_ping received 96 bytes back
Round trip time was 0.015372 milliseconds in repetition 295
tcp_ping received 96 bytes back
Round trip time was 0.015221 milliseconds in repetition 296
tcp_ping received 96 bytes back
Round trip time was 0.015017 milliseconds in repetition 297
tcp_ping received 96 bytes back
Round trip time was 0.015105 milliseconds in repetition 298
tcp_ping received 96 bytes back
Round trip time was 0.015505 milliseconds in repetition 299
tcp_ping received 96 bytes back
Round trip time was 0.015238 milliseconds in repetition 300
tcp_ping received 96 bytes back
Round trip time was 0.015079 milliseconds in repetition 301
tcp_ping received 96 bytes back
Round trip time was 0.015249 milliseconds in repetition 302
tcp_ping received 96 bytes back
Round trip time was 0.015295 milliseconds in repetition 303
tcp_ping received 96 bytes back
Round trip time was 0.015251 milliseconds in repetition 304
tcp_ping received 96 bytes back
Round trip time was 0.014817 milliseconds in repetition 305
tcp_ping received 96 bytes back
Round trip time was 0.015124 milliseconds in repetition 306
tcp_ping received 96 bytes back
Round trip time was 0.015502 milliseconds in repetition 307
tcp_ping received 96 bytes back
Round trip time was 0.015352 milliseconds in repetition 308
tcp_ping received 96 bytes back
Round trip time was 0.015017 milliseconds in repetition 309
tcp_ping received 96 bytes back
Round trip time was 0.015106 milliseconds in repetition 310
tcp_ping received 96 bytes back
Round trip time was 0.015343 milliseconds in repetition 311
tcp_ping received 96 bytes back
Round trip time was 0.015166 milliseconds in repetition 312
tcp_ping received 96 bytes back
Round trip time was 0.016313 milliseconds in repetition 313
tcp_ping received 96 bytes back
Round trip time was 0.015267 milliseconds in repetition 314
tcp_ping received 96 bytes back
Round trip time was 0.015209 milliseconds in repetition 315
tcp_ping received 96 bytes back
Round trip time was 0.015091 milliseconds in repetition 316
tcp_ping received 96 bytes back
Round trip time was 0.014856 milliseconds in repetition 317
tcp_ping received 96 bytes back
Round trip time was 0.015206 milliseconds in repetition 318
tcp_ping received 96 bytes back
Round trip time was 0.015142 milliseconds in repetition 319
tcp_ping received 96 bytes back
Round trip time was 0.015357 milliseconds in repetition 320
tcp_ping received 96 bytes back
Round trip time was 0.015136 milliseconds in repetition 321
tcp_ping received 96 bytes back
Round trip time was 0.015353 milliseconds in repetition 322
tcp_ping received 96 bytes back
Round trip time was 0.015037 milliseconds in repetition 323
tcp_ping received 96 bytes back
Round trip time was 0.014938 milliseconds in repetition 324
tcp_ping received 96 bytes back
Round trip time was 0.014775 milliseconds in repetition 325
tcp_ping received 96 bytes back
Round trip time was 0.015218 milliseconds in repetition 326
tcp_ping received 96 bytes back
Round trip time was 0.015394 milliseconds in repetition 327
tcp_ping received 96 bytes back
Round trip time was 0.015289 milliseconds in repetition 328
tcp_ping received 96 bytes back
Round trip time was 0.014889 milliseconds in repetition 329
tcp_ping received 96 bytes back
Round trip time was 0.015029 milliseconds in repetition 330
tcp_ping received 96 bytes back
Round trip time was 0.015701 milliseconds in repetition 331
tcp_ping received 96 bytes back
Round trip time was 0.014953 milliseconds in repetition 332
tcp_ping received 96 bytes back
Round trip time was 0.014876 milliseconds in repetition 333
tcp_ping received 96 bytes back
Round trip time was 0.015119 milliseconds in repetition 334
tcp_ping received 96 bytes back
Round trip time was 0.015137 milliseconds in repetition 335
tcp_ping received 96 bytes back
Round trip time was 0.015218 milliseconds in repetition 336
tcp_ping received 96 bytes back
Round trip time was 0.014834 milliseconds in repetition 337
tcp_ping received 96 bytes back
Round trip time was 0.015118 milliseconds in repetition 338
tcp_ping received 96 bytes back
Round trip time was 0.015021 milliseconds in repetition 339
tcp_ping received 96 bytes back
Round trip time was 0.014895 milliseconds in repetition 340
tcp_ping received 96 bytes back
Round trip time was 0.014705 milliseconds in repetition 341
tcp_ping received 96 bytes back
Round trip time was 0.015115 milliseconds in repetition 342
tcp_ping received 96 bytes back
Round trip time was 0.015315 milliseconds in repetition 343
tcp_ping received 96 bytes back
Round trip time was 0.015275 milliseconds in repetition 344
tcp_ping received 96 bytes back
Round trip time was 0.015049 milliseconds in repetition 345
tcp_ping received 96 bytes back
Round trip time was 0.015236 milliseconds in repetition 346
tcp_ping received 96 bytes back
Round trip time was 0.014833 milliseconds in repetition 347
tcp_ping received 96 bytes back
Round trip time was 0.01475 milliseconds in repetition 348
tcp_ping received 96 bytes back
Round trip time was 0.014649 milliseconds in repetition 349
tcp_ping received 96 bytes back
Round trip time was 0.015042 milliseconds in repetition 350
tcp_ping received 96 bytes back
Round trip time was 0.01512 milliseconds in repetition 351
tcp_ping received 96 bytes back
Round trip time was 0.015149 milliseconds in repetition 352
tcp_ping received 96 bytes back
Round trip time was 0.014848 milliseconds in repetition 353
tcp_ping received 96 bytes back
Round trip time was 0.015132 milliseconds in repetition 354
tcp_ping received 96 bytes back
Round trip time was 0.015047 milliseconds in repetition 355
tcp_ping received 96 bytes back
Round trip time was 0.014847 milliseconds in repetition 356
tcp_ping received 96 bytes back
Round trip time was 0.01779 milliseconds in repetition 357
tcp_ping received 96 bytes back
Round trip time was 0.015814 milliseconds in repetition 358
tcp_ping received 96 bytes back
Round trip time was 0.015308 milliseconds in repetition 359
tcp_ping received 96 bytes back
Round trip time was 0.014937 milliseconds in repetition 360
tcp_ping received 96 bytes back
Round trip time was 0.014862 milliseconds in repetition 361
tcp_ping received 96 bytes back
Round trip time was 0.015344 milliseconds in repetition 362
tcp_ping received 96 bytes back
Round trip time was 0.015049 milliseconds in repetition 363
tcp_ping received 96 bytes back
Round trip time was 0.015116 milliseconds in repetition 364
tcp_ping received 96 bytes back
Round trip time was 0.014734 milliseconds in repetition 365
tcp_ping received 96 bytes back
Round trip time was 0.015349 milliseconds in repetition 366
tcp_ping received 96 bytes back
Round trip time was 0.015181 milliseconds in repetition 367
tcp_ping received 96 bytes back
Round trip time was 0.014745 milliseconds in repetition 368
tcp_ping received 96 bytes back
Round trip time was 0.014996 milliseconds in repetition 369
tcp_ping received 96 bytes back
Round trip time was 0.015281 milliseconds in repetition 370
tcp_ping received 96 bytes back
Round trip time was 0.015207 milliseconds in repetition 371
tcp_ping received 96 bytes back
Round trip time was 0.014956 milliseconds in repetition 372
tcp_ping received 96 bytes back
Round trip time was 0.014829 milliseconds in repetition 373
tcp_ping received 96 bytes back
Round trip time was 0.015136 milliseconds in repetition 374
tcp_ping received 96 bytes back
Round trip time was 0.015146 milliseconds in repetition 375
tcp_ping received 96 bytes back
Round trip time was 0.014945 milliseconds in repetition 376
tcp_ping received 96 bytes back
Round trip time was 0.014701 milliseconds in repetition 377
tcp_ping received 96 bytes back
Round trip time was 0.015272 milliseconds in repetition 378
tcp_ping received 96 bytes back
Round trip time was 0.01507 milliseconds in repetition 379
tcp_ping received 96 bytes back
Round trip time was 0.014854 milliseconds in repetition 380
tcp_ping received 96 bytes back
Round trip time was 0.014787 milliseconds in repetition 381
tcp_ping received 96 bytes back
Round trip time was 0.015436 milliseconds in repetition 382
tcp_ping received 96 bytes back
Round trip time was 0.014948 milliseconds in repetition 383
tcp_ping received 96 bytes back
Round trip time was 0.014936 milliseconds in repetition 384
tcp_ping received 96 bytes back
Round trip time was 0.014794 milliseconds in repetition 385
tcp_ping received 96 bytes back
Round trip time was 0.015691 milliseconds in repetition 386
tcp_ping received 96 bytes back
Round trip time was 0.015232 milliseconds in repetition 387
tcp_ping received 96 bytes back
Round trip time was 0.014985 milliseconds in repetition 388
tcp_ping received 96 bytes back
Round trip time was 0.015381 milliseconds in repetition 389
tcp_ping received 96 bytes back
Round trip time was 0.015377 milliseconds in repetition 390
tcp_ping received 96 bytes back
Round trip time was 0.015113 milliseconds in repetition 391
tcp_ping received 96 bytes back
Round trip time was 0.015034 milliseconds in repetition 392
tcp_ping received 96 bytes back
Round trip time was 0.014975 milliseconds in repetition 393
tcp_ping received 96 bytes back
Round trip time was 0.01534 milliseconds in repetition 394
tcp_ping received 96 bytes back
Round trip time was 0.015445 milliseconds in repetition 395
tcp_ping received 96 bytes back
Round trip time was 0.015141 milliseconds in repetition 396
tcp_ping received 96 bytes back
Round trip time was 0.014996 milliseconds in repetition 397
tcp_ping received 96 bytes back
Round trip time was 0.015312 milliseconds in repetition 398
tcp_ping received 96 bytes back
Round trip time was 0.014997 milliseconds in repetition 399
tcp_ping received 96 bytes back
Round trip time was 0.015065 milliseconds in repetition 400
tcp_ping received 96 bytes back
Round trip time was 0.014665 milliseconds in repetition 401
tcp_ping received 96 bytes back
Round trip time was 0.016811 milliseconds in repetition 402
tcp_ping received 96 bytes back
Round trip time was 0.015692 milliseconds in repetition 403
tcp_ping received 96 bytes back
Round trip time was 0.014981 milliseconds in repetition 404
tcp_ping received 96 bytes back
Round trip time was 0.014906 milliseconds in repetition 405
tcp_ping received 96 bytes back
Round trip time was 0.015393 milliseconds in repetition 406
tcp_ping received 96 bytes back
Round trip time was 0.01518 milliseconds in repetition 407
tcp_ping received 96 bytes back
Round trip time was 0.01512 milliseconds in repetition 408
tcp_ping received 96 bytes back
Round trip time was 0.015136 milliseconds in repetition 409
tcp_ping received 96 bytes back
Round trip time was 0.015314 milliseconds in repetition 410
tcp_ping received 96 bytes back
Round trip time was 0.015296 milliseconds in repetition 411
tcp_ping received 96 bytes back
Round trip time was 0.014942 milliseconds in repetition 412
tcp_ping received 96 bytes back
Round trip time was 0.014909 milliseconds in repetition 413
tcp_ping received 96 bytes back
Round trip time was 0.015013 milliseconds in repetition 414
tcp_ping received 96 bytes back
Round trip time was 0.015149 milliseconds in repetition 415
tcp_ping received 96 bytes back
Round trip time was 0.014936 milliseconds in repetition 416
tcp_ping received 96 bytes back
Round trip time was 0.01472 milliseconds in repetition 417
tcp_ping received 96 bytes back
Round trip time was 0.015359 milliseconds in repetition 418
tcp_ping received 96 bytes back
Round trip time was 0.015318 milliseconds in repetition 419
tcp_ping received 96 bytes back
Round trip time was 0.01512 milliseconds in repetition 420
tcp_ping received 96 bytes back
Round trip time was 0.014998 milliseconds in repetition 421
tcp_ping received 96 bytes back
Round trip time was 0.015284 milliseconds in repetition 422
tcp_ping received 96 bytes back
Round trip time was 0.019311 milliseconds in repetition 423
tcp_ping received 96 bytes back
Round trip time was 0.013853 milliseconds in repetition 424
tcp_ping received 96 bytes back
Round trip time was 0.015939 milliseconds in repetition 425
tcp_ping received 96 bytes back
Round trip time was 0.015156 milliseconds in repetition 426
tcp_ping received 96 bytes back
Round trip time was 0.01488 milliseconds in repetition 427
tcp_ping received 96 bytes back
Round trip time was 0.014842 milliseconds in repetition 428
tcp_ping received 96 bytes back
Round trip time was 0.015224 milliseconds in repetition 429
tcp_ping received 96 bytes back
Round trip time was 0.015322 milliseconds in repetition 430
tcp_ping received 96 bytes back
Round trip time was 0.015115 milliseconds in repetition 431
tcp_ping received 96 bytes back
Round trip time was 0.014869 milliseconds in repetition 432
tcp_ping received 96 bytes back
Round trip time was 0.015461 milliseconds in repetition 433
tcp_ping received 96 bytes back
Round trip time was 0.015166 milliseconds in repetition 434
tcp_ping received 96 bytes back
Round trip time was 0.014978 milliseconds in repetition 435
tcp_ping received 96 bytes back
Round trip time was 0.01481 milliseconds in repetition 436
tcp_ping received 96 bytes back
Round trip time was 0.015186 milliseconds in repetition 437
tcp_ping received 96 bytes back
Round trip time was 0.014969 milliseconds in repetition 438
tcp_ping received 96 bytes back
Round trip time was 0.015099 milliseconds in repetition 439
tcp_ping received 96 bytes back
Round trip time was 0.01481 milliseconds in repetition 440
tcp_ping received 96 bytes back
Round trip time was 0.015433 milliseconds in repetition 441
tcp_ping received 96 bytes back
Round trip time was 0.015158 milliseconds in repetition 442
tcp_ping received 96 bytes back
Round trip time was 0.014794 milliseconds in repetition 443
tcp_ping received 96 bytes back
Round trip time was 0.014904 milliseconds in repetition 444
tcp_ping received 96 bytes back
Round trip time was 0.015167 milliseconds in repetition 445
tcp_ping received 96 bytes back
Round trip time was 0.017046 milliseconds in repetition 446
tcp_ping received 96 bytes back
Round trip time was 0.015561 milliseconds in repetition 447
tcp_ping received 96 bytes back
Round trip time was 0.015031 milliseconds in repetition 448
tcp_ping received 96 bytes back
Round trip time was 0.015363 milliseconds in repetition 449
tcp_ping received 96 bytes back
Round trip time was 0.015503 milliseconds in repetition 450
tcp_ping received 96 bytes back
Round trip time was 0.014806 milliseconds in repetition 451
tcp_ping received 96 bytes back
Round trip time was 0.015065 milliseconds in repetition 452
tcp_ping received 96 bytes back
Round trip time was 0.015208 milliseconds in repetition 453
tcp_ping received 96 bytes back
Round trip time was 0.015116 milliseconds in repetition 454
tcp_ping received 96 bytes back
Round trip time was 0.015311 milliseconds in repetition 455
tcp_ping received 96 bytes back
Round trip time was 0.014921 milliseconds in repetition 456
tcp_ping received 96 bytes back
Round trip time was 0.015285 milliseconds in repetition 457
tcp_ping received 96 bytes back
Round trip time was 0.015135 milliseconds in repetition 458
tcp_ping received 96 bytes back
Round trip time was 0.014817 milliseconds in repetition 459
tcp_ping received 96 bytes back
Round trip time was 0.014985 milliseconds in repetition 460
tcp_ping received 96 bytes back
Round trip time was 0.015195 milliseconds in repetition 461
tcp_ping received 96 bytes back
Round trip time was 0.01527 milliseconds in repetition 462
tcp_ping received 96 bytes back
Round trip time was 0.015073 milliseconds in repetition 463
tcp_ping received 96 bytes back
Round trip time was 0.01498 milliseconds in repetition 464
tcp_ping received 96 bytes back
Round trip time was 0.015335 milliseconds in repetition 465
tcp_ping received 96 bytes back
Round trip time was 0.015073 milliseconds in repetition 466
tcp_ping received 96 bytes back
Round trip time was 0.01494 milliseconds in repetition 467
tcp_ping received 96 bytes back
Round trip time was 0.01493 milliseconds in repetition 468
tcp_ping received 96 bytes back
Round trip time was 0.015138 milliseconds in repetition 469
tcp_ping received 96 bytes back
Round trip time was 0.015127 milliseconds in repetition 470
tcp_ping received 96 bytes back
Round trip time was 0.014987 milliseconds in repetition 471
tcp_ping received 96 bytes back
Round trip time was 0.015001 milliseconds in repetition 472
tcp_ping received 96 bytes back
Round trip time was 0.015269 milliseconds in repetition 473
tcp_ping received 96 bytes back
Round trip time was 0.01529 milliseconds in repetition 474
tcp_ping received 96 bytes back
Round trip time was 0.014785 milliseconds in repetition 475
tcp_ping received 96 bytes back
Round trip time was 0.014876 milliseconds in repetition 476
tcp_ping received 96 bytes back
Round trip time was 0.015141 milliseconds in repetition 477
tcp_ping received 96 bytes back
Round trip time was 0.014952 milliseconds in repetition 478
tcp_ping received 96 bytes back
Round trip time was 0.01519 milliseconds in repetition 479
tcp_ping received 96 bytes back
Round trip time was 0.014822 milliseconds in repetition 480
tcp_ping received 96 bytes back
Round trip time was 0.015049 milliseconds in repetition 481
tcp_ping received 96 bytes back
Round trip time was 0.015341 milliseconds in repetition 482
tcp_ping received 96 bytes back
Round trip time was 0.014761 milliseconds in repetition 483
tcp_ping received 96 bytes back
Round trip time was 0.014744 milliseconds in repetition 484
tcp_ping received 96 bytes back
Round trip time was 0.015324 milliseconds in repetition 485
tcp_ping received 96 bytes back
Round trip time was 0.015068 milliseconds in repetition 486
tcp_ping received 96 bytes back
Round trip time was 0.015025 milliseconds in repetition 487
tcp_ping received 96 bytes back
Round trip time was 0.014838 milliseconds in repetition 488
tcp_ping received 96 bytes back
Round trip time was 0.015323 milliseconds in repetition 489
tcp_ping received 96 bytes back
Round trip time was 0.015231 milliseconds in repetition 490
tcp_ping received 96 bytes back
Round trip time was 0.016199 milliseconds in repetition 491
tcp_ping received 96 bytes back
Round trip time was 0.015197 milliseconds in repetition 492
tcp_ping received 96 bytes back
Round trip time was 0.0152 milliseconds in repetition 493
tcp_ping received 96 bytes back
Round trip time was 0.01493 milliseconds in repetition 494
tcp_ping received 96 bytes back
Round trip time was 0.014948 milliseconds in repetition 495
tcp_ping received 96 bytes back
Round trip time was 0.015007 milliseconds in repetition 496
tcp_ping received 96 bytes back
Round trip time was 0.014921 milliseconds in repetition 497
tcp_ping received 96 bytes back
Round trip time was 0.01509 milliseconds in repetition 498
tcp_ping received 96 bytes back
Round trip time was 0.01487 milliseconds in repetition 499
tcp_ping received 96 bytes back
Round trip time was 0.017364 milliseconds in repetition 500

 ... clock resolution was 1e-06
TCP Ping:  Statistics over 500 repetitions of 96 byte messages

RTT : percentile 10: 0.014921, median: 0.015231, percentile 90: 0.015561, average: 0.0156587, variance: 1.98373e-05

RTT histogram:
0.0138515 405
0.0170473 88
0.0202432 2
0.023439 2
0.0266349 0
0.0298307 0
0.0330266 0
0.0362224 0
0.0394183 0
0.0426141 0
0.04581 0
0.0490058 0
0.0522017 0
0.0553975 0
0.0585934 0
0.0617892 0
0.0649851 0
0.0681809 2
0.0713768 0
0.0745726 0
0.0777685 1

   median Throughput : 12605.9 KB/s   overall Throughput : 12261.5 KB/s

