TCP Ping trying to connect to server localhost (127.0.0.1) on port 1491
 ... connected to Pong server: asking for 500 repetitions of 2048 bytes TCP messages
 ... Pong server agreed :-)
tcp_ping received 2048 bytes back
Round trip time was 0.035189 milliseconds in repetition 1
tcp_ping received 2048 bytes back
Round trip time was 0.027073 milliseconds in repetition 2
tcp_ping received 2048 bytes back
Round trip time was 0.025321 milliseconds in repetition 3
tcp_ping received 2048 bytes back
Round trip time was 0.024983 milliseconds in repetition 4
tcp_ping received 2048 bytes back
Round trip time was 0.02468 milliseconds in repetition 5
tcp_ping received 2048 bytes back
Round trip time was 0.025161 milliseconds in repetition 6
tcp_ping received 2048 bytes back
Round trip time was 0.025061 milliseconds in repetition 7
tcp_ping received 2048 bytes back
Round trip time was 0.025312 milliseconds in repetition 8
tcp_ping received 2048 bytes back
Round trip time was 0.024608 milliseconds in repetition 9
tcp_ping received 2048 bytes back
Round trip time was 0.025053 milliseconds in repetition 10
tcp_ping received 2048 bytes back
Round trip time was 0.025086 milliseconds in repetition 11
tcp_ping received 2048 bytes back
Round trip time was 0.024803 milliseconds in repetition 12
tcp_ping received 2048 bytes back
Round trip time was 0.024781 milliseconds in repetition 13
tcp_ping received 2048 bytes back
Round trip time was 0.025381 milliseconds in repetition 14
tcp_ping received 2048 bytes back
Round trip time was 0.024955 milliseconds in repetition 15
tcp_ping received 2048 bytes back
Round trip time was 0.024922 milliseconds in repetition 16
tcp_ping received 2048 bytes back
Round trip time was 0.024871 milliseconds in repetition 17
tcp_ping received 2048 bytes back
Round trip time was 0.025049 milliseconds in repetition 18
tcp_ping received 2048 bytes back
Round trip time was 0.025303 milliseconds in repetition 19
tcp_ping received 2048 bytes back
Round trip time was 0.024865 milliseconds in repetition 20
tcp_ping received 2048 bytes back
Round trip time was 0.024952 milliseconds in repetition 21
tcp_ping received 2048 bytes back
Round trip time was 0.025243 milliseconds in repetition 22
tcp_ping received 2048 bytes back
Round trip time was 0.025077 milliseconds in repetition 23
tcp_ping received 2048 bytes back
Round trip time was 0.024602 milliseconds in repetition 24
tcp_ping received 2048 bytes back
Round trip time was 0.025309 milliseconds in repetition 25
tcp_ping received 2048 bytes back
Round trip time was 0.025312 milliseconds in repetition 26
tcp_ping received 2048 bytes back
Round trip time was 0.025158 milliseconds in repetition 27
tcp_ping received 2048 bytes back
Round trip time was 0.024809 milliseconds in repetition 28
tcp_ping received 2048 bytes back
Round trip time was 0.024797 milliseconds in repetition 29
tcp_ping received 2048 bytes back
Round trip time was 0.025076 milliseconds in repetition 30
tcp_ping received 2048 bytes back
Round trip time was 0.025206 milliseconds in repetition 31
tcp_ping received 2048 bytes back
Round trip time was 0.024916 milliseconds in repetition 32
tcp_ping received 2048 bytes back
Round trip time was 0.024807 milliseconds in repetition 33
tcp_ping received 2048 bytes back
Round trip time was 0.025153 milliseconds in repetition 34
tcp_ping received 2048 bytes back
Round trip time was 0.024782 milliseconds in repetition 35
tcp_ping received 2048 bytes back
Round trip time was 0.024876 milliseconds in repetition 36
tcp_ping received 2048 bytes back
Round trip time was 0.024847 milliseconds in repetition 37
tcp_ping received 2048 bytes back
Round trip time was 0.025734 milliseconds in repetition 38
tcp_ping received 2048 bytes back
Round trip time was 0.025014 milliseconds in repetition 39
tcp_ping received 2048 bytes back
Round trip time was 0.024922 milliseconds in repetition 40
tcp_ping received 2048 bytes back
Round trip time was 0.024947 milliseconds in repetition 41
tcp_ping received 2048 bytes back
Round trip time was 0.025161 milliseconds in repetition 42
tcp_ping received 2048 bytes back
Round trip time was 0.025022 milliseconds in repetition 43
tcp_ping received 2048 bytes back
Round trip time was 0.026971 milliseconds in repetition 44
tcp_ping received 2048 bytes back
Round trip time was 0.024821 milliseconds in repetition 45
tcp_ping received 2048 bytes back
Round trip time was 0.024993 milliseconds in repetition 46
tcp_ping received 2048 bytes back
Round trip time was 0.024807 milliseconds in repetition 47
tcp_ping received 2048 bytes back
Round trip time was 0.024879 milliseconds in repetition 48
tcp_ping received 2048 bytes back
Round trip time was 0.024886 milliseconds in repetition 49
tcp_ping received 2048 bytes back
Round trip time was 0.025091 milliseconds in repetition 50
tcp_ping received 2048 bytes back
Round trip time was 0.024814 milliseconds in repetition 51
tcp_ping received 2048 bytes back
Round trip time was 0.024948 milliseconds in repetition 52
tcp_ping received 2048 bytes back
Round trip time was 0.024811 milliseconds in repetition 53
tcp_ping received 2048 bytes back
Round trip time was 0.025026 milliseconds in repetition 54
tcp_ping received 2048 bytes back
Round trip time was 0.025009 milliseconds in repetition 55
tcp_ping received 2048 bytes back
Round trip time was 0.024764 milliseconds in repetition 56
tcp_ping received 2048 bytes back
Round trip time was 0.024821 milliseconds in repetition 57
tcp_ping received 2048 bytes back
Round trip time was 0.025035 milliseconds in repetition 58
tcp_ping received 2048 bytes back
Round trip time was 0.02507 milliseconds in repetition 59
tcp_ping received 2048 bytes back
Round trip time was 0.02474 milliseconds in repetition 60
tcp_ping received 2048 bytes back
Round trip time was 0.024921 milliseconds in repetition 61
tcp_ping received 2048 bytes back
Round trip time was 0.025067 milliseconds in repetition 62
tcp_ping received 2048 bytes back
Round trip time was 0.026506 milliseconds in repetition 63
tcp_ping received 2048 bytes back
Round trip time was 0.029147 milliseconds in repetition 64
tcp_ping received 2048 bytes back
Round trip time was 0.026971 milliseconds in repetition 65
tcp_ping received 2048 bytes back
Round trip time was 0.025559 milliseconds in repetition 66
tcp_ping received 2048 bytes back
Round trip time was 0.024977 milliseconds in repetition 67
tcp_ping received 2048 bytes back
Round trip time was 0.024865 milliseconds in repetition 68
tcp_ping received 2048 bytes back
Round trip time was 0.02465 milliseconds in repetition 69
tcp_ping received 2048 bytes back
Round trip time was 0.024994 milliseconds in repetition 70
tcp_ping received 2048 bytes back
Round trip time was 0.024982 milliseconds in repetition 71
tcp_ping received 2048 bytes back
Round trip time was 0.024918 milliseconds in repetition 72
tcp_ping received 2048 bytes back
Round trip time was 0.024508 milliseconds in repetition 73
tcp_ping received 2048 bytes back
Round trip time was 0.025252 milliseconds in repetition 74
tcp_ping received 2048 bytes back
Round trip time was 0.02478 milliseconds in repetition 75
tcp_ping received 2048 bytes back
Round trip time was 0.024928 milliseconds in repetition 76
tcp_ping received 2048 bytes back
Round trip time was 0.024728 milliseconds in repetition 77
tcp_ping received 2048 bytes back
Round trip time was 0.025096 milliseconds in repetition 78
tcp_ping received 2048 bytes back
Round trip time was 0.024993 milliseconds in repetition 79
tcp_ping received 2048 bytes back
Round trip time was 0.024549 milliseconds in repetition 80
tcp_ping received 2048 bytes back
Round trip time was 0.024685 milliseconds in repetition 81
tcp_ping received 2048 bytes back
Round trip time was 0.024917 milliseconds in repetition 82
tcp_ping received 2048 bytes back
Round trip time was 0.024566 milliseconds in repetition 83
tcp_ping received 2048 bytes back
Round trip time was 0.024686 milliseconds in repetition 84
tcp_ping received 2048 bytes back
Round trip time was 0.02464 milliseconds in repetition 85
tcp_ping received 2048 bytes back
Round trip time was 0.024685 milliseconds in repetition 86
tcp_ping received 2048 bytes back
Round trip time was 0.025042 milliseconds in repetition 87
tcp_ping received 2048 bytes back
Round trip time was 0.026667 milliseconds in repetition 88
tcp_ping received 2048 bytes back
Round trip time was 0.025353 milliseconds in repetition 89
tcp_ping received 2048 bytes back
Round trip time was 0.024907 milliseconds in repetition 90
tcp_ping received 2048 bytes back
Round trip time was 0.024721 milliseconds in repetition 91
tcp_ping received 2048 bytes back
Round trip time was 0.024726 milliseconds in repetition 92
tcp_ping received 2048 bytes back
Round trip time was 0.024971 milliseconds in repetition 93
tcp_ping received 2048 bytes back
Round trip time was 0.025114 milliseconds in repetition 94
tcp_ping received 2048 bytes back
Round trip time was 0.024781 milliseconds in repetition 95
tcp_ping received 2048 bytes back
Round trip time was 0.031595 milliseconds in repetition 96
tcp_ping received 2048 bytes back
Round trip time was 0.026745 milliseconds in repetition 97
tcp_ping received 2048 bytes back
Round trip time was 0.025012 milliseconds in repetition 98
tcp_ping received 2048 bytes back
Round trip time was 0.024814 milliseconds in repetition 99
tcp_ping received 2048 bytes back
Round trip time was 0.024745 milliseconds in repetition 100
tcp_ping received 2048 bytes back
Round trip time was 0.025197 milliseconds in repetition 101
tcp_ping received 2048 bytes back
Round trip time was 0.025211 milliseconds in repetition 102
tcp_ping received 2048 bytes back
Round trip time was 0.02481 milliseconds in repetition 103
tcp_ping received 2048 bytes back
Round trip time was 0.025023 milliseconds in repetition 104
tcp_ping received 2048 bytes back
Round trip time was 0.025241 milliseconds in repetition 105
tcp_ping received 2048 bytes back
Round trip time was 0.024875 milliseconds in repetition 106
tcp_ping received 2048 bytes back
Round trip time was 0.024881 milliseconds in repetition 107
tcp_ping received 2048 bytes back
Round trip time was 0.024665 milliseconds in repetition 108
tcp_ping received 2048 bytes back
Round trip time was 0.025083 milliseconds in repetition 109
tcp_ping received 2048 bytes back
Round trip time was 0.024741 milliseconds in repetition 110
tcp_ping received 2048 bytes back
Round trip time was 0.024609 milliseconds in repetition 111
tcp_ping received 2048 bytes back
Round trip time was 0.024519 milliseconds in repetition 112
tcp_ping received 2048 bytes back
Round trip time was 0.025076 milliseconds in repetition 113
tcp_ping received 2048 bytes back
Round trip time was 0.025101 milliseconds in repetition 114
tcp_ping received 2048 bytes back
Round trip time was 0.025059 milliseconds in repetition 115
tcp_ping received 2048 bytes back
Round trip time was 0.024752 milliseconds in repetition 116
tcp_ping received 2048 bytes back
Round trip time was 0.025152 milliseconds in repetition 117
tcp_ping received 2048 bytes back
Round trip time was 0.025037 milliseconds in repetition 118
tcp_ping received 2048 bytes back
Round trip time was 0.024717 milliseconds in repetition 119
tcp_ping received 2048 bytes back
Round trip time was 0.02486 milliseconds in repetition 120
tcp_ping received 2048 bytes back
Round trip time was 0.025015 milliseconds in repetition 121
tcp_ping received 2048 bytes back
Round trip time was 0.025101 milliseconds in repetition 122
tcp_ping received 2048 bytes back
Round trip time was 0.025126 milliseconds in repetition 123
tcp_ping received 2048 bytes back
Round trip time was 0.02475 milliseconds in repetition 124
tcp_ping received 2048 bytes back
Round trip time was 0.024954 milliseconds in repetition 125
tcp_ping received 2048 bytes back
Round trip time was 0.024784 milliseconds in repetition 126
tcp_ping received 2048 bytes back
Round trip time was 0.02483 milliseconds in repetition 127
tcp_ping received 2048 bytes back
Round trip time was 0.024853 milliseconds in repetition 128
tcp_ping received 2048 bytes back
Round trip time was 0.025268 milliseconds in repetition 129
tcp_ping received 2048 bytes back
Round trip time was 0.024994 milliseconds in repetition 130
tcp_ping received 2048 bytes back
Round trip time was 0.025036 milliseconds in repetition 131
tcp_ping received 2048 bytes back
Round trip time was 0.026431 milliseconds in repetition 132
tcp_ping received 2048 bytes back
Round trip time was 0.025163 milliseconds in repetition 133
tcp_ping received 2048 bytes back
Round trip time was 0.024939 milliseconds in repetition 134
tcp_ping received 2048 bytes back
Round trip time was 0.024951 milliseconds in repetition 135
tcp_ping received 2048 bytes back
Round trip time was 0.024855 milliseconds in repetition 136
tcp_ping received 2048 bytes back
Round trip time was 0.02506 milliseconds in repetition 137
tcp_ping received 2048 bytes back
Round trip time was 0.025154 milliseconds in repetition 138
tcp_ping received 2048 bytes back
Round trip time was 0.025124 milliseconds in repetition 139
tcp_ping received 2048 bytes back
Round trip time was 0.02519 milliseconds in repetition 140
tcp_ping received 2048 bytes back
Round trip time was 0.025006 milliseconds in repetition 141
tcp_ping received 2048 bytes back
Round trip time was 0.024923 milliseconds in repetition 142
tcp_ping received 2048 bytes back
Round trip time was 0.024777 milliseconds in repetition 143
tcp_ping received 2048 bytes back
Round trip time was 0.024914 milliseconds in repetition 144
tcp_ping received 2048 bytes back
Round trip time was 0.025027 milliseconds in repetition 145
tcp_ping received 2048 bytes back
Round trip time was 0.025188 milliseconds in repetition 146
tcp_ping received 2048 bytes back
Round trip time was 0.025133 milliseconds in repetition 147
tcp_ping received 2048 bytes back
Round trip time was 0.02504 milliseconds in repetition 148
tcp_ping received 2048 bytes back
Round trip time was 0.024965 milliseconds in repetition 149
tcp_ping received 2048 bytes back
Round trip time was 0.024779 milliseconds in repetition 150
tcp_ping received 2048 bytes back
Round trip time was 0.024963 milliseconds in repetition 151
tcp_ping received 2048 bytes back
Round trip time was 0.025267 milliseconds in repetition 152
tcp_ping received 2048 bytes back
Round trip time was 0.025292 milliseconds in repetition 153
tcp_ping received 2048 bytes back
Round trip time was 0.024776 milliseconds in repetition 154
tcp_ping received 2048 bytes back
Round trip time was 0.025166 milliseconds in repetition 155
tcp_ping received 2048 bytes back
Round trip time was 0.025145 milliseconds in repetition 156
tcp_ping received 2048 bytes back
Round trip time was 0.025028 milliseconds in repetition 157
tcp_ping received 2048 bytes back
Round trip time was 0.025003 milliseconds in repetition 158
tcp_ping received 2048 bytes back
Round trip time was 0.024616 milliseconds in repetition 159
tcp_ping received 2048 bytes back
Round trip time was 0.024937 milliseconds in repetition 160
tcp_ping received 2048 bytes back
Round trip time was 0.025221 milliseconds in repetition 161
tcp_ping received 2048 bytes back
Round trip time was 0.024826 milliseconds in repetition 162
tcp_ping received 2048 bytes back
Round trip time was 0.025079 milliseconds in repetition 163
tcp_ping received 2048 bytes back
Round trip time was 0.024901 milliseconds in repetition 164
tcp_ping received 2048 bytes back
Round trip time was 0.025191 milliseconds in repetition 165
tcp_ping received 2048 bytes back
Round trip time was 0.024859 milliseconds in repetition 166
tcp_ping received 2048 bytes back
Round trip time was 0.024679 milliseconds in repetition 167
tcp_ping received 2048 bytes back
Round trip time was 0.025222 milliseconds in repetition 168
tcp_ping received 2048 bytes back
Round trip time was 0.025116 milliseconds in repetition 169
tcp_ping received 2048 bytes back
Round trip time was 0.024839 milliseconds in repetition 170
tcp_ping received 2048 bytes back
Round trip time was 0.024756 milliseconds in repetition 171
tcp_ping received 2048 bytes back
Round trip time was 0.024948 milliseconds in repetition 172
tcp_ping received 2048 bytes back
Round trip time was 0.025251 milliseconds in repetition 173
tcp_ping received 2048 bytes back
Round trip time was 0.024944 milliseconds in repetition 174
tcp_ping received 2048 bytes back
Round trip time was 0.02609 milliseconds in repetition 175
tcp_ping received 2048 bytes back
Round trip time was 0.025085 milliseconds in repetition 176
tcp_ping received 2048 bytes back
Round trip time was 0.025434 milliseconds in repetition 177
tcp_ping received 2048 bytes back
Round trip time was 0.025308 milliseconds in repetition 178
tcp_ping received 2048 bytes back
Round trip time was 0.024981 milliseconds in repetition 179
tcp_ping received 2048 bytes back
Round trip time was 0.025041 milliseconds in repetition 180
tcp_ping received 2048 bytes back
Round trip time was 0.025012 milliseconds in repetition 181
tcp_ping received 2048 bytes back
Round trip time was 0.025031 milliseconds in repetition 182
tcp_ping received 2048 bytes back
Round trip time was 0.02498 milliseconds in repetition 183
tcp_ping received 2048 bytes back
Round trip time was 0.024883 milliseconds in repetition 184
tcp_ping received 2048 bytes back
Round trip time was 0.024918 milliseconds in repetition 185
tcp_ping received 2048 bytes back
Round trip time was 0.024795 milliseconds in repetition 186
tcp_ping received 2048 bytes back
Round trip time was 0.024956 milliseconds in repetition 187
tcp_ping received 2048 bytes back
Round trip time was 0.025069 milliseconds in repetition 188
tcp_ping received 2048 bytes back
Round trip time was 0.025329 milliseconds in repetition 189
tcp_ping received 2048 bytes back
Round trip time was 0.024986 milliseconds in repetition 190
tcp_ping received 2048 bytes back
Round trip time was 0.025292 milliseconds in repetition 191
tcp_ping received 2048 bytes back
Round trip time was 0.025194 milliseconds in repetition 192
tcp_ping received 2048 bytes back
Round trip time was 0.024908 milliseconds in repetition 193
tcp_ping received 2048 bytes back
Round trip time was 0.024879 milliseconds in repetition 194
tcp_ping received 2048 bytes back
Round trip time was 0.024522 milliseconds in repetition 195
tcp_ping received 2048 bytes back
Round trip time was 0.025051 milliseconds in repetition 196
tcp_ping received 2048 bytes back
Round trip time was 0.025009 milliseconds in repetition 197
tcp_ping received 2048 bytes back
Round trip time was 0.025112 milliseconds in repetition 198
tcp_ping received 2048 bytes back
Round trip time was 0.024999 milliseconds in repetition 199
tcp_ping received 2048 bytes back
Round trip time was 0.025 milliseconds in repetition 200
tcp_ping received 2048 bytes back
Round trip time was 0.02486 milliseconds in repetition 201
tcp_ping received 2048 bytes back
Round trip time was 0.024926 milliseconds in repetition 202
tcp_ping received 2048 bytes back
Round trip time was 0.024824 milliseconds in repetition 203
tcp_ping received 2048 bytes back
Round trip time was 0.025018 milliseconds in repetition 204
tcp_ping received 2048 bytes back
Round trip time was 0.025324 milliseconds in repetition 205
tcp_ping received 2048 bytes back
Round trip time was 0.025244 milliseconds in repetition 206
tcp_ping received 2048 bytes back
Round trip time was 0.025187 milliseconds in repetition 207
tcp_ping received 2048 bytes back
Round trip time was 0.024914 milliseconds in repetition 208
tcp_ping received 2048 bytes back
Round trip time was 0.025201 milliseconds in repetition 209
tcp_ping received 2048 bytes back
Round trip time was 0.024793 milliseconds in repetition 210
tcp_ping received 2048 bytes back
Round trip time was 0.024665 milliseconds in repetition 211
tcp_ping received 2048 bytes back
Round trip time was 0.024803 milliseconds in repetition 212
tcp_ping received 2048 bytes back
Round trip time was 0.024974 milliseconds in repetition 213
tcp_ping received 2048 bytes back
Round trip time was 0.025099 milliseconds in repetition 214
tcp_ping received 2048 bytes back
Round trip time was 0.02478 milliseconds in repetition 215
tcp_ping received 2048 bytes back
Round trip time was 0.024904 milliseconds in repetition 216
tcp_ping received 2048 bytes back
Round trip time was 0.025098 milliseconds in repetition 217
tcp_ping received 2048 bytes back
Round trip time was 0.025103 milliseconds in repetition 218
tcp_ping received 2048 bytes back
Round trip time was 0.026427 milliseconds in repetition 219
tcp_ping received 2048 bytes back
Round trip time was 0.025362 milliseconds in repetition 220
tcp_ping received 2048 bytes back
Round trip time was 0.024995 milliseconds in repetition 221
tcp_ping received 2048 bytes back
Round trip time was 0.02483 milliseconds in repetition 222
tcp_ping received 2048 bytes back
Round trip time was 0.024931 milliseconds in repetition 223
tcp_ping received 2048 bytes back
Round trip time was 0.024954 milliseconds in repetition 224
tcp_ping received 2048 bytes back
Round trip time was 0.024982 milliseconds in repetition 225
tcp_ping received 2048 bytes back
Round trip time was 0.025051 milliseconds in repetition 226
tcp_ping received 2048 bytes back
Round trip time was 0.024964 milliseconds in repetition 227
tcp_ping received 2048 bytes back
Round trip time was 0.024934 milliseconds in repetition 228
tcp_ping received 2048 bytes back
Round trip time was 0.024874 milliseconds in repetition 229
tcp_ping received 2048 bytes back
Round trip time was 0.024764 milliseconds in repetition 230
tcp_ping received 2048 bytes back
Round trip time was 0.025044 milliseconds in repetition 231
tcp_ping received 2048 bytes back
Round trip time was 0.025038 milliseconds in repetition 232
tcp_ping received 2048 bytes back
Round trip time was 0.025113 milliseconds in repetition 233
tcp_ping received 2048 bytes back
Round trip time was 0.024959 milliseconds in repetition 234
tcp_ping received 2048 bytes back
Round trip time was 0.025109 milliseconds in repetition 235
tcp_ping received 2048 bytes back
Round trip time was 0.024728 milliseconds in repetition 236
tcp_ping received 2048 bytes back
Round trip time was 0.024874 milliseconds in repetition 237
tcp_ping received 2048 bytes back
Round trip time was 0.024413 milliseconds in repetition 238
tcp_ping received 2048 bytes back
Round trip time was 0.025112 milliseconds in repetition 239
tcp_ping received 2048 bytes back
Round trip time was 0.025053 milliseconds in repetition 240
tcp_ping received 2048 bytes back
Round trip time was 0.025105 milliseconds in repetition 241
tcp_ping received 2048 bytes back
Round trip time was 0.03379 milliseconds in repetition 242
tcp_ping received 2048 bytes back
Round trip time was 0.027184 milliseconds in repetition 243
tcp_ping received 2048 bytes back
Round trip time was 0.027242 milliseconds in repetition 244
tcp_ping received 2048 bytes back
Round trip time was 0.025012 milliseconds in repetition 245
tcp_ping received 2048 bytes back
Round trip time was 0.025029 milliseconds in repetition 246
tcp_ping received 2048 bytes back
Round trip time was 0.02508 milliseconds in repetition 247
tcp_ping received 2048 bytes back
Round trip time was 0.024861 milliseconds in repetition 248
tcp_ping received 2048 bytes back
Round trip time was 0.025148 milliseconds in repetition 249
tcp_ping received 2048 bytes back
Round trip time was 0.025403 milliseconds in repetition 250
tcp_ping received 2048 bytes back
Round trip time was 0.025301 milliseconds in repetition 251
tcp_ping received 2048 bytes back
Round trip time was 0.024755 milliseconds in repetition 252
tcp_ping received 2048 bytes back
Round trip time was 0.025093 milliseconds in repetition 253
tcp_ping received 2048 bytes back
Round trip time was 0.025001 milliseconds in repetition 254
tcp_ping received 2048 bytes back
Round trip time was 0.024833 milliseconds in repetition 255
tcp_ping received 2048 bytes back
Round trip time was 0.024923 milliseconds in repetition 256
tcp_ping received 2048 bytes back
Round trip time was 0.025012 milliseconds in repetition 257
tcp_ping received 2048 bytes back
Round trip time was 0.024929 milliseconds in repetition 258
tcp_ping received 2048 bytes back
Round trip time was 0.025054 milliseconds in repetition 259
tcp_ping received 2048 bytes back
Round trip time was 0.024879 milliseconds in repetition 260
tcp_ping received 2048 bytes back
Round trip time was 0.025189 milliseconds in repetition 261
tcp_ping received 2048 bytes back
Round trip time was 0.026781 milliseconds in repetition 262
tcp_ping received 2048 bytes back
Round trip time was 0.025146 milliseconds in repetition 263
tcp_ping received 2048 bytes back
Round trip time was 0.024717 milliseconds in repetition 264
tcp_ping received 2048 bytes back
Round trip time was 0.024968 milliseconds in repetition 265
tcp_ping received 2048 bytes back
Round trip time was 0.025543 milliseconds in repetition 266
tcp_ping received 2048 bytes back
Round trip time was 0.025055 milliseconds in repetition 267
tcp_ping received 2048 bytes back
Round trip time was 0.024857 milliseconds in repetition 268
tcp_ping received 2048 bytes back
Round trip time was 0.025103 milliseconds in repetition 269
tcp_ping received 2048 bytes back
Round trip time was 0.024851 milliseconds in repetition 270
tcp_ping received 2048 bytes back
Round trip time was 0.024858 milliseconds in repetition 271
tcp_ping received 2048 bytes back
Round trip time was 0.025041 milliseconds in repetition 272
tcp_ping received 2048 bytes back
Round trip time was 0.024857 milliseconds in repetition 273
tcp_ping received 2048 bytes back
Round trip time was 0.025131 milliseconds in repetition 274
tcp_ping received 2048 bytes back
Round trip time was 0.024762 milliseconds in repetition 275
tcp_ping received 2048 bytes back
Round trip time was 0.024813 milliseconds in repetition 276
tcp_ping received 2048 bytes back
Round trip time was 0.025053 milliseconds in repetition 277
tcp_ping received 2048 bytes back
Round trip time was 0.025325 milliseconds in repetition 278
tcp_ping received 2048 bytes back
Round trip time was 0.025021 milliseconds in repetition 279
tcp_ping received 2048 bytes back
Round trip time was 0.025069 milliseconds in repetition 280
tcp_ping received 2048 bytes back
Round trip time was 0.02477 milliseconds in repetition 281
tcp_ping received 2048 bytes back
Round trip time was 0.025137 milliseconds in repetition 282
tcp_ping received 2048 bytes back
Round trip time was 0.025292 milliseconds in repetition 283
tcp_ping received 2048 bytes back
Round trip time was 0.024888 milliseconds in repetition 284
tcp_ping received 2048 bytes back
Round trip time was 0.024941 milliseconds in repetition 285
tcp_ping received 2048 bytes back
Round trip time was 0.025261 milliseconds in repetition 286
tcp_ping received 2048 bytes back
Round trip time was 0.024951 milliseconds in repetition 287
tcp_ping received 2048 bytes back
Round trip time was 0.024597 milliseconds in repetition 288
tcp_ping received 2048 bytes back
Round trip time was 0.024797 milliseconds in repetition 289
tcp_ping received 2048 bytes back
Round trip time was 0.024876 milliseconds in repetition 290
tcp_ping received 2048 bytes back
Round trip time was 0.025112 milliseconds in repetition 291
tcp_ping received 2048 bytes back
Round trip time was 0.024725 milliseconds in repetition 292
tcp_ping received 2048 bytes back
Round trip time was 0.024617 milliseconds in repetition 293
tcp_ping received 2048 bytes back
Round trip time was 0.02501 milliseconds in repetition 294
tcp_ping received 2048 bytes back
Round trip time was 0.02485 milliseconds in repetition 295
tcp_ping received 2048 bytes back
Round trip time was 0.024602 milliseconds in repetition 296
tcp_ping received 2048 bytes back
Round trip time was 0.025087 milliseconds in repetition 297
tcp_ping received 2048 bytes back
Round trip time was 0.025313 milliseconds in repetition 298
tcp_ping received 2048 bytes back
Round trip time was 0.025088 milliseconds in repetition 299
tcp_ping received 2048 bytes back
Round trip time was 0.0264 milliseconds in repetition 300
tcp_ping received 2048 bytes back
Round trip time was 0.024579 milliseconds in repetition 301
tcp_ping received 2048 bytes back
Round trip time was 0.025014 milliseconds in repetition 302
tcp_ping received 2048 bytes back
Round trip time was 0.024912 milliseconds in repetition 303
tcp_ping received 2048 bytes back
Round trip time was 0.024998 milliseconds in repetition 304
tcp_ping received 2048 bytes back
Round trip time was 0.025129 milliseconds in repetition 305
tcp_ping received 2048 bytes back
Round trip time was 0.026602 milliseconds in repetition 306
tcp_ping received 2048 bytes back
Round trip time was 0.025059 milliseconds in repetition 307
tcp_ping received 2048 bytes back
Round trip time was 0.025168 milliseconds in repetition 308
tcp_ping received 2048 bytes back
Round trip time was 0.025783 milliseconds in repetition 309
tcp_ping received 2048 bytes back
Round trip time was 0.025102 milliseconds in repetition 310
tcp_ping received 2048 bytes back
Round trip time was 0.025282 milliseconds in repetition 311
tcp_ping received 2048 bytes back
Round trip time was 0.024843 milliseconds in repetition 312
tcp_ping received 2048 bytes back
Round trip time was 0.025042 milliseconds in repetition 313
tcp_ping received 2048 bytes back
Round trip time was 0.025409 milliseconds in repetition 314
tcp_ping received 2048 bytes back
Round trip time was 0.025588 milliseconds in repetition 315
tcp_ping received 2048 bytes back
Round trip time was 0.025321 milliseconds in repetition 316
tcp_ping received 2048 bytes back
Round trip time was 0.025601 milliseconds in repetition 317
tcp_ping received 2048 bytes back
Round trip time was 0.025408 milliseconds in repetition 318
tcp_ping received 2048 bytes back
Round trip time was 0.02515 milliseconds in repetition 319
tcp_ping received 2048 bytes back
Round trip time was 0.025417 milliseconds in repetition 320
tcp_ping received 2048 bytes back
Round trip time was 0.02518 milliseconds in repetition 321
tcp_ping received 2048 bytes back
Round trip time was 0.02568 milliseconds in repetition 322
tcp_ping received 2048 bytes back
Round trip time was 0.025148 milliseconds in repetition 323
tcp_ping received 2048 bytes back
Round trip time was 0.025032 milliseconds in repetition 324
tcp_ping received 2048 bytes back
Round trip time was 0.024939 milliseconds in repetition 325
tcp_ping received 2048 bytes back
Round trip time was 0.024921 milliseconds in repetition 326
tcp_ping received 2048 bytes back
Round trip time was 0.025043 milliseconds in repetition 327
tcp_ping received 2048 bytes back
Round trip time was 0.025118 milliseconds in repetition 328
tcp_ping received 2048 bytes back
Round trip time was 0.025347 milliseconds in repetition 329
tcp_ping received 2048 bytes back
Round trip time was 0.025138 milliseconds in repetition 330
tcp_ping received 2048 bytes back
Round trip time was 0.025595 milliseconds in repetition 331
tcp_ping received 2048 bytes back
Round trip time was 0.025632 milliseconds in repetition 332
tcp_ping received 2048 bytes back
Round trip time was 0.02517 milliseconds in repetition 333
tcp_ping received 2048 bytes back
Round trip time was 0.025288 milliseconds in repetition 334
tcp_ping received 2048 bytes back
Round trip time was 0.02558 milliseconds in repetition 335
tcp_ping received 2048 bytes back
Round trip time was 0.025029 milliseconds in repetition 336
tcp_ping received 2048 bytes back
Round trip time was 0.025713 milliseconds in repetition 337
tcp_ping received 2048 bytes back
Round trip time was 0.026101 milliseconds in repetition 338
tcp_ping received 2048 bytes back
Round trip time was 0.025117 milliseconds in repetition 339
tcp_ping received 2048 bytes back
Round trip time was 0.024844 milliseconds in repetition 340
tcp_ping received 2048 bytes back
Round trip time was 0.025133 milliseconds in repetition 341
tcp_ping received 2048 bytes back
Round trip time was 0.024937 milliseconds in repetition 342
tcp_ping received 2048 bytes back
Round trip time was 0.024934 milliseconds in repetition 343
tcp_ping received 2048 bytes back
Round trip time was 0.02481 milliseconds in repetition 344
tcp_ping received 2048 bytes back
Round trip time was 0.024953 milliseconds in repetition 345
tcp_ping received 2048 bytes back
Round trip time was 0.025192 milliseconds in repetition 346
tcp_ping received 2048 bytes back
Round trip time was 0.025083 milliseconds in repetition 347
tcp_ping received 2048 bytes back
Round trip time was 0.031094 milliseconds in repetition 348
tcp_ping received 2048 bytes back
Round trip time was 0.026826 milliseconds in repetition 349
tcp_ping received 2048 bytes back
Round trip time was 0.027232 milliseconds in repetition 350
tcp_ping received 2048 bytes back
Round trip time was 0.02551 milliseconds in repetition 351
tcp_ping received 2048 bytes back
Round trip time was 0.02506 milliseconds in repetition 352
tcp_ping received 2048 bytes back
Round trip time was 0.025349 milliseconds in repetition 353
tcp_ping received 2048 bytes back
Round trip time was 0.024973 milliseconds in repetition 354
tcp_ping received 2048 bytes back
Round trip time was 0.024791 milliseconds in repetition 355
tcp_ping received 2048 bytes back
Round trip time was 0.024643 milliseconds in repetition 356
tcp_ping received 2048 bytes back
Round trip time was 0.025137 milliseconds in repetition 357
tcp_ping received 2048 bytes back
Round trip time was 0.025155 milliseconds in repetition 358
tcp_ping received 2048 bytes back
Round trip time was 0.024921 milliseconds in repetition 359
tcp_ping received 2048 bytes back
Round trip time was 0.025133 milliseconds in repetition 360
tcp_ping received 2048 bytes back
Round trip time was 0.025311 milliseconds in repetition 361
tcp_ping received 2048 bytes back
Round trip time was 0.025053 milliseconds in repetition 362
tcp_ping received 2048 bytes back
Round trip time was 0.025022 milliseconds in repetition 363
tcp_ping received 2048 bytes back
Round trip time was 0.024829 milliseconds in repetition 364
tcp_ping received 2048 bytes back
Round trip time was 0.025327 milliseconds in repetition 365
tcp_ping received 2048 bytes back
Round trip time was 0.025109 milliseconds in repetition 366
tcp_ping received 2048 bytes back
Round trip time was 0.025003 milliseconds in repetition 367
tcp_ping received 2048 bytes back
Round trip time was 0.025086 milliseconds in repetition 368
tcp_ping received 2048 bytes back
Round trip time was 0.025329 milliseconds in repetition 369
tcp_ping received 2048 bytes back
Round trip time was 0.025177 milliseconds in repetition 370
tcp_ping received 2048 bytes back
Round trip time was 0.025118 milliseconds in repetition 371
tcp_ping received 2048 bytes back
Round trip time was 0.024747 milliseconds in repetition 372
tcp_ping received 2048 bytes back
Round trip time was 0.025344 milliseconds in repetition 373
tcp_ping received 2048 bytes back
Round trip time was 0.024909 milliseconds in repetition 374
tcp_ping received 2048 bytes back
Round trip time was 0.024905 milliseconds in repetition 375
tcp_ping received 2048 bytes back
Round trip time was 0.024961 milliseconds in repetition 376
tcp_ping received 2048 bytes back
Round trip time was 0.025351 milliseconds in repetition 377
tcp_ping received 2048 bytes back
Round trip time was 0.024972 milliseconds in repetition 378
tcp_ping received 2048 bytes back
Round trip time was 0.02506 milliseconds in repetition 379
tcp_ping received 2048 bytes back
Round trip time was 0.024908 milliseconds in repetition 380
tcp_ping received 2048 bytes back
Round trip time was 0.025243 milliseconds in repetition 381
tcp_ping received 2048 bytes back
Round trip time was 0.025042 milliseconds in repetition 382
tcp_ping received 2048 bytes back
Round trip time was 0.025044 milliseconds in repetition 383
tcp_ping received 2048 bytes back
Round trip time was 0.025004 milliseconds in repetition 384
tcp_ping received 2048 bytes back
Round trip time was 0.025155 milliseconds in repetition 385
tcp_ping received 2048 bytes back
Round trip time was 0.034084 milliseconds in repetition 386
tcp_ping received 2048 bytes back
Round trip time was 0.026376 milliseconds in repetition 387
tcp_ping received 2048 bytes back
Round trip time was 0.025338 milliseconds in repetition 388
tcp_ping received 2048 bytes back
Round trip time was 0.025014 milliseconds in repetition 389
tcp_ping received 2048 bytes back
Round trip time was 0.025011 milliseconds in repetition 390
tcp_ping received 2048 bytes back
Round trip time was 0.024894 milliseconds in repetition 391
tcp_ping received 2048 bytes back
Round trip time was 0.025108 milliseconds in repetition 392
tcp_ping received 2048 bytes back
Round trip time was 0.026886 milliseconds in repetition 393
tcp_ping received 2048 bytes back
Round trip time was 0.025189 milliseconds in repetition 394
tcp_ping received 2048 bytes back
Round trip time was 0.024724 milliseconds in repetition 395
tcp_ping received 2048 bytes back
Round trip time was 0.025358 milliseconds in repetition 396
tcp_ping received 2048 bytes back
Round trip time was 0.025288 milliseconds in repetition 397
tcp_ping received 2048 bytes back
Round trip time was 0.024996 milliseconds in repetition 398
tcp_ping received 2048 bytes back
Round trip time was 0.02465 milliseconds in repetition 399
tcp_ping received 2048 bytes back
Round trip time was 0.025181 milliseconds in repetition 400
tcp_ping received 2048 bytes back
Round trip time was 0.025214 milliseconds in repetition 401
tcp_ping received 2048 bytes back
Round trip time was 0.025109 milliseconds in repetition 402
tcp_ping received 2048 bytes back
Round trip time was 0.024671 milliseconds in repetition 403
tcp_ping received 2048 bytes back
Round trip time was 0.025666 milliseconds in repetition 404
tcp_ping received 2048 bytes back
Round trip time was 0.025022 milliseconds in repetition 405
tcp_ping received 2048 bytes back
Round trip time was 0.024714 milliseconds in repetition 406
tcp_ping received 2048 bytes back
Round trip time was 0.02481 milliseconds in repetition 407
tcp_ping received 2048 bytes back
Round trip time was 0.025329 milliseconds in repetition 408
tcp_ping received 2048 bytes back
Round trip time was 0.025257 milliseconds in repetition 409
tcp_ping received 2048 bytes back
Round trip time was 0.025024 milliseconds in repetition 410
tcp_ping received 2048 bytes back
Round trip time was 0.024967 milliseconds in repetition 411
tcp_ping received 2048 bytes back
Round trip time was 0.025308 milliseconds in repetition 412
tcp_ping received 2048 bytes back
Round trip time was 0.025088 milliseconds in repetition 413
tcp_ping received 2048 bytes back
Round trip time was 0.024908 milliseconds in repetition 414
tcp_ping received 2048 bytes back
Round trip time was 0.024892 milliseconds in repetition 415
tcp_ping received 2048 bytes back
Round trip time was 0.025317 milliseconds in repetition 416
tcp_ping received 2048 bytes back
Round trip time was 0.025273 milliseconds in repetition 417
tcp_ping received 2048 bytes back
Round trip time was 0.025035 milliseconds in repetition 418
tcp_ping received 2048 bytes back
Round trip time was 0.024796 milliseconds in repetition 419
tcp_ping received 2048 bytes back
Round trip time was 0.025497 milliseconds in repetition 420
tcp_ping received 2048 bytes back
Round trip time was 0.025133 milliseconds in repetition 421
tcp_ping received 2048 bytes back
Round trip time was 0.02476 milliseconds in repetition 422
tcp_ping received 2048 bytes back
Round trip time was 0.024449 milliseconds in repetition 423
tcp_ping received 2048 bytes back
Round trip time was 0.025039 milliseconds in repetition 424
tcp_ping received 2048 bytes back
Round trip time was 0.025093 milliseconds in repetition 425
tcp_ping received 2048 bytes back
Round trip time was 0.025135 milliseconds in repetition 426
tcp_ping received 2048 bytes back
Round trip time was 0.024822 milliseconds in repetition 427
tcp_ping received 2048 bytes back
Round trip time was 0.025471 milliseconds in repetition 428
tcp_ping received 2048 bytes back
Round trip time was 0.024946 milliseconds in repetition 429
tcp_ping received 2048 bytes back
Round trip time was 0.024689 milliseconds in repetition 430
tcp_ping received 2048 bytes back
Round trip time was 0.024746 milliseconds in repetition 431
tcp_ping received 2048 bytes back
Round trip time was 0.025372 milliseconds in repetition 432
tcp_ping received 2048 bytes back
Round trip time was 0.025188 milliseconds in repetition 433
tcp_ping received 2048 bytes back
Round trip time was 0.025213 milliseconds in repetition 434
tcp_ping received 2048 bytes back
Round trip time was 0.025016 milliseconds in repetition 435
tcp_ping received 2048 bytes back
Round trip time was 0.025197 milliseconds in repetition 436
tcp_ping received 2048 bytes back
Round trip time was 0.026601 milliseconds in repetition 437
tcp_ping received 2048 bytes back
Round trip time was 0.025185 milliseconds in repetition 438
tcp_ping received 2048 bytes back
Round trip time was 0.024959 milliseconds in repetition 439
tcp_ping received 2048 bytes back
Round trip time was 0.025176 milliseconds in repetition 440
tcp_ping received 2048 bytes back
Round trip time was 0.026578 milliseconds in repetition 441
tcp_ping received 2048 bytes back
Round trip time was 0.025244 milliseconds in repetition 442
tcp_ping received 2048 bytes back
Round trip time was 0.024945 milliseconds in repetition 443
tcp_ping received 2048 bytes back
Round trip time was 0.025336 milliseconds in repetition 444
tcp_ping received 2048 bytes back
Round trip time was 0.025221 milliseconds in repetition 445
tcp_ping received 2048 bytes back
Round trip time was 0.024561 milliseconds in repetition 446
tcp_ping received 2048 bytes back
Round trip time was 0.02493 milliseconds in repetition 447
tcp_ping received 2048 bytes back
Round trip time was 0.025409 milliseconds in repetition 448
tcp_ping received 2048 bytes back
Round trip time was 0.025164 milliseconds in repetition 449
tcp_ping received 2048 bytes back
Round trip time was 0.024827 milliseconds in repetition 450
tcp_ping received 2048 bytes back
Round trip time was 0.025005 milliseconds in repetition 451
tcp_ping received 2048 bytes back
Round trip time was 0.025207 milliseconds in repetition 452
tcp_ping received 2048 bytes back
Round trip time was 0.025173 milliseconds in repetition 453
tcp_ping received 2048 bytes back
Round trip time was 0.024729 milliseconds in repetition 454
tcp_ping received 2048 bytes back
Round trip time was 0.024791 milliseconds in repetition 455
tcp_ping received 2048 bytes back
Round trip time was 0.025353 milliseconds in repetition 456
tcp_ping received 2048 bytes back
Round trip time was 0.025308 milliseconds in repetition 457
tcp_ping received 2048 bytes back
Round trip time was 0.025019 milliseconds in repetition 458
tcp_ping received 2048 bytes back
Round trip time was 0.025286 milliseconds in repetition 459
tcp_ping received 2048 bytes back
Round trip time was 0.025186 milliseconds in repetition 460
tcp_ping received 2048 bytes back
Round trip time was 0.024834 milliseconds in repetition 461
tcp_ping received 2048 bytes back
Round trip time was 0.024751 milliseconds in repetition 462
tcp_ping received 2048 bytes back
Round trip time was 0.024771 milliseconds in repetition 463
tcp_ping received 2048 bytes back
Round trip time was 0.025275 milliseconds in repetition 464
tcp_ping received 2048 bytes back
Round trip time was 0.025368 milliseconds in repetition 465
tcp_ping received 2048 bytes back
Round trip time was 0.024762 milliseconds in repetition 466
tcp_ping received 2048 bytes back
Round trip time was 0.024822 milliseconds in repetition 467
tcp_ping received 2048 bytes back
Round trip time was 0.025221 milliseconds in repetition 468
tcp_ping received 2048 bytes back
Round trip time was 0.025181 milliseconds in repetition 469
tcp_ping received 2048 bytes back
Round trip time was 0.025341 milliseconds in repetition 470
tcp_ping received 2048 bytes back
Round trip time was 0.025148 milliseconds in repetition 471
tcp_ping received 2048 bytes back
Round trip time was 0.025325 milliseconds in repetition 472
tcp_ping received 2048 bytes back
Round trip time was 0.025252 milliseconds in repetition 473
tcp_ping received 2048 bytes back
Round trip time was 0.024667 milliseconds in repetition 474
tcp_ping received 2048 bytes back
Round trip time was 0.024856 milliseconds in repetition 475
tcp_ping received 2048 bytes back
Round trip time was 0.024997 milliseconds in repetition 476
tcp_ping received 2048 bytes back
Round trip time was 0.025338 milliseconds in repetition 477
tcp_ping received 2048 bytes back
Round trip time was 0.025008 milliseconds in repetition 478
tcp_ping received 2048 bytes back
Round trip time was 0.025013 milliseconds in repetition 479
tcp_ping received 2048 bytes back
Round trip time was 0.026559 milliseconds in repetition 480
tcp_ping received 2048 bytes back
Round trip time was 0.025495 milliseconds in repetition 481
tcp_ping received 2048 bytes back
Round trip time was 0.02488 milliseconds in repetition 482
tcp_ping received 2048 bytes back
Round trip time was 0.025318 milliseconds in repetition 483
tcp_ping received 2048 bytes back
Round trip time was 0.025492 milliseconds in repetition 484
tcp_ping received 2048 bytes back
Round trip time was 0.025007 milliseconds in repetition 485
tcp_ping received 2048 bytes back
Round trip time was 0.024714 milliseconds in repetition 486
tcp_ping received 2048 bytes back
Round trip time was 0.025078 milliseconds in repetition 487
tcp_ping received 2048 bytes back
Round trip time was 0.025108 milliseconds in repetition 488
tcp_ping received 2048 bytes back
Round trip time was 0.025104 milliseconds in repetition 489
tcp_ping received 2048 bytes back
Round trip time was 0.024742 milliseconds in repetition 490
tcp_ping received 2048 bytes back
Round trip time was 0.024872 milliseconds in repetition 491
tcp_ping received 2048 bytes back
Round trip time was 0.02508 milliseconds in repetition 492
tcp_ping received 2048 bytes back
Round trip time was 0.025085 milliseconds in repetition 493
tcp_ping received 2048 bytes back
Round trip time was 0.025121 milliseconds in repetition 494
tcp_ping received 2048 bytes back
Round trip time was 0.025215 milliseconds in repetition 495
tcp_ping received 2048 bytes back
Round trip time was 0.025225 milliseconds in repetition 496
tcp_ping received 2048 bytes back
Round trip time was 0.024962 milliseconds in repetition 497
tcp_ping received 2048 bytes back
Round trip time was 0.024713 milliseconds in repetition 498
tcp_ping received 2048 bytes back
Round trip time was 0.02504 milliseconds in repetition 499
tcp_ping received 2048 bytes back
Round trip time was 0.025214 milliseconds in repetition 500

 ... clock resolution was 1e-06
TCP Ping:  Statistics over 500 repetitions of 2048 byte messages

RTT : percentile 10: 0.024752, median: 0.025035, percentile 90: 0.025408, average: 0.0251878, variance: 8.68784e-07

RTT histogram:
0.0244125 26
0.0249513 361
0.0254902 84
0.026029 3
0.0265679 13
0.0271067 7
0.0276456 0
0.0281844 0
0.0287233 0
0.0292622 1
0.029801 0
0.0303399 0
0.0308787 1
0.0314176 1
0.0319564 0
0.0324953 0
0.0330341 0
0.033573 1
0.0341118 1
0.0346507 0
0.0351895 1

   median Throughput : 163611 KB/s   overall Throughput : 162619 KB/s

