TCP Ping trying to connect to server localhost (127.0.0.1) on port 1491
 ... connected to Pong server: asking for 500 repetitions of 524288 bytes TCP messages
 ... Pong server agreed :-)
tcp_ping received 524288 bytes back
Round trip time was 2.89859 milliseconds in repetition 1
tcp_ping received 524288 bytes back
Round trip time was 2.76669 milliseconds in repetition 2
tcp_ping received 524288 bytes back
Round trip time was 2.77747 milliseconds in repetition 3
tcp_ping received 524288 bytes back
Round trip time was 2.78934 milliseconds in repetition 4
tcp_ping received 524288 bytes back
Round trip time was 2.77239 milliseconds in repetition 5
tcp_ping received 524288 bytes back
Round trip time was 2.77668 milliseconds in repetition 6
tcp_ping received 524288 bytes back
Round trip time was 2.7752 milliseconds in repetition 7
tcp_ping received 524288 bytes back
Round trip time was 2.76862 milliseconds in repetition 8
tcp_ping received 524288 bytes back
Round trip time was 2.78224 milliseconds in repetition 9
tcp_ping received 524288 bytes back
Round trip time was 2.78193 milliseconds in repetition 10
tcp_ping received 524288 bytes back
Round trip time was 2.81141 milliseconds in repetition 11
tcp_ping received 524288 bytes back
Round trip time was 2.77177 milliseconds in repetition 12
tcp_ping received 524288 bytes back
Round trip time was 2.77854 milliseconds in repetition 13
tcp_ping received 524288 bytes back
Round trip time was 2.77754 milliseconds in repetition 14
tcp_ping received 524288 bytes back
Round trip time was 2.77212 milliseconds in repetition 15
tcp_ping received 524288 bytes back
Round trip time was 2.77591 milliseconds in repetition 16
tcp_ping received 524288 bytes back
Round trip time was 2.77301 milliseconds in repetition 17
tcp_ping received 524288 bytes back
Round trip time was 2.77132 milliseconds in repetition 18
tcp_ping received 524288 bytes back
Round trip time was 2.77493 milliseconds in repetition 19
tcp_ping received 524288 bytes back
Round trip time was 2.77848 milliseconds in repetition 20
tcp_ping received 524288 bytes back
Round trip time was 2.77002 milliseconds in repetition 21
tcp_ping received 524288 bytes back
Round trip time was 2.77471 milliseconds in repetition 22
tcp_ping received 524288 bytes back
Round trip time was 2.77647 milliseconds in repetition 23
tcp_ping received 524288 bytes back
Round trip time was 2.77332 milliseconds in repetition 24
tcp_ping received 524288 bytes back
Round trip time was 2.77577 milliseconds in repetition 25
tcp_ping received 524288 bytes back
Round trip time was 2.77614 milliseconds in repetition 26
tcp_ping received 524288 bytes back
Round trip time was 2.77349 milliseconds in repetition 27
tcp_ping received 524288 bytes back
Round trip time was 2.77912 milliseconds in repetition 28
tcp_ping received 524288 bytes back
Round trip time was 2.77434 milliseconds in repetition 29
tcp_ping received 524288 bytes back
Round trip time was 2.77971 milliseconds in repetition 30
tcp_ping received 524288 bytes back
Round trip time was 2.77251 milliseconds in repetition 31
tcp_ping received 524288 bytes back
Round trip time was 2.7733 milliseconds in repetition 32
tcp_ping received 524288 bytes back
Round trip time was 2.7723 milliseconds in repetition 33
tcp_ping received 524288 bytes back
Round trip time was 2.77387 milliseconds in repetition 34
tcp_ping received 524288 bytes back
Round trip time was 2.7688 milliseconds in repetition 35
tcp_ping received 524288 bytes back
Round trip time was 2.77881 milliseconds in repetition 36
tcp_ping received 524288 bytes back
Round trip time was 2.77345 milliseconds in repetition 37
tcp_ping received 524288 bytes back
Round trip time was 2.77401 milliseconds in repetition 38
tcp_ping received 524288 bytes back
Round trip time was 2.7735 milliseconds in repetition 39
tcp_ping received 524288 bytes back
Round trip time was 2.77184 milliseconds in repetition 40
tcp_ping received 524288 bytes back
Round trip time was 2.7725 milliseconds in repetition 41
tcp_ping received 524288 bytes back
Round trip time was 2.77526 milliseconds in repetition 42
tcp_ping received 524288 bytes back
Round trip time was 2.7791 milliseconds in repetition 43
tcp_ping received 524288 bytes back
Round trip time was 2.77226 milliseconds in repetition 44
tcp_ping received 524288 bytes back
Round trip time was 2.77356 milliseconds in repetition 45
tcp_ping received 524288 bytes back
Round trip time was 2.77569 milliseconds in repetition 46
tcp_ping received 524288 bytes back
Round trip time was 2.77652 milliseconds in repetition 47
tcp_ping received 524288 bytes back
Round trip time was 2.77059 milliseconds in repetition 48
tcp_ping received 524288 bytes back
Round trip time was 2.77593 milliseconds in repetition 49
tcp_ping received 524288 bytes back
Round trip time was 2.77571 milliseconds in repetition 50
tcp_ping received 524288 bytes back
Round trip time was 2.7755 milliseconds in repetition 51
tcp_ping received 524288 bytes back
Round trip time was 2.77158 milliseconds in repetition 52
tcp_ping received 524288 bytes back
Round trip time was 2.77706 milliseconds in repetition 53
tcp_ping received 524288 bytes back
Round trip time was 2.76756 milliseconds in repetition 54
tcp_ping received 524288 bytes back
Round trip time was 2.77772 milliseconds in repetition 55
tcp_ping received 524288 bytes back
Round trip time was 2.77343 milliseconds in repetition 56
tcp_ping received 524288 bytes back
Round trip time was 2.77605 milliseconds in repetition 57
tcp_ping received 524288 bytes back
Round trip time was 2.77372 milliseconds in repetition 58
tcp_ping received 524288 bytes back
Round trip time was 2.77085 milliseconds in repetition 59
tcp_ping received 524288 bytes back
Round trip time was 2.77595 milliseconds in repetition 60
tcp_ping received 524288 bytes back
Round trip time was 2.77154 milliseconds in repetition 61
tcp_ping received 524288 bytes back
Round trip time was 2.77135 milliseconds in repetition 62
tcp_ping received 524288 bytes back
Round trip time was 2.77395 milliseconds in repetition 63
tcp_ping received 524288 bytes back
Round trip time was 2.77019 milliseconds in repetition 64
tcp_ping received 524288 bytes back
Round trip time was 2.77609 milliseconds in repetition 65
tcp_ping received 524288 bytes back
Round trip time was 2.77312 milliseconds in repetition 66
tcp_ping received 524288 bytes back
Round trip time was 2.77162 milliseconds in repetition 67
tcp_ping received 524288 bytes back
Round trip time was 2.77438 milliseconds in repetition 68
tcp_ping received 524288 bytes back
Round trip time was 2.7753 milliseconds in repetition 69
tcp_ping received 524288 bytes back
Round trip time was 2.77446 milliseconds in repetition 70
tcp_ping received 524288 bytes back
Round trip time was 2.77431 milliseconds in repetition 71
tcp_ping received 524288 bytes back
Round trip time was 2.77602 milliseconds in repetition 72
tcp_ping received 524288 bytes back
Round trip time was 2.77334 milliseconds in repetition 73
tcp_ping received 524288 bytes back
Round trip time was 2.77077 milliseconds in repetition 74
tcp_ping received 524288 bytes back
Round trip time was 2.77332 milliseconds in repetition 75
tcp_ping received 524288 bytes back
Round trip time was 2.77728 milliseconds in repetition 76
tcp_ping received 524288 bytes back
Round trip time was 2.77144 milliseconds in repetition 77
tcp_ping received 524288 bytes back
Round trip time was 2.77265 milliseconds in repetition 78
tcp_ping received 524288 bytes back
Round trip time was 2.77318 milliseconds in repetition 79
tcp_ping received 524288 bytes back
Round trip time was 2.7804 milliseconds in repetition 80
tcp_ping received 524288 bytes back
Round trip time was 2.77098 milliseconds in repetition 81
tcp_ping received 524288 bytes back
Round trip time was 2.77512 milliseconds in repetition 82
tcp_ping received 524288 bytes back
Round trip time was 2.76997 milliseconds in repetition 83
tcp_ping received 524288 bytes back
Round trip time was 2.77147 milliseconds in repetition 84
tcp_ping received 524288 bytes back
Round trip time was 2.79757 milliseconds in repetition 85
tcp_ping received 524288 bytes back
Round trip time was 2.73677 milliseconds in repetition 86
tcp_ping received 524288 bytes back
Round trip time was 2.78287 milliseconds in repetition 87
tcp_ping received 524288 bytes back
Round trip time was 2.77966 milliseconds in repetition 88
tcp_ping received 524288 bytes back
Round trip time was 2.77705 milliseconds in repetition 89
tcp_ping received 524288 bytes back
Round trip time was 2.76869 milliseconds in repetition 90
tcp_ping received 524288 bytes back
Round trip time was 2.77485 milliseconds in repetition 91
tcp_ping received 524288 bytes back
Round trip time was 2.77162 milliseconds in repetition 92
tcp_ping received 524288 bytes back
Round trip time was 2.77506 milliseconds in repetition 93
tcp_ping received 524288 bytes back
Round trip time was 2.77187 milliseconds in repetition 94
tcp_ping received 524288 bytes back
Round trip time was 2.77301 milliseconds in repetition 95
tcp_ping received 524288 bytes back
Round trip time was 2.77228 milliseconds in repetition 96
tcp_ping received 524288 bytes back
Round trip time was 2.7717 milliseconds in repetition 97
tcp_ping received 524288 bytes back
Round trip time was 2.77137 milliseconds in repetition 98
tcp_ping received 524288 bytes back
Round trip time was 2.77339 milliseconds in repetition 99
tcp_ping received 524288 bytes back
Round trip time was 2.78842 milliseconds in repetition 100
tcp_ping received 524288 bytes back
Round trip time was 2.77587 milliseconds in repetition 101
tcp_ping received 524288 bytes back
Round trip time was 2.76132 milliseconds in repetition 102
tcp_ping received 524288 bytes back
Round trip time was 2.7952 milliseconds in repetition 103
tcp_ping received 524288 bytes back
Round trip time was 2.73158 milliseconds in repetition 104
tcp_ping received 524288 bytes back
Round trip time was 2.78234 milliseconds in repetition 105
tcp_ping received 524288 bytes back
Round trip time was 2.77531 milliseconds in repetition 106
tcp_ping received 524288 bytes back
Round trip time was 2.77076 milliseconds in repetition 107
tcp_ping received 524288 bytes back
Round trip time was 2.77505 milliseconds in repetition 108
tcp_ping received 524288 bytes back
Round trip time was 2.77331 milliseconds in repetition 109
tcp_ping received 524288 bytes back
Round trip time was 2.76537 milliseconds in repetition 110
tcp_ping received 524288 bytes back
Round trip time was 2.77204 milliseconds in repetition 111
tcp_ping received 524288 bytes back
Round trip time was 2.77164 milliseconds in repetition 112
tcp_ping received 524288 bytes back
Round trip time was 2.76574 milliseconds in repetition 113
tcp_ping received 524288 bytes back
Round trip time was 2.77226 milliseconds in repetition 114
tcp_ping received 524288 bytes back
Round trip time was 2.77138 milliseconds in repetition 115
tcp_ping received 524288 bytes back
Round trip time was 2.76238 milliseconds in repetition 116
tcp_ping received 524288 bytes back
Round trip time was 2.77022 milliseconds in repetition 117
tcp_ping received 524288 bytes back
Round trip time was 2.77301 milliseconds in repetition 118
tcp_ping received 524288 bytes back
Round trip time was 2.76545 milliseconds in repetition 119
tcp_ping received 524288 bytes back
Round trip time was 2.77025 milliseconds in repetition 120
tcp_ping received 524288 bytes back
Round trip time was 2.74693 milliseconds in repetition 121
tcp_ping received 524288 bytes back
Round trip time was 2.75135 milliseconds in repetition 122
tcp_ping received 524288 bytes back
Round trip time was 2.72583 milliseconds in repetition 123
tcp_ping received 524288 bytes back
Round trip time was 2.7734 milliseconds in repetition 124
tcp_ping received 524288 bytes back
Round trip time was 2.70963 milliseconds in repetition 125
tcp_ping received 524288 bytes back
Round trip time was 2.66713 milliseconds in repetition 126
tcp_ping received 524288 bytes back
Round trip time was 2.777 milliseconds in repetition 127
tcp_ping received 524288 bytes back
Round trip time was 2.69248 milliseconds in repetition 128
tcp_ping received 524288 bytes back
Round trip time was 2.71265 milliseconds in repetition 129
tcp_ping received 524288 bytes back
Round trip time was 2.74088 milliseconds in repetition 130
tcp_ping received 524288 bytes back
Round trip time was 2.70653 milliseconds in repetition 131
tcp_ping received 524288 bytes back
Round trip time was 2.7536 milliseconds in repetition 132
tcp_ping received 524288 bytes back
Round trip time was 2.71314 milliseconds in repetition 133
tcp_ping received 524288 bytes back
Round trip time was 2.67933 milliseconds in repetition 134
tcp_ping received 524288 bytes back
Round trip time was 2.69608 milliseconds in repetition 135
tcp_ping received 524288 bytes back
Round trip time was 3.04358 milliseconds in repetition 136
tcp_ping received 524288 bytes back
Round trip time was 2.72059 milliseconds in repetition 137
tcp_ping received 524288 bytes back
Round trip time was 2.72364 milliseconds in repetition 138
tcp_ping received 524288 bytes back
Round trip time was 2.78116 milliseconds in repetition 139
tcp_ping received 524288 bytes back
Round trip time was 2.7379 milliseconds in repetition 140
tcp_ping received 524288 bytes back
Round trip time was 2.78214 milliseconds in repetition 141
tcp_ping received 524288 bytes back
Round trip time was 2.73341 milliseconds in repetition 142
tcp_ping received 524288 bytes back
Round trip time was 2.78651 milliseconds in repetition 143
tcp_ping received 524288 bytes back
Round trip time was 2.77739 milliseconds in repetition 144
tcp_ping received 524288 bytes back
Round trip time was 2.7638 milliseconds in repetition 145
tcp_ping received 524288 bytes back
Round trip time was 2.77703 milliseconds in repetition 146
tcp_ping received 524288 bytes back
Round trip time was 2.77285 milliseconds in repetition 147
tcp_ping received 524288 bytes back
Round trip time was 2.77331 milliseconds in repetition 148
tcp_ping received 524288 bytes back
Round trip time was 2.77335 milliseconds in repetition 149
tcp_ping received 524288 bytes back
Round trip time was 2.77484 milliseconds in repetition 150
tcp_ping received 524288 bytes back
Round trip time was 2.77306 milliseconds in repetition 151
tcp_ping received 524288 bytes back
Round trip time was 2.77124 milliseconds in repetition 152
tcp_ping received 524288 bytes back
Round trip time was 2.77533 milliseconds in repetition 153
tcp_ping received 524288 bytes back
Round trip time was 2.78145 milliseconds in repetition 154
tcp_ping received 524288 bytes back
Round trip time was 2.75771 milliseconds in repetition 155
tcp_ping received 524288 bytes back
Round trip time was 2.75782 milliseconds in repetition 156
tcp_ping received 524288 bytes back
Round trip time was 2.73326 milliseconds in repetition 157
tcp_ping received 524288 bytes back
Round trip time was 2.77293 milliseconds in repetition 158
tcp_ping received 524288 bytes back
Round trip time was 2.75754 milliseconds in repetition 159
tcp_ping received 524288 bytes back
Round trip time was 2.76496 milliseconds in repetition 160
tcp_ping received 524288 bytes back
Round trip time was 2.69493 milliseconds in repetition 161
tcp_ping received 524288 bytes back
Round trip time was 2.77201 milliseconds in repetition 162
tcp_ping received 524288 bytes back
Round trip time was 2.67422 milliseconds in repetition 163
tcp_ping received 524288 bytes back
Round trip time was 2.73793 milliseconds in repetition 164
tcp_ping received 524288 bytes back
Round trip time was 2.67079 milliseconds in repetition 165
tcp_ping received 524288 bytes back
Round trip time was 2.67295 milliseconds in repetition 166
tcp_ping received 524288 bytes back
Round trip time was 2.71925 milliseconds in repetition 167
tcp_ping received 524288 bytes back
Round trip time was 2.75881 milliseconds in repetition 168
tcp_ping received 524288 bytes back
Round trip time was 2.6924 milliseconds in repetition 169
tcp_ping received 524288 bytes back
Round trip time was 2.74025 milliseconds in repetition 170
tcp_ping received 524288 bytes back
Round trip time was 2.74693 milliseconds in repetition 171
tcp_ping received 524288 bytes back
Round trip time was 2.76996 milliseconds in repetition 172
tcp_ping received 524288 bytes back
Round trip time was 2.67463 milliseconds in repetition 173
tcp_ping received 524288 bytes back
Round trip time was 2.67163 milliseconds in repetition 174
tcp_ping received 524288 bytes back
Round trip time was 2.66899 milliseconds in repetition 175
tcp_ping received 524288 bytes back
Round trip time was 2.78062 milliseconds in repetition 176
tcp_ping received 524288 bytes back
Round trip time was 2.76963 milliseconds in repetition 177
tcp_ping received 524288 bytes back
Round trip time was 2.76317 milliseconds in repetition 178
tcp_ping received 524288 bytes back
Round trip time was 2.77002 milliseconds in repetition 179
tcp_ping received 524288 bytes back
Round trip time was 2.77976 milliseconds in repetition 180
tcp_ping received 524288 bytes back
Round trip time was 2.77461 milliseconds in repetition 181
tcp_ping received 524288 bytes back
Round trip time was 2.77504 milliseconds in repetition 182
tcp_ping received 524288 bytes back
Round trip time was 2.77408 milliseconds in repetition 183
tcp_ping received 524288 bytes back
Round trip time was 2.77484 milliseconds in repetition 184
tcp_ping received 524288 bytes back
Round trip time was 2.77661 milliseconds in repetition 185
tcp_ping received 524288 bytes back
Round trip time was 2.7783 milliseconds in repetition 186
tcp_ping received 524288 bytes back
Round trip time was 2.76809 milliseconds in repetition 187
tcp_ping received 524288 bytes back
Round trip time was 2.78022 milliseconds in repetition 188
tcp_ping received 524288 bytes back
Round trip time was 2.78153 milliseconds in repetition 189
tcp_ping received 524288 bytes back
Round trip time was 2.77374 milliseconds in repetition 190
tcp_ping received 524288 bytes back
Round trip time was 2.77628 milliseconds in repetition 191
tcp_ping received 524288 bytes back
Round trip time was 2.7732 milliseconds in repetition 192
tcp_ping received 524288 bytes back
Round trip time was 2.77786 milliseconds in repetition 193
tcp_ping received 524288 bytes back
Round trip time was 2.77095 milliseconds in repetition 194
tcp_ping received 524288 bytes back
Round trip time was 2.77668 milliseconds in repetition 195
tcp_ping received 524288 bytes back
Round trip time was 2.77721 milliseconds in repetition 196
tcp_ping received 524288 bytes back
Round trip time was 2.76921 milliseconds in repetition 197
tcp_ping received 524288 bytes back
Round trip time was 2.77789 milliseconds in repetition 198
tcp_ping received 524288 bytes back
Round trip time was 2.77584 milliseconds in repetition 199
tcp_ping received 524288 bytes back
Round trip time was 2.78537 milliseconds in repetition 200
tcp_ping received 524288 bytes back
Round trip time was 2.73342 milliseconds in repetition 201
tcp_ping received 524288 bytes back
Round trip time was 2.77612 milliseconds in repetition 202
tcp_ping received 524288 bytes back
Round trip time was 2.67093 milliseconds in repetition 203
tcp_ping received 524288 bytes back
Round trip time was 2.67785 milliseconds in repetition 204
tcp_ping received 524288 bytes back
Round trip time was 2.67554 milliseconds in repetition 205
tcp_ping received 524288 bytes back
Round trip time was 2.70183 milliseconds in repetition 206
tcp_ping received 524288 bytes back
Round trip time was 2.72819 milliseconds in repetition 207
tcp_ping received 524288 bytes back
Round trip time was 2.76769 milliseconds in repetition 208
tcp_ping received 524288 bytes back
Round trip time was 2.72706 milliseconds in repetition 209
tcp_ping received 524288 bytes back
Round trip time was 2.72379 milliseconds in repetition 210
tcp_ping received 524288 bytes back
Round trip time was 2.77474 milliseconds in repetition 211
tcp_ping received 524288 bytes back
Round trip time was 2.75518 milliseconds in repetition 212
tcp_ping received 524288 bytes back
Round trip time was 2.77794 milliseconds in repetition 213
tcp_ping received 524288 bytes back
Round trip time was 2.7734 milliseconds in repetition 214
tcp_ping received 524288 bytes back
Round trip time was 3.63073 milliseconds in repetition 215
tcp_ping received 524288 bytes back
Round trip time was 2.73939 milliseconds in repetition 216
tcp_ping received 524288 bytes back
Round trip time was 2.79276 milliseconds in repetition 217
tcp_ping received 524288 bytes back
Round trip time was 2.76776 milliseconds in repetition 218
tcp_ping received 524288 bytes back
Round trip time was 2.77799 milliseconds in repetition 219
tcp_ping received 524288 bytes back
Round trip time was 2.73369 milliseconds in repetition 220
tcp_ping received 524288 bytes back
Round trip time was 2.67323 milliseconds in repetition 221
tcp_ping received 524288 bytes back
Round trip time was 2.66967 milliseconds in repetition 222
tcp_ping received 524288 bytes back
Round trip time was 2.73994 milliseconds in repetition 223
tcp_ping received 524288 bytes back
Round trip time was 2.73111 milliseconds in repetition 224
tcp_ping received 524288 bytes back
Round trip time was 2.67542 milliseconds in repetition 225
tcp_ping received 524288 bytes back
Round trip time was 2.67299 milliseconds in repetition 226
tcp_ping received 524288 bytes back
Round trip time was 2.66813 milliseconds in repetition 227
tcp_ping received 524288 bytes back
Round trip time was 2.67014 milliseconds in repetition 228
tcp_ping received 524288 bytes back
Round trip time was 2.73809 milliseconds in repetition 229
tcp_ping received 524288 bytes back
Round trip time was 2.67667 milliseconds in repetition 230
tcp_ping received 524288 bytes back
Round trip time was 2.67117 milliseconds in repetition 231
tcp_ping received 524288 bytes back
Round trip time was 2.67132 milliseconds in repetition 232
tcp_ping received 524288 bytes back
Round trip time was 2.67124 milliseconds in repetition 233
tcp_ping received 524288 bytes back
Round trip time was 2.67019 milliseconds in repetition 234
tcp_ping received 524288 bytes back
Round trip time was 2.73528 milliseconds in repetition 235
tcp_ping received 524288 bytes back
Round trip time was 2.73231 milliseconds in repetition 236
tcp_ping received 524288 bytes back
Round trip time was 2.672 milliseconds in repetition 237
tcp_ping received 524288 bytes back
Round trip time was 2.67078 milliseconds in repetition 238
tcp_ping received 524288 bytes back
Round trip time was 2.66798 milliseconds in repetition 239
tcp_ping received 524288 bytes back
Round trip time was 2.67229 milliseconds in repetition 240
tcp_ping received 524288 bytes back
Round trip time was 2.67297 milliseconds in repetition 241
tcp_ping received 524288 bytes back
Round trip time was 2.66888 milliseconds in repetition 242
tcp_ping received 524288 bytes back
Round trip time was 2.67761 milliseconds in repetition 243
tcp_ping received 524288 bytes back
Round trip time was 2.67142 milliseconds in repetition 244
tcp_ping received 524288 bytes back
Round trip time was 2.66771 milliseconds in repetition 245
tcp_ping received 524288 bytes back
Round trip time was 2.73658 milliseconds in repetition 246
tcp_ping received 524288 bytes back
Round trip time was 2.65222 milliseconds in repetition 247
tcp_ping received 524288 bytes back
Round trip time was 2.66939 milliseconds in repetition 248
tcp_ping received 524288 bytes back
Round trip time was 2.67407 milliseconds in repetition 249
tcp_ping received 524288 bytes back
Round trip time was 2.74044 milliseconds in repetition 250
tcp_ping received 524288 bytes back
Round trip time was 2.76679 milliseconds in repetition 251
tcp_ping received 524288 bytes back
Round trip time was 2.73722 milliseconds in repetition 252
tcp_ping received 524288 bytes back
Round trip time was 2.76611 milliseconds in repetition 253
tcp_ping received 524288 bytes back
Round trip time was 2.76993 milliseconds in repetition 254
tcp_ping received 524288 bytes back
Round trip time was 2.77335 milliseconds in repetition 255
tcp_ping received 524288 bytes back
Round trip time was 2.79848 milliseconds in repetition 256
tcp_ping received 524288 bytes back
Round trip time was 2.77961 milliseconds in repetition 257
tcp_ping received 524288 bytes back
Round trip time was 2.76574 milliseconds in repetition 258
tcp_ping received 524288 bytes back
Round trip time was 2.77008 milliseconds in repetition 259
tcp_ping received 524288 bytes back
Round trip time was 2.77178 milliseconds in repetition 260
tcp_ping received 524288 bytes back
Round trip time was 2.76828 milliseconds in repetition 261
tcp_ping received 524288 bytes back
Round trip time was 2.78607 milliseconds in repetition 262
tcp_ping received 524288 bytes back
Round trip time was 2.78158 milliseconds in repetition 263
tcp_ping received 524288 bytes back
Round trip time was 2.7874 milliseconds in repetition 264
tcp_ping received 524288 bytes back
Round trip time was 2.79076 milliseconds in repetition 265
tcp_ping received 524288 bytes back
Round trip time was 2.78137 milliseconds in repetition 266
tcp_ping received 524288 bytes back
Round trip time was 2.86918 milliseconds in repetition 267
tcp_ping received 524288 bytes back
Round trip time was 2.93296 milliseconds in repetition 268
tcp_ping received 524288 bytes back
Round trip time was 2.90844 milliseconds in repetition 269
tcp_ping received 524288 bytes back
Round trip time was 2.89284 milliseconds in repetition 270
tcp_ping received 524288 bytes back
Round trip time was 2.87921 milliseconds in repetition 271
tcp_ping received 524288 bytes back
Round trip time was 2.88472 milliseconds in repetition 272
tcp_ping received 524288 bytes back
Round trip time was 2.79737 milliseconds in repetition 273
tcp_ping received 524288 bytes back
Round trip time was 2.78304 milliseconds in repetition 274
tcp_ping received 524288 bytes back
Round trip time was 2.7845 milliseconds in repetition 275
tcp_ping received 524288 bytes back
Round trip time was 2.7823 milliseconds in repetition 276
tcp_ping received 524288 bytes back
Round trip time was 2.77896 milliseconds in repetition 277
tcp_ping received 524288 bytes back
Round trip time was 2.77363 milliseconds in repetition 278
tcp_ping received 524288 bytes back
Round trip time was 2.78116 milliseconds in repetition 279
tcp_ping received 524288 bytes back
Round trip time was 2.7899 milliseconds in repetition 280
tcp_ping received 524288 bytes back
Round trip time was 2.77279 milliseconds in repetition 281
tcp_ping received 524288 bytes back
Round trip time was 2.77631 milliseconds in repetition 282
tcp_ping received 524288 bytes back
Round trip time was 2.77794 milliseconds in repetition 283
tcp_ping received 524288 bytes back
Round trip time was 2.78355 milliseconds in repetition 284
tcp_ping received 524288 bytes back
Round trip time was 2.77133 milliseconds in repetition 285
tcp_ping received 524288 bytes back
Round trip time was 2.78823 milliseconds in repetition 286
tcp_ping received 524288 bytes back
Round trip time was 2.78375 milliseconds in repetition 287
tcp_ping received 524288 bytes back
Round trip time was 2.77868 milliseconds in repetition 288
tcp_ping received 524288 bytes back
Round trip time was 2.77393 milliseconds in repetition 289
tcp_ping received 524288 bytes back
Round trip time was 2.77918 milliseconds in repetition 290
tcp_ping received 524288 bytes back
Round trip time was 2.77062 milliseconds in repetition 291
tcp_ping received 524288 bytes back
Round trip time was 2.77151 milliseconds in repetition 292
tcp_ping received 524288 bytes back
Round trip time was 2.77535 milliseconds in repetition 293
tcp_ping received 524288 bytes back
Round trip time was 2.76946 milliseconds in repetition 294
tcp_ping received 524288 bytes back
Round trip time was 2.7785 milliseconds in repetition 295
tcp_ping received 524288 bytes back
Round trip time was 2.77682 milliseconds in repetition 296
tcp_ping received 524288 bytes back
Round trip time was 2.77554 milliseconds in repetition 297
tcp_ping received 524288 bytes back
Round trip time was 2.77252 milliseconds in repetition 298
tcp_ping received 524288 bytes back
Round trip time was 2.77336 milliseconds in repetition 299
tcp_ping received 524288 bytes back
Round trip time was 2.7726 milliseconds in repetition 300
tcp_ping received 524288 bytes back
Round trip time was 2.7712 milliseconds in repetition 301
tcp_ping received 524288 bytes back
Round trip time was 2.77648 milliseconds in repetition 302
tcp_ping received 524288 bytes back
Round trip time was 2.78191 milliseconds in repetition 303
tcp_ping received 524288 bytes back
Round trip time was 2.77007 milliseconds in repetition 304
tcp_ping received 524288 bytes back
Round trip time was 2.7756 milliseconds in repetition 305
tcp_ping received 524288 bytes back
Round trip time was 2.77419 milliseconds in repetition 306
tcp_ping received 524288 bytes back
Round trip time was 2.77362 milliseconds in repetition 307
tcp_ping received 524288 bytes back
Round trip time was 2.77381 milliseconds in repetition 308
tcp_ping received 524288 bytes back
Round trip time was 2.77233 milliseconds in repetition 309
tcp_ping received 524288 bytes back
Round trip time was 2.77675 milliseconds in repetition 310
tcp_ping received 524288 bytes back
Round trip time was 2.77029 milliseconds in repetition 311
tcp_ping received 524288 bytes back
Round trip time was 2.7727 milliseconds in repetition 312
tcp_ping received 524288 bytes back
Round trip time was 2.77783 milliseconds in repetition 313
tcp_ping received 524288 bytes back
Round trip time was 2.77394 milliseconds in repetition 314
tcp_ping received 524288 bytes back
Round trip time was 2.76495 milliseconds in repetition 315
tcp_ping received 524288 bytes back
Round trip time was 2.70353 milliseconds in repetition 316
tcp_ping received 524288 bytes back
Round trip time was 2.66607 milliseconds in repetition 317
tcp_ping received 524288 bytes back
Round trip time was 2.67275 milliseconds in repetition 318
tcp_ping received 524288 bytes back
Round trip time was 2.73507 milliseconds in repetition 319
tcp_ping received 524288 bytes back
Round trip time was 2.71173 milliseconds in repetition 320
tcp_ping received 524288 bytes back
Round trip time was 2.67724 milliseconds in repetition 321
tcp_ping received 524288 bytes back
Round trip time was 2.74189 milliseconds in repetition 322
tcp_ping received 524288 bytes back
Round trip time was 2.67654 milliseconds in repetition 323
tcp_ping received 524288 bytes back
Round trip time was 2.7139 milliseconds in repetition 324
tcp_ping received 524288 bytes back
Round trip time was 2.72706 milliseconds in repetition 325
tcp_ping received 524288 bytes back
Round trip time was 2.67358 milliseconds in repetition 326
tcp_ping received 524288 bytes back
Round trip time was 2.74092 milliseconds in repetition 327
tcp_ping received 524288 bytes back
Round trip time was 2.75406 milliseconds in repetition 328
tcp_ping received 524288 bytes back
Round trip time was 2.69035 milliseconds in repetition 329
tcp_ping received 524288 bytes back
Round trip time was 2.68684 milliseconds in repetition 330
tcp_ping received 524288 bytes back
Round trip time was 2.75465 milliseconds in repetition 331
tcp_ping received 524288 bytes back
Round trip time was 2.78477 milliseconds in repetition 332
tcp_ping received 524288 bytes back
Round trip time was 2.77113 milliseconds in repetition 333
tcp_ping received 524288 bytes back
Round trip time was 2.74094 milliseconds in repetition 334
tcp_ping received 524288 bytes back
Round trip time was 2.77282 milliseconds in repetition 335
tcp_ping received 524288 bytes back
Round trip time was 2.67116 milliseconds in repetition 336
tcp_ping received 524288 bytes back
Round trip time was 2.67489 milliseconds in repetition 337
tcp_ping received 524288 bytes back
Round trip time was 2.73652 milliseconds in repetition 338
tcp_ping received 524288 bytes back
Round trip time was 2.71575 milliseconds in repetition 339
tcp_ping received 524288 bytes back
Round trip time was 2.77108 milliseconds in repetition 340
tcp_ping received 524288 bytes back
Round trip time was 2.76903 milliseconds in repetition 341
tcp_ping received 524288 bytes back
Round trip time was 2.7383 milliseconds in repetition 342
tcp_ping received 524288 bytes back
Round trip time was 2.71679 milliseconds in repetition 343
tcp_ping received 524288 bytes back
Round trip time was 2.72917 milliseconds in repetition 344
tcp_ping received 524288 bytes back
Round trip time was 2.66964 milliseconds in repetition 345
tcp_ping received 524288 bytes back
Round trip time was 2.72075 milliseconds in repetition 346
tcp_ping received 524288 bytes back
Round trip time was 2.72419 milliseconds in repetition 347
tcp_ping received 524288 bytes back
Round trip time was 2.66975 milliseconds in repetition 348
tcp_ping received 524288 bytes back
Round trip time was 2.7645 milliseconds in repetition 349
tcp_ping received 524288 bytes back
Round trip time was 2.75283 milliseconds in repetition 350
tcp_ping received 524288 bytes back
Round trip time was 2.78957 milliseconds in repetition 351
tcp_ping received 524288 bytes back
Round trip time was 2.76459 milliseconds in repetition 352
tcp_ping received 524288 bytes back
Round trip time was 2.72971 milliseconds in repetition 353
tcp_ping received 524288 bytes back
Round trip time was 2.77652 milliseconds in repetition 354
tcp_ping received 524288 bytes back
Round trip time was 2.77471 milliseconds in repetition 355
tcp_ping received 524288 bytes back
Round trip time was 2.68992 milliseconds in repetition 356
tcp_ping received 524288 bytes back
Round trip time was 2.67561 milliseconds in repetition 357
tcp_ping received 524288 bytes back
Round trip time was 2.67202 milliseconds in repetition 358
tcp_ping received 524288 bytes back
Round trip time was 2.67355 milliseconds in repetition 359
tcp_ping received 524288 bytes back
Round trip time was 2.67392 milliseconds in repetition 360
tcp_ping received 524288 bytes back
Round trip time was 2.66885 milliseconds in repetition 361
tcp_ping received 524288 bytes back
Round trip time was 2.67276 milliseconds in repetition 362
tcp_ping received 524288 bytes back
Round trip time was 2.67533 milliseconds in repetition 363
tcp_ping received 524288 bytes back
Round trip time was 2.7352 milliseconds in repetition 364
tcp_ping received 524288 bytes back
Round trip time was 2.75692 milliseconds in repetition 365
tcp_ping received 524288 bytes back
Round trip time was 2.76608 milliseconds in repetition 366
tcp_ping received 524288 bytes back
Round trip time was 2.77478 milliseconds in repetition 367
tcp_ping received 524288 bytes back
Round trip time was 2.67865 milliseconds in repetition 368
tcp_ping received 524288 bytes back
Round trip time was 2.76106 milliseconds in repetition 369
tcp_ping received 524288 bytes back
Round trip time was 2.78131 milliseconds in repetition 370
tcp_ping received 524288 bytes back
Round trip time was 2.7614 milliseconds in repetition 371
tcp_ping received 524288 bytes back
Round trip time was 2.7111 milliseconds in repetition 372
tcp_ping received 524288 bytes back
Round trip time was 2.67043 milliseconds in repetition 373
tcp_ping received 524288 bytes back
Round trip time was 2.7786 milliseconds in repetition 374
tcp_ping received 524288 bytes back
Round trip time was 2.76679 milliseconds in repetition 375
tcp_ping received 524288 bytes back
Round trip time was 2.77319 milliseconds in repetition 376
tcp_ping received 524288 bytes back
Round trip time was 2.76174 milliseconds in repetition 377
tcp_ping received 524288 bytes back
Round trip time was 2.7152 milliseconds in repetition 378
tcp_ping received 524288 bytes back
Round trip time was 2.76675 milliseconds in repetition 379
tcp_ping received 524288 bytes back
Round trip time was 2.70636 milliseconds in repetition 380
tcp_ping received 524288 bytes back
Round trip time was 2.67339 milliseconds in repetition 381
tcp_ping received 524288 bytes back
Round trip time was 2.73874 milliseconds in repetition 382
tcp_ping received 524288 bytes back
Round trip time was 2.7328 milliseconds in repetition 383
tcp_ping received 524288 bytes back
Round trip time was 2.74804 milliseconds in repetition 384
tcp_ping received 524288 bytes back
Round trip time was 2.75085 milliseconds in repetition 385
tcp_ping received 524288 bytes back
Round trip time was 2.77279 milliseconds in repetition 386
tcp_ping received 524288 bytes back
Round trip time was 2.76711 milliseconds in repetition 387
tcp_ping received 524288 bytes back
Round trip time was 2.78499 milliseconds in repetition 388
tcp_ping received 524288 bytes back
Round trip time was 2.73685 milliseconds in repetition 389
tcp_ping received 524288 bytes back
Round trip time was 2.74449 milliseconds in repetition 390
tcp_ping received 524288 bytes back
Round trip time was 2.69996 milliseconds in repetition 391
tcp_ping received 524288 bytes back
Round trip time was 2.72236 milliseconds in repetition 392
tcp_ping received 524288 bytes back
Round trip time was 2.75923 milliseconds in repetition 393
tcp_ping received 524288 bytes back
Round trip time was 2.67544 milliseconds in repetition 394
tcp_ping received 524288 bytes back
Round trip time was 2.67432 milliseconds in repetition 395
tcp_ping received 524288 bytes back
Round trip time was 2.67062 milliseconds in repetition 396
tcp_ping received 524288 bytes back
Round trip time was 2.67357 milliseconds in repetition 397
tcp_ping received 524288 bytes back
Round trip time was 2.67276 milliseconds in repetition 398
tcp_ping received 524288 bytes back
Round trip time was 2.67115 milliseconds in repetition 399
tcp_ping received 524288 bytes back
Round trip time was 2.73862 milliseconds in repetition 400
tcp_ping received 524288 bytes back
Round trip time was 2.76809 milliseconds in repetition 401
tcp_ping received 524288 bytes back
Round trip time was 2.75211 milliseconds in repetition 402
tcp_ping received 524288 bytes back
Round trip time was 2.76074 milliseconds in repetition 403
tcp_ping received 524288 bytes back
Round trip time was 2.71578 milliseconds in repetition 404
tcp_ping received 524288 bytes back
Round trip time was 2.76452 milliseconds in repetition 405
tcp_ping received 524288 bytes back
Round trip time was 2.77439 milliseconds in repetition 406
tcp_ping received 524288 bytes back
Round trip time was 2.79702 milliseconds in repetition 407
tcp_ping received 524288 bytes back
Round trip time was 2.71907 milliseconds in repetition 408
tcp_ping received 524288 bytes back
Round trip time was 2.7747 milliseconds in repetition 409
tcp_ping received 524288 bytes back
Round trip time was 2.78092 milliseconds in repetition 410
tcp_ping received 524288 bytes back
Round trip time was 2.72804 milliseconds in repetition 411
tcp_ping received 524288 bytes back
Round trip time was 2.77194 milliseconds in repetition 412
tcp_ping received 524288 bytes back
Round trip time was 2.77632 milliseconds in repetition 413
tcp_ping received 524288 bytes back
Round trip time was 2.7734 milliseconds in repetition 414
tcp_ping received 524288 bytes back
Round trip time was 2.76355 milliseconds in repetition 415
tcp_ping received 524288 bytes back
Round trip time was 2.74885 milliseconds in repetition 416
tcp_ping received 524288 bytes back
Round trip time was 2.71818 milliseconds in repetition 417
tcp_ping received 524288 bytes back
Round trip time was 2.76737 milliseconds in repetition 418
tcp_ping received 524288 bytes back
Round trip time was 2.74304 milliseconds in repetition 419
tcp_ping received 524288 bytes back
Round trip time was 2.73774 milliseconds in repetition 420
tcp_ping received 524288 bytes back
Round trip time was 2.77505 milliseconds in repetition 421
tcp_ping received 524288 bytes back
Round trip time was 2.72876 milliseconds in repetition 422
tcp_ping received 524288 bytes back
Round trip time was 2.73212 milliseconds in repetition 423
tcp_ping received 524288 bytes back
Round trip time was 2.72092 milliseconds in repetition 424
tcp_ping received 524288 bytes back
Round trip time was 2.66933 milliseconds in repetition 425
tcp_ping received 524288 bytes back
Round trip time was 2.70484 milliseconds in repetition 426
tcp_ping received 524288 bytes back
Round trip time was 2.70877 milliseconds in repetition 427
tcp_ping received 524288 bytes back
Round trip time was 2.7518 milliseconds in repetition 428
tcp_ping received 524288 bytes back
Round trip time was 2.77746 milliseconds in repetition 429
tcp_ping received 524288 bytes back
Round trip time was 2.72903 milliseconds in repetition 430
tcp_ping received 524288 bytes back
Round trip time was 2.72487 milliseconds in repetition 431
tcp_ping received 524288 bytes back
Round trip time was 2.78335 milliseconds in repetition 432
tcp_ping received 524288 bytes back
Round trip time was 2.7318 milliseconds in repetition 433
tcp_ping received 524288 bytes back
Round trip time was 2.73466 milliseconds in repetition 434
tcp_ping received 524288 bytes back
Round trip time was 2.78309 milliseconds in repetition 435
tcp_ping received 524288 bytes back
Round trip time was 2.72235 milliseconds in repetition 436
tcp_ping received 524288 bytes back
Round trip time was 2.77137 milliseconds in repetition 437
tcp_ping received 524288 bytes back
Round trip time was 2.69513 milliseconds in repetition 438
tcp_ping received 524288 bytes back
Round trip time was 2.7716 milliseconds in repetition 439
tcp_ping received 524288 bytes back
Round trip time was 2.76331 milliseconds in repetition 440
tcp_ping received 524288 bytes back
Round trip time was 2.7737 milliseconds in repetition 441
tcp_ping received 524288 bytes back
Round trip time was 2.74093 milliseconds in repetition 442
tcp_ping received 524288 bytes back
Round trip time was 2.77686 milliseconds in repetition 443
tcp_ping received 524288 bytes back
Round trip time was 2.78017 milliseconds in repetition 444
tcp_ping received 524288 bytes back
Round trip time was 2.75856 milliseconds in repetition 445
tcp_ping received 524288 bytes back
Round trip time was 2.77056 milliseconds in repetition 446
tcp_ping received 524288 bytes back
Round trip time was 2.77582 milliseconds in repetition 447
tcp_ping received 524288 bytes back
Round trip time was 2.76169 milliseconds in repetition 448
tcp_ping received 524288 bytes back
Round trip time was 2.77991 milliseconds in repetition 449
tcp_ping received 524288 bytes back
Round trip time was 2.7685 milliseconds in repetition 450
tcp_ping received 524288 bytes back
Round trip time was 2.77337 milliseconds in repetition 451
tcp_ping received 524288 bytes back
Round trip time was 2.77252 milliseconds in repetition 452
tcp_ping received 524288 bytes back
Round trip time was 2.77245 milliseconds in repetition 453
tcp_ping received 524288 bytes back
Round trip time was 2.77109 milliseconds in repetition 454
tcp_ping received 524288 bytes back
Round trip time was 2.77521 milliseconds in repetition 455
tcp_ping received 524288 bytes back
Round trip time was 2.77185 milliseconds in repetition 456
tcp_ping received 524288 bytes back
Round trip time was 2.77366 milliseconds in repetition 457
tcp_ping received 524288 bytes back
Round trip time was 2.77693 milliseconds in repetition 458
tcp_ping received 524288 bytes back
Round trip time was 2.77579 milliseconds in repetition 459
tcp_ping received 524288 bytes back
Round trip time was 2.77458 milliseconds in repetition 460
tcp_ping received 524288 bytes back
Round trip time was 2.77584 milliseconds in repetition 461
tcp_ping received 524288 bytes back
Round trip time was 2.77926 milliseconds in repetition 462
tcp_ping received 524288 bytes back
Round trip time was 2.77604 milliseconds in repetition 463
tcp_ping received 524288 bytes back
Round trip time was 2.77425 milliseconds in repetition 464
tcp_ping received 524288 bytes back
Round trip time was 2.77468 milliseconds in repetition 465
tcp_ping received 524288 bytes back
Round trip time was 2.70977 milliseconds in repetition 466
tcp_ping received 524288 bytes back
Round trip time was 2.67227 milliseconds in repetition 467
tcp_ping received 524288 bytes back
Round trip time was 2.67381 milliseconds in repetition 468
tcp_ping received 524288 bytes back
Round trip time was 2.67811 milliseconds in repetition 469
tcp_ping received 524288 bytes back
Round trip time was 2.66554 milliseconds in repetition 470
tcp_ping received 524288 bytes back
Round trip time was 2.67565 milliseconds in repetition 471
tcp_ping received 524288 bytes back
Round trip time was 2.69571 milliseconds in repetition 472
tcp_ping received 524288 bytes back
Round trip time was 2.77358 milliseconds in repetition 473
tcp_ping received 524288 bytes back
Round trip time was 2.78046 milliseconds in repetition 474
tcp_ping received 524288 bytes back
Round trip time was 2.73298 milliseconds in repetition 475
tcp_ping received 524288 bytes back
Round trip time was 2.77261 milliseconds in repetition 476
tcp_ping received 524288 bytes back
Round trip time was 2.76712 milliseconds in repetition 477
tcp_ping received 524288 bytes back
Round trip time was 2.76052 milliseconds in repetition 478
tcp_ping received 524288 bytes back
Round trip time was 2.70218 milliseconds in repetition 479
tcp_ping received 524288 bytes back
Round trip time was 2.66593 milliseconds in repetition 480
tcp_ping received 524288 bytes back
Round trip time was 2.67282 milliseconds in repetition 481
tcp_ping received 524288 bytes back
Round trip time was 2.70908 milliseconds in repetition 482
tcp_ping received 524288 bytes back
Round trip time was 2.77021 milliseconds in repetition 483
tcp_ping received 524288 bytes back
Round trip time was 2.76589 milliseconds in repetition 484
tcp_ping received 524288 bytes back
Round trip time was 2.7746 milliseconds in repetition 485
tcp_ping received 524288 bytes back
Round trip time was 2.77119 milliseconds in repetition 486
tcp_ping received 524288 bytes back
Round trip time was 2.77552 milliseconds in repetition 487
tcp_ping received 524288 bytes back
Round trip time was 2.77538 milliseconds in repetition 488
tcp_ping received 524288 bytes back
Round trip time was 2.76188 milliseconds in repetition 489
tcp_ping received 524288 bytes back
Round trip time was 2.75986 milliseconds in repetition 490
tcp_ping received 524288 bytes back
Round trip time was 2.78551 milliseconds in repetition 491
tcp_ping received 524288 bytes back
Round trip time was 2.77254 milliseconds in repetition 492
tcp_ping received 524288 bytes back
Round trip time was 2.77688 milliseconds in repetition 493
tcp_ping received 524288 bytes back
Round trip time was 2.75559 milliseconds in repetition 494
tcp_ping received 524288 bytes back
Round trip time was 2.75276 milliseconds in repetition 495
tcp_ping received 524288 bytes back
Round trip time was 2.73604 milliseconds in repetition 496
tcp_ping received 524288 bytes back
Round trip time was 2.74121 milliseconds in repetition 497
tcp_ping received 524288 bytes back
Round trip time was 2.67364 milliseconds in repetition 498
tcp_ping received 524288 bytes back
Round trip time was 2.92301 milliseconds in repetition 499
tcp_ping received 524288 bytes back
Round trip time was 2.75414 milliseconds in repetition 500

 ... clock resolution was 1e-06
TCP Ping:  Statistics over 500 repetitions of 524288 byte messages

RTT : percentile 10: 2.67422, median: 2.77113, percentile 90: 2.78116, average: 2.75477, variance: 0.00346811

RTT histogram:
2.65222 62
2.70115 47
2.75007 239
2.799 142
2.84792 1
2.89685 5
2.94577 2
2.9947 0
3.04362 1
3.09255 0
3.14147 0
3.1904 0
3.23932 0
3.28825 0
3.33717 0
3.3861 0
3.43503 0
3.48395 0
3.53288 0
3.5818 0
3.63073 1

   median Throughput : 378392 KB/s   overall Throughput : 380640 KB/s

