TCP Ping trying to connect to server localhost (127.0.0.1) on port 1491
 ... connected to Pong server: asking for 500 repetitions of 128 bytes TCP messages
 ... Pong server agreed :-)
tcp_ping received 128 bytes back
Round trip time was 0.069039 milliseconds in repetition 1
tcp_ping received 128 bytes back
Round trip time was 0.026767 milliseconds in repetition 2
tcp_ping received 128 bytes back
Round trip time was 0.06066 milliseconds in repetition 3
tcp_ping received 128 bytes back
Round trip time was 0.027417 milliseconds in repetition 4
tcp_ping received 128 bytes back
Round trip time was 0.022142 milliseconds in repetition 5
tcp_ping received 128 bytes back
Round trip time was 0.021846 milliseconds in repetition 6
tcp_ping received 128 bytes back
Round trip time was 0.01781 milliseconds in repetition 7
tcp_ping received 128 bytes back
Round trip time was 0.016115 milliseconds in repetition 8
tcp_ping received 128 bytes back
Round trip time was 0.015966 milliseconds in repetition 9
tcp_ping received 128 bytes back
Round trip time was 0.015892 milliseconds in repetition 10
tcp_ping received 128 bytes back
Round trip time was 0.016289 milliseconds in repetition 11
tcp_ping received 128 bytes back
Round trip time was 0.016053 milliseconds in repetition 12
tcp_ping received 128 bytes back
Round trip time was 0.01581 milliseconds in repetition 13
tcp_ping received 128 bytes back
Round trip time was 0.015745 milliseconds in repetition 14
tcp_ping received 128 bytes back
Round trip time was 0.015829 milliseconds in repetition 15
tcp_ping received 128 bytes back
Round trip time was 0.015919 milliseconds in repetition 16
tcp_ping received 128 bytes back
Round trip time was 0.016046 milliseconds in repetition 17
tcp_ping received 128 bytes back
Round trip time was 0.015827 milliseconds in repetition 18
tcp_ping received 128 bytes back
Round trip time was 0.016044 milliseconds in repetition 19
tcp_ping received 128 bytes back
Round trip time was 0.015815 milliseconds in repetition 20
tcp_ping received 128 bytes back
Round trip time was 0.016043 milliseconds in repetition 21
tcp_ping received 128 bytes back
Round trip time was 0.015799 milliseconds in repetition 22
tcp_ping received 128 bytes back
Round trip time was 0.016158 milliseconds in repetition 23
tcp_ping received 128 bytes back
Round trip time was 0.015742 milliseconds in repetition 24
tcp_ping received 128 bytes back
Round trip time was 0.015937 milliseconds in repetition 25
tcp_ping received 128 bytes back
Round trip time was 0.015599 milliseconds in repetition 26
tcp_ping received 128 bytes back
Round trip time was 0.015878 milliseconds in repetition 27
tcp_ping received 128 bytes back
Round trip time was 0.015927 milliseconds in repetition 28
tcp_ping received 128 bytes back
Round trip time was 0.01611 milliseconds in repetition 29
tcp_ping received 128 bytes back
Round trip time was 0.015888 milliseconds in repetition 30
tcp_ping received 128 bytes back
Round trip time was 0.015843 milliseconds in repetition 31
tcp_ping received 128 bytes back
Round trip time was 0.015471 milliseconds in repetition 32
tcp_ping received 128 bytes back
Round trip time was 0.015873 milliseconds in repetition 33
tcp_ping received 128 bytes back
Round trip time was 0.015603 milliseconds in repetition 34
tcp_ping received 128 bytes back
Round trip time was 0.0161 milliseconds in repetition 35
tcp_ping received 128 bytes back
Round trip time was 0.01589 milliseconds in repetition 36
tcp_ping received 128 bytes back
Round trip time was 0.016106 milliseconds in repetition 37
tcp_ping received 128 bytes back
Round trip time was 0.015786 milliseconds in repetition 38
tcp_ping received 128 bytes back
Round trip time was 0.015783 milliseconds in repetition 39
tcp_ping received 128 bytes back
Round trip time was 0.015862 milliseconds in repetition 40
tcp_ping received 128 bytes back
Round trip time was 0.015976 milliseconds in repetition 41
tcp_ping received 128 bytes back
Round trip time was 0.015677 milliseconds in repetition 42
tcp_ping received 128 bytes back
Round trip time was 0.015957 milliseconds in repetition 43
tcp_ping received 128 bytes back
Round trip time was 0.018714 milliseconds in repetition 44
tcp_ping received 128 bytes back
Round trip time was 0.016123 milliseconds in repetition 45
tcp_ping received 128 bytes back
Round trip time was 0.015665 milliseconds in repetition 46
tcp_ping received 128 bytes back
Round trip time was 0.015709 milliseconds in repetition 47
tcp_ping received 128 bytes back
Round trip time was 0.015908 milliseconds in repetition 48
tcp_ping received 128 bytes back
Round trip time was 0.015658 milliseconds in repetition 49
tcp_ping received 128 bytes back
Round trip time was 0.0155 milliseconds in repetition 50
tcp_ping received 128 bytes back
Round trip time was 0.015897 milliseconds in repetition 51
tcp_ping received 128 bytes back
Round trip time was 0.016174 milliseconds in repetition 52
tcp_ping received 128 bytes back
Round trip time was 0.015518 milliseconds in repetition 53
tcp_ping received 128 bytes back
Round trip time was 0.01554 milliseconds in repetition 54
tcp_ping received 128 bytes back
Round trip time was 0.015737 milliseconds in repetition 55
tcp_ping received 128 bytes back
Round trip time was 0.016084 milliseconds in repetition 56
tcp_ping received 128 bytes back
Round trip time was 0.015748 milliseconds in repetition 57
tcp_ping received 128 bytes back
Round trip time was 0.015799 milliseconds in repetition 58
tcp_ping received 128 bytes back
Round trip time was 0.01599 milliseconds in repetition 59
tcp_ping received 128 bytes back
Round trip time was 0.016081 milliseconds in repetition 60
tcp_ping received 128 bytes back
Round trip time was 0.016018 milliseconds in repetition 61
tcp_ping received 128 bytes back
Round trip time was 0.015613 milliseconds in repetition 62
tcp_ping received 128 bytes back
Round trip time was 0.015766 milliseconds in repetition 63
tcp_ping received 128 bytes back
Round trip time was 0.015946 milliseconds in repetition 64
tcp_ping received 128 bytes back
Round trip time was 0.015517 milliseconds in repetition 65
tcp_ping received 128 bytes back
Round trip time was 0.015674 milliseconds in repetition 66
tcp_ping received 128 bytes back
Round trip time was 0.015542 milliseconds in repetition 67
tcp_ping received 128 bytes back
Round trip time was 0.016084 milliseconds in repetition 68
tcp_ping received 128 bytes back
Round trip time was 0.015994 milliseconds in repetition 69
tcp_ping received 128 bytes back
Round trip time was 0.025424 milliseconds in repetition 70
tcp_ping received 128 bytes back
Round trip time was 0.018286 milliseconds in repetition 71
tcp_ping received 128 bytes back
Round trip time was 0.029922 milliseconds in repetition 72
tcp_ping received 128 bytes back
Round trip time was 0.019238 milliseconds in repetition 73
tcp_ping received 128 bytes back
Round trip time was 0.015888 milliseconds in repetition 74
tcp_ping received 128 bytes back
Round trip time was 0.015847 milliseconds in repetition 75
tcp_ping received 128 bytes back
Round trip time was 0.01605 milliseconds in repetition 76
tcp_ping received 128 bytes back
Round trip time was 0.015931 milliseconds in repetition 77
tcp_ping received 128 bytes back
Round trip time was 0.015494 milliseconds in repetition 78
tcp_ping received 128 bytes back
Round trip time was 0.015716 milliseconds in repetition 79
tcp_ping received 128 bytes back
Round trip time was 0.016058 milliseconds in repetition 80
tcp_ping received 128 bytes back
Round trip time was 0.015694 milliseconds in repetition 81
tcp_ping received 128 bytes back
Round trip time was 0.015344 milliseconds in repetition 82
tcp_ping received 128 bytes back
Round trip time was 0.01566 milliseconds in repetition 83
tcp_ping received 128 bytes back
Round trip time was 0.015777 milliseconds in repetition 84
tcp_ping received 128 bytes back
Round trip time was 0.015723 milliseconds in repetition 85
tcp_ping received 128 bytes back
Round trip time was 0.01535 milliseconds in repetition 86
tcp_ping received 128 bytes back
Round trip time was 0.015635 milliseconds in repetition 87
tcp_ping received 128 bytes back
Round trip time was 0.015736 milliseconds in repetition 88
tcp_ping received 128 bytes back
Round trip time was 0.017609 milliseconds in repetition 89
tcp_ping received 128 bytes back
Round trip time was 0.015506 milliseconds in repetition 90
tcp_ping received 128 bytes back
Round trip time was 0.015784 milliseconds in repetition 91
tcp_ping received 128 bytes back
Round trip time was 0.015602 milliseconds in repetition 92
tcp_ping received 128 bytes back
Round trip time was 0.01543 milliseconds in repetition 93
tcp_ping received 128 bytes back
Round trip time was 0.015506 milliseconds in repetition 94
tcp_ping received 128 bytes back
Round trip time was 0.015477 milliseconds in repetition 95
tcp_ping received 128 bytes back
Round trip time was 0.015675 milliseconds in repetition 96
tcp_ping received 128 bytes back
Round trip time was 0.015291 milliseconds in repetition 97
tcp_ping received 128 bytes back
Round trip time was 0.015145 milliseconds in repetition 98
tcp_ping received 128 bytes back
Round trip time was 0.015729 milliseconds in repetition 99
tcp_ping received 128 bytes back
Round trip time was 0.015659 milliseconds in repetition 100
tcp_ping received 128 bytes back
Round trip time was 0.015555 milliseconds in repetition 101
tcp_ping received 128 bytes back
Round trip time was 0.01555 milliseconds in repetition 102
tcp_ping received 128 bytes back
Round trip time was 0.015749 milliseconds in repetition 103
tcp_ping received 128 bytes back
Round trip time was 0.015738 milliseconds in repetition 104
tcp_ping received 128 bytes back
Round trip time was 0.015706 milliseconds in repetition 105
tcp_ping received 128 bytes back
Round trip time was 0.015215 milliseconds in repetition 106
tcp_ping received 128 bytes back
Round trip time was 0.015661 milliseconds in repetition 107
tcp_ping received 128 bytes back
Round trip time was 0.015471 milliseconds in repetition 108
tcp_ping received 128 bytes back
Round trip time was 0.015623 milliseconds in repetition 109
tcp_ping received 128 bytes back
Round trip time was 0.015569 milliseconds in repetition 110
tcp_ping received 128 bytes back
Round trip time was 0.015776 milliseconds in repetition 111
tcp_ping received 128 bytes back
Round trip time was 0.015724 milliseconds in repetition 112
tcp_ping received 128 bytes back
Round trip time was 0.015442 milliseconds in repetition 113
tcp_ping received 128 bytes back
Round trip time was 0.015146 milliseconds in repetition 114
tcp_ping received 128 bytes back
Round trip time was 0.01552 milliseconds in repetition 115
tcp_ping received 128 bytes back
Round trip time was 0.015643 milliseconds in repetition 116
tcp_ping received 128 bytes back
Round trip time was 0.016093 milliseconds in repetition 117
tcp_ping received 128 bytes back
Round trip time was 0.015532 milliseconds in repetition 118
tcp_ping received 128 bytes back
Round trip time was 0.015736 milliseconds in repetition 119
tcp_ping received 128 bytes back
Round trip time was 0.01569 milliseconds in repetition 120
tcp_ping received 128 bytes back
Round trip time was 0.01568 milliseconds in repetition 121
tcp_ping received 128 bytes back
Round trip time was 0.015281 milliseconds in repetition 122
tcp_ping received 128 bytes back
Round trip time was 0.015574 milliseconds in repetition 123
tcp_ping received 128 bytes back
Round trip time was 0.015752 milliseconds in repetition 124
tcp_ping received 128 bytes back
Round trip time was 0.015666 milliseconds in repetition 125
tcp_ping received 128 bytes back
Round trip time was 0.015472 milliseconds in repetition 126
tcp_ping received 128 bytes back
Round trip time was 0.015666 milliseconds in repetition 127
tcp_ping received 128 bytes back
Round trip time was 0.01578 milliseconds in repetition 128
tcp_ping received 128 bytes back
Round trip time was 0.015814 milliseconds in repetition 129
tcp_ping received 128 bytes back
Round trip time was 0.015341 milliseconds in repetition 130
tcp_ping received 128 bytes back
Round trip time was 0.015697 milliseconds in repetition 131
tcp_ping received 128 bytes back
Round trip time was 0.015691 milliseconds in repetition 132
tcp_ping received 128 bytes back
Round trip time was 0.017218 milliseconds in repetition 133
tcp_ping received 128 bytes back
Round trip time was 0.015859 milliseconds in repetition 134
tcp_ping received 128 bytes back
Round trip time was 0.016003 milliseconds in repetition 135
tcp_ping received 128 bytes back
Round trip time was 0.015576 milliseconds in repetition 136
tcp_ping received 128 bytes back
Round trip time was 0.015605 milliseconds in repetition 137
tcp_ping received 128 bytes back
Round trip time was 0.015176 milliseconds in repetition 138
tcp_ping received 128 bytes back
Round trip time was 0.015748 milliseconds in repetition 139
tcp_ping received 128 bytes back
Round trip time was 0.015749 milliseconds in repetition 140
tcp_ping received 128 bytes back
Round trip time was 0.015611 milliseconds in repetition 141
tcp_ping received 128 bytes back
Round trip time was 0.015473 milliseconds in repetition 142
tcp_ping received 128 bytes back
Round trip time was 0.015796 milliseconds in repetition 143
tcp_ping received 128 bytes back
Round trip time was 0.015482 milliseconds in repetition 144
tcp_ping received 128 bytes back
Round trip time was 0.01555 milliseconds in repetition 145
tcp_ping received 128 bytes back
Round trip time was 0.015312 milliseconds in repetition 146
tcp_ping received 128 bytes back
Round trip time was 0.015762 milliseconds in repetition 147
tcp_ping received 128 bytes back
Round trip time was 0.015705 milliseconds in repetition 148
tcp_ping received 128 bytes back
Round trip time was 0.015673 milliseconds in repetition 149
tcp_ping received 128 bytes back
Round trip time was 0.015331 milliseconds in repetition 150
tcp_ping received 128 bytes back
Round trip time was 0.015835 milliseconds in repetition 151
tcp_ping received 128 bytes back
Round trip time was 0.015391 milliseconds in repetition 152
tcp_ping received 128 bytes back
Round trip time was 0.015348 milliseconds in repetition 153
tcp_ping received 128 bytes back
Round trip time was 0.015455 milliseconds in repetition 154
tcp_ping received 128 bytes back
Round trip time was 0.016 milliseconds in repetition 155
tcp_ping received 128 bytes back
Round trip time was 0.015811 milliseconds in repetition 156
tcp_ping received 128 bytes back
Round trip time was 0.015667 milliseconds in repetition 157
tcp_ping received 128 bytes back
Round trip time was 0.015324 milliseconds in repetition 158
tcp_ping received 128 bytes back
Round trip time was 0.015962 milliseconds in repetition 159
tcp_ping received 128 bytes back
Round trip time was 0.015686 milliseconds in repetition 160
tcp_ping received 128 bytes back
Round trip time was 0.015559 milliseconds in repetition 161
tcp_ping received 128 bytes back
Round trip time was 0.015341 milliseconds in repetition 162
tcp_ping received 128 bytes back
Round trip time was 0.015892 milliseconds in repetition 163
tcp_ping received 128 bytes back
Round trip time was 0.015594 milliseconds in repetition 164
tcp_ping received 128 bytes back
Round trip time was 0.015629 milliseconds in repetition 165
tcp_ping received 128 bytes back
Round trip time was 0.01525 milliseconds in repetition 166
tcp_ping received 128 bytes back
Round trip time was 0.015791 milliseconds in repetition 167
tcp_ping received 128 bytes back
Round trip time was 0.015737 milliseconds in repetition 168
tcp_ping received 128 bytes back
Round trip time was 0.015387 milliseconds in repetition 169
tcp_ping received 128 bytes back
Round trip time was 0.015342 milliseconds in repetition 170
tcp_ping received 128 bytes back
Round trip time was 0.015854 milliseconds in repetition 171
tcp_ping received 128 bytes back
Round trip time was 0.015718 milliseconds in repetition 172
tcp_ping received 128 bytes back
Round trip time was 0.015636 milliseconds in repetition 173
tcp_ping received 128 bytes back
Round trip time was 0.015562 milliseconds in repetition 174
tcp_ping received 128 bytes back
Round trip time was 0.015873 milliseconds in repetition 175
tcp_ping received 128 bytes back
Round trip time was 0.016014 milliseconds in repetition 176
tcp_ping received 128 bytes back
Round trip time was 0.0168 milliseconds in repetition 177
tcp_ping received 128 bytes back
Round trip time was 0.015561 milliseconds in repetition 178
tcp_ping received 128 bytes back
Round trip time was 0.01567 milliseconds in repetition 179
tcp_ping received 128 bytes back
Round trip time was 0.015746 milliseconds in repetition 180
tcp_ping received 128 bytes back
Round trip time was 0.015548 milliseconds in repetition 181
tcp_ping received 128 bytes back
Round trip time was 0.015573 milliseconds in repetition 182
tcp_ping received 128 bytes back
Round trip time was 0.030752 milliseconds in repetition 183
tcp_ping received 128 bytes back
Round trip time was 0.01927 milliseconds in repetition 184
tcp_ping received 128 bytes back
Round trip time was 0.016164 milliseconds in repetition 185
tcp_ping received 128 bytes back
Round trip time was 0.015989 milliseconds in repetition 186
tcp_ping received 128 bytes back
Round trip time was 0.015885 milliseconds in repetition 187
tcp_ping received 128 bytes back
Round trip time was 0.015495 milliseconds in repetition 188
tcp_ping received 128 bytes back
Round trip time was 0.015505 milliseconds in repetition 189
tcp_ping received 128 bytes back
Round trip time was 0.015931 milliseconds in repetition 190
tcp_ping received 128 bytes back
Round trip time was 0.015748 milliseconds in repetition 191
tcp_ping received 128 bytes back
Round trip time was 0.015756 milliseconds in repetition 192
tcp_ping received 128 bytes back
Round trip time was 0.015394 milliseconds in repetition 193
tcp_ping received 128 bytes back
Round trip time was 0.015785 milliseconds in repetition 194
tcp_ping received 128 bytes back
Round trip time was 0.015702 milliseconds in repetition 195
tcp_ping received 128 bytes back
Round trip time was 0.015451 milliseconds in repetition 196
tcp_ping received 128 bytes back
Round trip time was 0.015384 milliseconds in repetition 197
tcp_ping received 128 bytes back
Round trip time was 0.015698 milliseconds in repetition 198
tcp_ping received 128 bytes back
Round trip time was 0.015768 milliseconds in repetition 199
tcp_ping received 128 bytes back
Round trip time was 0.015636 milliseconds in repetition 200
tcp_ping received 128 bytes back
Round trip time was 0.015518 milliseconds in repetition 201
tcp_ping received 128 bytes back
Round trip time was 0.016 milliseconds in repetition 202
tcp_ping received 128 bytes back
Round trip time was 0.01591 milliseconds in repetition 203
tcp_ping received 128 bytes back
Round trip time was 0.015361 milliseconds in repetition 204
tcp_ping received 128 bytes back
Round trip time was 0.01559 milliseconds in repetition 205
tcp_ping received 128 bytes back
Round trip time was 0.015942 milliseconds in repetition 206
tcp_ping received 128 bytes back
Round trip time was 0.015808 milliseconds in repetition 207
tcp_ping received 128 bytes back
Round trip time was 0.015644 milliseconds in repetition 208
tcp_ping received 128 bytes back
Round trip time was 0.015548 milliseconds in repetition 209
tcp_ping received 128 bytes back
Round trip time was 0.015953 milliseconds in repetition 210
tcp_ping received 128 bytes back
Round trip time was 0.015754 milliseconds in repetition 211
tcp_ping received 128 bytes back
Round trip time was 0.015357 milliseconds in repetition 212
tcp_ping received 128 bytes back
Round trip time was 0.015335 milliseconds in repetition 213
tcp_ping received 128 bytes back
Round trip time was 0.015755 milliseconds in repetition 214
tcp_ping received 128 bytes back
Round trip time was 0.01551 milliseconds in repetition 215
tcp_ping received 128 bytes back
Round trip time was 0.015544 milliseconds in repetition 216
tcp_ping received 128 bytes back
Round trip time was 0.015431 milliseconds in repetition 217
tcp_ping received 128 bytes back
Round trip time was 0.015764 milliseconds in repetition 218
tcp_ping received 128 bytes back
Round trip time was 0.01577 milliseconds in repetition 219
tcp_ping received 128 bytes back
Round trip time was 0.01544 milliseconds in repetition 220
tcp_ping received 128 bytes back
Round trip time was 0.017228 milliseconds in repetition 221
tcp_ping received 128 bytes back
Round trip time was 0.016058 milliseconds in repetition 222
tcp_ping received 128 bytes back
Round trip time was 0.015769 milliseconds in repetition 223
tcp_ping received 128 bytes back
Round trip time was 0.015564 milliseconds in repetition 224
tcp_ping received 128 bytes back
Round trip time was 0.015668 milliseconds in repetition 225
tcp_ping received 128 bytes back
Round trip time was 0.015782 milliseconds in repetition 226
tcp_ping received 128 bytes back
Round trip time was 0.015603 milliseconds in repetition 227
tcp_ping received 128 bytes back
Round trip time was 0.015705 milliseconds in repetition 228
tcp_ping received 128 bytes back
Round trip time was 0.015338 milliseconds in repetition 229
tcp_ping received 128 bytes back
Round trip time was 0.015698 milliseconds in repetition 230
tcp_ping received 128 bytes back
Round trip time was 0.016018 milliseconds in repetition 231
tcp_ping received 128 bytes back
Round trip time was 0.015611 milliseconds in repetition 232
tcp_ping received 128 bytes back
Round trip time was 0.015908 milliseconds in repetition 233
tcp_ping received 128 bytes back
Round trip time was 0.015782 milliseconds in repetition 234
tcp_ping received 128 bytes back
Round trip time was 0.015697 milliseconds in repetition 235
tcp_ping received 128 bytes back
Round trip time was 0.015506 milliseconds in repetition 236
tcp_ping received 128 bytes back
Round trip time was 0.015367 milliseconds in repetition 237
tcp_ping received 128 bytes back
Round trip time was 0.015667 milliseconds in repetition 238
tcp_ping received 128 bytes back
Round trip time was 0.015909 milliseconds in repetition 239
tcp_ping received 128 bytes back
Round trip time was 0.01562 milliseconds in repetition 240
tcp_ping received 128 bytes back
Round trip time was 0.015565 milliseconds in repetition 241
tcp_ping received 128 bytes back
Round trip time was 0.015993 milliseconds in repetition 242
tcp_ping received 128 bytes back
Round trip time was 0.015838 milliseconds in repetition 243
tcp_ping received 128 bytes back
Round trip time was 0.015533 milliseconds in repetition 244
tcp_ping received 128 bytes back
Round trip time was 0.015473 milliseconds in repetition 245
tcp_ping received 128 bytes back
Round trip time was 0.015617 milliseconds in repetition 246
tcp_ping received 128 bytes back
Round trip time was 0.015791 milliseconds in repetition 247
tcp_ping received 128 bytes back
Round trip time was 0.015524 milliseconds in repetition 248
tcp_ping received 128 bytes back
Round trip time was 0.015836 milliseconds in repetition 249
tcp_ping received 128 bytes back
Round trip time was 0.015731 milliseconds in repetition 250
tcp_ping received 128 bytes back
Round trip time was 0.015469 milliseconds in repetition 251
tcp_ping received 128 bytes back
Round trip time was 0.015527 milliseconds in repetition 252
tcp_ping received 128 bytes back
Round trip time was 0.015766 milliseconds in repetition 253
tcp_ping received 128 bytes back
Round trip time was 0.015642 milliseconds in repetition 254
tcp_ping received 128 bytes back
Round trip time was 0.015814 milliseconds in repetition 255
tcp_ping received 128 bytes back
Round trip time was 0.015819 milliseconds in repetition 256
tcp_ping received 128 bytes back
Round trip time was 0.015889 milliseconds in repetition 257
tcp_ping received 128 bytes back
Round trip time was 0.015715 milliseconds in repetition 258
tcp_ping received 128 bytes back
Round trip time was 0.015696 milliseconds in repetition 259
tcp_ping received 128 bytes back
Round trip time was 0.015472 milliseconds in repetition 260
tcp_ping received 128 bytes back
Round trip time was 0.01548 milliseconds in repetition 261
tcp_ping received 128 bytes back
Round trip time was 0.015667 milliseconds in repetition 262
tcp_ping received 128 bytes back
Round trip time was 0.015843 milliseconds in repetition 263
tcp_ping received 128 bytes back
Round trip time was 0.01571 milliseconds in repetition 264
tcp_ping received 128 bytes back
Round trip time was 0.017586 milliseconds in repetition 265
tcp_ping received 128 bytes back
Round trip time was 0.016045 milliseconds in repetition 266
tcp_ping received 128 bytes back
Round trip time was 0.015563 milliseconds in repetition 267
tcp_ping received 128 bytes back
Round trip time was 0.015447 milliseconds in repetition 268
tcp_ping received 128 bytes back
Round trip time was 0.015741 milliseconds in repetition 269
tcp_ping received 128 bytes back
Round trip time was 0.015731 milliseconds in repetition 270
tcp_ping received 128 bytes back
Round trip time was 0.0157 milliseconds in repetition 271
tcp_ping received 128 bytes back
Round trip time was 0.015529 milliseconds in repetition 272
tcp_ping received 128 bytes back
Round trip time was 0.015799 milliseconds in repetition 273
tcp_ping received 128 bytes back
Round trip time was 0.015695 milliseconds in repetition 274
tcp_ping received 128 bytes back
Round trip time was 0.015809 milliseconds in repetition 275
tcp_ping received 128 bytes back
Round trip time was 0.015401 milliseconds in repetition 276
tcp_ping received 128 bytes back
Round trip time was 0.01557 milliseconds in repetition 277
tcp_ping received 128 bytes back
Round trip time was 0.015748 milliseconds in repetition 278
tcp_ping received 128 bytes back
Round trip time was 0.015835 milliseconds in repetition 279
tcp_ping received 128 bytes back
Round trip time was 0.015575 milliseconds in repetition 280
tcp_ping received 128 bytes back
Round trip time was 0.01584 milliseconds in repetition 281
tcp_ping received 128 bytes back
Round trip time was 0.015706 milliseconds in repetition 282
tcp_ping received 128 bytes back
Round trip time was 0.015542 milliseconds in repetition 283
tcp_ping received 128 bytes back
Round trip time was 0.0152 milliseconds in repetition 284
tcp_ping received 128 bytes back
Round trip time was 0.01576 milliseconds in repetition 285
tcp_ping received 128 bytes back
Round trip time was 0.015824 milliseconds in repetition 286
tcp_ping received 128 bytes back
Round trip time was 0.015678 milliseconds in repetition 287
tcp_ping received 128 bytes back
Round trip time was 0.015493 milliseconds in repetition 288
tcp_ping received 128 bytes back
Round trip time was 0.015811 milliseconds in repetition 289
tcp_ping received 128 bytes back
Round trip time was 0.015805 milliseconds in repetition 290
tcp_ping received 128 bytes back
Round trip time was 0.015576 milliseconds in repetition 291
tcp_ping received 128 bytes back
Round trip time was 0.015846 milliseconds in repetition 292
tcp_ping received 128 bytes back
Round trip time was 0.015625 milliseconds in repetition 293
tcp_ping received 128 bytes back
Round trip time was 0.015717 milliseconds in repetition 294
tcp_ping received 128 bytes back
Round trip time was 0.015854 milliseconds in repetition 295
tcp_ping received 128 bytes back
Round trip time was 0.015539 milliseconds in repetition 296
tcp_ping received 128 bytes back
Round trip time was 0.01595 milliseconds in repetition 297
tcp_ping received 128 bytes back
Round trip time was 0.015916 milliseconds in repetition 298
tcp_ping received 128 bytes back
Round trip time was 0.015444 milliseconds in repetition 299
tcp_ping received 128 bytes back
Round trip time was 0.015337 milliseconds in repetition 300
tcp_ping received 128 bytes back
Round trip time was 0.015696 milliseconds in repetition 301
tcp_ping received 128 bytes back
Round trip time was 0.01582 milliseconds in repetition 302
tcp_ping received 128 bytes back
Round trip time was 0.015661 milliseconds in repetition 303
tcp_ping received 128 bytes back
Round trip time was 0.015565 milliseconds in repetition 304
tcp_ping received 128 bytes back
Round trip time was 0.016089 milliseconds in repetition 305
tcp_ping received 128 bytes back
Round trip time was 0.015898 milliseconds in repetition 306
tcp_ping received 128 bytes back
Round trip time was 0.015492 milliseconds in repetition 307
tcp_ping received 128 bytes back
Round trip time was 0.015366 milliseconds in repetition 308
tcp_ping received 128 bytes back
Round trip time was 0.015726 milliseconds in repetition 309
tcp_ping received 128 bytes back
Round trip time was 0.017328 milliseconds in repetition 310
tcp_ping received 128 bytes back
Round trip time was 0.015911 milliseconds in repetition 311
tcp_ping received 128 bytes back
Round trip time was 0.015694 milliseconds in repetition 312
tcp_ping received 128 bytes back
Round trip time was 0.015843 milliseconds in repetition 313
tcp_ping received 128 bytes back
Round trip time was 0.015617 milliseconds in repetition 314
tcp_ping received 128 bytes back
Round trip time was 0.015413 milliseconds in repetition 315
tcp_ping received 128 bytes back
Round trip time was 0.015493 milliseconds in repetition 316
tcp_ping received 128 bytes back
Round trip time was 0.015803 milliseconds in repetition 317
tcp_ping received 128 bytes back
Round trip time was 0.015556 milliseconds in repetition 318
tcp_ping received 128 bytes back
Round trip time was 0.01591 milliseconds in repetition 319
tcp_ping received 128 bytes back
Round trip time was 0.015505 milliseconds in repetition 320
tcp_ping received 128 bytes back
Round trip time was 0.015865 milliseconds in repetition 321
tcp_ping received 128 bytes back
Round trip time was 0.015959 milliseconds in repetition 322
tcp_ping received 128 bytes back
Round trip time was 0.015671 milliseconds in repetition 323
tcp_ping received 128 bytes back
Round trip time was 0.015572 milliseconds in repetition 324
tcp_ping received 128 bytes back
Round trip time was 0.015607 milliseconds in repetition 325
tcp_ping received 128 bytes back
Round trip time was 0.015838 milliseconds in repetition 326
tcp_ping received 128 bytes back
Round trip time was 0.015836 milliseconds in repetition 327
tcp_ping received 128 bytes back
Round trip time was 0.015629 milliseconds in repetition 328
tcp_ping received 128 bytes back
Round trip time was 0.015927 milliseconds in repetition 329
tcp_ping received 128 bytes back
Round trip time was 0.015989 milliseconds in repetition 330
tcp_ping received 128 bytes back
Round trip time was 0.015663 milliseconds in repetition 331
tcp_ping received 128 bytes back
Round trip time was 0.015786 milliseconds in repetition 332
tcp_ping received 128 bytes back
Round trip time was 0.015861 milliseconds in repetition 333
tcp_ping received 128 bytes back
Round trip time was 0.015756 milliseconds in repetition 334
tcp_ping received 128 bytes back
Round trip time was 0.01552 milliseconds in repetition 335
tcp_ping received 128 bytes back
Round trip time was 0.015382 milliseconds in repetition 336
tcp_ping received 128 bytes back
Round trip time was 0.015838 milliseconds in repetition 337
tcp_ping received 128 bytes back
Round trip time was 0.01572 milliseconds in repetition 338
tcp_ping received 128 bytes back
Round trip time was 0.015696 milliseconds in repetition 339
tcp_ping received 128 bytes back
Round trip time was 0.01587 milliseconds in repetition 340
tcp_ping received 128 bytes back
Round trip time was 0.01571 milliseconds in repetition 341
tcp_ping received 128 bytes back
Round trip time was 0.01565 milliseconds in repetition 342
tcp_ping received 128 bytes back
Round trip time was 0.015552 milliseconds in repetition 343
tcp_ping received 128 bytes back
Round trip time was 0.015613 milliseconds in repetition 344
tcp_ping received 128 bytes back
Round trip time was 0.015763 milliseconds in repetition 345
tcp_ping received 128 bytes back
Round trip time was 0.015883 milliseconds in repetition 346
tcp_ping received 128 bytes back
Round trip time was 0.015515 milliseconds in repetition 347
tcp_ping received 128 bytes back
Round trip time was 0.015422 milliseconds in repetition 348
tcp_ping received 128 bytes back
Round trip time was 0.015514 milliseconds in repetition 349
tcp_ping received 128 bytes back
Round trip time was 0.015605 milliseconds in repetition 350
tcp_ping received 128 bytes back
Round trip time was 0.015825 milliseconds in repetition 351
tcp_ping received 128 bytes back
Round trip time was 0.01575 milliseconds in repetition 352
tcp_ping received 128 bytes back
Round trip time was 0.015824 milliseconds in repetition 353
tcp_ping received 128 bytes back
Round trip time was 0.017229 milliseconds in repetition 354
tcp_ping received 128 bytes back
Round trip time was 0.015949 milliseconds in repetition 355
tcp_ping received 128 bytes back
Round trip time was 0.015829 milliseconds in repetition 356
tcp_ping received 128 bytes back
Round trip time was 0.01552 milliseconds in repetition 357
tcp_ping received 128 bytes back
Round trip time was 0.015571 milliseconds in repetition 358
tcp_ping received 128 bytes back
Round trip time was 0.015738 milliseconds in repetition 359
tcp_ping received 128 bytes back
Round trip time was 0.015801 milliseconds in repetition 360
tcp_ping received 128 bytes back
Round trip time was 0.016003 milliseconds in repetition 361
tcp_ping received 128 bytes back
Round trip time was 0.016157 milliseconds in repetition 362
tcp_ping received 128 bytes back
Round trip time was 0.015976 milliseconds in repetition 363
tcp_ping received 128 bytes back
Round trip time was 0.015665 milliseconds in repetition 364
tcp_ping received 128 bytes back
Round trip time was 0.015431 milliseconds in repetition 365
tcp_ping received 128 bytes back
Round trip time was 0.015661 milliseconds in repetition 366
tcp_ping received 128 bytes back
Round trip time was 0.015896 milliseconds in repetition 367
tcp_ping received 128 bytes back
Round trip time was 0.016001 milliseconds in repetition 368
tcp_ping received 128 bytes back
Round trip time was 0.015818 milliseconds in repetition 369
tcp_ping received 128 bytes back
Round trip time was 0.016281 milliseconds in repetition 370
tcp_ping received 128 bytes back
Round trip time was 0.015653 milliseconds in repetition 371
tcp_ping received 128 bytes back
Round trip time was 0.015725 milliseconds in repetition 372
tcp_ping received 128 bytes back
Round trip time was 0.015508 milliseconds in repetition 373
tcp_ping received 128 bytes back
Round trip time was 0.015511 milliseconds in repetition 374
tcp_ping received 128 bytes back
Round trip time was 0.015672 milliseconds in repetition 375
tcp_ping received 128 bytes back
Round trip time was 0.016014 milliseconds in repetition 376
tcp_ping received 128 bytes back
Round trip time was 0.015822 milliseconds in repetition 377
tcp_ping received 128 bytes back
Round trip time was 0.015989 milliseconds in repetition 378
tcp_ping received 128 bytes back
Round trip time was 0.015511 milliseconds in repetition 379
tcp_ping received 128 bytes back
Round trip time was 0.015693 milliseconds in repetition 380
tcp_ping received 128 bytes back
Round trip time was 0.01583 milliseconds in repetition 381
tcp_ping received 128 bytes back
Round trip time was 0.015579 milliseconds in repetition 382
tcp_ping received 128 bytes back
Round trip time was 0.015537 milliseconds in repetition 383
tcp_ping received 128 bytes back
Round trip time was 0.015945 milliseconds in repetition 384
tcp_ping received 128 bytes back
Round trip time was 0.015776 milliseconds in repetition 385
tcp_ping received 128 bytes back
Round trip time was 0.015886 milliseconds in repetition 386
tcp_ping received 128 bytes back
Round trip time was 0.01554 milliseconds in repetition 387
tcp_ping received 128 bytes back
Round trip time was 0.015894 milliseconds in repetition 388
tcp_ping received 128 bytes back
Round trip time was 0.015553 milliseconds in repetition 389
tcp_ping received 128 bytes back
Round trip time was 0.015693 milliseconds in repetition 390
tcp_ping received 128 bytes back
Round trip time was 0.015735 milliseconds in repetition 391
tcp_ping received 128 bytes back
Round trip time was 0.015976 milliseconds in repetition 392
tcp_ping received 128 bytes back
Round trip time was 0.015973 milliseconds in repetition 393
tcp_ping received 128 bytes back
Round trip time was 0.015569 milliseconds in repetition 394
tcp_ping received 128 bytes back
Round trip time was 0.015725 milliseconds in repetition 395
tcp_ping received 128 bytes back
Round trip time was 0.015784 milliseconds in repetition 396
tcp_ping received 128 bytes back
Round trip time was 0.015845 milliseconds in repetition 397
tcp_ping received 128 bytes back
Round trip time was 0.017063 milliseconds in repetition 398
tcp_ping received 128 bytes back
Round trip time was 0.018199 milliseconds in repetition 399
tcp_ping received 128 bytes back
Round trip time was 0.016044 milliseconds in repetition 400
tcp_ping received 128 bytes back
Round trip time was 0.015828 milliseconds in repetition 401
tcp_ping received 128 bytes back
Round trip time was 0.015785 milliseconds in repetition 402
tcp_ping received 128 bytes back
Round trip time was 0.015816 milliseconds in repetition 403
tcp_ping received 128 bytes back
Round trip time was 0.01588 milliseconds in repetition 404
tcp_ping received 128 bytes back
Round trip time was 0.021185 milliseconds in repetition 405
tcp_ping received 128 bytes back
Round trip time was 0.017548 milliseconds in repetition 406
tcp_ping received 128 bytes back
Round trip time was 0.016393 milliseconds in repetition 407
tcp_ping received 128 bytes back
Round trip time was 0.01602 milliseconds in repetition 408
tcp_ping received 128 bytes back
Round trip time was 0.01567 milliseconds in repetition 409
tcp_ping received 128 bytes back
Round trip time was 0.015669 milliseconds in repetition 410
tcp_ping received 128 bytes back
Round trip time was 0.015962 milliseconds in repetition 411
tcp_ping received 128 bytes back
Round trip time was 0.015616 milliseconds in repetition 412
tcp_ping received 128 bytes back
Round trip time was 0.015667 milliseconds in repetition 413
tcp_ping received 128 bytes back
Round trip time was 0.015451 milliseconds in repetition 414
tcp_ping received 128 bytes back
Round trip time was 0.015826 milliseconds in repetition 415
tcp_ping received 128 bytes back
Round trip time was 0.015646 milliseconds in repetition 416
tcp_ping received 128 bytes back
Round trip time was 0.015689 milliseconds in repetition 417
tcp_ping received 128 bytes back
Round trip time was 0.015771 milliseconds in repetition 418
tcp_ping received 128 bytes back
Round trip time was 0.015996 milliseconds in repetition 419
tcp_ping received 128 bytes back
Round trip time was 0.015828 milliseconds in repetition 420
tcp_ping received 128 bytes back
Round trip time was 0.01575 milliseconds in repetition 421
tcp_ping received 128 bytes back
Round trip time was 0.015704 milliseconds in repetition 422
tcp_ping received 128 bytes back
Round trip time was 0.015986 milliseconds in repetition 423
tcp_ping received 128 bytes back
Round trip time was 0.015652 milliseconds in repetition 424
tcp_ping received 128 bytes back
Round trip time was 0.015601 milliseconds in repetition 425
tcp_ping received 128 bytes back
Round trip time was 0.015584 milliseconds in repetition 426
tcp_ping received 128 bytes back
Round trip time was 0.015833 milliseconds in repetition 427
tcp_ping received 128 bytes back
Round trip time was 0.015989 milliseconds in repetition 428
tcp_ping received 128 bytes back
Round trip time was 0.015725 milliseconds in repetition 429
tcp_ping received 128 bytes back
Round trip time was 0.015748 milliseconds in repetition 430
tcp_ping received 128 bytes back
Round trip time was 0.015835 milliseconds in repetition 431
tcp_ping received 128 bytes back
Round trip time was 0.015955 milliseconds in repetition 432
tcp_ping received 128 bytes back
Round trip time was 0.015327 milliseconds in repetition 433
tcp_ping received 128 bytes back
Round trip time was 0.015587 milliseconds in repetition 434
tcp_ping received 128 bytes back
Round trip time was 0.015906 milliseconds in repetition 435
tcp_ping received 128 bytes back
Round trip time was 0.015671 milliseconds in repetition 436
tcp_ping received 128 bytes back
Round trip time was 0.015569 milliseconds in repetition 437
tcp_ping received 128 bytes back
Round trip time was 0.015602 milliseconds in repetition 438
tcp_ping received 128 bytes back
Round trip time was 0.016037 milliseconds in repetition 439
tcp_ping received 128 bytes back
Round trip time was 0.01571 milliseconds in repetition 440
tcp_ping received 128 bytes back
Round trip time was 0.01553 milliseconds in repetition 441
tcp_ping received 128 bytes back
Round trip time was 0.017482 milliseconds in repetition 442
tcp_ping received 128 bytes back
Round trip time was 0.016128 milliseconds in repetition 443
tcp_ping received 128 bytes back
Round trip time was 0.015575 milliseconds in repetition 444
tcp_ping received 128 bytes back
Round trip time was 0.015671 milliseconds in repetition 445
tcp_ping received 128 bytes back
Round trip time was 0.015603 milliseconds in repetition 446
tcp_ping received 128 bytes back
Round trip time was 0.016556 milliseconds in repetition 447
tcp_ping received 128 bytes back
Round trip time was 0.01581 milliseconds in repetition 448
tcp_ping received 128 bytes back
Round trip time was 0.015785 milliseconds in repetition 449
tcp_ping received 128 bytes back
Round trip time was 0.015954 milliseconds in repetition 450
tcp_ping received 128 bytes back
Round trip time was 0.016113 milliseconds in repetition 451
tcp_ping received 128 bytes back
Round trip time was 0.015692 milliseconds in repetition 452
tcp_ping received 128 bytes back
Round trip time was 0.015694 milliseconds in repetition 453
tcp_ping received 128 bytes back
Round trip time was 0.015656 milliseconds in repetition 454
tcp_ping received 128 bytes back
Round trip time was 0.016286 milliseconds in repetition 455
tcp_ping received 128 bytes back
Round trip time was 0.015794 milliseconds in repetition 456
tcp_ping received 128 bytes back
Round trip time was 0.015727 milliseconds in repetition 457
tcp_ping received 128 bytes back
Round trip time was 0.015575 milliseconds in repetition 458
tcp_ping received 128 bytes back
Round trip time was 0.015933 milliseconds in repetition 459
tcp_ping received 128 bytes back
Round trip time was 0.015724 milliseconds in repetition 460
tcp_ping received 128 bytes back
Round trip time was 0.015707 milliseconds in repetition 461
tcp_ping received 128 bytes back
Round trip time was 0.01575 milliseconds in repetition 462
tcp_ping received 128 bytes back
Round trip time was 0.015961 milliseconds in repetition 463
tcp_ping received 128 bytes back
Round trip time was 0.015947 milliseconds in repetition 464
tcp_ping received 128 bytes back
Round trip time was 0.015334 milliseconds in repetition 465
tcp_ping received 128 bytes back
Round trip time was 0.01596 milliseconds in repetition 466
tcp_ping received 128 bytes back
Round trip time was 0.016102 milliseconds in repetition 467
tcp_ping received 128 bytes back
Round trip time was 0.015673 milliseconds in repetition 468
tcp_ping received 128 bytes back
Round trip time was 0.015425 milliseconds in repetition 469
tcp_ping received 128 bytes back
Round trip time was 0.015483 milliseconds in repetition 470
tcp_ping received 128 bytes back
Round trip time was 0.015921 milliseconds in repetition 471
tcp_ping received 128 bytes back
Round trip time was 0.015835 milliseconds in repetition 472
tcp_ping received 128 bytes back
Round trip time was 0.015825 milliseconds in repetition 473
tcp_ping received 128 bytes back
Round trip time was 0.0158 milliseconds in repetition 474
tcp_ping received 128 bytes back
Round trip time was 0.015792 milliseconds in repetition 475
tcp_ping received 128 bytes back
Round trip time was 0.015673 milliseconds in repetition 476
tcp_ping received 128 bytes back
Round trip time was 0.015516 milliseconds in repetition 477
tcp_ping received 128 bytes back
Round trip time was 0.01572 milliseconds in repetition 478
tcp_ping received 128 bytes back
Round trip time was 0.015967 milliseconds in repetition 479
tcp_ping received 128 bytes back
Round trip time was 0.01574 milliseconds in repetition 480
tcp_ping received 128 bytes back
Round trip time was 0.015479 milliseconds in repetition 481
tcp_ping received 128 bytes back
Round trip time was 0.015772 milliseconds in repetition 482
tcp_ping received 128 bytes back
Round trip time was 0.015866 milliseconds in repetition 483
tcp_ping received 128 bytes back
Round trip time was 0.015842 milliseconds in repetition 484
tcp_ping received 128 bytes back
Round trip time was 0.01553 milliseconds in repetition 485
tcp_ping received 128 bytes back
Round trip time was 0.017706 milliseconds in repetition 486
tcp_ping received 128 bytes back
Round trip time was 0.016177 milliseconds in repetition 487
tcp_ping received 128 bytes back
Round trip time was 0.0155 milliseconds in repetition 488
tcp_ping received 128 bytes back
Round trip time was 0.015524 milliseconds in repetition 489
tcp_ping received 128 bytes back
Round trip time was 0.015801 milliseconds in repetition 490
tcp_ping received 128 bytes back
Round trip time was 0.015812 milliseconds in repetition 491
tcp_ping received 128 bytes back
Round trip time was 0.015468 milliseconds in repetition 492
tcp_ping received 128 bytes back
Round trip time was 0.01531 milliseconds in repetition 493
tcp_ping received 128 bytes back
Round trip time was 0.015867 milliseconds in repetition 494
tcp_ping received 128 bytes back
Round trip time was 0.015773 milliseconds in repetition 495
tcp_ping received 128 bytes back
Round trip time was 0.01557 milliseconds in repetition 496
tcp_ping received 128 bytes back
Round trip time was 0.015357 milliseconds in repetition 497
tcp_ping received 128 bytes back
Round trip time was 0.016203 milliseconds in repetition 498
tcp_ping received 128 bytes back
Round trip time was 0.015822 milliseconds in repetition 499
tcp_ping received 128 bytes back
Round trip time was 0.015558 milliseconds in repetition 500

 ... clock resolution was 1e-06
TCP Ping:  Statistics over 500 repetitions of 128 byte messages

RTT : percentile 10: 0.015471, median: 0.015737, percentile 90: 0.016084, average: 0.016147, variance: 1.15488e-05

RTT histogram:
0.0151445 472
0.0178392 16
0.020534 4
0.0232287 1
0.0259235 2
0.0286182 2
0.031313 1
0.0340077 0
0.0367025 0
0.0393973 0
0.042092 0
0.0447868 0
0.0474815 0
0.0501763 0
0.052871 0
0.0555658 0
0.0582605 0
0.0609553 1
0.06365 0
0.0663448 0
0.0690395 1

   median Throughput : 16267.4 KB/s   overall Throughput : 15854.4 KB/s

