TCP Ping trying to connect to server localhost (127.0.0.1) on port 1491
 ... connected to Pong server: asking for 500 repetitions of 24576 bytes TCP messages
 ... Pong server agreed :-)
tcp_ping received 24576 bytes back
Round trip time was 0.192222 milliseconds in repetition 1
tcp_ping received 24576 bytes back
Round trip time was 0.182729 milliseconds in repetition 2
tcp_ping received 24576 bytes back
Round trip time was 0.183254 milliseconds in repetition 3
tcp_ping received 24576 bytes back
Round trip time was 0.156478 milliseconds in repetition 4
tcp_ping received 24576 bytes back
Round trip time was 0.14436 milliseconds in repetition 5
tcp_ping received 24576 bytes back
Round trip time was 0.145421 milliseconds in repetition 6
tcp_ping received 24576 bytes back
Round trip time was 0.148586 milliseconds in repetition 7
tcp_ping received 24576 bytes back
Round trip time was 0.145191 milliseconds in repetition 8
tcp_ping received 24576 bytes back
Round trip time was 0.144624 milliseconds in repetition 9
tcp_ping received 24576 bytes back
Round trip time was 0.144154 milliseconds in repetition 10
tcp_ping received 24576 bytes back
Round trip time was 0.145321 milliseconds in repetition 11
tcp_ping received 24576 bytes back
Round trip time was 0.144333 milliseconds in repetition 12
tcp_ping received 24576 bytes back
Round trip time was 0.144443 milliseconds in repetition 13
tcp_ping received 24576 bytes back
Round trip time was 0.145013 milliseconds in repetition 14
tcp_ping received 24576 bytes back
Round trip time was 0.144777 milliseconds in repetition 15
tcp_ping received 24576 bytes back
Round trip time was 0.145753 milliseconds in repetition 16
tcp_ping received 24576 bytes back
Round trip time was 0.144625 milliseconds in repetition 17
tcp_ping received 24576 bytes back
Round trip time was 0.144133 milliseconds in repetition 18
tcp_ping received 24576 bytes back
Round trip time was 0.145576 milliseconds in repetition 19
tcp_ping received 24576 bytes back
Round trip time was 0.144362 milliseconds in repetition 20
tcp_ping received 24576 bytes back
Round trip time was 0.151974 milliseconds in repetition 21
tcp_ping received 24576 bytes back
Round trip time was 0.145778 milliseconds in repetition 22
tcp_ping received 24576 bytes back
Round trip time was 0.144848 milliseconds in repetition 23
tcp_ping received 24576 bytes back
Round trip time was 0.144219 milliseconds in repetition 24
tcp_ping received 24576 bytes back
Round trip time was 0.143876 milliseconds in repetition 25
tcp_ping received 24576 bytes back
Round trip time was 0.144413 milliseconds in repetition 26
tcp_ping received 24576 bytes back
Round trip time was 0.145207 milliseconds in repetition 27
tcp_ping received 24576 bytes back
Round trip time was 0.144481 milliseconds in repetition 28
tcp_ping received 24576 bytes back
Round trip time was 0.144883 milliseconds in repetition 29
tcp_ping received 24576 bytes back
Round trip time was 0.144529 milliseconds in repetition 30
tcp_ping received 24576 bytes back
Round trip time was 0.144696 milliseconds in repetition 31
tcp_ping received 24576 bytes back
Round trip time was 0.14411 milliseconds in repetition 32
tcp_ping received 24576 bytes back
Round trip time was 0.143519 milliseconds in repetition 33
tcp_ping received 24576 bytes back
Round trip time was 0.143994 milliseconds in repetition 34
tcp_ping received 24576 bytes back
Round trip time was 0.1451 milliseconds in repetition 35
tcp_ping received 24576 bytes back
Round trip time was 0.144679 milliseconds in repetition 36
tcp_ping received 24576 bytes back
Round trip time was 0.145092 milliseconds in repetition 37
tcp_ping received 24576 bytes back
Round trip time was 0.14423 milliseconds in repetition 38
tcp_ping received 24576 bytes back
Round trip time was 0.144691 milliseconds in repetition 39
tcp_ping received 24576 bytes back
Round trip time was 0.145182 milliseconds in repetition 40
tcp_ping received 24576 bytes back
Round trip time was 0.14368 milliseconds in repetition 41
tcp_ping received 24576 bytes back
Round trip time was 0.144407 milliseconds in repetition 42
tcp_ping received 24576 bytes back
Round trip time was 0.146751 milliseconds in repetition 43
tcp_ping received 24576 bytes back
Round trip time was 0.144276 milliseconds in repetition 44
tcp_ping received 24576 bytes back
Round trip time was 0.144641 milliseconds in repetition 45
tcp_ping received 24576 bytes back
Round trip time was 0.144687 milliseconds in repetition 46
tcp_ping received 24576 bytes back
Round trip time was 0.144082 milliseconds in repetition 47
tcp_ping received 24576 bytes back
Round trip time was 0.149706 milliseconds in repetition 48
tcp_ping received 24576 bytes back
Round trip time was 0.145453 milliseconds in repetition 49
tcp_ping received 24576 bytes back
Round trip time was 0.144891 milliseconds in repetition 50
tcp_ping received 24576 bytes back
Round trip time was 0.144172 milliseconds in repetition 51
tcp_ping received 24576 bytes back
Round trip time was 0.146784 milliseconds in repetition 52
tcp_ping received 24576 bytes back
Round trip time was 0.146105 milliseconds in repetition 53
tcp_ping received 24576 bytes back
Round trip time was 0.144129 milliseconds in repetition 54
tcp_ping received 24576 bytes back
Round trip time was 0.1446 milliseconds in repetition 55
tcp_ping received 24576 bytes back
Round trip time was 0.14401 milliseconds in repetition 56
tcp_ping received 24576 bytes back
Round trip time was 0.212092 milliseconds in repetition 57
tcp_ping received 24576 bytes back
Round trip time was 0.157227 milliseconds in repetition 58
tcp_ping received 24576 bytes back
Round trip time was 0.214611 milliseconds in repetition 59
tcp_ping received 24576 bytes back
Round trip time was 0.220836 milliseconds in repetition 60
tcp_ping received 24576 bytes back
Round trip time was 0.222321 milliseconds in repetition 61
tcp_ping received 24576 bytes back
Round trip time was 0.331567 milliseconds in repetition 62
tcp_ping received 24576 bytes back
Round trip time was 0.231328 milliseconds in repetition 63
tcp_ping received 24576 bytes back
Round trip time was 0.222054 milliseconds in repetition 64
tcp_ping received 24576 bytes back
Round trip time was 0.21393 milliseconds in repetition 65
tcp_ping received 24576 bytes back
Round trip time was 0.221164 milliseconds in repetition 66
tcp_ping received 24576 bytes back
Round trip time was 0.188722 milliseconds in repetition 67
tcp_ping received 24576 bytes back
Round trip time was 0.146561 milliseconds in repetition 68
tcp_ping received 24576 bytes back
Round trip time was 0.155225 milliseconds in repetition 69
tcp_ping received 24576 bytes back
Round trip time was 0.148761 milliseconds in repetition 70
tcp_ping received 24576 bytes back
Round trip time was 0.145046 milliseconds in repetition 71
tcp_ping received 24576 bytes back
Round trip time was 0.145558 milliseconds in repetition 72
tcp_ping received 24576 bytes back
Round trip time was 0.144172 milliseconds in repetition 73
tcp_ping received 24576 bytes back
Round trip time was 0.144456 milliseconds in repetition 74
tcp_ping received 24576 bytes back
Round trip time was 0.144937 milliseconds in repetition 75
tcp_ping received 24576 bytes back
Round trip time was 0.144997 milliseconds in repetition 76
tcp_ping received 24576 bytes back
Round trip time was 0.144832 milliseconds in repetition 77
tcp_ping received 24576 bytes back
Round trip time was 0.145613 milliseconds in repetition 78
tcp_ping received 24576 bytes back
Round trip time was 0.144567 milliseconds in repetition 79
tcp_ping received 24576 bytes back
Round trip time was 0.144387 milliseconds in repetition 80
tcp_ping received 24576 bytes back
Round trip time was 0.144359 milliseconds in repetition 81
tcp_ping received 24576 bytes back
Round trip time was 0.145174 milliseconds in repetition 82
tcp_ping received 24576 bytes back
Round trip time was 0.144152 milliseconds in repetition 83
tcp_ping received 24576 bytes back
Round trip time was 0.144787 milliseconds in repetition 84
tcp_ping received 24576 bytes back
Round trip time was 0.144662 milliseconds in repetition 85
tcp_ping received 24576 bytes back
Round trip time was 0.144581 milliseconds in repetition 86
tcp_ping received 24576 bytes back
Round trip time was 0.145722 milliseconds in repetition 87
tcp_ping received 24576 bytes back
Round trip time was 0.144194 milliseconds in repetition 88
tcp_ping received 24576 bytes back
Round trip time was 0.144115 milliseconds in repetition 89
tcp_ping received 24576 bytes back
Round trip time was 0.144363 milliseconds in repetition 90
tcp_ping received 24576 bytes back
Round trip time was 0.143831 milliseconds in repetition 91
tcp_ping received 24576 bytes back
Round trip time was 0.144384 milliseconds in repetition 92
tcp_ping received 24576 bytes back
Round trip time was 0.143889 milliseconds in repetition 93
tcp_ping received 24576 bytes back
Round trip time was 0.144723 milliseconds in repetition 94
tcp_ping received 24576 bytes back
Round trip time was 0.144332 milliseconds in repetition 95
tcp_ping received 24576 bytes back
Round trip time was 0.148338 milliseconds in repetition 96
tcp_ping received 24576 bytes back
Round trip time was 0.145395 milliseconds in repetition 97
tcp_ping received 24576 bytes back
Round trip time was 0.143857 milliseconds in repetition 98
tcp_ping received 24576 bytes back
Round trip time was 0.143487 milliseconds in repetition 99
tcp_ping received 24576 bytes back
Round trip time was 0.144347 milliseconds in repetition 100
tcp_ping received 24576 bytes back
Round trip time was 0.144838 milliseconds in repetition 101
tcp_ping received 24576 bytes back
Round trip time was 0.144584 milliseconds in repetition 102
tcp_ping received 24576 bytes back
Round trip time was 0.144069 milliseconds in repetition 103
tcp_ping received 24576 bytes back
Round trip time was 0.144043 milliseconds in repetition 104
tcp_ping received 24576 bytes back
Round trip time was 0.144107 milliseconds in repetition 105
tcp_ping received 24576 bytes back
Round trip time was 0.143682 milliseconds in repetition 106
tcp_ping received 24576 bytes back
Round trip time was 0.144301 milliseconds in repetition 107
tcp_ping received 24576 bytes back
Round trip time was 0.144075 milliseconds in repetition 108
tcp_ping received 24576 bytes back
Round trip time was 0.145006 milliseconds in repetition 109
tcp_ping received 24576 bytes back
Round trip time was 0.143911 milliseconds in repetition 110
tcp_ping received 24576 bytes back
Round trip time was 0.143823 milliseconds in repetition 111
tcp_ping received 24576 bytes back
Round trip time was 0.143596 milliseconds in repetition 112
tcp_ping received 24576 bytes back
Round trip time was 0.144111 milliseconds in repetition 113
tcp_ping received 24576 bytes back
Round trip time was 0.143903 milliseconds in repetition 114
tcp_ping received 24576 bytes back
Round trip time was 0.143478 milliseconds in repetition 115
tcp_ping received 24576 bytes back
Round trip time was 0.144092 milliseconds in repetition 116
tcp_ping received 24576 bytes back
Round trip time was 0.143778 milliseconds in repetition 117
tcp_ping received 24576 bytes back
Round trip time was 0.14414 milliseconds in repetition 118
tcp_ping received 24576 bytes back
Round trip time was 0.144288 milliseconds in repetition 119
tcp_ping received 24576 bytes back
Round trip time was 0.143902 milliseconds in repetition 120
tcp_ping received 24576 bytes back
Round trip time was 0.143758 milliseconds in repetition 121
tcp_ping received 24576 bytes back
Round trip time was 0.144311 milliseconds in repetition 122
tcp_ping received 24576 bytes back
Round trip time was 0.144336 milliseconds in repetition 123
tcp_ping received 24576 bytes back
Round trip time was 0.156287 milliseconds in repetition 124
tcp_ping received 24576 bytes back
Round trip time was 0.146117 milliseconds in repetition 125
tcp_ping received 24576 bytes back
Round trip time was 0.144349 milliseconds in repetition 126
tcp_ping received 24576 bytes back
Round trip time was 0.144498 milliseconds in repetition 127
tcp_ping received 24576 bytes back
Round trip time was 0.144397 milliseconds in repetition 128
tcp_ping received 24576 bytes back
Round trip time was 0.143808 milliseconds in repetition 129
tcp_ping received 24576 bytes back
Round trip time was 0.145663 milliseconds in repetition 130
tcp_ping received 24576 bytes back
Round trip time was 0.152914 milliseconds in repetition 131
tcp_ping received 24576 bytes back
Round trip time was 0.14492 milliseconds in repetition 132
tcp_ping received 24576 bytes back
Round trip time was 0.143575 milliseconds in repetition 133
tcp_ping received 24576 bytes back
Round trip time was 0.144508 milliseconds in repetition 134
tcp_ping received 24576 bytes back
Round trip time was 0.143386 milliseconds in repetition 135
tcp_ping received 24576 bytes back
Round trip time was 0.144562 milliseconds in repetition 136
tcp_ping received 24576 bytes back
Round trip time was 0.143426 milliseconds in repetition 137
tcp_ping received 24576 bytes back
Round trip time was 0.144336 milliseconds in repetition 138
tcp_ping received 24576 bytes back
Round trip time was 0.143607 milliseconds in repetition 139
tcp_ping received 24576 bytes back
Round trip time was 0.14376 milliseconds in repetition 140
tcp_ping received 24576 bytes back
Round trip time was 0.144524 milliseconds in repetition 141
tcp_ping received 24576 bytes back
Round trip time was 0.14385 milliseconds in repetition 142
tcp_ping received 24576 bytes back
Round trip time was 0.143629 milliseconds in repetition 143
tcp_ping received 24576 bytes back
Round trip time was 0.144096 milliseconds in repetition 144
tcp_ping received 24576 bytes back
Round trip time was 0.143428 milliseconds in repetition 145
tcp_ping received 24576 bytes back
Round trip time was 0.143683 milliseconds in repetition 146
tcp_ping received 24576 bytes back
Round trip time was 0.143597 milliseconds in repetition 147
tcp_ping received 24576 bytes back
Round trip time was 0.144746 milliseconds in repetition 148
tcp_ping received 24576 bytes back
Round trip time was 0.143518 milliseconds in repetition 149
tcp_ping received 24576 bytes back
Round trip time was 0.143728 milliseconds in repetition 150
tcp_ping received 24576 bytes back
Round trip time was 0.152766 milliseconds in repetition 151
tcp_ping received 24576 bytes back
Round trip time was 0.145681 milliseconds in repetition 152
tcp_ping received 24576 bytes back
Round trip time was 0.144203 milliseconds in repetition 153
tcp_ping received 24576 bytes back
Round trip time was 0.143191 milliseconds in repetition 154
tcp_ping received 24576 bytes back
Round trip time was 0.143908 milliseconds in repetition 155
tcp_ping received 24576 bytes back
Round trip time was 0.143914 milliseconds in repetition 156
tcp_ping received 24576 bytes back
Round trip time was 0.144018 milliseconds in repetition 157
tcp_ping received 24576 bytes back
Round trip time was 0.14417 milliseconds in repetition 158
tcp_ping received 24576 bytes back
Round trip time was 0.154724 milliseconds in repetition 159
tcp_ping received 24576 bytes back
Round trip time was 0.166894 milliseconds in repetition 160
tcp_ping received 24576 bytes back
Round trip time was 0.201596 milliseconds in repetition 161
tcp_ping received 24576 bytes back
Round trip time was 0.146691 milliseconds in repetition 162
tcp_ping received 24576 bytes back
Round trip time was 0.144006 milliseconds in repetition 163
tcp_ping received 24576 bytes back
Round trip time was 0.143685 milliseconds in repetition 164
tcp_ping received 24576 bytes back
Round trip time was 0.144135 milliseconds in repetition 165
tcp_ping received 24576 bytes back
Round trip time was 0.14462 milliseconds in repetition 166
tcp_ping received 24576 bytes back
Round trip time was 0.144334 milliseconds in repetition 167
tcp_ping received 24576 bytes back
Round trip time was 0.143841 milliseconds in repetition 168
tcp_ping received 24576 bytes back
Round trip time was 0.144022 milliseconds in repetition 169
tcp_ping received 24576 bytes back
Round trip time was 0.144025 milliseconds in repetition 170
tcp_ping received 24576 bytes back
Round trip time was 0.142898 milliseconds in repetition 171
tcp_ping received 24576 bytes back
Round trip time was 0.143784 milliseconds in repetition 172
tcp_ping received 24576 bytes back
Round trip time was 0.146817 milliseconds in repetition 173
tcp_ping received 24576 bytes back
Round trip time was 0.144024 milliseconds in repetition 174
tcp_ping received 24576 bytes back
Round trip time was 0.143635 milliseconds in repetition 175
tcp_ping received 24576 bytes back
Round trip time was 0.143542 milliseconds in repetition 176
tcp_ping received 24576 bytes back
Round trip time was 0.150721 milliseconds in repetition 177
tcp_ping received 24576 bytes back
Round trip time was 0.144408 milliseconds in repetition 178
tcp_ping received 24576 bytes back
Round trip time was 0.143603 milliseconds in repetition 179
tcp_ping received 24576 bytes back
Round trip time was 0.14338 milliseconds in repetition 180
tcp_ping received 24576 bytes back
Round trip time was 0.143741 milliseconds in repetition 181
tcp_ping received 24576 bytes back
Round trip time was 0.1437 milliseconds in repetition 182
tcp_ping received 24576 bytes back
Round trip time was 0.146316 milliseconds in repetition 183
tcp_ping received 24576 bytes back
Round trip time was 0.164394 milliseconds in repetition 184
tcp_ping received 24576 bytes back
Round trip time was 0.149948 milliseconds in repetition 185
tcp_ping received 24576 bytes back
Round trip time was 0.149445 milliseconds in repetition 186
tcp_ping received 24576 bytes back
Round trip time was 0.148929 milliseconds in repetition 187
tcp_ping received 24576 bytes back
Round trip time was 0.149507 milliseconds in repetition 188
tcp_ping received 24576 bytes back
Round trip time was 0.148877 milliseconds in repetition 189
tcp_ping received 24576 bytes back
Round trip time was 0.165891 milliseconds in repetition 190
tcp_ping received 24576 bytes back
Round trip time was 0.143074 milliseconds in repetition 191
tcp_ping received 24576 bytes back
Round trip time was 0.144115 milliseconds in repetition 192
tcp_ping received 24576 bytes back
Round trip time was 0.144233 milliseconds in repetition 193
tcp_ping received 24576 bytes back
Round trip time was 0.143428 milliseconds in repetition 194
tcp_ping received 24576 bytes back
Round trip time was 0.144132 milliseconds in repetition 195
tcp_ping received 24576 bytes back
Round trip time was 0.144194 milliseconds in repetition 196
tcp_ping received 24576 bytes back
Round trip time was 0.143595 milliseconds in repetition 197
tcp_ping received 24576 bytes back
Round trip time was 0.143891 milliseconds in repetition 198
tcp_ping received 24576 bytes back
Round trip time was 0.144081 milliseconds in repetition 199
tcp_ping received 24576 bytes back
Round trip time was 0.144084 milliseconds in repetition 200
tcp_ping received 24576 bytes back
Round trip time was 0.14463 milliseconds in repetition 201
tcp_ping received 24576 bytes back
Round trip time was 0.144381 milliseconds in repetition 202
tcp_ping received 24576 bytes back
Round trip time was 0.149246 milliseconds in repetition 203
tcp_ping received 24576 bytes back
Round trip time was 0.144571 milliseconds in repetition 204
tcp_ping received 24576 bytes back
Round trip time was 0.144271 milliseconds in repetition 205
tcp_ping received 24576 bytes back
Round trip time was 0.144276 milliseconds in repetition 206
tcp_ping received 24576 bytes back
Round trip time was 0.143604 milliseconds in repetition 207
tcp_ping received 24576 bytes back
Round trip time was 0.143422 milliseconds in repetition 208
tcp_ping received 24576 bytes back
Round trip time was 0.144387 milliseconds in repetition 209
tcp_ping received 24576 bytes back
Round trip time was 0.143933 milliseconds in repetition 210
tcp_ping received 24576 bytes back
Round trip time was 0.144145 milliseconds in repetition 211
tcp_ping received 24576 bytes back
Round trip time was 0.144116 milliseconds in repetition 212
tcp_ping received 24576 bytes back
Round trip time was 0.143912 milliseconds in repetition 213
tcp_ping received 24576 bytes back
Round trip time was 0.143358 milliseconds in repetition 214
tcp_ping received 24576 bytes back
Round trip time was 0.143703 milliseconds in repetition 215
tcp_ping received 24576 bytes back
Round trip time was 0.145803 milliseconds in repetition 216
tcp_ping received 24576 bytes back
Round trip time was 0.145044 milliseconds in repetition 217
tcp_ping received 24576 bytes back
Round trip time was 0.144932 milliseconds in repetition 218
tcp_ping received 24576 bytes back
Round trip time was 0.143508 milliseconds in repetition 219
tcp_ping received 24576 bytes back
Round trip time was 0.144215 milliseconds in repetition 220
tcp_ping received 24576 bytes back
Round trip time was 0.143638 milliseconds in repetition 221
tcp_ping received 24576 bytes back
Round trip time was 0.143536 milliseconds in repetition 222
tcp_ping received 24576 bytes back
Round trip time was 0.143083 milliseconds in repetition 223
tcp_ping received 24576 bytes back
Round trip time was 0.143802 milliseconds in repetition 224
tcp_ping received 24576 bytes back
Round trip time was 0.143203 milliseconds in repetition 225
tcp_ping received 24576 bytes back
Round trip time was 0.143261 milliseconds in repetition 226
tcp_ping received 24576 bytes back
Round trip time was 0.143598 milliseconds in repetition 227
tcp_ping received 24576 bytes back
Round trip time was 0.144559 milliseconds in repetition 228
tcp_ping received 24576 bytes back
Round trip time was 0.143682 milliseconds in repetition 229
tcp_ping received 24576 bytes back
Round trip time was 0.142755 milliseconds in repetition 230
tcp_ping received 24576 bytes back
Round trip time was 0.153125 milliseconds in repetition 231
tcp_ping received 24576 bytes back
Round trip time was 0.144248 milliseconds in repetition 232
tcp_ping received 24576 bytes back
Round trip time was 0.144714 milliseconds in repetition 233
tcp_ping received 24576 bytes back
Round trip time was 0.143228 milliseconds in repetition 234
tcp_ping received 24576 bytes back
Round trip time was 0.143585 milliseconds in repetition 235
tcp_ping received 24576 bytes back
Round trip time was 0.143176 milliseconds in repetition 236
tcp_ping received 24576 bytes back
Round trip time was 0.143342 milliseconds in repetition 237
tcp_ping received 24576 bytes back
Round trip time was 0.143103 milliseconds in repetition 238
tcp_ping received 24576 bytes back
Round trip time was 0.143686 milliseconds in repetition 239
tcp_ping received 24576 bytes back
Round trip time was 0.143992 milliseconds in repetition 240
tcp_ping received 24576 bytes back
Round trip time was 0.143633 milliseconds in repetition 241
tcp_ping received 24576 bytes back
Round trip time was 0.144666 milliseconds in repetition 242
tcp_ping received 24576 bytes back
Round trip time was 0.143833 milliseconds in repetition 243
tcp_ping received 24576 bytes back
Round trip time was 0.143036 milliseconds in repetition 244
tcp_ping received 24576 bytes back
Round trip time was 0.143511 milliseconds in repetition 245
tcp_ping received 24576 bytes back
Round trip time was 0.143081 milliseconds in repetition 246
tcp_ping received 24576 bytes back
Round trip time was 0.142695 milliseconds in repetition 247
tcp_ping received 24576 bytes back
Round trip time was 0.143262 milliseconds in repetition 248
tcp_ping received 24576 bytes back
Round trip time was 0.143547 milliseconds in repetition 249
tcp_ping received 24576 bytes back
Round trip time was 0.143801 milliseconds in repetition 250
tcp_ping received 24576 bytes back
Round trip time was 0.143606 milliseconds in repetition 251
tcp_ping received 24576 bytes back
Round trip time was 0.143587 milliseconds in repetition 252
tcp_ping received 24576 bytes back
Round trip time was 0.143839 milliseconds in repetition 253
tcp_ping received 24576 bytes back
Round trip time was 0.143222 milliseconds in repetition 254
tcp_ping received 24576 bytes back
Round trip time was 0.142596 milliseconds in repetition 255
tcp_ping received 24576 bytes back
Round trip time was 0.143878 milliseconds in repetition 256
tcp_ping received 24576 bytes back
Round trip time was 0.143235 milliseconds in repetition 257
tcp_ping received 24576 bytes back
Round trip time was 0.148158 milliseconds in repetition 258
tcp_ping received 24576 bytes back
Round trip time was 0.144573 milliseconds in repetition 259
tcp_ping received 24576 bytes back
Round trip time was 0.144581 milliseconds in repetition 260
tcp_ping received 24576 bytes back
Round trip time was 0.143653 milliseconds in repetition 261
tcp_ping received 24576 bytes back
Round trip time was 0.143532 milliseconds in repetition 262
tcp_ping received 24576 bytes back
Round trip time was 0.144084 milliseconds in repetition 263
tcp_ping received 24576 bytes back
Round trip time was 0.143603 milliseconds in repetition 264
tcp_ping received 24576 bytes back
Round trip time was 0.143111 milliseconds in repetition 265
tcp_ping received 24576 bytes back
Round trip time was 0.143372 milliseconds in repetition 266
tcp_ping received 24576 bytes back
Round trip time was 0.143218 milliseconds in repetition 267
tcp_ping received 24576 bytes back
Round trip time was 0.14296 milliseconds in repetition 268
tcp_ping received 24576 bytes back
Round trip time was 0.15182 milliseconds in repetition 269
tcp_ping received 24576 bytes back
Round trip time was 0.155232 milliseconds in repetition 270
tcp_ping received 24576 bytes back
Round trip time was 0.144454 milliseconds in repetition 271
tcp_ping received 24576 bytes back
Round trip time was 0.143602 milliseconds in repetition 272
tcp_ping received 24576 bytes back
Round trip time was 0.143605 milliseconds in repetition 273
tcp_ping received 24576 bytes back
Round trip time was 0.143422 milliseconds in repetition 274
tcp_ping received 24576 bytes back
Round trip time was 0.143779 milliseconds in repetition 275
tcp_ping received 24576 bytes back
Round trip time was 0.143727 milliseconds in repetition 276
tcp_ping received 24576 bytes back
Round trip time was 0.143656 milliseconds in repetition 277
tcp_ping received 24576 bytes back
Round trip time was 0.143813 milliseconds in repetition 278
tcp_ping received 24576 bytes back
Round trip time was 0.143629 milliseconds in repetition 279
tcp_ping received 24576 bytes back
Round trip time was 0.143317 milliseconds in repetition 280
tcp_ping received 24576 bytes back
Round trip time was 0.142937 milliseconds in repetition 281
tcp_ping received 24576 bytes back
Round trip time was 0.143638 milliseconds in repetition 282
tcp_ping received 24576 bytes back
Round trip time was 0.143211 milliseconds in repetition 283
tcp_ping received 24576 bytes back
Round trip time was 0.14411 milliseconds in repetition 284
tcp_ping received 24576 bytes back
Round trip time was 0.148771 milliseconds in repetition 285
tcp_ping received 24576 bytes back
Round trip time was 0.144422 milliseconds in repetition 286
tcp_ping received 24576 bytes back
Round trip time was 0.143604 milliseconds in repetition 287
tcp_ping received 24576 bytes back
Round trip time was 0.143794 milliseconds in repetition 288
tcp_ping received 24576 bytes back
Round trip time was 0.14311 milliseconds in repetition 289
tcp_ping received 24576 bytes back
Round trip time was 0.143795 milliseconds in repetition 290
tcp_ping received 24576 bytes back
Round trip time was 0.143257 milliseconds in repetition 291
tcp_ping received 24576 bytes back
Round trip time was 0.143436 milliseconds in repetition 292
tcp_ping received 24576 bytes back
Round trip time was 0.143967 milliseconds in repetition 293
tcp_ping received 24576 bytes back
Round trip time was 0.143032 milliseconds in repetition 294
tcp_ping received 24576 bytes back
Round trip time was 0.143565 milliseconds in repetition 295
tcp_ping received 24576 bytes back
Round trip time was 0.143445 milliseconds in repetition 296
tcp_ping received 24576 bytes back
Round trip time was 0.143482 milliseconds in repetition 297
tcp_ping received 24576 bytes back
Round trip time was 0.143846 milliseconds in repetition 298
tcp_ping received 24576 bytes back
Round trip time was 0.143732 milliseconds in repetition 299
tcp_ping received 24576 bytes back
Round trip time was 0.144081 milliseconds in repetition 300
tcp_ping received 24576 bytes back
Round trip time was 0.143372 milliseconds in repetition 301
tcp_ping received 24576 bytes back
Round trip time was 0.143533 milliseconds in repetition 302
tcp_ping received 24576 bytes back
Round trip time was 0.144814 milliseconds in repetition 303
tcp_ping received 24576 bytes back
Round trip time was 0.143677 milliseconds in repetition 304
tcp_ping received 24576 bytes back
Round trip time was 0.144014 milliseconds in repetition 305
tcp_ping received 24576 bytes back
Round trip time was 0.143499 milliseconds in repetition 306
tcp_ping received 24576 bytes back
Round trip time was 0.142806 milliseconds in repetition 307
tcp_ping received 24576 bytes back
Round trip time was 0.14333 milliseconds in repetition 308
tcp_ping received 24576 bytes back
Round trip time was 0.143315 milliseconds in repetition 309
tcp_ping received 24576 bytes back
Round trip time was 0.143946 milliseconds in repetition 310
tcp_ping received 24576 bytes back
Round trip time was 0.143628 milliseconds in repetition 311
tcp_ping received 24576 bytes back
Round trip time was 0.14823 milliseconds in repetition 312
tcp_ping received 24576 bytes back
Round trip time was 0.145101 milliseconds in repetition 313
tcp_ping received 24576 bytes back
Round trip time was 0.143677 milliseconds in repetition 314
tcp_ping received 24576 bytes back
Round trip time was 0.14346 milliseconds in repetition 315
tcp_ping received 24576 bytes back
Round trip time was 0.14339 milliseconds in repetition 316
tcp_ping received 24576 bytes back
Round trip time was 0.143756 milliseconds in repetition 317
tcp_ping received 24576 bytes back
Round trip time was 0.143586 milliseconds in repetition 318
tcp_ping received 24576 bytes back
Round trip time was 0.142812 milliseconds in repetition 319
tcp_ping received 24576 bytes back
Round trip time was 0.143568 milliseconds in repetition 320
tcp_ping received 24576 bytes back
Round trip time was 0.143458 milliseconds in repetition 321
tcp_ping received 24576 bytes back
Round trip time was 0.143516 milliseconds in repetition 322
tcp_ping received 24576 bytes back
Round trip time was 0.144 milliseconds in repetition 323
tcp_ping received 24576 bytes back
Round trip time was 0.143023 milliseconds in repetition 324
tcp_ping received 24576 bytes back
Round trip time was 0.143933 milliseconds in repetition 325
tcp_ping received 24576 bytes back
Round trip time was 0.143706 milliseconds in repetition 326
tcp_ping received 24576 bytes back
Round trip time was 0.142725 milliseconds in repetition 327
tcp_ping received 24576 bytes back
Round trip time was 0.143434 milliseconds in repetition 328
tcp_ping received 24576 bytes back
Round trip time was 0.143577 milliseconds in repetition 329
tcp_ping received 24576 bytes back
Round trip time was 0.143509 milliseconds in repetition 330
tcp_ping received 24576 bytes back
Round trip time was 0.14375 milliseconds in repetition 331
tcp_ping received 24576 bytes back
Round trip time was 0.14341 milliseconds in repetition 332
tcp_ping received 24576 bytes back
Round trip time was 0.143648 milliseconds in repetition 333
tcp_ping received 24576 bytes back
Round trip time was 0.144448 milliseconds in repetition 334
tcp_ping received 24576 bytes back
Round trip time was 0.143447 milliseconds in repetition 335
tcp_ping received 24576 bytes back
Round trip time was 0.143594 milliseconds in repetition 336
tcp_ping received 24576 bytes back
Round trip time was 0.144284 milliseconds in repetition 337
tcp_ping received 24576 bytes back
Round trip time was 0.144041 milliseconds in repetition 338
tcp_ping received 24576 bytes back
Round trip time was 0.147401 milliseconds in repetition 339
tcp_ping received 24576 bytes back
Round trip time was 0.144112 milliseconds in repetition 340
tcp_ping received 24576 bytes back
Round trip time was 0.143797 milliseconds in repetition 341
tcp_ping received 24576 bytes back
Round trip time was 0.143967 milliseconds in repetition 342
tcp_ping received 24576 bytes back
Round trip time was 0.144206 milliseconds in repetition 343
tcp_ping received 24576 bytes back
Round trip time was 0.144002 milliseconds in repetition 344
tcp_ping received 24576 bytes back
Round trip time was 0.143666 milliseconds in repetition 345
tcp_ping received 24576 bytes back
Round trip time was 0.145099 milliseconds in repetition 346
tcp_ping received 24576 bytes back
Round trip time was 0.143956 milliseconds in repetition 347
tcp_ping received 24576 bytes back
Round trip time was 0.143676 milliseconds in repetition 348
tcp_ping received 24576 bytes back
Round trip time was 0.143333 milliseconds in repetition 349
tcp_ping received 24576 bytes back
Round trip time was 0.143949 milliseconds in repetition 350
tcp_ping received 24576 bytes back
Round trip time was 0.14376 milliseconds in repetition 351
tcp_ping received 24576 bytes back
Round trip time was 0.143833 milliseconds in repetition 352
tcp_ping received 24576 bytes back
Round trip time was 0.143959 milliseconds in repetition 353
tcp_ping received 24576 bytes back
Round trip time was 0.144458 milliseconds in repetition 354
tcp_ping received 24576 bytes back
Round trip time was 0.142878 milliseconds in repetition 355
tcp_ping received 24576 bytes back
Round trip time was 0.143737 milliseconds in repetition 356
tcp_ping received 24576 bytes back
Round trip time was 0.143303 milliseconds in repetition 357
tcp_ping received 24576 bytes back
Round trip time was 0.143685 milliseconds in repetition 358
tcp_ping received 24576 bytes back
Round trip time was 0.143303 milliseconds in repetition 359
tcp_ping received 24576 bytes back
Round trip time was 0.143539 milliseconds in repetition 360
tcp_ping received 24576 bytes back
Round trip time was 0.143374 milliseconds in repetition 361
tcp_ping received 24576 bytes back
Round trip time was 0.143482 milliseconds in repetition 362
tcp_ping received 24576 bytes back
Round trip time was 0.143307 milliseconds in repetition 363
tcp_ping received 24576 bytes back
Round trip time was 0.144228 milliseconds in repetition 364
tcp_ping received 24576 bytes back
Round trip time was 0.143707 milliseconds in repetition 365
tcp_ping received 24576 bytes back
Round trip time was 0.143798 milliseconds in repetition 366
tcp_ping received 24576 bytes back
Round trip time was 0.147027 milliseconds in repetition 367
tcp_ping received 24576 bytes back
Round trip time was 0.144091 milliseconds in repetition 368
tcp_ping received 24576 bytes back
Round trip time was 0.143504 milliseconds in repetition 369
tcp_ping received 24576 bytes back
Round trip time was 0.143819 milliseconds in repetition 370
tcp_ping received 24576 bytes back
Round trip time was 0.143747 milliseconds in repetition 371
tcp_ping received 24576 bytes back
Round trip time was 0.143183 milliseconds in repetition 372
tcp_ping received 24576 bytes back
Round trip time was 0.143342 milliseconds in repetition 373
tcp_ping received 24576 bytes back
Round trip time was 0.143454 milliseconds in repetition 374
tcp_ping received 24576 bytes back
Round trip time was 0.143788 milliseconds in repetition 375
tcp_ping received 24576 bytes back
Round trip time was 0.143829 milliseconds in repetition 376
tcp_ping received 24576 bytes back
Round trip time was 0.143659 milliseconds in repetition 377
tcp_ping received 24576 bytes back
Round trip time was 0.1436 milliseconds in repetition 378
tcp_ping received 24576 bytes back
Round trip time was 0.143391 milliseconds in repetition 379
tcp_ping received 24576 bytes back
Round trip time was 0.143765 milliseconds in repetition 380
tcp_ping received 24576 bytes back
Round trip time was 0.143746 milliseconds in repetition 381
tcp_ping received 24576 bytes back
Round trip time was 0.143175 milliseconds in repetition 382
tcp_ping received 24576 bytes back
Round trip time was 0.142882 milliseconds in repetition 383
tcp_ping received 24576 bytes back
Round trip time was 0.143764 milliseconds in repetition 384
tcp_ping received 24576 bytes back
Round trip time was 0.142929 milliseconds in repetition 385
tcp_ping received 24576 bytes back
Round trip time was 0.143181 milliseconds in repetition 386
tcp_ping received 24576 bytes back
Round trip time was 0.143105 milliseconds in repetition 387
tcp_ping received 24576 bytes back
Round trip time was 0.143372 milliseconds in repetition 388
tcp_ping received 24576 bytes back
Round trip time was 0.144637 milliseconds in repetition 389
tcp_ping received 24576 bytes back
Round trip time was 0.143856 milliseconds in repetition 390
tcp_ping received 24576 bytes back
Round trip time was 0.143716 milliseconds in repetition 391
tcp_ping received 24576 bytes back
Round trip time was 0.143417 milliseconds in repetition 392
tcp_ping received 24576 bytes back
Round trip time was 0.142993 milliseconds in repetition 393
tcp_ping received 24576 bytes back
Round trip time was 0.148199 milliseconds in repetition 394
tcp_ping received 24576 bytes back
Round trip time was 0.145009 milliseconds in repetition 395
tcp_ping received 24576 bytes back
Round trip time was 0.143857 milliseconds in repetition 396
tcp_ping received 24576 bytes back
Round trip time was 0.14363 milliseconds in repetition 397
tcp_ping received 24576 bytes back
Round trip time was 0.143217 milliseconds in repetition 398
tcp_ping received 24576 bytes back
Round trip time was 0.143837 milliseconds in repetition 399
tcp_ping received 24576 bytes back
Round trip time was 0.143775 milliseconds in repetition 400
tcp_ping received 24576 bytes back
Round trip time was 0.144015 milliseconds in repetition 401
tcp_ping received 24576 bytes back
Round trip time was 0.143846 milliseconds in repetition 402
tcp_ping received 24576 bytes back
Round trip time was 0.143432 milliseconds in repetition 403
tcp_ping received 24576 bytes back
Round trip time was 0.143576 milliseconds in repetition 404
tcp_ping received 24576 bytes back
Round trip time was 0.143343 milliseconds in repetition 405
tcp_ping received 24576 bytes back
Round trip time was 0.143801 milliseconds in repetition 406
tcp_ping received 24576 bytes back
Round trip time was 0.143981 milliseconds in repetition 407
tcp_ping received 24576 bytes back
Round trip time was 0.143739 milliseconds in repetition 408
tcp_ping received 24576 bytes back
Round trip time was 0.143535 milliseconds in repetition 409
tcp_ping received 24576 bytes back
Round trip time was 0.143477 milliseconds in repetition 410
tcp_ping received 24576 bytes back
Round trip time was 0.144033 milliseconds in repetition 411
tcp_ping received 24576 bytes back
Round trip time was 0.143752 milliseconds in repetition 412
tcp_ping received 24576 bytes back
Round trip time was 0.143401 milliseconds in repetition 413
tcp_ping received 24576 bytes back
Round trip time was 0.143881 milliseconds in repetition 414
tcp_ping received 24576 bytes back
Round trip time was 0.144037 milliseconds in repetition 415
tcp_ping received 24576 bytes back
Round trip time was 0.143344 milliseconds in repetition 416
tcp_ping received 24576 bytes back
Round trip time was 0.143545 milliseconds in repetition 417
tcp_ping received 24576 bytes back
Round trip time was 0.14397 milliseconds in repetition 418
tcp_ping received 24576 bytes back
Round trip time was 0.143992 milliseconds in repetition 419
tcp_ping received 24576 bytes back
Round trip time was 0.143847 milliseconds in repetition 420
tcp_ping received 24576 bytes back
Round trip time was 0.147128 milliseconds in repetition 421
tcp_ping received 24576 bytes back
Round trip time was 0.14474 milliseconds in repetition 422
tcp_ping received 24576 bytes back
Round trip time was 0.142946 milliseconds in repetition 423
tcp_ping received 24576 bytes back
Round trip time was 0.143757 milliseconds in repetition 424
tcp_ping received 24576 bytes back
Round trip time was 0.143052 milliseconds in repetition 425
tcp_ping received 24576 bytes back
Round trip time was 0.143252 milliseconds in repetition 426
tcp_ping received 24576 bytes back
Round trip time was 0.143915 milliseconds in repetition 427
tcp_ping received 24576 bytes back
Round trip time was 0.14348 milliseconds in repetition 428
tcp_ping received 24576 bytes back
Round trip time was 0.143653 milliseconds in repetition 429
tcp_ping received 24576 bytes back
Round trip time was 0.144045 milliseconds in repetition 430
tcp_ping received 24576 bytes back
Round trip time was 0.143746 milliseconds in repetition 431
tcp_ping received 24576 bytes back
Round trip time was 0.145042 milliseconds in repetition 432
tcp_ping received 24576 bytes back
Round trip time was 0.144063 milliseconds in repetition 433
tcp_ping received 24576 bytes back
Round trip time was 0.143879 milliseconds in repetition 434
tcp_ping received 24576 bytes back
Round trip time was 0.143913 milliseconds in repetition 435
tcp_ping received 24576 bytes back
Round trip time was 0.14344 milliseconds in repetition 436
tcp_ping received 24576 bytes back
Round trip time was 0.143583 milliseconds in repetition 437
tcp_ping received 24576 bytes back
Round trip time was 0.143947 milliseconds in repetition 438
tcp_ping received 24576 bytes back
Round trip time was 0.143315 milliseconds in repetition 439
tcp_ping received 24576 bytes back
Round trip time was 0.143508 milliseconds in repetition 440
tcp_ping received 24576 bytes back
Round trip time was 0.14366 milliseconds in repetition 441
tcp_ping received 24576 bytes back
Round trip time was 0.143704 milliseconds in repetition 442
tcp_ping received 24576 bytes back
Round trip time was 0.143256 milliseconds in repetition 443
tcp_ping received 24576 bytes back
Round trip time was 0.143705 milliseconds in repetition 444
tcp_ping received 24576 bytes back
Round trip time was 0.143572 milliseconds in repetition 445
tcp_ping received 24576 bytes back
Round trip time was 0.143456 milliseconds in repetition 446
tcp_ping received 24576 bytes back
Round trip time was 0.142885 milliseconds in repetition 447
tcp_ping received 24576 bytes back
Round trip time was 0.147277 milliseconds in repetition 448
tcp_ping received 24576 bytes back
Round trip time was 0.144558 milliseconds in repetition 449
tcp_ping received 24576 bytes back
Round trip time was 0.143797 milliseconds in repetition 450
tcp_ping received 24576 bytes back
Round trip time was 0.143006 milliseconds in repetition 451
tcp_ping received 24576 bytes back
Round trip time was 0.143354 milliseconds in repetition 452
tcp_ping received 24576 bytes back
Round trip time was 0.143915 milliseconds in repetition 453
tcp_ping received 24576 bytes back
Round trip time was 0.143823 milliseconds in repetition 454
tcp_ping received 24576 bytes back
Round trip time was 0.142993 milliseconds in repetition 455
tcp_ping received 24576 bytes back
Round trip time was 0.143308 milliseconds in repetition 456
tcp_ping received 24576 bytes back
Round trip time was 0.143631 milliseconds in repetition 457
tcp_ping received 24576 bytes back
Round trip time was 0.143739 milliseconds in repetition 458
tcp_ping received 24576 bytes back
Round trip time was 0.143688 milliseconds in repetition 459
tcp_ping received 24576 bytes back
Round trip time was 0.143914 milliseconds in repetition 460
tcp_ping received 24576 bytes back
Round trip time was 0.143358 milliseconds in repetition 461
tcp_ping received 24576 bytes back
Round trip time was 0.143436 milliseconds in repetition 462
tcp_ping received 24576 bytes back
Round trip time was 0.142775 milliseconds in repetition 463
tcp_ping received 24576 bytes back
Round trip time was 0.142792 milliseconds in repetition 464
tcp_ping received 24576 bytes back
Round trip time was 0.143168 milliseconds in repetition 465
tcp_ping received 24576 bytes back
Round trip time was 0.143358 milliseconds in repetition 466
tcp_ping received 24576 bytes back
Round trip time was 0.143481 milliseconds in repetition 467
tcp_ping received 24576 bytes back
Round trip time was 0.143583 milliseconds in repetition 468
tcp_ping received 24576 bytes back
Round trip time was 0.143504 milliseconds in repetition 469
tcp_ping received 24576 bytes back
Round trip time was 0.1438 milliseconds in repetition 470
tcp_ping received 24576 bytes back
Round trip time was 0.142756 milliseconds in repetition 471
tcp_ping received 24576 bytes back
Round trip time was 0.143342 milliseconds in repetition 472
tcp_ping received 24576 bytes back
Round trip time was 0.143217 milliseconds in repetition 473
tcp_ping received 24576 bytes back
Round trip time was 0.143603 milliseconds in repetition 474
tcp_ping received 24576 bytes back
Round trip time was 0.145165 milliseconds in repetition 475
tcp_ping received 24576 bytes back
Round trip time was 0.161148 milliseconds in repetition 476
tcp_ping received 24576 bytes back
Round trip time was 0.145806 milliseconds in repetition 477
tcp_ping received 24576 bytes back
Round trip time was 0.144253 milliseconds in repetition 478
tcp_ping received 24576 bytes back
Round trip time was 0.143447 milliseconds in repetition 479
tcp_ping received 24576 bytes back
Round trip time was 0.143543 milliseconds in repetition 480
tcp_ping received 24576 bytes back
Round trip time was 0.143315 milliseconds in repetition 481
tcp_ping received 24576 bytes back
Round trip time was 0.143359 milliseconds in repetition 482
tcp_ping received 24576 bytes back
Round trip time was 0.14384 milliseconds in repetition 483
tcp_ping received 24576 bytes back
Round trip time was 0.143844 milliseconds in repetition 484
tcp_ping received 24576 bytes back
Round trip time was 0.144036 milliseconds in repetition 485
tcp_ping received 24576 bytes back
Round trip time was 0.143762 milliseconds in repetition 486
tcp_ping received 24576 bytes back
Round trip time was 0.143167 milliseconds in repetition 487
tcp_ping received 24576 bytes back
Round trip time was 0.143813 milliseconds in repetition 488
tcp_ping received 24576 bytes back
Round trip time was 0.143266 milliseconds in repetition 489
tcp_ping received 24576 bytes back
Round trip time was 0.143856 milliseconds in repetition 490
tcp_ping received 24576 bytes back
Round trip time was 0.143582 milliseconds in repetition 491
tcp_ping received 24576 bytes back
Round trip time was 0.143633 milliseconds in repetition 492
tcp_ping received 24576 bytes back
Round trip time was 0.143392 milliseconds in repetition 493
tcp_ping received 24576 bytes back
Round trip time was 0.143949 milliseconds in repetition 494
tcp_ping received 24576 bytes back
Round trip time was 0.143884 milliseconds in repetition 495
tcp_ping received 24576 bytes back
Round trip time was 0.142928 milliseconds in repetition 496
tcp_ping received 24576 bytes back
Round trip time was 0.143744 milliseconds in repetition 497
tcp_ping received 24576 bytes back
Round trip time was 0.143484 milliseconds in repetition 498
tcp_ping received 24576 bytes back
Round trip time was 0.143442 milliseconds in repetition 499
tcp_ping received 24576 bytes back
Round trip time was 0.148529 milliseconds in repetition 500

 ... clock resolution was 1e-06
TCP Ping:  Statistics over 500 repetitions of 24576 byte messages

RTT : percentile 10: 0.143261, median: 0.143876, percentile 90: 0.146817, average: 0.146573, variance: 0.000185118

RTT histogram:
0.142596 454
0.152044 27
0.161493 4
0.170941 1
0.18039 2
0.189839 2
0.199287 1
0.208736 1
0.218184 6
0.227633 1
0.237082 0
0.24653 0
0.255979 0
0.265427 0
0.274876 0
0.284324 0
0.293773 0
0.303222 0
0.31267 0
0.322119 0
0.331567 1

   median Throughput : 341628 KB/s   overall Throughput : 335343 KB/s

