TCP Ping trying to connect to server localhost (127.0.0.1) on port 1491
 ... connected to Pong server: asking for 500 repetitions of 131072 bytes TCP messages
 ... Pong server agreed :-)
tcp_ping received 131072 bytes back
Round trip time was 0.782552 milliseconds in repetition 1
tcp_ping received 131072 bytes back
Round trip time was 0.719025 milliseconds in repetition 2
tcp_ping received 131072 bytes back
Round trip time was 0.759611 milliseconds in repetition 3
tcp_ping received 131072 bytes back
Round trip time was 0.764307 milliseconds in repetition 4
tcp_ping received 131072 bytes back
Round trip time was 0.762387 milliseconds in repetition 5
tcp_ping received 131072 bytes back
Round trip time was 0.765767 milliseconds in repetition 6
tcp_ping received 131072 bytes back
Round trip time was 0.741515 milliseconds in repetition 7
tcp_ping received 131072 bytes back
Round trip time was 0.747747 milliseconds in repetition 8
tcp_ping received 131072 bytes back
Round trip time was 0.741933 milliseconds in repetition 9
tcp_ping received 131072 bytes back
Round trip time was 0.719439 milliseconds in repetition 10
tcp_ping received 131072 bytes back
Round trip time was 0.714288 milliseconds in repetition 11
tcp_ping received 131072 bytes back
Round trip time was 0.751143 milliseconds in repetition 12
tcp_ping received 131072 bytes back
Round trip time was 0.745242 milliseconds in repetition 13
tcp_ping received 131072 bytes back
Round trip time was 0.745035 milliseconds in repetition 14
tcp_ping received 131072 bytes back
Round trip time was 0.714473 milliseconds in repetition 15
tcp_ping received 131072 bytes back
Round trip time was 0.713392 milliseconds in repetition 16
tcp_ping received 131072 bytes back
Round trip time was 0.761308 milliseconds in repetition 17
tcp_ping received 131072 bytes back
Round trip time was 0.752895 milliseconds in repetition 18
tcp_ping received 131072 bytes back
Round trip time was 0.745163 milliseconds in repetition 19
tcp_ping received 131072 bytes back
Round trip time was 0.74058 milliseconds in repetition 20
tcp_ping received 131072 bytes back
Round trip time was 0.759144 milliseconds in repetition 21
tcp_ping received 131072 bytes back
Round trip time was 0.71451 milliseconds in repetition 22
tcp_ping received 131072 bytes back
Round trip time was 0.756507 milliseconds in repetition 23
tcp_ping received 131072 bytes back
Round trip time was 0.744511 milliseconds in repetition 24
tcp_ping received 131072 bytes back
Round trip time was 0.742079 milliseconds in repetition 25
tcp_ping received 131072 bytes back
Round trip time was 0.757448 milliseconds in repetition 26
tcp_ping received 131072 bytes back
Round trip time was 0.713282 milliseconds in repetition 27
tcp_ping received 131072 bytes back
Round trip time was 0.751362 milliseconds in repetition 28
tcp_ping received 131072 bytes back
Round trip time was 0.744374 milliseconds in repetition 29
tcp_ping received 131072 bytes back
Round trip time was 0.741442 milliseconds in repetition 30
tcp_ping received 131072 bytes back
Round trip time was 0.784388 milliseconds in repetition 31
tcp_ping received 131072 bytes back
Round trip time was 0.744478 milliseconds in repetition 32
tcp_ping received 131072 bytes back
Round trip time was 0.744398 milliseconds in repetition 33
tcp_ping received 131072 bytes back
Round trip time was 0.752853 milliseconds in repetition 34
tcp_ping received 131072 bytes back
Round trip time was 0.744395 milliseconds in repetition 35
tcp_ping received 131072 bytes back
Round trip time was 0.748762 milliseconds in repetition 36
tcp_ping received 131072 bytes back
Round trip time was 0.741857 milliseconds in repetition 37
tcp_ping received 131072 bytes back
Round trip time was 0.744994 milliseconds in repetition 38
tcp_ping received 131072 bytes back
Round trip time was 0.749649 milliseconds in repetition 39
tcp_ping received 131072 bytes back
Round trip time was 0.745548 milliseconds in repetition 40
tcp_ping received 131072 bytes back
Round trip time was 0.747893 milliseconds in repetition 41
tcp_ping received 131072 bytes back
Round trip time was 0.744341 milliseconds in repetition 42
tcp_ping received 131072 bytes back
Round trip time was 0.743286 milliseconds in repetition 43
tcp_ping received 131072 bytes back
Round trip time was 0.751516 milliseconds in repetition 44
tcp_ping received 131072 bytes back
Round trip time was 0.745854 milliseconds in repetition 45
tcp_ping received 131072 bytes back
Round trip time was 0.743185 milliseconds in repetition 46
tcp_ping received 131072 bytes back
Round trip time was 0.746488 milliseconds in repetition 47
tcp_ping received 131072 bytes back
Round trip time was 0.747185 milliseconds in repetition 48
tcp_ping received 131072 bytes back
Round trip time was 0.742828 milliseconds in repetition 49
tcp_ping received 131072 bytes back
Round trip time was 0.753491 milliseconds in repetition 50
tcp_ping received 131072 bytes back
Round trip time was 0.748562 milliseconds in repetition 51
tcp_ping received 131072 bytes back
Round trip time was 0.794589 milliseconds in repetition 52
tcp_ping received 131072 bytes back
Round trip time was 0.837197 milliseconds in repetition 53
tcp_ping received 131072 bytes back
Round trip time was 0.837812 milliseconds in repetition 54
tcp_ping received 131072 bytes back
Round trip time was 0.906242 milliseconds in repetition 55
tcp_ping received 131072 bytes back
Round trip time was 0.884853 milliseconds in repetition 56
tcp_ping received 131072 bytes back
Round trip time was 0.876933 milliseconds in repetition 57
tcp_ping received 131072 bytes back
Round trip time was 0.84227 milliseconds in repetition 58
tcp_ping received 131072 bytes back
Round trip time was 0.847136 milliseconds in repetition 59
tcp_ping received 131072 bytes back
Round trip time was 0.839617 milliseconds in repetition 60
tcp_ping received 131072 bytes back
Round trip time was 0.839661 milliseconds in repetition 61
tcp_ping received 131072 bytes back
Round trip time was 0.838766 milliseconds in repetition 62
tcp_ping received 131072 bytes back
Round trip time was 0.979236 milliseconds in repetition 63
tcp_ping received 131072 bytes back
Round trip time was 0.967435 milliseconds in repetition 64
tcp_ping received 131072 bytes back
Round trip time was 0.963008 milliseconds in repetition 65
tcp_ping received 131072 bytes back
Round trip time was 0.960091 milliseconds in repetition 66
tcp_ping received 131072 bytes back
Round trip time was 0.933631 milliseconds in repetition 67
tcp_ping received 131072 bytes back
Round trip time was 0.963419 milliseconds in repetition 68
tcp_ping received 131072 bytes back
Round trip time was 0.968367 milliseconds in repetition 69
tcp_ping received 131072 bytes back
Round trip time was 0.964564 milliseconds in repetition 70
tcp_ping received 131072 bytes back
Round trip time was 0.96215 milliseconds in repetition 71
tcp_ping received 131072 bytes back
Round trip time was 0.966695 milliseconds in repetition 72
tcp_ping received 131072 bytes back
Round trip time was 0.96229 milliseconds in repetition 73
tcp_ping received 131072 bytes back
Round trip time was 0.965093 milliseconds in repetition 74
tcp_ping received 131072 bytes back
Round trip time was 0.963292 milliseconds in repetition 75
tcp_ping received 131072 bytes back
Round trip time was 0.967136 milliseconds in repetition 76
tcp_ping received 131072 bytes back
Round trip time was 0.962984 milliseconds in repetition 77
tcp_ping received 131072 bytes back
Round trip time was 0.961599 milliseconds in repetition 78
tcp_ping received 131072 bytes back
Round trip time was 0.960938 milliseconds in repetition 79
tcp_ping received 131072 bytes back
Round trip time was 0.968048 milliseconds in repetition 80
tcp_ping received 131072 bytes back
Round trip time was 0.961637 milliseconds in repetition 81
tcp_ping received 131072 bytes back
Round trip time was 0.960115 milliseconds in repetition 82
tcp_ping received 131072 bytes back
Round trip time was 0.960275 milliseconds in repetition 83
tcp_ping received 131072 bytes back
Round trip time was 0.964803 milliseconds in repetition 84
tcp_ping received 131072 bytes back
Round trip time was 0.96154 milliseconds in repetition 85
tcp_ping received 131072 bytes back
Round trip time was 0.963294 milliseconds in repetition 86
tcp_ping received 131072 bytes back
Round trip time was 0.960287 milliseconds in repetition 87
tcp_ping received 131072 bytes back
Round trip time was 0.969077 milliseconds in repetition 88
tcp_ping received 131072 bytes back
Round trip time was 0.963522 milliseconds in repetition 89
tcp_ping received 131072 bytes back
Round trip time was 0.960595 milliseconds in repetition 90
tcp_ping received 131072 bytes back
Round trip time was 0.961651 milliseconds in repetition 91
tcp_ping received 131072 bytes back
Round trip time was 0.974338 milliseconds in repetition 92
tcp_ping received 131072 bytes back
Round trip time was 0.961408 milliseconds in repetition 93
tcp_ping received 131072 bytes back
Round trip time was 0.961947 milliseconds in repetition 94
tcp_ping received 131072 bytes back
Round trip time was 0.960966 milliseconds in repetition 95
tcp_ping received 131072 bytes back
Round trip time was 0.969302 milliseconds in repetition 96
tcp_ping received 131072 bytes back
Round trip time was 0.963868 milliseconds in repetition 97
tcp_ping received 131072 bytes back
Round trip time was 0.961846 milliseconds in repetition 98
tcp_ping received 131072 bytes back
Round trip time was 0.961256 milliseconds in repetition 99
tcp_ping received 131072 bytes back
Round trip time was 0.95953 milliseconds in repetition 100
tcp_ping received 131072 bytes back
Round trip time was 0.965415 milliseconds in repetition 101
tcp_ping received 131072 bytes back
Round trip time was 0.960336 milliseconds in repetition 102
tcp_ping received 131072 bytes back
Round trip time was 0.962426 milliseconds in repetition 103
tcp_ping received 131072 bytes back
Round trip time was 0.961897 milliseconds in repetition 104
tcp_ping received 131072 bytes back
Round trip time was 0.967063 milliseconds in repetition 105
tcp_ping received 131072 bytes back
Round trip time was 0.963168 milliseconds in repetition 106
tcp_ping received 131072 bytes back
Round trip time was 0.959407 milliseconds in repetition 107
tcp_ping received 131072 bytes back
Round trip time was 0.959773 milliseconds in repetition 108
tcp_ping received 131072 bytes back
Round trip time was 0.965384 milliseconds in repetition 109
tcp_ping received 131072 bytes back
Round trip time was 0.966884 milliseconds in repetition 110
tcp_ping received 131072 bytes back
Round trip time was 0.962879 milliseconds in repetition 111
tcp_ping received 131072 bytes back
Round trip time was 0.959921 milliseconds in repetition 112
tcp_ping received 131072 bytes back
Round trip time was 0.9674 milliseconds in repetition 113
tcp_ping received 131072 bytes back
Round trip time was 0.960436 milliseconds in repetition 114
tcp_ping received 131072 bytes back
Round trip time was 0.967911 milliseconds in repetition 115
tcp_ping received 131072 bytes back
Round trip time was 0.965756 milliseconds in repetition 116
tcp_ping received 131072 bytes back
Round trip time was 0.970245 milliseconds in repetition 117
tcp_ping received 131072 bytes back
Round trip time was 0.959319 milliseconds in repetition 118
tcp_ping received 131072 bytes back
Round trip time was 0.961844 milliseconds in repetition 119
tcp_ping received 131072 bytes back
Round trip time was 0.961575 milliseconds in repetition 120
tcp_ping received 131072 bytes back
Round trip time was 0.965396 milliseconds in repetition 121
tcp_ping received 131072 bytes back
Round trip time was 0.964604 milliseconds in repetition 122
tcp_ping received 131072 bytes back
Round trip time was 0.96089 milliseconds in repetition 123
tcp_ping received 131072 bytes back
Round trip time was 0.959199 milliseconds in repetition 124
tcp_ping received 131072 bytes back
Round trip time was 0.966288 milliseconds in repetition 125
tcp_ping received 131072 bytes back
Round trip time was 0.964676 milliseconds in repetition 126
tcp_ping received 131072 bytes back
Round trip time was 0.962729 milliseconds in repetition 127
tcp_ping received 131072 bytes back
Round trip time was 0.960618 milliseconds in repetition 128
tcp_ping received 131072 bytes back
Round trip time was 0.964344 milliseconds in repetition 129
tcp_ping received 131072 bytes back
Round trip time was 0.96055 milliseconds in repetition 130
tcp_ping received 131072 bytes back
Round trip time was 0.962738 milliseconds in repetition 131
tcp_ping received 131072 bytes back
Round trip time was 0.963567 milliseconds in repetition 132
tcp_ping received 131072 bytes back
Round trip time was 0.975325 milliseconds in repetition 133
tcp_ping received 131072 bytes back
Round trip time was 0.964209 milliseconds in repetition 134
tcp_ping received 131072 bytes back
Round trip time was 0.96764 milliseconds in repetition 135
tcp_ping received 131072 bytes back
Round trip time was 0.965563 milliseconds in repetition 136
tcp_ping received 131072 bytes back
Round trip time was 0.965516 milliseconds in repetition 137
tcp_ping received 131072 bytes back
Round trip time was 0.96738 milliseconds in repetition 138
tcp_ping received 131072 bytes back
Round trip time was 0.965971 milliseconds in repetition 139
tcp_ping received 131072 bytes back
Round trip time was 0.964434 milliseconds in repetition 140
tcp_ping received 131072 bytes back
Round trip time was 0.960377 milliseconds in repetition 141
tcp_ping received 131072 bytes back
Round trip time was 0.965835 milliseconds in repetition 142
tcp_ping received 131072 bytes back
Round trip time was 0.962735 milliseconds in repetition 143
tcp_ping received 131072 bytes back
Round trip time was 0.962241 milliseconds in repetition 144
tcp_ping received 131072 bytes back
Round trip time was 0.962098 milliseconds in repetition 145
tcp_ping received 131072 bytes back
Round trip time was 0.966004 milliseconds in repetition 146
tcp_ping received 131072 bytes back
Round trip time was 0.962786 milliseconds in repetition 147
tcp_ping received 131072 bytes back
Round trip time was 0.959113 milliseconds in repetition 148
tcp_ping received 131072 bytes back
Round trip time was 0.962754 milliseconds in repetition 149
tcp_ping received 131072 bytes back
Round trip time was 0.973222 milliseconds in repetition 150
tcp_ping received 131072 bytes back
Round trip time was 0.962658 milliseconds in repetition 151
tcp_ping received 131072 bytes back
Round trip time was 0.96088 milliseconds in repetition 152
tcp_ping received 131072 bytes back
Round trip time was 0.960513 milliseconds in repetition 153
tcp_ping received 131072 bytes back
Round trip time was 0.968044 milliseconds in repetition 154
tcp_ping received 131072 bytes back
Round trip time was 0.96492 milliseconds in repetition 155
tcp_ping received 131072 bytes back
Round trip time was 0.962819 milliseconds in repetition 156
tcp_ping received 131072 bytes back
Round trip time was 0.960762 milliseconds in repetition 157
tcp_ping received 131072 bytes back
Round trip time was 0.966835 milliseconds in repetition 158
tcp_ping received 131072 bytes back
Round trip time was 0.963705 milliseconds in repetition 159
tcp_ping received 131072 bytes back
Round trip time was 1.28973 milliseconds in repetition 160
tcp_ping received 131072 bytes back
Round trip time was 0.968503 milliseconds in repetition 161
tcp_ping received 131072 bytes back
Round trip time was 0.972814 milliseconds in repetition 162
tcp_ping received 131072 bytes back
Round trip time was 0.962635 milliseconds in repetition 163
tcp_ping received 131072 bytes back
Round trip time was 0.964195 milliseconds in repetition 164
tcp_ping received 131072 bytes back
Round trip time was 0.965097 milliseconds in repetition 165
tcp_ping received 131072 bytes back
Round trip time was 0.969515 milliseconds in repetition 166
tcp_ping received 131072 bytes back
Round trip time was 0.967725 milliseconds in repetition 167
tcp_ping received 131072 bytes back
Round trip time was 0.96345 milliseconds in repetition 168
tcp_ping received 131072 bytes back
Round trip time was 0.962418 milliseconds in repetition 169
tcp_ping received 131072 bytes back
Round trip time was 0.972223 milliseconds in repetition 170
tcp_ping received 131072 bytes back
Round trip time was 0.963861 milliseconds in repetition 171
tcp_ping received 131072 bytes back
Round trip time was 0.964225 milliseconds in repetition 172
tcp_ping received 131072 bytes back
Round trip time was 0.962253 milliseconds in repetition 173
tcp_ping received 131072 bytes back
Round trip time was 0.969998 milliseconds in repetition 174
tcp_ping received 131072 bytes back
Round trip time was 0.964919 milliseconds in repetition 175
tcp_ping received 131072 bytes back
Round trip time was 0.96276 milliseconds in repetition 176
tcp_ping received 131072 bytes back
Round trip time was 0.962582 milliseconds in repetition 177
tcp_ping received 131072 bytes back
Round trip time was 0.968128 milliseconds in repetition 178
tcp_ping received 131072 bytes back
Round trip time was 0.967897 milliseconds in repetition 179
tcp_ping received 131072 bytes back
Round trip time was 0.963284 milliseconds in repetition 180
tcp_ping received 131072 bytes back
Round trip time was 0.965369 milliseconds in repetition 181
tcp_ping received 131072 bytes back
Round trip time was 0.943911 milliseconds in repetition 182
tcp_ping received 131072 bytes back
Round trip time was 0.966508 milliseconds in repetition 183
tcp_ping received 131072 bytes back
Round trip time was 0.963337 milliseconds in repetition 184
tcp_ping received 131072 bytes back
Round trip time was 0.963737 milliseconds in repetition 185
tcp_ping received 131072 bytes back
Round trip time was 0.962008 milliseconds in repetition 186
tcp_ping received 131072 bytes back
Round trip time was 0.979549 milliseconds in repetition 187
tcp_ping received 131072 bytes back
Round trip time was 0.964597 milliseconds in repetition 188
tcp_ping received 131072 bytes back
Round trip time was 0.962472 milliseconds in repetition 189
tcp_ping received 131072 bytes back
Round trip time was 0.962778 milliseconds in repetition 190
tcp_ping received 131072 bytes back
Round trip time was 0.972544 milliseconds in repetition 191
tcp_ping received 131072 bytes back
Round trip time was 0.965979 milliseconds in repetition 192
tcp_ping received 131072 bytes back
Round trip time was 0.969641 milliseconds in repetition 193
tcp_ping received 131072 bytes back
Round trip time was 0.963143 milliseconds in repetition 194
tcp_ping received 131072 bytes back
Round trip time was 0.971232 milliseconds in repetition 195
tcp_ping received 131072 bytes back
Round trip time was 0.963118 milliseconds in repetition 196
tcp_ping received 131072 bytes back
Round trip time was 0.962911 milliseconds in repetition 197
tcp_ping received 131072 bytes back
Round trip time was 0.96548 milliseconds in repetition 198
tcp_ping received 131072 bytes back
Round trip time was 0.967732 milliseconds in repetition 199
tcp_ping received 131072 bytes back
Round trip time was 0.963247 milliseconds in repetition 200
tcp_ping received 131072 bytes back
Round trip time was 0.88538 milliseconds in repetition 201
tcp_ping received 131072 bytes back
Round trip time was 0.8047 milliseconds in repetition 202
tcp_ping received 131072 bytes back
Round trip time was 0.809157 milliseconds in repetition 203
tcp_ping received 131072 bytes back
Round trip time was 0.80385 milliseconds in repetition 204
tcp_ping received 131072 bytes back
Round trip time was 0.804184 milliseconds in repetition 205
tcp_ping received 131072 bytes back
Round trip time was 0.804929 milliseconds in repetition 206
tcp_ping received 131072 bytes back
Round trip time was 0.805433 milliseconds in repetition 207
tcp_ping received 131072 bytes back
Round trip time was 0.807522 milliseconds in repetition 208
tcp_ping received 131072 bytes back
Round trip time was 0.805608 milliseconds in repetition 209
tcp_ping received 131072 bytes back
Round trip time was 0.80391 milliseconds in repetition 210
tcp_ping received 131072 bytes back
Round trip time was 0.804329 milliseconds in repetition 211
tcp_ping received 131072 bytes back
Round trip time was 0.785049 milliseconds in repetition 212
tcp_ping received 131072 bytes back
Round trip time was 0.748998 milliseconds in repetition 213
tcp_ping received 131072 bytes back
Round trip time was 0.745714 milliseconds in repetition 214
tcp_ping received 131072 bytes back
Round trip time was 0.744665 milliseconds in repetition 215
tcp_ping received 131072 bytes back
Round trip time was 0.746706 milliseconds in repetition 216
tcp_ping received 131072 bytes back
Round trip time was 0.744714 milliseconds in repetition 217
tcp_ping received 131072 bytes back
Round trip time was 0.743564 milliseconds in repetition 218
tcp_ping received 131072 bytes back
Round trip time was 0.720344 milliseconds in repetition 219
tcp_ping received 131072 bytes back
Round trip time was 0.784317 milliseconds in repetition 220
tcp_ping received 131072 bytes back
Round trip time was 0.783151 milliseconds in repetition 221
tcp_ping received 131072 bytes back
Round trip time was 0.786294 milliseconds in repetition 222
tcp_ping received 131072 bytes back
Round trip time was 0.746218 milliseconds in repetition 223
tcp_ping received 131072 bytes back
Round trip time was 0.750896 milliseconds in repetition 224
tcp_ping received 131072 bytes back
Round trip time was 0.747834 milliseconds in repetition 225
tcp_ping received 131072 bytes back
Round trip time was 0.74543 milliseconds in repetition 226
tcp_ping received 131072 bytes back
Round trip time was 0.748958 milliseconds in repetition 227
tcp_ping received 131072 bytes back
Round trip time was 0.745154 milliseconds in repetition 228
tcp_ping received 131072 bytes back
Round trip time was 0.748707 milliseconds in repetition 229
tcp_ping received 131072 bytes back
Round trip time was 0.744986 milliseconds in repetition 230
tcp_ping received 131072 bytes back
Round trip time was 0.744117 milliseconds in repetition 231
tcp_ping received 131072 bytes back
Round trip time was 0.744822 milliseconds in repetition 232
tcp_ping received 131072 bytes back
Round trip time was 0.744847 milliseconds in repetition 233
tcp_ping received 131072 bytes back
Round trip time was 0.749318 milliseconds in repetition 234
tcp_ping received 131072 bytes back
Round trip time was 0.745171 milliseconds in repetition 235
tcp_ping received 131072 bytes back
Round trip time was 0.744087 milliseconds in repetition 236
tcp_ping received 131072 bytes back
Round trip time was 0.742907 milliseconds in repetition 237
tcp_ping received 131072 bytes back
Round trip time was 0.743495 milliseconds in repetition 238
tcp_ping received 131072 bytes back
Round trip time was 0.743367 milliseconds in repetition 239
tcp_ping received 131072 bytes back
Round trip time was 0.753273 milliseconds in repetition 240
tcp_ping received 131072 bytes back
Round trip time was 0.74477 milliseconds in repetition 241
tcp_ping received 131072 bytes back
Round trip time was 0.748304 milliseconds in repetition 242
tcp_ping received 131072 bytes back
Round trip time was 0.743782 milliseconds in repetition 243
tcp_ping received 131072 bytes back
Round trip time was 0.742655 milliseconds in repetition 244
tcp_ping received 131072 bytes back
Round trip time was 0.752157 milliseconds in repetition 245
tcp_ping received 131072 bytes back
Round trip time was 0.745172 milliseconds in repetition 246
tcp_ping received 131072 bytes back
Round trip time was 0.744705 milliseconds in repetition 247
tcp_ping received 131072 bytes back
Round trip time was 0.744646 milliseconds in repetition 248
tcp_ping received 131072 bytes back
Round trip time was 0.744278 milliseconds in repetition 249
tcp_ping received 131072 bytes back
Round trip time was 0.748334 milliseconds in repetition 250
tcp_ping received 131072 bytes back
Round trip time was 0.747361 milliseconds in repetition 251
tcp_ping received 131072 bytes back
Round trip time was 0.744682 milliseconds in repetition 252
tcp_ping received 131072 bytes back
Round trip time was 0.744773 milliseconds in repetition 253
tcp_ping received 131072 bytes back
Round trip time was 0.745865 milliseconds in repetition 254
tcp_ping received 131072 bytes back
Round trip time was 0.745259 milliseconds in repetition 255
tcp_ping received 131072 bytes back
Round trip time was 0.747829 milliseconds in repetition 256
tcp_ping received 131072 bytes back
Round trip time was 0.746711 milliseconds in repetition 257
tcp_ping received 131072 bytes back
Round trip time was 0.744408 milliseconds in repetition 258
tcp_ping received 131072 bytes back
Round trip time was 0.744089 milliseconds in repetition 259
tcp_ping received 131072 bytes back
Round trip time was 0.74413 milliseconds in repetition 260
tcp_ping received 131072 bytes back
Round trip time was 0.748448 milliseconds in repetition 261
tcp_ping received 131072 bytes back
Round trip time was 0.745069 milliseconds in repetition 262
tcp_ping received 131072 bytes back
Round trip time was 0.746516 milliseconds in repetition 263
tcp_ping received 131072 bytes back
Round trip time was 0.743669 milliseconds in repetition 264
tcp_ping received 131072 bytes back
Round trip time was 0.743572 milliseconds in repetition 265
tcp_ping received 131072 bytes back
Round trip time was 0.747405 milliseconds in repetition 266
tcp_ping received 131072 bytes back
Round trip time was 0.744875 milliseconds in repetition 267
tcp_ping received 131072 bytes back
Round trip time was 0.746987 milliseconds in repetition 268
tcp_ping received 131072 bytes back
Round trip time was 0.745647 milliseconds in repetition 269
tcp_ping received 131072 bytes back
Round trip time was 0.749025 milliseconds in repetition 270
tcp_ping received 131072 bytes back
Round trip time was 0.745988 milliseconds in repetition 271
tcp_ping received 131072 bytes back
Round trip time was 0.744785 milliseconds in repetition 272
tcp_ping received 131072 bytes back
Round trip time was 0.744912 milliseconds in repetition 273
tcp_ping received 131072 bytes back
Round trip time was 0.743964 milliseconds in repetition 274
tcp_ping received 131072 bytes back
Round trip time was 0.744072 milliseconds in repetition 275
tcp_ping received 131072 bytes back
Round trip time was 0.742805 milliseconds in repetition 276
tcp_ping received 131072 bytes back
Round trip time was 0.747918 milliseconds in repetition 277
tcp_ping received 131072 bytes back
Round trip time was 0.745325 milliseconds in repetition 278
tcp_ping received 131072 bytes back
Round trip time was 0.74501 milliseconds in repetition 279
tcp_ping received 131072 bytes back
Round trip time was 0.74454 milliseconds in repetition 280
tcp_ping received 131072 bytes back
Round trip time was 0.743318 milliseconds in repetition 281
tcp_ping received 131072 bytes back
Round trip time was 0.748765 milliseconds in repetition 282
tcp_ping received 131072 bytes back
Round trip time was 0.744849 milliseconds in repetition 283
tcp_ping received 131072 bytes back
Round trip time was 0.744303 milliseconds in repetition 284
tcp_ping received 131072 bytes back
Round trip time was 0.7496 milliseconds in repetition 285
tcp_ping received 131072 bytes back
Round trip time was 0.742879 milliseconds in repetition 286
tcp_ping received 131072 bytes back
Round trip time was 0.751072 milliseconds in repetition 287
tcp_ping received 131072 bytes back
Round trip time was 0.746035 milliseconds in repetition 288
tcp_ping received 131072 bytes back
Round trip time was 0.74223 milliseconds in repetition 289
tcp_ping received 131072 bytes back
Round trip time was 0.744392 milliseconds in repetition 290
tcp_ping received 131072 bytes back
Round trip time was 0.746705 milliseconds in repetition 291
tcp_ping received 131072 bytes back
Round trip time was 0.744973 milliseconds in repetition 292
tcp_ping received 131072 bytes back
Round trip time was 0.753973 milliseconds in repetition 293
tcp_ping received 131072 bytes back
Round trip time was 0.727153 milliseconds in repetition 294
tcp_ping received 131072 bytes back
Round trip time was 0.747802 milliseconds in repetition 295
tcp_ping received 131072 bytes back
Round trip time was 0.745599 milliseconds in repetition 296
tcp_ping received 131072 bytes back
Round trip time was 0.743889 milliseconds in repetition 297
tcp_ping received 131072 bytes back
Round trip time was 0.751617 milliseconds in repetition 298
tcp_ping received 131072 bytes back
Round trip time was 0.745496 milliseconds in repetition 299
tcp_ping received 131072 bytes back
Round trip time was 0.751256 milliseconds in repetition 300
tcp_ping received 131072 bytes back
Round trip time was 0.744777 milliseconds in repetition 301
tcp_ping received 131072 bytes back
Round trip time was 0.743652 milliseconds in repetition 302
tcp_ping received 131072 bytes back
Round trip time was 0.749049 milliseconds in repetition 303
tcp_ping received 131072 bytes back
Round trip time was 0.743805 milliseconds in repetition 304
tcp_ping received 131072 bytes back
Round trip time was 0.744892 milliseconds in repetition 305
tcp_ping received 131072 bytes back
Round trip time was 0.745705 milliseconds in repetition 306
tcp_ping received 131072 bytes back
Round trip time was 0.743715 milliseconds in repetition 307
tcp_ping received 131072 bytes back
Round trip time was 0.744231 milliseconds in repetition 308
tcp_ping received 131072 bytes back
Round trip time was 0.751564 milliseconds in repetition 309
tcp_ping received 131072 bytes back
Round trip time was 0.746024 milliseconds in repetition 310
tcp_ping received 131072 bytes back
Round trip time was 0.743464 milliseconds in repetition 311
tcp_ping received 131072 bytes back
Round trip time was 0.743629 milliseconds in repetition 312
tcp_ping received 131072 bytes back
Round trip time was 0.744058 milliseconds in repetition 313
tcp_ping received 131072 bytes back
Round trip time was 0.749998 milliseconds in repetition 314
tcp_ping received 131072 bytes back
Round trip time was 0.75353 milliseconds in repetition 315
tcp_ping received 131072 bytes back
Round trip time was 0.746966 milliseconds in repetition 316
tcp_ping received 131072 bytes back
Round trip time was 0.74533 milliseconds in repetition 317
tcp_ping received 131072 bytes back
Round trip time was 0.747095 milliseconds in repetition 318
tcp_ping received 131072 bytes back
Round trip time was 0.722697 milliseconds in repetition 319
tcp_ping received 131072 bytes back
Round trip time was 0.747055 milliseconds in repetition 320
tcp_ping received 131072 bytes back
Round trip time was 0.745275 milliseconds in repetition 321
tcp_ping received 131072 bytes back
Round trip time was 0.746191 milliseconds in repetition 322
tcp_ping received 131072 bytes back
Round trip time was 0.745019 milliseconds in repetition 323
tcp_ping received 131072 bytes back
Round trip time was 0.746217 milliseconds in repetition 324
tcp_ping received 131072 bytes back
Round trip time was 0.748629 milliseconds in repetition 325
tcp_ping received 131072 bytes back
Round trip time was 0.745336 milliseconds in repetition 326
tcp_ping received 131072 bytes back
Round trip time was 0.744631 milliseconds in repetition 327
tcp_ping received 131072 bytes back
Round trip time was 0.747755 milliseconds in repetition 328
tcp_ping received 131072 bytes back
Round trip time was 0.751939 milliseconds in repetition 329
tcp_ping received 131072 bytes back
Round trip time was 0.750215 milliseconds in repetition 330
tcp_ping received 131072 bytes back
Round trip time was 0.745124 milliseconds in repetition 331
tcp_ping received 131072 bytes back
Round trip time was 0.744077 milliseconds in repetition 332
tcp_ping received 131072 bytes back
Round trip time was 0.746906 milliseconds in repetition 333
tcp_ping received 131072 bytes back
Round trip time was 0.743957 milliseconds in repetition 334
tcp_ping received 131072 bytes back
Round trip time was 0.750483 milliseconds in repetition 335
tcp_ping received 131072 bytes back
Round trip time was 0.74658 milliseconds in repetition 336
tcp_ping received 131072 bytes back
Round trip time was 0.743898 milliseconds in repetition 337
tcp_ping received 131072 bytes back
Round trip time was 0.74531 milliseconds in repetition 338
tcp_ping received 131072 bytes back
Round trip time was 0.745336 milliseconds in repetition 339
tcp_ping received 131072 bytes back
Round trip time was 0.747585 milliseconds in repetition 340
tcp_ping received 131072 bytes back
Round trip time was 0.746553 milliseconds in repetition 341
tcp_ping received 131072 bytes back
Round trip time was 0.744987 milliseconds in repetition 342
tcp_ping received 131072 bytes back
Round trip time was 0.745175 milliseconds in repetition 343
tcp_ping received 131072 bytes back
Round trip time was 0.745025 milliseconds in repetition 344
tcp_ping received 131072 bytes back
Round trip time was 0.745845 milliseconds in repetition 345
tcp_ping received 131072 bytes back
Round trip time was 0.749964 milliseconds in repetition 346
tcp_ping received 131072 bytes back
Round trip time was 0.751439 milliseconds in repetition 347
tcp_ping received 131072 bytes back
Round trip time was 0.745077 milliseconds in repetition 348
tcp_ping received 131072 bytes back
Round trip time was 0.744323 milliseconds in repetition 349
tcp_ping received 131072 bytes back
Round trip time was 0.745372 milliseconds in repetition 350
tcp_ping received 131072 bytes back
Round trip time was 0.74944 milliseconds in repetition 351
tcp_ping received 131072 bytes back
Round trip time was 0.743326 milliseconds in repetition 352
tcp_ping received 131072 bytes back
Round trip time was 0.752582 milliseconds in repetition 353
tcp_ping received 131072 bytes back
Round trip time was 0.744633 milliseconds in repetition 354
tcp_ping received 131072 bytes back
Round trip time was 0.745368 milliseconds in repetition 355
tcp_ping received 131072 bytes back
Round trip time was 0.731827 milliseconds in repetition 356
tcp_ping received 131072 bytes back
Round trip time was 0.745638 milliseconds in repetition 357
tcp_ping received 131072 bytes back
Round trip time was 0.746408 milliseconds in repetition 358
tcp_ping received 131072 bytes back
Round trip time was 0.744006 milliseconds in repetition 359
tcp_ping received 131072 bytes back
Round trip time was 0.745677 milliseconds in repetition 360
tcp_ping received 131072 bytes back
Round trip time was 0.748103 milliseconds in repetition 361
tcp_ping received 131072 bytes back
Round trip time was 0.755541 milliseconds in repetition 362
tcp_ping received 131072 bytes back
Round trip time was 0.746155 milliseconds in repetition 363
tcp_ping received 131072 bytes back
Round trip time was 0.744967 milliseconds in repetition 364
tcp_ping received 131072 bytes back
Round trip time was 0.74514 milliseconds in repetition 365
tcp_ping received 131072 bytes back
Round trip time was 0.745409 milliseconds in repetition 366
tcp_ping received 131072 bytes back
Round trip time was 0.750667 milliseconds in repetition 367
tcp_ping received 131072 bytes back
Round trip time was 0.745884 milliseconds in repetition 368
tcp_ping received 131072 bytes back
Round trip time was 0.744598 milliseconds in repetition 369
tcp_ping received 131072 bytes back
Round trip time was 0.748487 milliseconds in repetition 370
tcp_ping received 131072 bytes back
Round trip time was 0.746393 milliseconds in repetition 371
tcp_ping received 131072 bytes back
Round trip time was 0.750072 milliseconds in repetition 372
tcp_ping received 131072 bytes back
Round trip time was 0.745166 milliseconds in repetition 373
tcp_ping received 131072 bytes back
Round trip time was 0.744725 milliseconds in repetition 374
tcp_ping received 131072 bytes back
Round trip time was 0.743918 milliseconds in repetition 375
tcp_ping received 131072 bytes back
Round trip time was 0.744947 milliseconds in repetition 376
tcp_ping received 131072 bytes back
Round trip time was 0.74476 milliseconds in repetition 377
tcp_ping received 131072 bytes back
Round trip time was 0.751123 milliseconds in repetition 378
tcp_ping received 131072 bytes back
Round trip time was 0.748458 milliseconds in repetition 379
tcp_ping received 131072 bytes back
Round trip time was 0.745327 milliseconds in repetition 380
tcp_ping received 131072 bytes back
Round trip time was 0.745215 milliseconds in repetition 381
tcp_ping received 131072 bytes back
Round trip time was 0.749417 milliseconds in repetition 382
tcp_ping received 131072 bytes back
Round trip time was 0.749988 milliseconds in repetition 383
tcp_ping received 131072 bytes back
Round trip time was 0.749417 milliseconds in repetition 384
tcp_ping received 131072 bytes back
Round trip time was 0.745077 milliseconds in repetition 385
tcp_ping received 131072 bytes back
Round trip time was 0.745423 milliseconds in repetition 386
tcp_ping received 131072 bytes back
Round trip time was 0.745578 milliseconds in repetition 387
tcp_ping received 131072 bytes back
Round trip time was 0.748197 milliseconds in repetition 388
tcp_ping received 131072 bytes back
Round trip time was 0.745112 milliseconds in repetition 389
tcp_ping received 131072 bytes back
Round trip time was 0.745053 milliseconds in repetition 390
tcp_ping received 131072 bytes back
Round trip time was 0.744059 milliseconds in repetition 391
tcp_ping received 131072 bytes back
Round trip time was 0.744419 milliseconds in repetition 392
tcp_ping received 131072 bytes back
Round trip time was 0.744654 milliseconds in repetition 393
tcp_ping received 131072 bytes back
Round trip time was 0.748443 milliseconds in repetition 394
tcp_ping received 131072 bytes back
Round trip time was 0.747007 milliseconds in repetition 395
tcp_ping received 131072 bytes back
Round trip time was 0.745164 milliseconds in repetition 396
tcp_ping received 131072 bytes back
Round trip time was 0.744859 milliseconds in repetition 397
tcp_ping received 131072 bytes back
Round trip time was 0.744739 milliseconds in repetition 398
tcp_ping received 131072 bytes back
Round trip time was 0.750131 milliseconds in repetition 399
tcp_ping received 131072 bytes back
Round trip time was 0.745877 milliseconds in repetition 400
tcp_ping received 131072 bytes back
Round trip time was 0.743697 milliseconds in repetition 401
tcp_ping received 131072 bytes back
Round trip time was 0.7451 milliseconds in repetition 402
tcp_ping received 131072 bytes back
Round trip time was 0.745937 milliseconds in repetition 403
tcp_ping received 131072 bytes back
Round trip time was 0.748683 milliseconds in repetition 404
tcp_ping received 131072 bytes back
Round trip time was 0.744905 milliseconds in repetition 405
tcp_ping received 131072 bytes back
Round trip time was 0.746592 milliseconds in repetition 406
tcp_ping received 131072 bytes back
Round trip time was 0.744495 milliseconds in repetition 407
tcp_ping received 131072 bytes back
Round trip time was 0.743897 milliseconds in repetition 408
tcp_ping received 131072 bytes back
Round trip time was 0.755173 milliseconds in repetition 409
tcp_ping received 131072 bytes back
Round trip time was 0.747193 milliseconds in repetition 410
tcp_ping received 131072 bytes back
Round trip time was 0.744122 milliseconds in repetition 411
tcp_ping received 131072 bytes back
Round trip time was 0.745384 milliseconds in repetition 412
tcp_ping received 131072 bytes back
Round trip time was 0.745069 milliseconds in repetition 413
tcp_ping received 131072 bytes back
Round trip time was 0.744036 milliseconds in repetition 414
tcp_ping received 131072 bytes back
Round trip time was 0.750505 milliseconds in repetition 415
tcp_ping received 131072 bytes back
Round trip time was 0.745222 milliseconds in repetition 416
tcp_ping received 131072 bytes back
Round trip time was 0.751109 milliseconds in repetition 417
tcp_ping received 131072 bytes back
Round trip time was 0.745033 milliseconds in repetition 418
tcp_ping received 131072 bytes back
Round trip time was 0.745092 milliseconds in repetition 419
tcp_ping received 131072 bytes back
Round trip time was 0.750636 milliseconds in repetition 420
tcp_ping received 131072 bytes back
Round trip time was 0.745794 milliseconds in repetition 421
tcp_ping received 131072 bytes back
Round trip time was 0.744545 milliseconds in repetition 422
tcp_ping received 131072 bytes back
Round trip time was 0.744452 milliseconds in repetition 423
tcp_ping received 131072 bytes back
Round trip time was 0.748505 milliseconds in repetition 424
tcp_ping received 131072 bytes back
Round trip time was 0.743904 milliseconds in repetition 425
tcp_ping received 131072 bytes back
Round trip time was 0.745701 milliseconds in repetition 426
tcp_ping received 131072 bytes back
Round trip time was 0.745607 milliseconds in repetition 427
tcp_ping received 131072 bytes back
Round trip time was 0.74629 milliseconds in repetition 428
tcp_ping received 131072 bytes back
Round trip time was 0.743666 milliseconds in repetition 429
tcp_ping received 131072 bytes back
Round trip time was 0.744094 milliseconds in repetition 430
tcp_ping received 131072 bytes back
Round trip time was 0.752535 milliseconds in repetition 431
tcp_ping received 131072 bytes back
Round trip time was 0.745716 milliseconds in repetition 432
tcp_ping received 131072 bytes back
Round trip time was 0.745642 milliseconds in repetition 433
tcp_ping received 131072 bytes back
Round trip time was 0.744933 milliseconds in repetition 434
tcp_ping received 131072 bytes back
Round trip time was 0.744552 milliseconds in repetition 435
tcp_ping received 131072 bytes back
Round trip time was 0.749991 milliseconds in repetition 436
tcp_ping received 131072 bytes back
Round trip time was 0.744755 milliseconds in repetition 437
tcp_ping received 131072 bytes back
Round trip time was 0.745616 milliseconds in repetition 438
tcp_ping received 131072 bytes back
Round trip time was 0.745869 milliseconds in repetition 439
tcp_ping received 131072 bytes back
Round trip time was 0.745345 milliseconds in repetition 440
tcp_ping received 131072 bytes back
Round trip time was 0.753571 milliseconds in repetition 441
tcp_ping received 131072 bytes back
Round trip time was 0.749297 milliseconds in repetition 442
tcp_ping received 131072 bytes back
Round trip time was 0.746987 milliseconds in repetition 443
tcp_ping received 131072 bytes back
Round trip time was 0.744393 milliseconds in repetition 444
tcp_ping received 131072 bytes back
Round trip time was 0.745383 milliseconds in repetition 445
tcp_ping received 131072 bytes back
Round trip time was 0.744377 milliseconds in repetition 446
tcp_ping received 131072 bytes back
Round trip time was 0.750249 milliseconds in repetition 447
tcp_ping received 131072 bytes back
Round trip time was 0.746337 milliseconds in repetition 448
tcp_ping received 131072 bytes back
Round trip time was 0.749637 milliseconds in repetition 449
tcp_ping received 131072 bytes back
Round trip time was 0.745318 milliseconds in repetition 450
tcp_ping received 131072 bytes back
Round trip time was 0.74336 milliseconds in repetition 451
tcp_ping received 131072 bytes back
Round trip time was 0.749238 milliseconds in repetition 452
tcp_ping received 131072 bytes back
Round trip time was 0.745393 milliseconds in repetition 453
tcp_ping received 131072 bytes back
Round trip time was 0.745595 milliseconds in repetition 454
tcp_ping received 131072 bytes back
Round trip time was 0.7515 milliseconds in repetition 455
tcp_ping received 131072 bytes back
Round trip time was 0.745092 milliseconds in repetition 456
tcp_ping received 131072 bytes back
Round trip time was 0.74944 milliseconds in repetition 457
tcp_ping received 131072 bytes back
Round trip time was 0.745474 milliseconds in repetition 458
tcp_ping received 131072 bytes back
Round trip time was 0.744242 milliseconds in repetition 459
tcp_ping received 131072 bytes back
Round trip time was 0.744093 milliseconds in repetition 460
tcp_ping received 131072 bytes back
Round trip time was 0.744512 milliseconds in repetition 461
tcp_ping received 131072 bytes back
Round trip time was 0.744464 milliseconds in repetition 462
tcp_ping received 131072 bytes back
Round trip time was 0.754869 milliseconds in repetition 463
tcp_ping received 131072 bytes back
Round trip time was 0.751188 milliseconds in repetition 464
tcp_ping received 131072 bytes back
Round trip time was 0.745501 milliseconds in repetition 465
tcp_ping received 131072 bytes back
Round trip time was 0.745691 milliseconds in repetition 466
tcp_ping received 131072 bytes back
Round trip time was 0.745489 milliseconds in repetition 467
tcp_ping received 131072 bytes back
Round trip time was 0.749387 milliseconds in repetition 468
tcp_ping received 131072 bytes back
Round trip time was 0.745563 milliseconds in repetition 469
tcp_ping received 131072 bytes back
Round trip time was 0.743322 milliseconds in repetition 470
tcp_ping received 131072 bytes back
Round trip time was 0.744418 milliseconds in repetition 471
tcp_ping received 131072 bytes back
Round trip time was 0.74469 milliseconds in repetition 472
tcp_ping received 131072 bytes back
Round trip time was 0.751792 milliseconds in repetition 473
tcp_ping received 131072 bytes back
Round trip time was 0.748213 milliseconds in repetition 474
tcp_ping received 131072 bytes back
Round trip time was 0.744857 milliseconds in repetition 475
tcp_ping received 131072 bytes back
Round trip time was 0.745035 milliseconds in repetition 476
tcp_ping received 131072 bytes back
Round trip time was 0.750649 milliseconds in repetition 477
tcp_ping received 131072 bytes back
Round trip time was 0.74844 milliseconds in repetition 478
tcp_ping received 131072 bytes back
Round trip time was 0.746389 milliseconds in repetition 479
tcp_ping received 131072 bytes back
Round trip time was 0.746051 milliseconds in repetition 480
tcp_ping received 131072 bytes back
Round trip time was 0.743194 milliseconds in repetition 481
tcp_ping received 131072 bytes back
Round trip time was 0.745086 milliseconds in repetition 482
tcp_ping received 131072 bytes back
Round trip time was 0.743812 milliseconds in repetition 483
tcp_ping received 131072 bytes back
Round trip time was 0.749683 milliseconds in repetition 484
tcp_ping received 131072 bytes back
Round trip time was 0.744568 milliseconds in repetition 485
tcp_ping received 131072 bytes back
Round trip time was 0.745354 milliseconds in repetition 486
tcp_ping received 131072 bytes back
Round trip time was 0.745521 milliseconds in repetition 487
tcp_ping received 131072 bytes back
Round trip time was 0.744694 milliseconds in repetition 488
tcp_ping received 131072 bytes back
Round trip time was 0.752301 milliseconds in repetition 489
tcp_ping received 131072 bytes back
Round trip time was 0.750909 milliseconds in repetition 490
tcp_ping received 131072 bytes back
Round trip time was 0.744484 milliseconds in repetition 491
tcp_ping received 131072 bytes back
Round trip time was 0.743081 milliseconds in repetition 492
tcp_ping received 131072 bytes back
Round trip time was 0.743983 milliseconds in repetition 493
tcp_ping received 131072 bytes back
Round trip time was 0.758962 milliseconds in repetition 494
tcp_ping received 131072 bytes back
Round trip time was 0.754206 milliseconds in repetition 495
tcp_ping received 131072 bytes back
Round trip time was 0.757816 milliseconds in repetition 496
tcp_ping received 131072 bytes back
Round trip time was 0.746613 milliseconds in repetition 497
tcp_ping received 131072 bytes back
Round trip time was 0.743794 milliseconds in repetition 498
tcp_ping received 131072 bytes back
Round trip time was 0.746686 milliseconds in repetition 499
tcp_ping received 131072 bytes back
Round trip time was 0.759923 milliseconds in repetition 500

 ... clock resolution was 1e-06
TCP Ping:  Statistics over 500 repetitions of 131072 byte messages

RTT : percentile 10: 0.743918, median: 0.748334, percentile 90: 0.965093, average: 0.811006, variance: 0.00983765

RTT histogram:
0.713282 10
0.742104 314
0.770926 15
0.799748 12
0.828571 6
0.857393 1
0.886215 3
0.915038 1
0.94386 2
0.972682 135
1.0015 0
1.03033 0
1.05915 0
1.08797 0
1.11679 0
1.14562 0
1.17444 0
1.20326 0
1.23208 0
1.26091 0
1.28973 1

   median Throughput : 350303 KB/s   overall Throughput : 323233 KB/s

