TCP Ping trying to connect to server localhost (127.0.0.1) on port 1491
 ... connected to Pong server: asking for 500 repetitions of 3072 bytes TCP messages
 ... Pong server agreed :-)
tcp_ping received 3072 bytes back
Round trip time was 0.081267 milliseconds in repetition 1
tcp_ping received 3072 bytes back
Round trip time was 0.070301 milliseconds in repetition 2
tcp_ping received 3072 bytes back
Round trip time was 0.070468 milliseconds in repetition 3
tcp_ping received 3072 bytes back
Round trip time was 0.071489 milliseconds in repetition 4
tcp_ping received 3072 bytes back
Round trip time was 0.070274 milliseconds in repetition 5
tcp_ping received 3072 bytes back
Round trip time was 0.038703 milliseconds in repetition 6
tcp_ping received 3072 bytes back
Round trip time was 0.031667 milliseconds in repetition 7
tcp_ping received 3072 bytes back
Round trip time was 0.030784 milliseconds in repetition 8
tcp_ping received 3072 bytes back
Round trip time was 0.03055 milliseconds in repetition 9
tcp_ping received 3072 bytes back
Round trip time was 0.031207 milliseconds in repetition 10
tcp_ping received 3072 bytes back
Round trip time was 0.03094 milliseconds in repetition 11
tcp_ping received 3072 bytes back
Round trip time was 0.031054 milliseconds in repetition 12
tcp_ping received 3072 bytes back
Round trip time was 0.030824 milliseconds in repetition 13
tcp_ping received 3072 bytes back
Round trip time was 0.030917 milliseconds in repetition 14
tcp_ping received 3072 bytes back
Round trip time was 0.031014 milliseconds in repetition 15
tcp_ping received 3072 bytes back
Round trip time was 0.030667 milliseconds in repetition 16
tcp_ping received 3072 bytes back
Round trip time was 0.031026 milliseconds in repetition 17
tcp_ping received 3072 bytes back
Round trip time was 0.031064 milliseconds in repetition 18
tcp_ping received 3072 bytes back
Round trip time was 0.030507 milliseconds in repetition 19
tcp_ping received 3072 bytes back
Round trip time was 0.030658 milliseconds in repetition 20
tcp_ping received 3072 bytes back
Round trip time was 0.030503 milliseconds in repetition 21
tcp_ping received 3072 bytes back
Round trip time was 0.031115 milliseconds in repetition 22
tcp_ping received 3072 bytes back
Round trip time was 0.030822 milliseconds in repetition 23
tcp_ping received 3072 bytes back
Round trip time was 0.030967 milliseconds in repetition 24
tcp_ping received 3072 bytes back
Round trip time was 0.030617 milliseconds in repetition 25
tcp_ping received 3072 bytes back
Round trip time was 0.030585 milliseconds in repetition 26
tcp_ping received 3072 bytes back
Round trip time was 0.030894 milliseconds in repetition 27
tcp_ping received 3072 bytes back
Round trip time was 0.030849 milliseconds in repetition 28
tcp_ping received 3072 bytes back
Round trip time was 0.030781 milliseconds in repetition 29
tcp_ping received 3072 bytes back
Round trip time was 0.030799 milliseconds in repetition 30
tcp_ping received 3072 bytes back
Round trip time was 0.031852 milliseconds in repetition 31
tcp_ping received 3072 bytes back
Round trip time was 0.031188 milliseconds in repetition 32
tcp_ping received 3072 bytes back
Round trip time was 0.030618 milliseconds in repetition 33
tcp_ping received 3072 bytes back
Round trip time was 0.030716 milliseconds in repetition 34
tcp_ping received 3072 bytes back
Round trip time was 0.030874 milliseconds in repetition 35
tcp_ping received 3072 bytes back
Round trip time was 0.030806 milliseconds in repetition 36
tcp_ping received 3072 bytes back
Round trip time was 0.030584 milliseconds in repetition 37
tcp_ping received 3072 bytes back
Round trip time was 0.030518 milliseconds in repetition 38
tcp_ping received 3072 bytes back
Round trip time was 0.030674 milliseconds in repetition 39
tcp_ping received 3072 bytes back
Round trip time was 0.030718 milliseconds in repetition 40
tcp_ping received 3072 bytes back
Round trip time was 0.030561 milliseconds in repetition 41
tcp_ping received 3072 bytes back
Round trip time was 0.030747 milliseconds in repetition 42
tcp_ping received 3072 bytes back
Round trip time was 0.031067 milliseconds in repetition 43
tcp_ping received 3072 bytes back
Round trip time was 0.034727 milliseconds in repetition 44
tcp_ping received 3072 bytes back
Round trip time was 0.036803 milliseconds in repetition 45
tcp_ping received 3072 bytes back
Round trip time was 0.030123 milliseconds in repetition 46
tcp_ping received 3072 bytes back
Round trip time was 0.030895 milliseconds in repetition 47
tcp_ping received 3072 bytes back
Round trip time was 0.030746 milliseconds in repetition 48
tcp_ping received 3072 bytes back
Round trip time was 0.030584 milliseconds in repetition 49
tcp_ping received 3072 bytes back
Round trip time was 0.030508 milliseconds in repetition 50
tcp_ping received 3072 bytes back
Round trip time was 0.030747 milliseconds in repetition 51
tcp_ping received 3072 bytes back
Round trip time was 0.030907 milliseconds in repetition 52
tcp_ping received 3072 bytes back
Round trip time was 0.030654 milliseconds in repetition 53
tcp_ping received 3072 bytes back
Round trip time was 0.03047 milliseconds in repetition 54
tcp_ping received 3072 bytes back
Round trip time was 0.030575 milliseconds in repetition 55
tcp_ping received 3072 bytes back
Round trip time was 0.030603 milliseconds in repetition 56
tcp_ping received 3072 bytes back
Round trip time was 0.030766 milliseconds in repetition 57
tcp_ping received 3072 bytes back
Round trip time was 0.030496 milliseconds in repetition 58
tcp_ping received 3072 bytes back
Round trip time was 0.03065 milliseconds in repetition 59
tcp_ping received 3072 bytes back
Round trip time was 0.030771 milliseconds in repetition 60
tcp_ping received 3072 bytes back
Round trip time was 0.030496 milliseconds in repetition 61
tcp_ping received 3072 bytes back
Round trip time was 0.030311 milliseconds in repetition 62
tcp_ping received 3072 bytes back
Round trip time was 0.030569 milliseconds in repetition 63
tcp_ping received 3072 bytes back
Round trip time was 0.030775 milliseconds in repetition 64
tcp_ping received 3072 bytes back
Round trip time was 0.030864 milliseconds in repetition 65
tcp_ping received 3072 bytes back
Round trip time was 0.030558 milliseconds in repetition 66
tcp_ping received 3072 bytes back
Round trip time was 0.03082 milliseconds in repetition 67
tcp_ping received 3072 bytes back
Round trip time was 0.030563 milliseconds in repetition 68
tcp_ping received 3072 bytes back
Round trip time was 0.030379 milliseconds in repetition 69
tcp_ping received 3072 bytes back
Round trip time was 0.030445 milliseconds in repetition 70
tcp_ping received 3072 bytes back
Round trip time was 0.030714 milliseconds in repetition 71
tcp_ping received 3072 bytes back
Round trip time was 0.030483 milliseconds in repetition 72
tcp_ping received 3072 bytes back
Round trip time was 0.030331 milliseconds in repetition 73
tcp_ping received 3072 bytes back
Round trip time was 0.030972 milliseconds in repetition 74
tcp_ping received 3072 bytes back
Round trip time was 0.030279 milliseconds in repetition 75
tcp_ping received 3072 bytes back
Round trip time was 0.030651 milliseconds in repetition 76
tcp_ping received 3072 bytes back
Round trip time was 0.030603 milliseconds in repetition 77
tcp_ping received 3072 bytes back
Round trip time was 0.030337 milliseconds in repetition 78
tcp_ping received 3072 bytes back
Round trip time was 0.030698 milliseconds in repetition 79
tcp_ping received 3072 bytes back
Round trip time was 0.030588 milliseconds in repetition 80
tcp_ping received 3072 bytes back
Round trip time was 0.030463 milliseconds in repetition 81
tcp_ping received 3072 bytes back
Round trip time was 0.030294 milliseconds in repetition 82
tcp_ping received 3072 bytes back
Round trip time was 0.030589 milliseconds in repetition 83
tcp_ping received 3072 bytes back
Round trip time was 0.030559 milliseconds in repetition 84
tcp_ping received 3072 bytes back
Round trip time was 0.030287 milliseconds in repetition 85
tcp_ping received 3072 bytes back
Round trip time was 0.030319 milliseconds in repetition 86
tcp_ping received 3072 bytes back
Round trip time was 0.030393 milliseconds in repetition 87
tcp_ping received 3072 bytes back
Round trip time was 0.032142 milliseconds in repetition 88
tcp_ping received 3072 bytes back
Round trip time was 0.030855 milliseconds in repetition 89
tcp_ping received 3072 bytes back
Round trip time was 0.037012 milliseconds in repetition 90
tcp_ping received 3072 bytes back
Round trip time was 0.031966 milliseconds in repetition 91
tcp_ping received 3072 bytes back
Round trip time was 0.03078 milliseconds in repetition 92
tcp_ping received 3072 bytes back
Round trip time was 0.030718 milliseconds in repetition 93
tcp_ping received 3072 bytes back
Round trip time was 0.030387 milliseconds in repetition 94
tcp_ping received 3072 bytes back
Round trip time was 0.030855 milliseconds in repetition 95
tcp_ping received 3072 bytes back
Round trip time was 0.030712 milliseconds in repetition 96
tcp_ping received 3072 bytes back
Round trip time was 0.030521 milliseconds in repetition 97
tcp_ping received 3072 bytes back
Round trip time was 0.030155 milliseconds in repetition 98
tcp_ping received 3072 bytes back
Round trip time was 0.031011 milliseconds in repetition 99
tcp_ping received 3072 bytes back
Round trip time was 0.030589 milliseconds in repetition 100
tcp_ping received 3072 bytes back
Round trip time was 0.030689 milliseconds in repetition 101
tcp_ping received 3072 bytes back
Round trip time was 0.030644 milliseconds in repetition 102
tcp_ping received 3072 bytes back
Round trip time was 0.030905 milliseconds in repetition 103
tcp_ping received 3072 bytes back
Round trip time was 0.030587 milliseconds in repetition 104
tcp_ping received 3072 bytes back
Round trip time was 0.030643 milliseconds in repetition 105
tcp_ping received 3072 bytes back
Round trip time was 0.030713 milliseconds in repetition 106
tcp_ping received 3072 bytes back
Round trip time was 0.030825 milliseconds in repetition 107
tcp_ping received 3072 bytes back
Round trip time was 0.030757 milliseconds in repetition 108
tcp_ping received 3072 bytes back
Round trip time was 0.030224 milliseconds in repetition 109
tcp_ping received 3072 bytes back
Round trip time was 0.03044 milliseconds in repetition 110
tcp_ping received 3072 bytes back
Round trip time was 0.031054 milliseconds in repetition 111
tcp_ping received 3072 bytes back
Round trip time was 0.03038 milliseconds in repetition 112
tcp_ping received 3072 bytes back
Round trip time was 0.030634 milliseconds in repetition 113
tcp_ping received 3072 bytes back
Round trip time was 0.030534 milliseconds in repetition 114
tcp_ping received 3072 bytes back
Round trip time was 0.030965 milliseconds in repetition 115
tcp_ping received 3072 bytes back
Round trip time was 0.030842 milliseconds in repetition 116
tcp_ping received 3072 bytes back
Round trip time was 0.030452 milliseconds in repetition 117
tcp_ping received 3072 bytes back
Round trip time was 0.030626 milliseconds in repetition 118
tcp_ping received 3072 bytes back
Round trip time was 0.030792 milliseconds in repetition 119
tcp_ping received 3072 bytes back
Round trip time was 0.030577 milliseconds in repetition 120
tcp_ping received 3072 bytes back
Round trip time was 0.030419 milliseconds in repetition 121
tcp_ping received 3072 bytes back
Round trip time was 0.030104 milliseconds in repetition 122
tcp_ping received 3072 bytes back
Round trip time was 0.030847 milliseconds in repetition 123
tcp_ping received 3072 bytes back
Round trip time was 0.030445 milliseconds in repetition 124
tcp_ping received 3072 bytes back
Round trip time was 0.030174 milliseconds in repetition 125
tcp_ping received 3072 bytes back
Round trip time was 0.030319 milliseconds in repetition 126
tcp_ping received 3072 bytes back
Round trip time was 0.031053 milliseconds in repetition 127
tcp_ping received 3072 bytes back
Round trip time was 0.030683 milliseconds in repetition 128
tcp_ping received 3072 bytes back
Round trip time was 0.030283 milliseconds in repetition 129
tcp_ping received 3072 bytes back
Round trip time was 0.030424 milliseconds in repetition 130
tcp_ping received 3072 bytes back
Round trip time was 0.031771 milliseconds in repetition 131
tcp_ping received 3072 bytes back
Round trip time was 0.030805 milliseconds in repetition 132
tcp_ping received 3072 bytes back
Round trip time was 0.03084 milliseconds in repetition 133
tcp_ping received 3072 bytes back
Round trip time was 0.030637 milliseconds in repetition 134
tcp_ping received 3072 bytes back
Round trip time was 0.030752 milliseconds in repetition 135
tcp_ping received 3072 bytes back
Round trip time was 0.030863 milliseconds in repetition 136
tcp_ping received 3072 bytes back
Round trip time was 0.030205 milliseconds in repetition 137
tcp_ping received 3072 bytes back
Round trip time was 0.030456 milliseconds in repetition 138
tcp_ping received 3072 bytes back
Round trip time was 0.030739 milliseconds in repetition 139
tcp_ping received 3072 bytes back
Round trip time was 0.030761 milliseconds in repetition 140
tcp_ping received 3072 bytes back
Round trip time was 0.030508 milliseconds in repetition 141
tcp_ping received 3072 bytes back
Round trip time was 0.030632 milliseconds in repetition 142
tcp_ping received 3072 bytes back
Round trip time was 0.030816 milliseconds in repetition 143
tcp_ping received 3072 bytes back
Round trip time was 0.030605 milliseconds in repetition 144
tcp_ping received 3072 bytes back
Round trip time was 0.030163 milliseconds in repetition 145
tcp_ping received 3072 bytes back
Round trip time was 0.030066 milliseconds in repetition 146
tcp_ping received 3072 bytes back
Round trip time was 0.030829 milliseconds in repetition 147
tcp_ping received 3072 bytes back
Round trip time was 0.030557 milliseconds in repetition 148
tcp_ping received 3072 bytes back
Round trip time was 0.030572 milliseconds in repetition 149
tcp_ping received 3072 bytes back
Round trip time was 0.030304 milliseconds in repetition 150
tcp_ping received 3072 bytes back
Round trip time was 0.030937 milliseconds in repetition 151
tcp_ping received 3072 bytes back
Round trip time was 0.030408 milliseconds in repetition 152
tcp_ping received 3072 bytes back
Round trip time was 0.030469 milliseconds in repetition 153
tcp_ping received 3072 bytes back
Round trip time was 0.030555 milliseconds in repetition 154
tcp_ping received 3072 bytes back
Round trip time was 0.030855 milliseconds in repetition 155
tcp_ping received 3072 bytes back
Round trip time was 0.030607 milliseconds in repetition 156
tcp_ping received 3072 bytes back
Round trip time was 0.030628 milliseconds in repetition 157
tcp_ping received 3072 bytes back
Round trip time was 0.03052 milliseconds in repetition 158
tcp_ping received 3072 bytes back
Round trip time was 0.030816 milliseconds in repetition 159
tcp_ping received 3072 bytes back
Round trip time was 0.030757 milliseconds in repetition 160
tcp_ping received 3072 bytes back
Round trip time was 0.030382 milliseconds in repetition 161
tcp_ping received 3072 bytes back
Round trip time was 0.030251 milliseconds in repetition 162
tcp_ping received 3072 bytes back
Round trip time was 0.030725 milliseconds in repetition 163
tcp_ping received 3072 bytes back
Round trip time was 0.030637 milliseconds in repetition 164
tcp_ping received 3072 bytes back
Round trip time was 0.030411 milliseconds in repetition 165
tcp_ping received 3072 bytes back
Round trip time was 0.030617 milliseconds in repetition 166
tcp_ping received 3072 bytes back
Round trip time was 0.030859 milliseconds in repetition 167
tcp_ping received 3072 bytes back
Round trip time was 0.030968 milliseconds in repetition 168
tcp_ping received 3072 bytes back
Round trip time was 0.030218 milliseconds in repetition 169
tcp_ping received 3072 bytes back
Round trip time was 0.030518 milliseconds in repetition 170
tcp_ping received 3072 bytes back
Round trip time was 0.030784 milliseconds in repetition 171
tcp_ping received 3072 bytes back
Round trip time was 0.03057 milliseconds in repetition 172
tcp_ping received 3072 bytes back
Round trip time was 0.030317 milliseconds in repetition 173
tcp_ping received 3072 bytes back
Round trip time was 0.030313 milliseconds in repetition 174
tcp_ping received 3072 bytes back
Round trip time was 0.031875 milliseconds in repetition 175
tcp_ping received 3072 bytes back
Round trip time was 0.03049 milliseconds in repetition 176
tcp_ping received 3072 bytes back
Round trip time was 0.030392 milliseconds in repetition 177
tcp_ping received 3072 bytes back
Round trip time was 0.030742 milliseconds in repetition 178
tcp_ping received 3072 bytes back
Round trip time was 0.031038 milliseconds in repetition 179
tcp_ping received 3072 bytes back
Round trip time was 0.030653 milliseconds in repetition 180
tcp_ping received 3072 bytes back
Round trip time was 0.030601 milliseconds in repetition 181
tcp_ping received 3072 bytes back
Round trip time was 0.030525 milliseconds in repetition 182
tcp_ping received 3072 bytes back
Round trip time was 0.030706 milliseconds in repetition 183
tcp_ping received 3072 bytes back
Round trip time was 0.030916 milliseconds in repetition 184
tcp_ping received 3072 bytes back
Round trip time was 0.030429 milliseconds in repetition 185
tcp_ping received 3072 bytes back
Round trip time was 0.030358 milliseconds in repetition 186
tcp_ping received 3072 bytes back
Round trip time was 0.030897 milliseconds in repetition 187
tcp_ping received 3072 bytes back
Round trip time was 0.030678 milliseconds in repetition 188
tcp_ping received 3072 bytes back
Round trip time was 0.030392 milliseconds in repetition 189
tcp_ping received 3072 bytes back
Round trip time was 0.030676 milliseconds in repetition 190
tcp_ping received 3072 bytes back
Round trip time was 0.031055 milliseconds in repetition 191
tcp_ping received 3072 bytes back
Round trip time was 0.030872 milliseconds in repetition 192
tcp_ping received 3072 bytes back
Round trip time was 0.030649 milliseconds in repetition 193
tcp_ping received 3072 bytes back
Round trip time was 0.030797 milliseconds in repetition 194
tcp_ping received 3072 bytes back
Round trip time was 0.030469 milliseconds in repetition 195
tcp_ping received 3072 bytes back
Round trip time was 0.030223 milliseconds in repetition 196
tcp_ping received 3072 bytes back
Round trip time was 0.030055 milliseconds in repetition 197
tcp_ping received 3072 bytes back
Round trip time was 0.030897 milliseconds in repetition 198
tcp_ping received 3072 bytes back
Round trip time was 0.031061 milliseconds in repetition 199
tcp_ping received 3072 bytes back
Round trip time was 0.030259 milliseconds in repetition 200
tcp_ping received 3072 bytes back
Round trip time was 0.030151 milliseconds in repetition 201
tcp_ping received 3072 bytes back
Round trip time was 0.030696 milliseconds in repetition 202
tcp_ping received 3072 bytes back
Round trip time was 0.030581 milliseconds in repetition 203
tcp_ping received 3072 bytes back
Round trip time was 0.030462 milliseconds in repetition 204
tcp_ping received 3072 bytes back
Round trip time was 0.030453 milliseconds in repetition 205
tcp_ping received 3072 bytes back
Round trip time was 0.030486 milliseconds in repetition 206
tcp_ping received 3072 bytes back
Round trip time was 0.031007 milliseconds in repetition 207
tcp_ping received 3072 bytes back
Round trip time was 0.030917 milliseconds in repetition 208
tcp_ping received 3072 bytes back
Round trip time was 0.030547 milliseconds in repetition 209
tcp_ping received 3072 bytes back
Round trip time was 0.04616 milliseconds in repetition 210
tcp_ping received 3072 bytes back
Round trip time was 0.031936 milliseconds in repetition 211
tcp_ping received 3072 bytes back
Round trip time was 0.030682 milliseconds in repetition 212
tcp_ping received 3072 bytes back
Round trip time was 0.030275 milliseconds in repetition 213
tcp_ping received 3072 bytes back
Round trip time was 0.03065 milliseconds in repetition 214
tcp_ping received 3072 bytes back
Round trip time was 0.030677 milliseconds in repetition 215
tcp_ping received 3072 bytes back
Round trip time was 0.030428 milliseconds in repetition 216
tcp_ping received 3072 bytes back
Round trip time was 0.030674 milliseconds in repetition 217
tcp_ping received 3072 bytes back
Round trip time was 0.031147 milliseconds in repetition 218
tcp_ping received 3072 bytes back
Round trip time was 0.03206 milliseconds in repetition 219
tcp_ping received 3072 bytes back
Round trip time was 0.030771 milliseconds in repetition 220
tcp_ping received 3072 bytes back
Round trip time was 0.030735 milliseconds in repetition 221
tcp_ping received 3072 bytes back
Round trip time was 0.030913 milliseconds in repetition 222
tcp_ping received 3072 bytes back
Round trip time was 0.030931 milliseconds in repetition 223
tcp_ping received 3072 bytes back
Round trip time was 0.030663 milliseconds in repetition 224
tcp_ping received 3072 bytes back
Round trip time was 0.030746 milliseconds in repetition 225
tcp_ping received 3072 bytes back
Round trip time was 0.030798 milliseconds in repetition 226
tcp_ping received 3072 bytes back
Round trip time was 0.030622 milliseconds in repetition 227
tcp_ping received 3072 bytes back
Round trip time was 0.030687 milliseconds in repetition 228
tcp_ping received 3072 bytes back
Round trip time was 0.030653 milliseconds in repetition 229
tcp_ping received 3072 bytes back
Round trip time was 0.031166 milliseconds in repetition 230
tcp_ping received 3072 bytes back
Round trip time was 0.030328 milliseconds in repetition 231
tcp_ping received 3072 bytes back
Round trip time was 0.030349 milliseconds in repetition 232
tcp_ping received 3072 bytes back
Round trip time was 0.03071 milliseconds in repetition 233
tcp_ping received 3072 bytes back
Round trip time was 0.030827 milliseconds in repetition 234
tcp_ping received 3072 bytes back
Round trip time was 0.030646 milliseconds in repetition 235
tcp_ping received 3072 bytes back
Round trip time was 0.030457 milliseconds in repetition 236
tcp_ping received 3072 bytes back
Round trip time was 0.03065 milliseconds in repetition 237
tcp_ping received 3072 bytes back
Round trip time was 0.030804 milliseconds in repetition 238
tcp_ping received 3072 bytes back
Round trip time was 0.030535 milliseconds in repetition 239
tcp_ping received 3072 bytes back
Round trip time was 0.030451 milliseconds in repetition 240
tcp_ping received 3072 bytes back
Round trip time was 0.030682 milliseconds in repetition 241
tcp_ping received 3072 bytes back
Round trip time was 0.030847 milliseconds in repetition 242
tcp_ping received 3072 bytes back
Round trip time was 0.030677 milliseconds in repetition 243
tcp_ping received 3072 bytes back
Round trip time was 0.03033 milliseconds in repetition 244
tcp_ping received 3072 bytes back
Round trip time was 0.030584 milliseconds in repetition 245
tcp_ping received 3072 bytes back
Round trip time was 0.030875 milliseconds in repetition 246
tcp_ping received 3072 bytes back
Round trip time was 0.030217 milliseconds in repetition 247
tcp_ping received 3072 bytes back
Round trip time was 0.030292 milliseconds in repetition 248
tcp_ping received 3072 bytes back
Round trip time was 0.030648 milliseconds in repetition 249
tcp_ping received 3072 bytes back
Round trip time was 0.030715 milliseconds in repetition 250
tcp_ping received 3072 bytes back
Round trip time was 0.030696 milliseconds in repetition 251
tcp_ping received 3072 bytes back
Round trip time was 0.030438 milliseconds in repetition 252
tcp_ping received 3072 bytes back
Round trip time was 0.031115 milliseconds in repetition 253
tcp_ping received 3072 bytes back
Round trip time was 0.030742 milliseconds in repetition 254
tcp_ping received 3072 bytes back
Round trip time was 0.030496 milliseconds in repetition 255
tcp_ping received 3072 bytes back
Round trip time was 0.030361 milliseconds in repetition 256
tcp_ping received 3072 bytes back
Round trip time was 0.030503 milliseconds in repetition 257
tcp_ping received 3072 bytes back
Round trip time was 0.030873 milliseconds in repetition 258
tcp_ping received 3072 bytes back
Round trip time was 0.030506 milliseconds in repetition 259
tcp_ping received 3072 bytes back
Round trip time was 0.030425 milliseconds in repetition 260
tcp_ping received 3072 bytes back
Round trip time was 0.030656 milliseconds in repetition 261
tcp_ping received 3072 bytes back
Round trip time was 0.031944 milliseconds in repetition 262
tcp_ping received 3072 bytes back
Round trip time was 0.030763 milliseconds in repetition 263
tcp_ping received 3072 bytes back
Round trip time was 0.030639 milliseconds in repetition 264
tcp_ping received 3072 bytes back
Round trip time was 0.030723 milliseconds in repetition 265
tcp_ping received 3072 bytes back
Round trip time was 0.030698 milliseconds in repetition 266
tcp_ping received 3072 bytes back
Round trip time was 0.030575 milliseconds in repetition 267
tcp_ping received 3072 bytes back
Round trip time was 0.030718 milliseconds in repetition 268
tcp_ping received 3072 bytes back
Round trip time was 0.03066 milliseconds in repetition 269
tcp_ping received 3072 bytes back
Round trip time was 0.030539 milliseconds in repetition 270
tcp_ping received 3072 bytes back
Round trip time was 0.030592 milliseconds in repetition 271
tcp_ping received 3072 bytes back
Round trip time was 0.030494 milliseconds in repetition 272
tcp_ping received 3072 bytes back
Round trip time was 0.030513 milliseconds in repetition 273
tcp_ping received 3072 bytes back
Round trip time was 0.031006 milliseconds in repetition 274
tcp_ping received 3072 bytes back
Round trip time was 0.030354 milliseconds in repetition 275
tcp_ping received 3072 bytes back
Round trip time was 0.030547 milliseconds in repetition 276
tcp_ping received 3072 bytes back
Round trip time was 0.030778 milliseconds in repetition 277
tcp_ping received 3072 bytes back
Round trip time was 0.030498 milliseconds in repetition 278
tcp_ping received 3072 bytes back
Round trip time was 0.030522 milliseconds in repetition 279
tcp_ping received 3072 bytes back
Round trip time was 0.030516 milliseconds in repetition 280
tcp_ping received 3072 bytes back
Round trip time was 0.030701 milliseconds in repetition 281
tcp_ping received 3072 bytes back
Round trip time was 0.030841 milliseconds in repetition 282
tcp_ping received 3072 bytes back
Round trip time was 0.030606 milliseconds in repetition 283
tcp_ping received 3072 bytes back
Round trip time was 0.030437 milliseconds in repetition 284
tcp_ping received 3072 bytes back
Round trip time was 0.030542 milliseconds in repetition 285
tcp_ping received 3072 bytes back
Round trip time was 0.030794 milliseconds in repetition 286
tcp_ping received 3072 bytes back
Round trip time was 0.030489 milliseconds in repetition 287
tcp_ping received 3072 bytes back
Round trip time was 0.030421 milliseconds in repetition 288
tcp_ping received 3072 bytes back
Round trip time was 0.030597 milliseconds in repetition 289
tcp_ping received 3072 bytes back
Round trip time was 0.030875 milliseconds in repetition 290
tcp_ping received 3072 bytes back
Round trip time was 0.030524 milliseconds in repetition 291
tcp_ping received 3072 bytes back
Round trip time was 0.030397 milliseconds in repetition 292
tcp_ping received 3072 bytes back
Round trip time was 0.030615 milliseconds in repetition 293
tcp_ping received 3072 bytes back
Round trip time was 0.030835 milliseconds in repetition 294
tcp_ping received 3072 bytes back
Round trip time was 0.030448 milliseconds in repetition 295
tcp_ping received 3072 bytes back
Round trip time was 0.030374 milliseconds in repetition 296
tcp_ping received 3072 bytes back
Round trip time was 0.031495 milliseconds in repetition 297
tcp_ping received 3072 bytes back
Round trip time was 0.030791 milliseconds in repetition 298
tcp_ping received 3072 bytes back
Round trip time was 0.030436 milliseconds in repetition 299
tcp_ping received 3072 bytes back
Round trip time was 0.030512 milliseconds in repetition 300
tcp_ping received 3072 bytes back
Round trip time was 0.03067 milliseconds in repetition 301
tcp_ping received 3072 bytes back
Round trip time was 0.030822 milliseconds in repetition 302
tcp_ping received 3072 bytes back
Round trip time was 0.030441 milliseconds in repetition 303
tcp_ping received 3072 bytes back
Round trip time was 0.03057 milliseconds in repetition 304
tcp_ping received 3072 bytes back
Round trip time was 0.030525 milliseconds in repetition 305
tcp_ping received 3072 bytes back
Round trip time was 0.032115 milliseconds in repetition 306
tcp_ping received 3072 bytes back
Round trip time was 0.030468 milliseconds in repetition 307
tcp_ping received 3072 bytes back
Round trip time was 0.030802 milliseconds in repetition 308
tcp_ping received 3072 bytes back
Round trip time was 0.030336 milliseconds in repetition 309
tcp_ping received 3072 bytes back
Round trip time was 0.030767 milliseconds in repetition 310
tcp_ping received 3072 bytes back
Round trip time was 0.030366 milliseconds in repetition 311
tcp_ping received 3072 bytes back
Round trip time was 0.030899 milliseconds in repetition 312
tcp_ping received 3072 bytes back
Round trip time was 0.030483 milliseconds in repetition 313
tcp_ping received 3072 bytes back
Round trip time was 0.030607 milliseconds in repetition 314
tcp_ping received 3072 bytes back
Round trip time was 0.030685 milliseconds in repetition 315
tcp_ping received 3072 bytes back
Round trip time was 0.031013 milliseconds in repetition 316
tcp_ping received 3072 bytes back
Round trip time was 0.03044 milliseconds in repetition 317
tcp_ping received 3072 bytes back
Round trip time was 0.03059 milliseconds in repetition 318
tcp_ping received 3072 bytes back
Round trip time was 0.030563 milliseconds in repetition 319
tcp_ping received 3072 bytes back
Round trip time was 0.030912 milliseconds in repetition 320
tcp_ping received 3072 bytes back
Round trip time was 0.030309 milliseconds in repetition 321
tcp_ping received 3072 bytes back
Round trip time was 0.03064 milliseconds in repetition 322
tcp_ping received 3072 bytes back
Round trip time was 0.030554 milliseconds in repetition 323
tcp_ping received 3072 bytes back
Round trip time was 0.030873 milliseconds in repetition 324
tcp_ping received 3072 bytes back
Round trip time was 0.030405 milliseconds in repetition 325
tcp_ping received 3072 bytes back
Round trip time was 0.030836 milliseconds in repetition 326
tcp_ping received 3072 bytes back
Round trip time was 0.030565 milliseconds in repetition 327
tcp_ping received 3072 bytes back
Round trip time was 0.03044 milliseconds in repetition 328
tcp_ping received 3072 bytes back
Round trip time was 0.035026 milliseconds in repetition 329
tcp_ping received 3072 bytes back
Round trip time was 0.031583 milliseconds in repetition 330
tcp_ping received 3072 bytes back
Round trip time was 0.030448 milliseconds in repetition 331
tcp_ping received 3072 bytes back
Round trip time was 0.030587 milliseconds in repetition 332
tcp_ping received 3072 bytes back
Round trip time was 0.030462 milliseconds in repetition 333
tcp_ping received 3072 bytes back
Round trip time was 0.030437 milliseconds in repetition 334
tcp_ping received 3072 bytes back
Round trip time was 0.030687 milliseconds in repetition 335
tcp_ping received 3072 bytes back
Round trip time was 0.03049 milliseconds in repetition 336
tcp_ping received 3072 bytes back
Round trip time was 0.030542 milliseconds in repetition 337
tcp_ping received 3072 bytes back
Round trip time was 0.030531 milliseconds in repetition 338
tcp_ping received 3072 bytes back
Round trip time was 0.030356 milliseconds in repetition 339
tcp_ping received 3072 bytes back
Round trip time was 0.030486 milliseconds in repetition 340
tcp_ping received 3072 bytes back
Round trip time was 0.030322 milliseconds in repetition 341
tcp_ping received 3072 bytes back
Round trip time was 0.030607 milliseconds in repetition 342
tcp_ping received 3072 bytes back
Round trip time was 0.030386 milliseconds in repetition 343
tcp_ping received 3072 bytes back
Round trip time was 0.03039 milliseconds in repetition 344
tcp_ping received 3072 bytes back
Round trip time was 0.030366 milliseconds in repetition 345
tcp_ping received 3072 bytes back
Round trip time was 0.030432 milliseconds in repetition 346
tcp_ping received 3072 bytes back
Round trip time was 0.030548 milliseconds in repetition 347
tcp_ping received 3072 bytes back
Round trip time was 0.030668 milliseconds in repetition 348
tcp_ping received 3072 bytes back
Round trip time was 0.030681 milliseconds in repetition 349
tcp_ping received 3072 bytes back
Round trip time was 0.032139 milliseconds in repetition 350
tcp_ping received 3072 bytes back
Round trip time was 0.030776 milliseconds in repetition 351
tcp_ping received 3072 bytes back
Round trip time was 0.030536 milliseconds in repetition 352
tcp_ping received 3072 bytes back
Round trip time was 0.030303 milliseconds in repetition 353
tcp_ping received 3072 bytes back
Round trip time was 0.030661 milliseconds in repetition 354
tcp_ping received 3072 bytes back
Round trip time was 0.030989 milliseconds in repetition 355
tcp_ping received 3072 bytes back
Round trip time was 0.030933 milliseconds in repetition 356
tcp_ping received 3072 bytes back
Round trip time was 0.030733 milliseconds in repetition 357
tcp_ping received 3072 bytes back
Round trip time was 0.030618 milliseconds in repetition 358
tcp_ping received 3072 bytes back
Round trip time was 0.030547 milliseconds in repetition 359
tcp_ping received 3072 bytes back
Round trip time was 0.030304 milliseconds in repetition 360
tcp_ping received 3072 bytes back
Round trip time was 0.030665 milliseconds in repetition 361
tcp_ping received 3072 bytes back
Round trip time was 0.030818 milliseconds in repetition 362
tcp_ping received 3072 bytes back
Round trip time was 0.03072 milliseconds in repetition 363
tcp_ping received 3072 bytes back
Round trip time was 0.030311 milliseconds in repetition 364
tcp_ping received 3072 bytes back
Round trip time was 0.030327 milliseconds in repetition 365
tcp_ping received 3072 bytes back
Round trip time was 0.0308 milliseconds in repetition 366
tcp_ping received 3072 bytes back
Round trip time was 0.030595 milliseconds in repetition 367
tcp_ping received 3072 bytes back
Round trip time was 0.030458 milliseconds in repetition 368
tcp_ping received 3072 bytes back
Round trip time was 0.030482 milliseconds in repetition 369
tcp_ping received 3072 bytes back
Round trip time was 0.030613 milliseconds in repetition 370
tcp_ping received 3072 bytes back
Round trip time was 0.03063 milliseconds in repetition 371
tcp_ping received 3072 bytes back
Round trip time was 0.030531 milliseconds in repetition 372
tcp_ping received 3072 bytes back
Round trip time was 0.030363 milliseconds in repetition 373
tcp_ping received 3072 bytes back
Round trip time was 0.030479 milliseconds in repetition 374
tcp_ping received 3072 bytes back
Round trip time was 0.030589 milliseconds in repetition 375
tcp_ping received 3072 bytes back
Round trip time was 0.030417 milliseconds in repetition 376
tcp_ping received 3072 bytes back
Round trip time was 0.030317 milliseconds in repetition 377
tcp_ping received 3072 bytes back
Round trip time was 0.030791 milliseconds in repetition 378
tcp_ping received 3072 bytes back
Round trip time was 0.031129 milliseconds in repetition 379
tcp_ping received 3072 bytes back
Round trip time was 0.030765 milliseconds in repetition 380
tcp_ping received 3072 bytes back
Round trip time was 0.030674 milliseconds in repetition 381
tcp_ping received 3072 bytes back
Round trip time was 0.032054 milliseconds in repetition 382
tcp_ping received 3072 bytes back
Round trip time was 0.030787 milliseconds in repetition 383
tcp_ping received 3072 bytes back
Round trip time was 0.030477 milliseconds in repetition 384
tcp_ping received 3072 bytes back
Round trip time was 0.030398 milliseconds in repetition 385
tcp_ping received 3072 bytes back
Round trip time was 0.030509 milliseconds in repetition 386
tcp_ping received 3072 bytes back
Round trip time was 0.030538 milliseconds in repetition 387
tcp_ping received 3072 bytes back
Round trip time was 0.03055 milliseconds in repetition 388
tcp_ping received 3072 bytes back
Round trip time was 0.030694 milliseconds in repetition 389
tcp_ping received 3072 bytes back
Round trip time was 0.030766 milliseconds in repetition 390
tcp_ping received 3072 bytes back
Round trip time was 0.030691 milliseconds in repetition 391
tcp_ping received 3072 bytes back
Round trip time was 0.030871 milliseconds in repetition 392
tcp_ping received 3072 bytes back
Round trip time was 0.031683 milliseconds in repetition 393
tcp_ping received 3072 bytes back
Round trip time was 0.030909 milliseconds in repetition 394
tcp_ping received 3072 bytes back
Round trip time was 0.030548 milliseconds in repetition 395
tcp_ping received 3072 bytes back
Round trip time was 0.03051 milliseconds in repetition 396
tcp_ping received 3072 bytes back
Round trip time was 0.030698 milliseconds in repetition 397
tcp_ping received 3072 bytes back
Round trip time was 0.030753 milliseconds in repetition 398
tcp_ping received 3072 bytes back
Round trip time was 0.030469 milliseconds in repetition 399
tcp_ping received 3072 bytes back
Round trip time was 0.030429 milliseconds in repetition 400
tcp_ping received 3072 bytes back
Round trip time was 0.030374 milliseconds in repetition 401
tcp_ping received 3072 bytes back
Round trip time was 0.03068 milliseconds in repetition 402
tcp_ping received 3072 bytes back
Round trip time was 0.030746 milliseconds in repetition 403
tcp_ping received 3072 bytes back
Round trip time was 0.030419 milliseconds in repetition 404
tcp_ping received 3072 bytes back
Round trip time was 0.030548 milliseconds in repetition 405
tcp_ping received 3072 bytes back
Round trip time was 0.03051 milliseconds in repetition 406
tcp_ping received 3072 bytes back
Round trip time was 0.03049 milliseconds in repetition 407
tcp_ping received 3072 bytes back
Round trip time was 0.030537 milliseconds in repetition 408
tcp_ping received 3072 bytes back
Round trip time was 0.030489 milliseconds in repetition 409
tcp_ping received 3072 bytes back
Round trip time was 0.030964 milliseconds in repetition 410
tcp_ping received 3072 bytes back
Round trip time was 0.030775 milliseconds in repetition 411
tcp_ping received 3072 bytes back
Round trip time was 0.030502 milliseconds in repetition 412
tcp_ping received 3072 bytes back
Round trip time was 0.030475 milliseconds in repetition 413
tcp_ping received 3072 bytes back
Round trip time was 0.030478 milliseconds in repetition 414
tcp_ping received 3072 bytes back
Round trip time was 0.03082 milliseconds in repetition 415
tcp_ping received 3072 bytes back
Round trip time was 0.030553 milliseconds in repetition 416
tcp_ping received 3072 bytes back
Round trip time was 0.030683 milliseconds in repetition 417
tcp_ping received 3072 bytes back
Round trip time was 0.030906 milliseconds in repetition 418
tcp_ping received 3072 bytes back
Round trip time was 0.030535 milliseconds in repetition 419
tcp_ping received 3072 bytes back
Round trip time was 0.030515 milliseconds in repetition 420
tcp_ping received 3072 bytes back
Round trip time was 0.030421 milliseconds in repetition 421
tcp_ping received 3072 bytes back
Round trip time was 0.030985 milliseconds in repetition 422
tcp_ping received 3072 bytes back
Round trip time was 0.030582 milliseconds in repetition 423
tcp_ping received 3072 bytes back
Round trip time was 0.030428 milliseconds in repetition 424
tcp_ping received 3072 bytes back
Round trip time was 0.030639 milliseconds in repetition 425
tcp_ping received 3072 bytes back
Round trip time was 0.030744 milliseconds in repetition 426
tcp_ping received 3072 bytes back
Round trip time was 0.030583 milliseconds in repetition 427
tcp_ping received 3072 bytes back
Round trip time was 0.030671 milliseconds in repetition 428
tcp_ping received 3072 bytes back
Round trip time was 0.03021 milliseconds in repetition 429
tcp_ping received 3072 bytes back
Round trip time was 0.030797 milliseconds in repetition 430
tcp_ping received 3072 bytes back
Round trip time was 0.030483 milliseconds in repetition 431
tcp_ping received 3072 bytes back
Round trip time was 0.030221 milliseconds in repetition 432
tcp_ping received 3072 bytes back
Round trip time was 0.030464 milliseconds in repetition 433
tcp_ping received 3072 bytes back
Round trip time was 0.030784 milliseconds in repetition 434
tcp_ping received 3072 bytes back
Round trip time was 0.030615 milliseconds in repetition 435
tcp_ping received 3072 bytes back
Round trip time was 0.030463 milliseconds in repetition 436
tcp_ping received 3072 bytes back
Round trip time was 0.031321 milliseconds in repetition 437
tcp_ping received 3072 bytes back
Round trip time was 0.03103 milliseconds in repetition 438
tcp_ping received 3072 bytes back
Round trip time was 0.030473 milliseconds in repetition 439
tcp_ping received 3072 bytes back
Round trip time was 0.03045 milliseconds in repetition 440
tcp_ping received 3072 bytes back
Round trip time was 0.03061 milliseconds in repetition 441
tcp_ping received 3072 bytes back
Round trip time was 0.031029 milliseconds in repetition 442
tcp_ping received 3072 bytes back
Round trip time was 0.030706 milliseconds in repetition 443
tcp_ping received 3072 bytes back
Round trip time was 0.030551 milliseconds in repetition 444
tcp_ping received 3072 bytes back
Round trip time was 0.030285 milliseconds in repetition 445
tcp_ping received 3072 bytes back
Round trip time was 0.031048 milliseconds in repetition 446
tcp_ping received 3072 bytes back
Round trip time was 0.030699 milliseconds in repetition 447
tcp_ping received 3072 bytes back
Round trip time was 0.030282 milliseconds in repetition 448
tcp_ping received 3072 bytes back
Round trip time was 0.037387 milliseconds in repetition 449
tcp_ping received 3072 bytes back
Round trip time was 0.031445 milliseconds in repetition 450
tcp_ping received 3072 bytes back
Round trip time was 0.030811 milliseconds in repetition 451
tcp_ping received 3072 bytes back
Round trip time was 0.030378 milliseconds in repetition 452
tcp_ping received 3072 bytes back
Round trip time was 0.030952 milliseconds in repetition 453
tcp_ping received 3072 bytes back
Round trip time was 0.031126 milliseconds in repetition 454
tcp_ping received 3072 bytes back
Round trip time was 0.03071 milliseconds in repetition 455
tcp_ping received 3072 bytes back
Round trip time was 0.030457 milliseconds in repetition 456
tcp_ping received 3072 bytes back
Round trip time was 0.030623 milliseconds in repetition 457
tcp_ping received 3072 bytes back
Round trip time was 0.03083 milliseconds in repetition 458
tcp_ping received 3072 bytes back
Round trip time was 0.030737 milliseconds in repetition 459
tcp_ping received 3072 bytes back
Round trip time was 0.030531 milliseconds in repetition 460
tcp_ping received 3072 bytes back
Round trip time was 0.030689 milliseconds in repetition 461
tcp_ping received 3072 bytes back
Round trip time was 0.030521 milliseconds in repetition 462
tcp_ping received 3072 bytes back
Round trip time was 0.030495 milliseconds in repetition 463
tcp_ping received 3072 bytes back
Round trip time was 0.030521 milliseconds in repetition 464
tcp_ping received 3072 bytes back
Round trip time was 0.030817 milliseconds in repetition 465
tcp_ping received 3072 bytes back
Round trip time was 0.030771 milliseconds in repetition 466
tcp_ping received 3072 bytes back
Round trip time was 0.0303 milliseconds in repetition 467
tcp_ping received 3072 bytes back
Round trip time was 0.030525 milliseconds in repetition 468
tcp_ping received 3072 bytes back
Round trip time was 0.030366 milliseconds in repetition 469
tcp_ping received 3072 bytes back
Round trip time was 0.030667 milliseconds in repetition 470
tcp_ping received 3072 bytes back
Round trip time was 0.030358 milliseconds in repetition 471
tcp_ping received 3072 bytes back
Round trip time was 0.03024 milliseconds in repetition 472
tcp_ping received 3072 bytes back
Round trip time was 0.030721 milliseconds in repetition 473
tcp_ping received 3072 bytes back
Round trip time was 0.03068 milliseconds in repetition 474
tcp_ping received 3072 bytes back
Round trip time was 0.030288 milliseconds in repetition 475
tcp_ping received 3072 bytes back
Round trip time was 0.030684 milliseconds in repetition 476
tcp_ping received 3072 bytes back
Round trip time was 0.030606 milliseconds in repetition 477
tcp_ping received 3072 bytes back
Round trip time was 0.030641 milliseconds in repetition 478
tcp_ping received 3072 bytes back
Round trip time was 0.030731 milliseconds in repetition 479
tcp_ping received 3072 bytes back
Round trip time was 0.030431 milliseconds in repetition 480
tcp_ping received 3072 bytes back
Round trip time was 0.032332 milliseconds in repetition 481
tcp_ping received 3072 bytes back
Round trip time was 0.030738 milliseconds in repetition 482
tcp_ping received 3072 bytes back
Round trip time was 0.030118 milliseconds in repetition 483
tcp_ping received 3072 bytes back
Round trip time was 0.030451 milliseconds in repetition 484
tcp_ping received 3072 bytes back
Round trip time was 0.031188 milliseconds in repetition 485
tcp_ping received 3072 bytes back
Round trip time was 0.030874 milliseconds in repetition 486
tcp_ping received 3072 bytes back
Round trip time was 0.030883 milliseconds in repetition 487
tcp_ping received 3072 bytes back
Round trip time was 0.030452 milliseconds in repetition 488
tcp_ping received 3072 bytes back
Round trip time was 0.030785 milliseconds in repetition 489
tcp_ping received 3072 bytes back
Round trip time was 0.030789 milliseconds in repetition 490
tcp_ping received 3072 bytes back
Round trip time was 0.030485 milliseconds in repetition 491
tcp_ping received 3072 bytes back
Round trip time was 0.030304 milliseconds in repetition 492
tcp_ping received 3072 bytes back
Round trip time was 0.030923 milliseconds in repetition 493
tcp_ping received 3072 bytes back
Round trip time was 0.030392 milliseconds in repetition 494
tcp_ping received 3072 bytes back
Round trip time was 0.030441 milliseconds in repetition 495
tcp_ping received 3072 bytes back
Round trip time was 0.030334 milliseconds in repetition 496
tcp_ping received 3072 bytes back
Round trip time was 0.030947 milliseconds in repetition 497
tcp_ping received 3072 bytes back
Round trip time was 0.030778 milliseconds in repetition 498
tcp_ping received 3072 bytes back
Round trip time was 0.030432 milliseconds in repetition 499
tcp_ping received 3072 bytes back
Round trip time was 0.039755 milliseconds in repetition 500

 ... clock resolution was 1e-06
TCP Ping:  Statistics over 500 repetitions of 3072 byte messages

RTT : percentile 10: 0.030354, median: 0.030634, percentile 90: 0.03103, average: 0.0312061, variance: 1.88398e-05

RTT histogram:
0.0300535 470
0.0326142 17
0.0351749 2
0.0377356 4
0.0402963 1
0.042857 0
0.0454177 1
0.0479784 0
0.0505391 0
0.0530998 0
0.0556605 0
0.0582212 0
0.0607819 0
0.0633426 0
0.0659033 0
0.068464 0
0.0710247 4
0.0735854 0
0.0761461 0
0.0787068 0
0.0812675 1

   median Throughput : 200561 KB/s   overall Throughput : 196885 KB/s

