TCP Ping trying to connect to server localhost (127.0.0.1) on port 1491
 ... connected to Pong server: asking for 500 repetitions of 393216 bytes TCP messages
 ... Pong server agreed :-)
tcp_ping received 393216 bytes back
Round trip time was 2.16172 milliseconds in repetition 1
tcp_ping received 393216 bytes back
Round trip time was 2.09675 milliseconds in repetition 2
tcp_ping received 393216 bytes back
Round trip time was 2.09369 milliseconds in repetition 3
tcp_ping received 393216 bytes back
Round trip time was 2.11427 milliseconds in repetition 4
tcp_ping received 393216 bytes back
Round trip time was 2.10778 milliseconds in repetition 5
tcp_ping received 393216 bytes back
Round trip time was 2.10561 milliseconds in repetition 6
tcp_ping received 393216 bytes back
Round trip time was 2.09787 milliseconds in repetition 7
tcp_ping received 393216 bytes back
Round trip time was 2.10548 milliseconds in repetition 8
tcp_ping received 393216 bytes back
Round trip time was 2.10133 milliseconds in repetition 9
tcp_ping received 393216 bytes back
Round trip time was 2.09685 milliseconds in repetition 10
tcp_ping received 393216 bytes back
Round trip time was 2.09948 milliseconds in repetition 11
tcp_ping received 393216 bytes back
Round trip time was 2.09916 milliseconds in repetition 12
tcp_ping received 393216 bytes back
Round trip time was 2.10503 milliseconds in repetition 13
tcp_ping received 393216 bytes back
Round trip time was 2.13047 milliseconds in repetition 14
tcp_ping received 393216 bytes back
Round trip time was 2.1504 milliseconds in repetition 15
tcp_ping received 393216 bytes back
Round trip time was 2.10231 milliseconds in repetition 16
tcp_ping received 393216 bytes back
Round trip time was 2.10588 milliseconds in repetition 17
tcp_ping received 393216 bytes back
Round trip time was 2.09635 milliseconds in repetition 18
tcp_ping received 393216 bytes back
Round trip time was 2.10157 milliseconds in repetition 19
tcp_ping received 393216 bytes back
Round trip time was 2.09648 milliseconds in repetition 20
tcp_ping received 393216 bytes back
Round trip time was 2.09762 milliseconds in repetition 21
tcp_ping received 393216 bytes back
Round trip time was 2.09339 milliseconds in repetition 22
tcp_ping received 393216 bytes back
Round trip time was 2.10144 milliseconds in repetition 23
tcp_ping received 393216 bytes back
Round trip time was 2.09324 milliseconds in repetition 24
tcp_ping received 393216 bytes back
Round trip time was 2.09786 milliseconds in repetition 25
tcp_ping received 393216 bytes back
Round trip time was 2.07893 milliseconds in repetition 26
tcp_ping received 393216 bytes back
Round trip time was 2.09565 milliseconds in repetition 27
tcp_ping received 393216 bytes back
Round trip time was 2.11087 milliseconds in repetition 28
tcp_ping received 393216 bytes back
Round trip time was 2.17975 milliseconds in repetition 29
tcp_ping received 393216 bytes back
Round trip time was 2.10101 milliseconds in repetition 30
tcp_ping received 393216 bytes back
Round trip time was 2.10638 milliseconds in repetition 31
tcp_ping received 393216 bytes back
Round trip time was 2.0976 milliseconds in repetition 32
tcp_ping received 393216 bytes back
Round trip time was 2.09354 milliseconds in repetition 33
tcp_ping received 393216 bytes back
Round trip time was 2.09607 milliseconds in repetition 34
tcp_ping received 393216 bytes back
Round trip time was 2.09283 milliseconds in repetition 35
tcp_ping received 393216 bytes back
Round trip time was 2.09639 milliseconds in repetition 36
tcp_ping received 393216 bytes back
Round trip time was 2.0928 milliseconds in repetition 37
tcp_ping received 393216 bytes back
Round trip time was 2.09485 milliseconds in repetition 38
tcp_ping received 393216 bytes back
Round trip time was 2.09336 milliseconds in repetition 39
tcp_ping received 393216 bytes back
Round trip time was 2.09929 milliseconds in repetition 40
tcp_ping received 393216 bytes back
Round trip time was 2.09371 milliseconds in repetition 41
tcp_ping received 393216 bytes back
Round trip time was 2.09635 milliseconds in repetition 42
tcp_ping received 393216 bytes back
Round trip time was 2.09495 milliseconds in repetition 43
tcp_ping received 393216 bytes back
Round trip time was 2.11259 milliseconds in repetition 44
tcp_ping received 393216 bytes back
Round trip time was 2.0974 milliseconds in repetition 45
tcp_ping received 393216 bytes back
Round trip time was 2.08839 milliseconds in repetition 46
tcp_ping received 393216 bytes back
Round trip time was 2.09596 milliseconds in repetition 47
tcp_ping received 393216 bytes back
Round trip time was 2.09303 milliseconds in repetition 48
tcp_ping received 393216 bytes back
Round trip time was 2.09684 milliseconds in repetition 49
tcp_ping received 393216 bytes back
Round trip time was 2.09359 milliseconds in repetition 50
tcp_ping received 393216 bytes back
Round trip time was 2.09818 milliseconds in repetition 51
tcp_ping received 393216 bytes back
Round trip time was 2.09296 milliseconds in repetition 52
tcp_ping received 393216 bytes back
Round trip time was 2.1114 milliseconds in repetition 53
tcp_ping received 393216 bytes back
Round trip time was 2.08965 milliseconds in repetition 54
tcp_ping received 393216 bytes back
Round trip time was 2.09547 milliseconds in repetition 55
tcp_ping received 393216 bytes back
Round trip time was 2.09529 milliseconds in repetition 56
tcp_ping received 393216 bytes back
Round trip time was 2.09698 milliseconds in repetition 57
tcp_ping received 393216 bytes back
Round trip time was 2.0932 milliseconds in repetition 58
tcp_ping received 393216 bytes back
Round trip time was 2.09786 milliseconds in repetition 59
tcp_ping received 393216 bytes back
Round trip time was 2.09224 milliseconds in repetition 60
tcp_ping received 393216 bytes back
Round trip time was 2.09552 milliseconds in repetition 61
tcp_ping received 393216 bytes back
Round trip time was 2.09036 milliseconds in repetition 62
tcp_ping received 393216 bytes back
Round trip time was 2.09628 milliseconds in repetition 63
tcp_ping received 393216 bytes back
Round trip time was 2.09707 milliseconds in repetition 64
tcp_ping received 393216 bytes back
Round trip time was 2.09333 milliseconds in repetition 65
tcp_ping received 393216 bytes back
Round trip time was 2.09681 milliseconds in repetition 66
tcp_ping received 393216 bytes back
Round trip time was 2.09574 milliseconds in repetition 67
tcp_ping received 393216 bytes back
Round trip time was 2.09467 milliseconds in repetition 68
tcp_ping received 393216 bytes back
Round trip time was 2.09513 milliseconds in repetition 69
tcp_ping received 393216 bytes back
Round trip time was 2.09706 milliseconds in repetition 70
tcp_ping received 393216 bytes back
Round trip time was 2.09219 milliseconds in repetition 71
tcp_ping received 393216 bytes back
Round trip time was 2.09693 milliseconds in repetition 72
tcp_ping received 393216 bytes back
Round trip time was 2.09352 milliseconds in repetition 73
tcp_ping received 393216 bytes back
Round trip time was 2.09833 milliseconds in repetition 74
tcp_ping received 393216 bytes back
Round trip time was 2.09359 milliseconds in repetition 75
tcp_ping received 393216 bytes back
Round trip time was 2.09748 milliseconds in repetition 76
tcp_ping received 393216 bytes back
Round trip time was 2.15206 milliseconds in repetition 77
tcp_ping received 393216 bytes back
Round trip time was 2.09887 milliseconds in repetition 78
tcp_ping received 393216 bytes back
Round trip time was 2.09339 milliseconds in repetition 79
tcp_ping received 393216 bytes back
Round trip time was 2.09509 milliseconds in repetition 80
tcp_ping received 393216 bytes back
Round trip time was 2.09367 milliseconds in repetition 81
tcp_ping received 393216 bytes back
Round trip time was 2.1012 milliseconds in repetition 82
tcp_ping received 393216 bytes back
Round trip time was 2.17746 milliseconds in repetition 83
tcp_ping received 393216 bytes back
Round trip time was 2.09226 milliseconds in repetition 84
tcp_ping received 393216 bytes back
Round trip time was 2.10108 milliseconds in repetition 85
tcp_ping received 393216 bytes back
Round trip time was 2.10412 milliseconds in repetition 86
tcp_ping received 393216 bytes back
Round trip time was 2.09943 milliseconds in repetition 87
tcp_ping received 393216 bytes back
Round trip time was 2.09924 milliseconds in repetition 88
tcp_ping received 393216 bytes back
Round trip time was 2.1006 milliseconds in repetition 89
tcp_ping received 393216 bytes back
Round trip time was 2.10079 milliseconds in repetition 90
tcp_ping received 393216 bytes back
Round trip time was 2.09833 milliseconds in repetition 91
tcp_ping received 393216 bytes back
Round trip time was 2.09308 milliseconds in repetition 92
tcp_ping received 393216 bytes back
Round trip time was 2.1004 milliseconds in repetition 93
tcp_ping received 393216 bytes back
Round trip time was 2.09504 milliseconds in repetition 94
tcp_ping received 393216 bytes back
Round trip time was 2.09532 milliseconds in repetition 95
tcp_ping received 393216 bytes back
Round trip time was 2.09709 milliseconds in repetition 96
tcp_ping received 393216 bytes back
Round trip time was 2.09766 milliseconds in repetition 97
tcp_ping received 393216 bytes back
Round trip time was 2.0925 milliseconds in repetition 98
tcp_ping received 393216 bytes back
Round trip time was 2.1027 milliseconds in repetition 99
tcp_ping received 393216 bytes back
Round trip time was 2.10204 milliseconds in repetition 100
tcp_ping received 393216 bytes back
Round trip time was 2.10968 milliseconds in repetition 101
tcp_ping received 393216 bytes back
Round trip time was 2.09941 milliseconds in repetition 102
tcp_ping received 393216 bytes back
Round trip time was 2.09387 milliseconds in repetition 103
tcp_ping received 393216 bytes back
Round trip time was 2.10204 milliseconds in repetition 104
tcp_ping received 393216 bytes back
Round trip time was 2.09985 milliseconds in repetition 105
tcp_ping received 393216 bytes back
Round trip time was 2.09834 milliseconds in repetition 106
tcp_ping received 393216 bytes back
Round trip time was 2.09486 milliseconds in repetition 107
tcp_ping received 393216 bytes back
Round trip time was 2.09847 milliseconds in repetition 108
tcp_ping received 393216 bytes back
Round trip time was 2.09481 milliseconds in repetition 109
tcp_ping received 393216 bytes back
Round trip time was 2.09867 milliseconds in repetition 110
tcp_ping received 393216 bytes back
Round trip time was 2.09328 milliseconds in repetition 111
tcp_ping received 393216 bytes back
Round trip time was 2.09815 milliseconds in repetition 112
tcp_ping received 393216 bytes back
Round trip time was 2.09378 milliseconds in repetition 113
tcp_ping received 393216 bytes back
Round trip time was 2.10006 milliseconds in repetition 114
tcp_ping received 393216 bytes back
Round trip time was 2.09404 milliseconds in repetition 115
tcp_ping received 393216 bytes back
Round trip time was 2.09767 milliseconds in repetition 116
tcp_ping received 393216 bytes back
Round trip time was 2.09347 milliseconds in repetition 117
tcp_ping received 393216 bytes back
Round trip time was 2.0996 milliseconds in repetition 118
tcp_ping received 393216 bytes back
Round trip time was 2.10244 milliseconds in repetition 119
tcp_ping received 393216 bytes back
Round trip time was 2.09663 milliseconds in repetition 120
tcp_ping received 393216 bytes back
Round trip time was 2.09794 milliseconds in repetition 121
tcp_ping received 393216 bytes back
Round trip time was 2.09541 milliseconds in repetition 122
tcp_ping received 393216 bytes back
Round trip time was 2.09666 milliseconds in repetition 123
tcp_ping received 393216 bytes back
Round trip time was 2.12333 milliseconds in repetition 124
tcp_ping received 393216 bytes back
Round trip time was 2.10062 milliseconds in repetition 125
tcp_ping received 393216 bytes back
Round trip time was 2.09424 milliseconds in repetition 126
tcp_ping received 393216 bytes back
Round trip time was 2.09955 milliseconds in repetition 127
tcp_ping received 393216 bytes back
Round trip time was 2.1403 milliseconds in repetition 128
tcp_ping received 393216 bytes back
Round trip time was 2.11159 milliseconds in repetition 129
tcp_ping received 393216 bytes back
Round trip time was 2.09177 milliseconds in repetition 130
tcp_ping received 393216 bytes back
Round trip time was 2.11217 milliseconds in repetition 131
tcp_ping received 393216 bytes back
Round trip time was 2.09391 milliseconds in repetition 132
tcp_ping received 393216 bytes back
Round trip time was 2.09856 milliseconds in repetition 133
tcp_ping received 393216 bytes back
Round trip time was 2.09592 milliseconds in repetition 134
tcp_ping received 393216 bytes back
Round trip time was 2.09754 milliseconds in repetition 135
tcp_ping received 393216 bytes back
Round trip time was 2.09404 milliseconds in repetition 136
tcp_ping received 393216 bytes back
Round trip time was 2.10056 milliseconds in repetition 137
tcp_ping received 393216 bytes back
Round trip time was 2.08175 milliseconds in repetition 138
tcp_ping received 393216 bytes back
Round trip time was 2.09798 milliseconds in repetition 139
tcp_ping received 393216 bytes back
Round trip time was 2.10912 milliseconds in repetition 140
tcp_ping received 393216 bytes back
Round trip time was 2.09576 milliseconds in repetition 141
tcp_ping received 393216 bytes back
Round trip time was 2.09967 milliseconds in repetition 142
tcp_ping received 393216 bytes back
Round trip time was 2.09022 milliseconds in repetition 143
tcp_ping received 393216 bytes back
Round trip time was 2.09839 milliseconds in repetition 144
tcp_ping received 393216 bytes back
Round trip time was 2.09353 milliseconds in repetition 145
tcp_ping received 393216 bytes back
Round trip time was 2.09745 milliseconds in repetition 146
tcp_ping received 393216 bytes back
Round trip time was 2.09388 milliseconds in repetition 147
tcp_ping received 393216 bytes back
Round trip time was 2.09812 milliseconds in repetition 148
tcp_ping received 393216 bytes back
Round trip time was 2.09565 milliseconds in repetition 149
tcp_ping received 393216 bytes back
Round trip time was 2.11073 milliseconds in repetition 150
tcp_ping received 393216 bytes back
Round trip time was 2.09465 milliseconds in repetition 151
tcp_ping received 393216 bytes back
Round trip time was 2.09648 milliseconds in repetition 152
tcp_ping received 393216 bytes back
Round trip time was 2.09316 milliseconds in repetition 153
tcp_ping received 393216 bytes back
Round trip time was 2.09654 milliseconds in repetition 154
tcp_ping received 393216 bytes back
Round trip time was 2.09539 milliseconds in repetition 155
tcp_ping received 393216 bytes back
Round trip time was 2.09701 milliseconds in repetition 156
tcp_ping received 393216 bytes back
Round trip time was 2.09604 milliseconds in repetition 157
tcp_ping received 393216 bytes back
Round trip time was 2.09457 milliseconds in repetition 158
tcp_ping received 393216 bytes back
Round trip time was 2.10207 milliseconds in repetition 159
tcp_ping received 393216 bytes back
Round trip time was 2.09593 milliseconds in repetition 160
tcp_ping received 393216 bytes back
Round trip time was 2.09573 milliseconds in repetition 161
tcp_ping received 393216 bytes back
Round trip time was 2.09697 milliseconds in repetition 162
tcp_ping received 393216 bytes back
Round trip time was 2.10177 milliseconds in repetition 163
tcp_ping received 393216 bytes back
Round trip time was 2.09561 milliseconds in repetition 164
tcp_ping received 393216 bytes back
Round trip time was 2.10061 milliseconds in repetition 165
tcp_ping received 393216 bytes back
Round trip time was 2.09498 milliseconds in repetition 166
tcp_ping received 393216 bytes back
Round trip time was 2.09517 milliseconds in repetition 167
tcp_ping received 393216 bytes back
Round trip time was 2.09372 milliseconds in repetition 168
tcp_ping received 393216 bytes back
Round trip time was 2.09816 milliseconds in repetition 169
tcp_ping received 393216 bytes back
Round trip time was 2.09596 milliseconds in repetition 170
tcp_ping received 393216 bytes back
Round trip time was 2.09729 milliseconds in repetition 171
tcp_ping received 393216 bytes back
Round trip time was 2.12383 milliseconds in repetition 172
tcp_ping received 393216 bytes back
Round trip time was 2.09771 milliseconds in repetition 173
tcp_ping received 393216 bytes back
Round trip time was 2.09301 milliseconds in repetition 174
tcp_ping received 393216 bytes back
Round trip time was 2.09623 milliseconds in repetition 175
tcp_ping received 393216 bytes back
Round trip time was 2.09476 milliseconds in repetition 176
tcp_ping received 393216 bytes back
Round trip time was 2.09159 milliseconds in repetition 177
tcp_ping received 393216 bytes back
Round trip time was 2.09895 milliseconds in repetition 178
tcp_ping received 393216 bytes back
Round trip time was 2.09314 milliseconds in repetition 179
tcp_ping received 393216 bytes back
Round trip time was 2.09723 milliseconds in repetition 180
tcp_ping received 393216 bytes back
Round trip time was 2.09495 milliseconds in repetition 181
tcp_ping received 393216 bytes back
Round trip time was 2.10154 milliseconds in repetition 182
tcp_ping received 393216 bytes back
Round trip time was 2.09307 milliseconds in repetition 183
tcp_ping received 393216 bytes back
Round trip time was 2.09926 milliseconds in repetition 184
tcp_ping received 393216 bytes back
Round trip time was 2.13543 milliseconds in repetition 185
tcp_ping received 393216 bytes back
Round trip time was 2.10196 milliseconds in repetition 186
tcp_ping received 393216 bytes back
Round trip time was 2.09944 milliseconds in repetition 187
tcp_ping received 393216 bytes back
Round trip time was 2.09926 milliseconds in repetition 188
tcp_ping received 393216 bytes back
Round trip time was 2.09483 milliseconds in repetition 189
tcp_ping received 393216 bytes back
Round trip time was 2.09797 milliseconds in repetition 190
tcp_ping received 393216 bytes back
Round trip time was 2.09262 milliseconds in repetition 191
tcp_ping received 393216 bytes back
Round trip time was 2.09664 milliseconds in repetition 192
tcp_ping received 393216 bytes back
Round trip time was 2.09783 milliseconds in repetition 193
tcp_ping received 393216 bytes back
Round trip time was 2.0953 milliseconds in repetition 194
tcp_ping received 393216 bytes back
Round trip time was 2.10327 milliseconds in repetition 195
tcp_ping received 393216 bytes back
Round trip time was 2.09536 milliseconds in repetition 196
tcp_ping received 393216 bytes back
Round trip time was 2.09614 milliseconds in repetition 197
tcp_ping received 393216 bytes back
Round trip time was 2.10779 milliseconds in repetition 198
tcp_ping received 393216 bytes back
Round trip time was 2.10256 milliseconds in repetition 199
tcp_ping received 393216 bytes back
Round trip time was 2.09408 milliseconds in repetition 200
tcp_ping received 393216 bytes back
Round trip time was 2.10405 milliseconds in repetition 201
tcp_ping received 393216 bytes back
Round trip time was 2.09556 milliseconds in repetition 202
tcp_ping received 393216 bytes back
Round trip time was 2.09793 milliseconds in repetition 203
tcp_ping received 393216 bytes back
Round trip time was 2.09105 milliseconds in repetition 204
tcp_ping received 393216 bytes back
Round trip time was 2.10261 milliseconds in repetition 205
tcp_ping received 393216 bytes back
Round trip time was 2.09451 milliseconds in repetition 206
tcp_ping received 393216 bytes back
Round trip time was 2.09811 milliseconds in repetition 207
tcp_ping received 393216 bytes back
Round trip time was 2.09567 milliseconds in repetition 208
tcp_ping received 393216 bytes back
Round trip time was 2.09648 milliseconds in repetition 209
tcp_ping received 393216 bytes back
Round trip time was 2.09439 milliseconds in repetition 210
tcp_ping received 393216 bytes back
Round trip time was 2.09824 milliseconds in repetition 211
tcp_ping received 393216 bytes back
Round trip time was 2.09479 milliseconds in repetition 212
tcp_ping received 393216 bytes back
Round trip time was 2.09542 milliseconds in repetition 213
tcp_ping received 393216 bytes back
Round trip time was 2.09894 milliseconds in repetition 214
tcp_ping received 393216 bytes back
Round trip time was 2.09563 milliseconds in repetition 215
tcp_ping received 393216 bytes back
Round trip time was 2.09858 milliseconds in repetition 216
tcp_ping received 393216 bytes back
Round trip time was 2.09689 milliseconds in repetition 217
tcp_ping received 393216 bytes back
Round trip time was 2.09901 milliseconds in repetition 218
tcp_ping received 393216 bytes back
Round trip time was 2.10252 milliseconds in repetition 219
tcp_ping received 393216 bytes back
Round trip time was 2.09807 milliseconds in repetition 220
tcp_ping received 393216 bytes back
Round trip time was 2.09415 milliseconds in repetition 221
tcp_ping received 393216 bytes back
Round trip time was 2.09675 milliseconds in repetition 222
tcp_ping received 393216 bytes back
Round trip time was 2.09215 milliseconds in repetition 223
tcp_ping received 393216 bytes back
Round trip time was 2.09603 milliseconds in repetition 224
tcp_ping received 393216 bytes back
Round trip time was 2.09 milliseconds in repetition 225
tcp_ping received 393216 bytes back
Round trip time was 2.10629 milliseconds in repetition 226
tcp_ping received 393216 bytes back
Round trip time was 2.09171 milliseconds in repetition 227
tcp_ping received 393216 bytes back
Round trip time was 2.09867 milliseconds in repetition 228
tcp_ping received 393216 bytes back
Round trip time was 2.09341 milliseconds in repetition 229
tcp_ping received 393216 bytes back
Round trip time was 2.09393 milliseconds in repetition 230
tcp_ping received 393216 bytes back
Round trip time was 2.09278 milliseconds in repetition 231
tcp_ping received 393216 bytes back
Round trip time was 2.09643 milliseconds in repetition 232
tcp_ping received 393216 bytes back
Round trip time was 2.09837 milliseconds in repetition 233
tcp_ping received 393216 bytes back
Round trip time was 2.094 milliseconds in repetition 234
tcp_ping received 393216 bytes back
Round trip time was 2.09592 milliseconds in repetition 235
tcp_ping received 393216 bytes back
Round trip time was 2.09058 milliseconds in repetition 236
tcp_ping received 393216 bytes back
Round trip time was 2.09689 milliseconds in repetition 237
tcp_ping received 393216 bytes back
Round trip time was 2.09364 milliseconds in repetition 238
tcp_ping received 393216 bytes back
Round trip time was 2.10449 milliseconds in repetition 239
tcp_ping received 393216 bytes back
Round trip time was 2.09383 milliseconds in repetition 240
tcp_ping received 393216 bytes back
Round trip time was 2.09703 milliseconds in repetition 241
tcp_ping received 393216 bytes back
Round trip time was 2.09273 milliseconds in repetition 242
tcp_ping received 393216 bytes back
Round trip time was 2.09802 milliseconds in repetition 243
tcp_ping received 393216 bytes back
Round trip time was 2.09644 milliseconds in repetition 244
tcp_ping received 393216 bytes back
Round trip time was 2.09978 milliseconds in repetition 245
tcp_ping received 393216 bytes back
Round trip time was 2.09359 milliseconds in repetition 246
tcp_ping received 393216 bytes back
Round trip time was 2.11878 milliseconds in repetition 247
tcp_ping received 393216 bytes back
Round trip time was 2.09264 milliseconds in repetition 248
tcp_ping received 393216 bytes back
Round trip time was 2.83857 milliseconds in repetition 249
tcp_ping received 393216 bytes back
Round trip time was 3.14737 milliseconds in repetition 250
tcp_ping received 393216 bytes back
Round trip time was 3.17686 milliseconds in repetition 251
tcp_ping received 393216 bytes back
Round trip time was 2.27289 milliseconds in repetition 252
tcp_ping received 393216 bytes back
Round trip time was 2.17054 milliseconds in repetition 253
tcp_ping received 393216 bytes back
Round trip time was 2.16884 milliseconds in repetition 254
tcp_ping received 393216 bytes back
Round trip time was 2.14909 milliseconds in repetition 255
tcp_ping received 393216 bytes back
Round trip time was 2.14585 milliseconds in repetition 256
tcp_ping received 393216 bytes back
Round trip time was 2.11194 milliseconds in repetition 257
tcp_ping received 393216 bytes back
Round trip time was 2.15196 milliseconds in repetition 258
tcp_ping received 393216 bytes back
Round trip time was 2.10854 milliseconds in repetition 259
tcp_ping received 393216 bytes back
Round trip time was 2.10995 milliseconds in repetition 260
tcp_ping received 393216 bytes back
Round trip time was 2.10419 milliseconds in repetition 261
tcp_ping received 393216 bytes back
Round trip time was 2.10945 milliseconds in repetition 262
tcp_ping received 393216 bytes back
Round trip time was 2.10507 milliseconds in repetition 263
tcp_ping received 393216 bytes back
Round trip time was 2.10916 milliseconds in repetition 264
tcp_ping received 393216 bytes back
Round trip time was 2.10604 milliseconds in repetition 265
tcp_ping received 393216 bytes back
Round trip time was 2.1114 milliseconds in repetition 266
tcp_ping received 393216 bytes back
Round trip time was 2.10424 milliseconds in repetition 267
tcp_ping received 393216 bytes back
Round trip time was 2.10969 milliseconds in repetition 268
tcp_ping received 393216 bytes back
Round trip time was 2.10698 milliseconds in repetition 269
tcp_ping received 393216 bytes back
Round trip time was 2.11097 milliseconds in repetition 270
tcp_ping received 393216 bytes back
Round trip time was 2.27081 milliseconds in repetition 271
tcp_ping received 393216 bytes back
Round trip time was 2.3797 milliseconds in repetition 272
tcp_ping received 393216 bytes back
Round trip time was 2.39375 milliseconds in repetition 273
tcp_ping received 393216 bytes back
Round trip time was 2.37926 milliseconds in repetition 274
tcp_ping received 393216 bytes back
Round trip time was 2.38343 milliseconds in repetition 275
tcp_ping received 393216 bytes back
Round trip time was 2.38617 milliseconds in repetition 276
tcp_ping received 393216 bytes back
Round trip time was 2.38223 milliseconds in repetition 277
tcp_ping received 393216 bytes back
Round trip time was 2.38 milliseconds in repetition 278
tcp_ping received 393216 bytes back
Round trip time was 2.35563 milliseconds in repetition 279
tcp_ping received 393216 bytes back
Round trip time was 2.39272 milliseconds in repetition 280
tcp_ping received 393216 bytes back
Round trip time was 2.37786 milliseconds in repetition 281
tcp_ping received 393216 bytes back
Round trip time was 2.38442 milliseconds in repetition 282
tcp_ping received 393216 bytes back
Round trip time was 2.38092 milliseconds in repetition 283
tcp_ping received 393216 bytes back
Round trip time was 2.37773 milliseconds in repetition 284
tcp_ping received 393216 bytes back
Round trip time was 2.38583 milliseconds in repetition 285
tcp_ping received 393216 bytes back
Round trip time was 2.37568 milliseconds in repetition 286
tcp_ping received 393216 bytes back
Round trip time was 2.37908 milliseconds in repetition 287
tcp_ping received 393216 bytes back
Round trip time was 2.3805 milliseconds in repetition 288
tcp_ping received 393216 bytes back
Round trip time was 2.38093 milliseconds in repetition 289
tcp_ping received 393216 bytes back
Round trip time was 2.3789 milliseconds in repetition 290
tcp_ping received 393216 bytes back
Round trip time was 2.37583 milliseconds in repetition 291
tcp_ping received 393216 bytes back
Round trip time was 2.3814 milliseconds in repetition 292
tcp_ping received 393216 bytes back
Round trip time was 2.37945 milliseconds in repetition 293
tcp_ping received 393216 bytes back
Round trip time was 2.37873 milliseconds in repetition 294
tcp_ping received 393216 bytes back
Round trip time was 2.38014 milliseconds in repetition 295
tcp_ping received 393216 bytes back
Round trip time was 2.3765 milliseconds in repetition 296
tcp_ping received 393216 bytes back
Round trip time was 2.3789 milliseconds in repetition 297
tcp_ping received 393216 bytes back
Round trip time was 2.38178 milliseconds in repetition 298
tcp_ping received 393216 bytes back
Round trip time was 2.37461 milliseconds in repetition 299
tcp_ping received 393216 bytes back
Round trip time was 2.37796 milliseconds in repetition 300
tcp_ping received 393216 bytes back
Round trip time was 2.37379 milliseconds in repetition 301
tcp_ping received 393216 bytes back
Round trip time was 2.37714 milliseconds in repetition 302
tcp_ping received 393216 bytes back
Round trip time was 2.37943 milliseconds in repetition 303
tcp_ping received 393216 bytes back
Round trip time was 2.37416 milliseconds in repetition 304
tcp_ping received 393216 bytes back
Round trip time was 2.37889 milliseconds in repetition 305
tcp_ping received 393216 bytes back
Round trip time was 2.37411 milliseconds in repetition 306
tcp_ping received 393216 bytes back
Round trip time was 2.37936 milliseconds in repetition 307
tcp_ping received 393216 bytes back
Round trip time was 2.38037 milliseconds in repetition 308
tcp_ping received 393216 bytes back
Round trip time was 2.3734 milliseconds in repetition 309
tcp_ping received 393216 bytes back
Round trip time was 2.37948 milliseconds in repetition 310
tcp_ping received 393216 bytes back
Round trip time was 2.37598 milliseconds in repetition 311
tcp_ping received 393216 bytes back
Round trip time was 2.37194 milliseconds in repetition 312
tcp_ping received 393216 bytes back
Round trip time was 2.10474 milliseconds in repetition 313
tcp_ping received 393216 bytes back
Round trip time was 2.10626 milliseconds in repetition 314
tcp_ping received 393216 bytes back
Round trip time was 2.10278 milliseconds in repetition 315
tcp_ping received 393216 bytes back
Round trip time was 2.10609 milliseconds in repetition 316
tcp_ping received 393216 bytes back
Round trip time was 2.10535 milliseconds in repetition 317
tcp_ping received 393216 bytes back
Round trip time was 2.10228 milliseconds in repetition 318
tcp_ping received 393216 bytes back
Round trip time was 2.10615 milliseconds in repetition 319
tcp_ping received 393216 bytes back
Round trip time was 2.10495 milliseconds in repetition 320
tcp_ping received 393216 bytes back
Round trip time was 2.10639 milliseconds in repetition 321
tcp_ping received 393216 bytes back
Round trip time was 2.10261 milliseconds in repetition 322
tcp_ping received 393216 bytes back
Round trip time was 2.10666 milliseconds in repetition 323
tcp_ping received 393216 bytes back
Round trip time was 2.10223 milliseconds in repetition 324
tcp_ping received 393216 bytes back
Round trip time was 2.10542 milliseconds in repetition 325
tcp_ping received 393216 bytes back
Round trip time was 2.11005 milliseconds in repetition 326
tcp_ping received 393216 bytes back
Round trip time was 2.107 milliseconds in repetition 327
tcp_ping received 393216 bytes back
Round trip time was 2.10303 milliseconds in repetition 328
tcp_ping received 393216 bytes back
Round trip time was 2.11098 milliseconds in repetition 329
tcp_ping received 393216 bytes back
Round trip time was 2.10443 milliseconds in repetition 330
tcp_ping received 393216 bytes back
Round trip time was 2.11462 milliseconds in repetition 331
tcp_ping received 393216 bytes back
Round trip time was 2.10335 milliseconds in repetition 332
tcp_ping received 393216 bytes back
Round trip time was 2.10679 milliseconds in repetition 333
tcp_ping received 393216 bytes back
Round trip time was 2.09104 milliseconds in repetition 334
tcp_ping received 393216 bytes back
Round trip time was 2.10528 milliseconds in repetition 335
tcp_ping received 393216 bytes back
Round trip time was 2.10617 milliseconds in repetition 336
tcp_ping received 393216 bytes back
Round trip time was 2.10568 milliseconds in repetition 337
tcp_ping received 393216 bytes back
Round trip time was 2.10652 milliseconds in repetition 338
tcp_ping received 393216 bytes back
Round trip time was 2.11021 milliseconds in repetition 339
tcp_ping received 393216 bytes back
Round trip time was 2.10712 milliseconds in repetition 340
tcp_ping received 393216 bytes back
Round trip time was 2.10533 milliseconds in repetition 341
tcp_ping received 393216 bytes back
Round trip time was 2.10707 milliseconds in repetition 342
tcp_ping received 393216 bytes back
Round trip time was 2.10697 milliseconds in repetition 343
tcp_ping received 393216 bytes back
Round trip time was 2.10726 milliseconds in repetition 344
tcp_ping received 393216 bytes back
Round trip time was 2.10089 milliseconds in repetition 345
tcp_ping received 393216 bytes back
Round trip time was 2.10943 milliseconds in repetition 346
tcp_ping received 393216 bytes back
Round trip time was 2.10185 milliseconds in repetition 347
tcp_ping received 393216 bytes back
Round trip time was 2.1096 milliseconds in repetition 348
tcp_ping received 393216 bytes back
Round trip time was 2.10826 milliseconds in repetition 349
tcp_ping received 393216 bytes back
Round trip time was 2.10685 milliseconds in repetition 350
tcp_ping received 393216 bytes back
Round trip time was 2.10905 milliseconds in repetition 351
tcp_ping received 393216 bytes back
Round trip time was 2.10429 milliseconds in repetition 352
tcp_ping received 393216 bytes back
Round trip time was 2.10635 milliseconds in repetition 353
tcp_ping received 393216 bytes back
Round trip time was 2.10356 milliseconds in repetition 354
tcp_ping received 393216 bytes back
Round trip time was 2.10655 milliseconds in repetition 355
tcp_ping received 393216 bytes back
Round trip time was 2.10195 milliseconds in repetition 356
tcp_ping received 393216 bytes back
Round trip time was 2.10732 milliseconds in repetition 357
tcp_ping received 393216 bytes back
Round trip time was 2.10151 milliseconds in repetition 358
tcp_ping received 393216 bytes back
Round trip time was 2.10591 milliseconds in repetition 359
tcp_ping received 393216 bytes back
Round trip time was 2.10363 milliseconds in repetition 360
tcp_ping received 393216 bytes back
Round trip time was 2.10916 milliseconds in repetition 361
tcp_ping received 393216 bytes back
Round trip time was 2.1037 milliseconds in repetition 362
tcp_ping received 393216 bytes back
Round trip time was 2.10725 milliseconds in repetition 363
tcp_ping received 393216 bytes back
Round trip time was 2.10391 milliseconds in repetition 364
tcp_ping received 393216 bytes back
Round trip time was 2.10515 milliseconds in repetition 365
tcp_ping received 393216 bytes back
Round trip time was 2.1014 milliseconds in repetition 366
tcp_ping received 393216 bytes back
Round trip time was 2.10572 milliseconds in repetition 367
tcp_ping received 393216 bytes back
Round trip time was 2.10205 milliseconds in repetition 368
tcp_ping received 393216 bytes back
Round trip time was 2.10812 milliseconds in repetition 369
tcp_ping received 393216 bytes back
Round trip time was 2.10728 milliseconds in repetition 370
tcp_ping received 393216 bytes back
Round trip time was 2.10232 milliseconds in repetition 371
tcp_ping received 393216 bytes back
Round trip time was 2.08413 milliseconds in repetition 372
tcp_ping received 393216 bytes back
Round trip time was 2.10847 milliseconds in repetition 373
tcp_ping received 393216 bytes back
Round trip time was 2.11241 milliseconds in repetition 374
tcp_ping received 393216 bytes back
Round trip time was 2.10291 milliseconds in repetition 375
tcp_ping received 393216 bytes back
Round trip time was 2.10892 milliseconds in repetition 376
tcp_ping received 393216 bytes back
Round trip time was 2.10668 milliseconds in repetition 377
tcp_ping received 393216 bytes back
Round trip time was 2.10802 milliseconds in repetition 378
tcp_ping received 393216 bytes back
Round trip time was 2.10289 milliseconds in repetition 379
tcp_ping received 393216 bytes back
Round trip time was 2.10593 milliseconds in repetition 380
tcp_ping received 393216 bytes back
Round trip time was 2.10251 milliseconds in repetition 381
tcp_ping received 393216 bytes back
Round trip time was 2.10656 milliseconds in repetition 382
tcp_ping received 393216 bytes back
Round trip time was 2.10599 milliseconds in repetition 383
tcp_ping received 393216 bytes back
Round trip time was 2.10772 milliseconds in repetition 384
tcp_ping received 393216 bytes back
Round trip time was 2.10389 milliseconds in repetition 385
tcp_ping received 393216 bytes back
Round trip time was 2.10748 milliseconds in repetition 386
tcp_ping received 393216 bytes back
Round trip time was 2.10805 milliseconds in repetition 387
tcp_ping received 393216 bytes back
Round trip time was 2.10572 milliseconds in repetition 388
tcp_ping received 393216 bytes back
Round trip time was 2.10806 milliseconds in repetition 389
tcp_ping received 393216 bytes back
Round trip time was 2.10298 milliseconds in repetition 390
tcp_ping received 393216 bytes back
Round trip time was 2.10643 milliseconds in repetition 391
tcp_ping received 393216 bytes back
Round trip time was 2.10293 milliseconds in repetition 392
tcp_ping received 393216 bytes back
Round trip time was 2.10727 milliseconds in repetition 393
tcp_ping received 393216 bytes back
Round trip time was 2.10498 milliseconds in repetition 394
tcp_ping received 393216 bytes back
Round trip time was 2.10827 milliseconds in repetition 395
tcp_ping received 393216 bytes back
Round trip time was 2.10537 milliseconds in repetition 396
tcp_ping received 393216 bytes back
Round trip time was 2.1076 milliseconds in repetition 397
tcp_ping received 393216 bytes back
Round trip time was 2.10793 milliseconds in repetition 398
tcp_ping received 393216 bytes back
Round trip time was 2.1057 milliseconds in repetition 399
tcp_ping received 393216 bytes back
Round trip time was 2.10105 milliseconds in repetition 400
tcp_ping received 393216 bytes back
Round trip time was 2.10947 milliseconds in repetition 401
tcp_ping received 393216 bytes back
Round trip time was 2.10455 milliseconds in repetition 402
tcp_ping received 393216 bytes back
Round trip time was 2.10759 milliseconds in repetition 403
tcp_ping received 393216 bytes back
Round trip time was 2.11026 milliseconds in repetition 404
tcp_ping received 393216 bytes back
Round trip time was 2.10259 milliseconds in repetition 405
tcp_ping received 393216 bytes back
Round trip time was 2.11318 milliseconds in repetition 406
tcp_ping received 393216 bytes back
Round trip time was 2.10666 milliseconds in repetition 407
tcp_ping received 393216 bytes back
Round trip time was 2.10718 milliseconds in repetition 408
tcp_ping received 393216 bytes back
Round trip time was 2.10721 milliseconds in repetition 409
tcp_ping received 393216 bytes back
Round trip time was 2.1058 milliseconds in repetition 410
tcp_ping received 393216 bytes back
Round trip time was 2.10511 milliseconds in repetition 411
tcp_ping received 393216 bytes back
Round trip time was 2.10509 milliseconds in repetition 412
tcp_ping received 393216 bytes back
Round trip time was 2.10303 milliseconds in repetition 413
tcp_ping received 393216 bytes back
Round trip time was 2.12061 milliseconds in repetition 414
tcp_ping received 393216 bytes back
Round trip time was 2.10658 milliseconds in repetition 415
tcp_ping received 393216 bytes back
Round trip time was 2.11452 milliseconds in repetition 416
tcp_ping received 393216 bytes back
Round trip time was 2.12053 milliseconds in repetition 417
tcp_ping received 393216 bytes back
Round trip time was 2.10997 milliseconds in repetition 418
tcp_ping received 393216 bytes back
Round trip time was 2.10503 milliseconds in repetition 419
tcp_ping received 393216 bytes back
Round trip time was 2.11014 milliseconds in repetition 420
tcp_ping received 393216 bytes back
Round trip time was 2.10405 milliseconds in repetition 421
tcp_ping received 393216 bytes back
Round trip time was 2.10853 milliseconds in repetition 422
tcp_ping received 393216 bytes back
Round trip time was 2.10845 milliseconds in repetition 423
tcp_ping received 393216 bytes back
Round trip time was 2.10625 milliseconds in repetition 424
tcp_ping received 393216 bytes back
Round trip time was 2.10902 milliseconds in repetition 425
tcp_ping received 393216 bytes back
Round trip time was 2.10391 milliseconds in repetition 426
tcp_ping received 393216 bytes back
Round trip time was 2.10793 milliseconds in repetition 427
tcp_ping received 393216 bytes back
Round trip time was 2.103 milliseconds in repetition 428
tcp_ping received 393216 bytes back
Round trip time was 2.10909 milliseconds in repetition 429
tcp_ping received 393216 bytes back
Round trip time was 2.10507 milliseconds in repetition 430
tcp_ping received 393216 bytes back
Round trip time was 2.1068 milliseconds in repetition 431
tcp_ping received 393216 bytes back
Round trip time was 2.10377 milliseconds in repetition 432
tcp_ping received 393216 bytes back
Round trip time was 2.10753 milliseconds in repetition 433
tcp_ping received 393216 bytes back
Round trip time was 2.1018 milliseconds in repetition 434
tcp_ping received 393216 bytes back
Round trip time was 2.10562 milliseconds in repetition 435
tcp_ping received 393216 bytes back
Round trip time was 2.10377 milliseconds in repetition 436
tcp_ping received 393216 bytes back
Round trip time was 2.10665 milliseconds in repetition 437
tcp_ping received 393216 bytes back
Round trip time was 2.10626 milliseconds in repetition 438
tcp_ping received 393216 bytes back
Round trip time was 2.10821 milliseconds in repetition 439
tcp_ping received 393216 bytes back
Round trip time was 2.11047 milliseconds in repetition 440
tcp_ping received 393216 bytes back
Round trip time was 2.10354 milliseconds in repetition 441
tcp_ping received 393216 bytes back
Round trip time was 2.10796 milliseconds in repetition 442
tcp_ping received 393216 bytes back
Round trip time was 2.10475 milliseconds in repetition 443
tcp_ping received 393216 bytes back
Round trip time was 2.1081 milliseconds in repetition 444
tcp_ping received 393216 bytes back
Round trip time was 2.10649 milliseconds in repetition 445
tcp_ping received 393216 bytes back
Round trip time was 2.10802 milliseconds in repetition 446
tcp_ping received 393216 bytes back
Round trip time was 2.10076 milliseconds in repetition 447
tcp_ping received 393216 bytes back
Round trip time was 2.10914 milliseconds in repetition 448
tcp_ping received 393216 bytes back
Round trip time was 2.10329 milliseconds in repetition 449
tcp_ping received 393216 bytes back
Round trip time was 2.10927 milliseconds in repetition 450
tcp_ping received 393216 bytes back
Round trip time was 2.1047 milliseconds in repetition 451
tcp_ping received 393216 bytes back
Round trip time was 2.10907 milliseconds in repetition 452
tcp_ping received 393216 bytes back
Round trip time was 2.10708 milliseconds in repetition 453
tcp_ping received 393216 bytes back
Round trip time was 2.1091 milliseconds in repetition 454
tcp_ping received 393216 bytes back
Round trip time was 2.10495 milliseconds in repetition 455
tcp_ping received 393216 bytes back
Round trip time was 2.11075 milliseconds in repetition 456
tcp_ping received 393216 bytes back
Round trip time was 2.08251 milliseconds in repetition 457
tcp_ping received 393216 bytes back
Round trip time was 2.10599 milliseconds in repetition 458
tcp_ping received 393216 bytes back
Round trip time was 2.10697 milliseconds in repetition 459
tcp_ping received 393216 bytes back
Round trip time was 2.1059 milliseconds in repetition 460
tcp_ping received 393216 bytes back
Round trip time was 2.11869 milliseconds in repetition 461
tcp_ping received 393216 bytes back
Round trip time was 2.10549 milliseconds in repetition 462
tcp_ping received 393216 bytes back
Round trip time was 2.10842 milliseconds in repetition 463
tcp_ping received 393216 bytes back
Round trip time was 2.10602 milliseconds in repetition 464
tcp_ping received 393216 bytes back
Round trip time was 2.10723 milliseconds in repetition 465
tcp_ping received 393216 bytes back
Round trip time was 2.10633 milliseconds in repetition 466
tcp_ping received 393216 bytes back
Round trip time was 2.11429 milliseconds in repetition 467
tcp_ping received 393216 bytes back
Round trip time was 2.10929 milliseconds in repetition 468
tcp_ping received 393216 bytes back
Round trip time was 2.10733 milliseconds in repetition 469
tcp_ping received 393216 bytes back
Round trip time was 2.10425 milliseconds in repetition 470
tcp_ping received 393216 bytes back
Round trip time was 2.11224 milliseconds in repetition 471
tcp_ping received 393216 bytes back
Round trip time was 2.10602 milliseconds in repetition 472
tcp_ping received 393216 bytes back
Round trip time was 2.1075 milliseconds in repetition 473
tcp_ping received 393216 bytes back
Round trip time was 2.11146 milliseconds in repetition 474
tcp_ping received 393216 bytes back
Round trip time was 2.10527 milliseconds in repetition 475
tcp_ping received 393216 bytes back
Round trip time was 2.11076 milliseconds in repetition 476
tcp_ping received 393216 bytes back
Round trip time was 2.10386 milliseconds in repetition 477
tcp_ping received 393216 bytes back
Round trip time was 2.10852 milliseconds in repetition 478
tcp_ping received 393216 bytes back
Round trip time was 2.10342 milliseconds in repetition 479
tcp_ping received 393216 bytes back
Round trip time was 2.1062 milliseconds in repetition 480
tcp_ping received 393216 bytes back
Round trip time was 2.10622 milliseconds in repetition 481
tcp_ping received 393216 bytes back
Round trip time was 2.1075 milliseconds in repetition 482
tcp_ping received 393216 bytes back
Round trip time was 2.1054 milliseconds in repetition 483
tcp_ping received 393216 bytes back
Round trip time was 2.10777 milliseconds in repetition 484
tcp_ping received 393216 bytes back
Round trip time was 2.10758 milliseconds in repetition 485
tcp_ping received 393216 bytes back
Round trip time was 2.10682 milliseconds in repetition 486
tcp_ping received 393216 bytes back
Round trip time was 2.10615 milliseconds in repetition 487
tcp_ping received 393216 bytes back
Round trip time was 2.10869 milliseconds in repetition 488
tcp_ping received 393216 bytes back
Round trip time was 2.10467 milliseconds in repetition 489
tcp_ping received 393216 bytes back
Round trip time was 2.10732 milliseconds in repetition 490
tcp_ping received 393216 bytes back
Round trip time was 2.11573 milliseconds in repetition 491
tcp_ping received 393216 bytes back
Round trip time was 2.10563 milliseconds in repetition 492
tcp_ping received 393216 bytes back
Round trip time was 2.10784 milliseconds in repetition 493
tcp_ping received 393216 bytes back
Round trip time was 2.10218 milliseconds in repetition 494
tcp_ping received 393216 bytes back
Round trip time was 2.10927 milliseconds in repetition 495
tcp_ping received 393216 bytes back
Round trip time was 2.10453 milliseconds in repetition 496
tcp_ping received 393216 bytes back
Round trip time was 2.10908 milliseconds in repetition 497
tcp_ping received 393216 bytes back
Round trip time was 2.10543 milliseconds in repetition 498
tcp_ping received 393216 bytes back
Round trip time was 2.10891 milliseconds in repetition 499
tcp_ping received 393216 bytes back
Round trip time was 2.11529 milliseconds in repetition 500

 ... clock resolution was 1e-06
TCP Ping:  Statistics over 500 repetitions of 393216 byte messages

RTT : percentile 10: 2.09369, median: 2.1037, percentile 90: 2.16884, average: 2.13217, variance: 0.0112199

RTT histogram:
2.07893 321
2.13383 128
2.18872 5
2.24362 1
2.29852 1
2.35341 30
2.40831 11
2.46321 0
2.5181 0
2.573 0
2.6279 0
2.68279 0
2.73769 0
2.79259 0
2.84748 1
2.90238 0
2.95728 0
3.01217 0
3.06707 0
3.12197 1
3.17686 1

   median Throughput : 373833 KB/s   overall Throughput : 368841 KB/s

