TCP Ping trying to connect to server localhost (127.0.0.1) on port 1491
 ... connected to Pong server: asking for 500 repetitions of 262144 bytes TCP messages
 ... Pong server agreed :-)
tcp_ping received 262144 bytes back
Round trip time was 1.51286 milliseconds in repetition 1
tcp_ping received 262144 bytes back
Round trip time was 1.40952 milliseconds in repetition 2
tcp_ping received 262144 bytes back
Round trip time was 1.41861 milliseconds in repetition 3
tcp_ping received 262144 bytes back
Round trip time was 1.45765 milliseconds in repetition 4
tcp_ping received 262144 bytes back
Round trip time was 1.41952 milliseconds in repetition 5
tcp_ping received 262144 bytes back
Round trip time was 1.43289 milliseconds in repetition 6
tcp_ping received 262144 bytes back
Round trip time was 1.42013 milliseconds in repetition 7
tcp_ping received 262144 bytes back
Round trip time was 1.42606 milliseconds in repetition 8
tcp_ping received 262144 bytes back
Round trip time was 1.42009 milliseconds in repetition 9
tcp_ping received 262144 bytes back
Round trip time was 1.41588 milliseconds in repetition 10
tcp_ping received 262144 bytes back
Round trip time was 1.42759 milliseconds in repetition 11
tcp_ping received 262144 bytes back
Round trip time was 1.41947 milliseconds in repetition 12
tcp_ping received 262144 bytes back
Round trip time was 1.42394 milliseconds in repetition 13
tcp_ping received 262144 bytes back
Round trip time was 1.44476 milliseconds in repetition 14
tcp_ping received 262144 bytes back
Round trip time was 1.41966 milliseconds in repetition 15
tcp_ping received 262144 bytes back
Round trip time was 1.41785 milliseconds in repetition 16
tcp_ping received 262144 bytes back
Round trip time was 1.42361 milliseconds in repetition 17
tcp_ping received 262144 bytes back
Round trip time was 1.41945 milliseconds in repetition 18
tcp_ping received 262144 bytes back
Round trip time was 1.39958 milliseconds in repetition 19
tcp_ping received 262144 bytes back
Round trip time was 1.42788 milliseconds in repetition 20
tcp_ping received 262144 bytes back
Round trip time was 1.42172 milliseconds in repetition 21
tcp_ping received 262144 bytes back
Round trip time was 1.51068 milliseconds in repetition 22
tcp_ping received 262144 bytes back
Round trip time was 1.44481 milliseconds in repetition 23
tcp_ping received 262144 bytes back
Round trip time was 1.42079 milliseconds in repetition 24
tcp_ping received 262144 bytes back
Round trip time was 1.42395 milliseconds in repetition 25
tcp_ping received 262144 bytes back
Round trip time was 1.41874 milliseconds in repetition 26
tcp_ping received 262144 bytes back
Round trip time was 1.41602 milliseconds in repetition 27
tcp_ping received 262144 bytes back
Round trip time was 1.42644 milliseconds in repetition 28
tcp_ping received 262144 bytes back
Round trip time was 1.43415 milliseconds in repetition 29
tcp_ping received 262144 bytes back
Round trip time was 1.60674 milliseconds in repetition 30
tcp_ping received 262144 bytes back
Round trip time was 1.607 milliseconds in repetition 31
tcp_ping received 262144 bytes back
Round trip time was 1.60094 milliseconds in repetition 32
tcp_ping received 262144 bytes back
Round trip time was 1.60452 milliseconds in repetition 33
tcp_ping received 262144 bytes back
Round trip time was 1.6002 milliseconds in repetition 34
tcp_ping received 262144 bytes back
Round trip time was 1.60283 milliseconds in repetition 35
tcp_ping received 262144 bytes back
Round trip time was 1.60063 milliseconds in repetition 36
tcp_ping received 262144 bytes back
Round trip time was 1.60226 milliseconds in repetition 37
tcp_ping received 262144 bytes back
Round trip time was 1.60506 milliseconds in repetition 38
tcp_ping received 262144 bytes back
Round trip time was 1.60704 milliseconds in repetition 39
tcp_ping received 262144 bytes back
Round trip time was 1.62985 milliseconds in repetition 40
tcp_ping received 262144 bytes back
Round trip time was 1.60233 milliseconds in repetition 41
tcp_ping received 262144 bytes back
Round trip time was 1.60251 milliseconds in repetition 42
tcp_ping received 262144 bytes back
Round trip time was 1.6052 milliseconds in repetition 43
tcp_ping received 262144 bytes back
Round trip time was 1.60098 milliseconds in repetition 44
tcp_ping received 262144 bytes back
Round trip time was 1.60334 milliseconds in repetition 45
tcp_ping received 262144 bytes back
Round trip time was 1.60396 milliseconds in repetition 46
tcp_ping received 262144 bytes back
Round trip time was 1.60197 milliseconds in repetition 47
tcp_ping received 262144 bytes back
Round trip time was 1.60328 milliseconds in repetition 48
tcp_ping received 262144 bytes back
Round trip time was 1.60126 milliseconds in repetition 49
tcp_ping received 262144 bytes back
Round trip time was 1.60712 milliseconds in repetition 50
tcp_ping received 262144 bytes back
Round trip time was 1.60213 milliseconds in repetition 51
tcp_ping received 262144 bytes back
Round trip time was 1.59936 milliseconds in repetition 52
tcp_ping received 262144 bytes back
Round trip time was 1.60817 milliseconds in repetition 53
tcp_ping received 262144 bytes back
Round trip time was 1.59951 milliseconds in repetition 54
tcp_ping received 262144 bytes back
Round trip time was 1.61587 milliseconds in repetition 55
tcp_ping received 262144 bytes back
Round trip time was 1.6007 milliseconds in repetition 56
tcp_ping received 262144 bytes back
Round trip time was 1.60409 milliseconds in repetition 57
tcp_ping received 262144 bytes back
Round trip time was 1.60914 milliseconds in repetition 58
tcp_ping received 262144 bytes back
Round trip time was 1.68018 milliseconds in repetition 59
tcp_ping received 262144 bytes back
Round trip time was 1.6077 milliseconds in repetition 60
tcp_ping received 262144 bytes back
Round trip time was 1.60296 milliseconds in repetition 61
tcp_ping received 262144 bytes back
Round trip time was 1.59946 milliseconds in repetition 62
tcp_ping received 262144 bytes back
Round trip time was 1.60544 milliseconds in repetition 63
tcp_ping received 262144 bytes back
Round trip time was 1.60015 milliseconds in repetition 64
tcp_ping received 262144 bytes back
Round trip time was 1.60563 milliseconds in repetition 65
tcp_ping received 262144 bytes back
Round trip time was 1.60094 milliseconds in repetition 66
tcp_ping received 262144 bytes back
Round trip time was 1.60459 milliseconds in repetition 67
tcp_ping received 262144 bytes back
Round trip time was 1.60692 milliseconds in repetition 68
tcp_ping received 262144 bytes back
Round trip time was 1.60441 milliseconds in repetition 69
tcp_ping received 262144 bytes back
Round trip time was 1.60582 milliseconds in repetition 70
tcp_ping received 262144 bytes back
Round trip time was 1.59962 milliseconds in repetition 71
tcp_ping received 262144 bytes back
Round trip time was 1.60032 milliseconds in repetition 72
tcp_ping received 262144 bytes back
Round trip time was 1.60718 milliseconds in repetition 73
tcp_ping received 262144 bytes back
Round trip time was 1.59823 milliseconds in repetition 74
tcp_ping received 262144 bytes back
Round trip time was 1.60451 milliseconds in repetition 75
tcp_ping received 262144 bytes back
Round trip time was 1.60197 milliseconds in repetition 76
tcp_ping received 262144 bytes back
Round trip time was 1.65719 milliseconds in repetition 77
tcp_ping received 262144 bytes back
Round trip time was 1.60948 milliseconds in repetition 78
tcp_ping received 262144 bytes back
Round trip time was 1.88559 milliseconds in repetition 79
tcp_ping received 262144 bytes back
Round trip time was 1.6096 milliseconds in repetition 80
tcp_ping received 262144 bytes back
Round trip time was 1.60064 milliseconds in repetition 81
tcp_ping received 262144 bytes back
Round trip time was 1.61033 milliseconds in repetition 82
tcp_ping received 262144 bytes back
Round trip time was 1.60422 milliseconds in repetition 83
tcp_ping received 262144 bytes back
Round trip time was 1.60306 milliseconds in repetition 84
tcp_ping received 262144 bytes back
Round trip time was 1.60799 milliseconds in repetition 85
tcp_ping received 262144 bytes back
Round trip time was 1.60336 milliseconds in repetition 86
tcp_ping received 262144 bytes back
Round trip time was 1.60854 milliseconds in repetition 87
tcp_ping received 262144 bytes back
Round trip time was 1.6025 milliseconds in repetition 88
tcp_ping received 262144 bytes back
Round trip time was 1.60533 milliseconds in repetition 89
tcp_ping received 262144 bytes back
Round trip time was 1.61291 milliseconds in repetition 90
tcp_ping received 262144 bytes back
Round trip time was 1.45075 milliseconds in repetition 91
tcp_ping received 262144 bytes back
Round trip time was 1.40536 milliseconds in repetition 92
tcp_ping received 262144 bytes back
Round trip time was 1.42076 milliseconds in repetition 93
tcp_ping received 262144 bytes back
Round trip time was 1.41933 milliseconds in repetition 94
tcp_ping received 262144 bytes back
Round trip time was 1.42509 milliseconds in repetition 95
tcp_ping received 262144 bytes back
Round trip time was 1.42106 milliseconds in repetition 96
tcp_ping received 262144 bytes back
Round trip time was 1.42147 milliseconds in repetition 97
tcp_ping received 262144 bytes back
Round trip time was 1.42482 milliseconds in repetition 98
tcp_ping received 262144 bytes back
Round trip time was 1.41839 milliseconds in repetition 99
tcp_ping received 262144 bytes back
Round trip time was 1.41891 milliseconds in repetition 100
tcp_ping received 262144 bytes back
Round trip time was 1.42286 milliseconds in repetition 101
tcp_ping received 262144 bytes back
Round trip time was 1.41906 milliseconds in repetition 102
tcp_ping received 262144 bytes back
Round trip time was 1.41893 milliseconds in repetition 103
tcp_ping received 262144 bytes back
Round trip time was 1.42837 milliseconds in repetition 104
tcp_ping received 262144 bytes back
Round trip time was 1.41682 milliseconds in repetition 105
tcp_ping received 262144 bytes back
Round trip time was 1.40975 milliseconds in repetition 106
tcp_ping received 262144 bytes back
Round trip time was 1.41719 milliseconds in repetition 107
tcp_ping received 262144 bytes back
Round trip time was 1.41829 milliseconds in repetition 108
tcp_ping received 262144 bytes back
Round trip time was 1.42255 milliseconds in repetition 109
tcp_ping received 262144 bytes back
Round trip time was 1.4184 milliseconds in repetition 110
tcp_ping received 262144 bytes back
Round trip time was 1.41948 milliseconds in repetition 111
tcp_ping received 262144 bytes back
Round trip time was 1.42288 milliseconds in repetition 112
tcp_ping received 262144 bytes back
Round trip time was 1.41885 milliseconds in repetition 113
tcp_ping received 262144 bytes back
Round trip time was 1.41971 milliseconds in repetition 114
tcp_ping received 262144 bytes back
Round trip time was 1.42652 milliseconds in repetition 115
tcp_ping received 262144 bytes back
Round trip time was 1.41791 milliseconds in repetition 116
tcp_ping received 262144 bytes back
Round trip time was 1.41835 milliseconds in repetition 117
tcp_ping received 262144 bytes back
Round trip time was 1.43593 milliseconds in repetition 118
tcp_ping received 262144 bytes back
Round trip time was 1.41993 milliseconds in repetition 119
tcp_ping received 262144 bytes back
Round trip time was 1.4443 milliseconds in repetition 120
tcp_ping received 262144 bytes back
Round trip time was 1.55236 milliseconds in repetition 121
tcp_ping received 262144 bytes back
Round trip time was 1.55198 milliseconds in repetition 122
tcp_ping received 262144 bytes back
Round trip time was 1.42944 milliseconds in repetition 123
tcp_ping received 262144 bytes back
Round trip time was 1.47764 milliseconds in repetition 124
tcp_ping received 262144 bytes back
Round trip time was 1.42008 milliseconds in repetition 125
tcp_ping received 262144 bytes back
Round trip time was 1.42808 milliseconds in repetition 126
tcp_ping received 262144 bytes back
Round trip time was 1.41712 milliseconds in repetition 127
tcp_ping received 262144 bytes back
Round trip time was 1.41727 milliseconds in repetition 128
tcp_ping received 262144 bytes back
Round trip time was 1.42127 milliseconds in repetition 129
tcp_ping received 262144 bytes back
Round trip time was 1.41641 milliseconds in repetition 130
tcp_ping received 262144 bytes back
Round trip time was 1.42339 milliseconds in repetition 131
tcp_ping received 262144 bytes back
Round trip time was 1.42016 milliseconds in repetition 132
tcp_ping received 262144 bytes back
Round trip time was 1.42021 milliseconds in repetition 133
tcp_ping received 262144 bytes back
Round trip time was 1.41905 milliseconds in repetition 134
tcp_ping received 262144 bytes back
Round trip time was 1.41899 milliseconds in repetition 135
tcp_ping received 262144 bytes back
Round trip time was 1.41517 milliseconds in repetition 136
tcp_ping received 262144 bytes back
Round trip time was 1.42004 milliseconds in repetition 137
tcp_ping received 262144 bytes back
Round trip time was 1.41844 milliseconds in repetition 138
tcp_ping received 262144 bytes back
Round trip time was 1.41653 milliseconds in repetition 139
tcp_ping received 262144 bytes back
Round trip time was 1.42171 milliseconds in repetition 140
tcp_ping received 262144 bytes back
Round trip time was 1.41919 milliseconds in repetition 141
tcp_ping received 262144 bytes back
Round trip time was 1.41635 milliseconds in repetition 142
tcp_ping received 262144 bytes back
Round trip time was 1.42064 milliseconds in repetition 143
tcp_ping received 262144 bytes back
Round trip time was 1.41683 milliseconds in repetition 144
tcp_ping received 262144 bytes back
Round trip time was 1.40057 milliseconds in repetition 145
tcp_ping received 262144 bytes back
Round trip time was 1.41808 milliseconds in repetition 146
tcp_ping received 262144 bytes back
Round trip time was 1.41767 milliseconds in repetition 147
tcp_ping received 262144 bytes back
Round trip time was 1.42017 milliseconds in repetition 148
tcp_ping received 262144 bytes back
Round trip time was 1.43265 milliseconds in repetition 149
tcp_ping received 262144 bytes back
Round trip time was 1.41773 milliseconds in repetition 150
tcp_ping received 262144 bytes back
Round trip time was 1.42563 milliseconds in repetition 151
tcp_ping received 262144 bytes back
Round trip time was 1.41842 milliseconds in repetition 152
tcp_ping received 262144 bytes back
Round trip time was 1.41843 milliseconds in repetition 153
tcp_ping received 262144 bytes back
Round trip time was 1.4249 milliseconds in repetition 154
tcp_ping received 262144 bytes back
Round trip time was 1.42099 milliseconds in repetition 155
tcp_ping received 262144 bytes back
Round trip time was 1.41676 milliseconds in repetition 156
tcp_ping received 262144 bytes back
Round trip time was 1.42315 milliseconds in repetition 157
tcp_ping received 262144 bytes back
Round trip time was 1.42218 milliseconds in repetition 158
tcp_ping received 262144 bytes back
Round trip time was 1.41981 milliseconds in repetition 159
tcp_ping received 262144 bytes back
Round trip time was 1.4202 milliseconds in repetition 160
tcp_ping received 262144 bytes back
Round trip time was 1.42167 milliseconds in repetition 161
tcp_ping received 262144 bytes back
Round trip time was 1.42491 milliseconds in repetition 162
tcp_ping received 262144 bytes back
Round trip time was 1.42141 milliseconds in repetition 163
tcp_ping received 262144 bytes back
Round trip time was 1.41862 milliseconds in repetition 164
tcp_ping received 262144 bytes back
Round trip time was 1.42686 milliseconds in repetition 165
tcp_ping received 262144 bytes back
Round trip time was 1.41813 milliseconds in repetition 166
tcp_ping received 262144 bytes back
Round trip time was 1.41879 milliseconds in repetition 167
tcp_ping received 262144 bytes back
Round trip time was 1.42188 milliseconds in repetition 168
tcp_ping received 262144 bytes back
Round trip time was 1.42026 milliseconds in repetition 169
tcp_ping received 262144 bytes back
Round trip time was 1.41781 milliseconds in repetition 170
tcp_ping received 262144 bytes back
Round trip time was 1.42332 milliseconds in repetition 171
tcp_ping received 262144 bytes back
Round trip time was 1.42035 milliseconds in repetition 172
tcp_ping received 262144 bytes back
Round trip time was 1.4118 milliseconds in repetition 173
tcp_ping received 262144 bytes back
Round trip time was 1.41808 milliseconds in repetition 174
tcp_ping received 262144 bytes back
Round trip time was 1.42259 milliseconds in repetition 175
tcp_ping received 262144 bytes back
Round trip time was 1.42219 milliseconds in repetition 176
tcp_ping received 262144 bytes back
Round trip time was 1.42013 milliseconds in repetition 177
tcp_ping received 262144 bytes back
Round trip time was 1.41936 milliseconds in repetition 178
tcp_ping received 262144 bytes back
Round trip time was 1.42177 milliseconds in repetition 179
tcp_ping received 262144 bytes back
Round trip time was 1.42095 milliseconds in repetition 180
tcp_ping received 262144 bytes back
Round trip time was 1.41866 milliseconds in repetition 181
tcp_ping received 262144 bytes back
Round trip time was 1.42166 milliseconds in repetition 182
tcp_ping received 262144 bytes back
Round trip time was 1.42191 milliseconds in repetition 183
tcp_ping received 262144 bytes back
Round trip time was 1.41818 milliseconds in repetition 184
tcp_ping received 262144 bytes back
Round trip time was 1.42411 milliseconds in repetition 185
tcp_ping received 262144 bytes back
Round trip time was 1.42041 milliseconds in repetition 186
tcp_ping received 262144 bytes back
Round trip time was 1.42282 milliseconds in repetition 187
tcp_ping received 262144 bytes back
Round trip time was 1.42343 milliseconds in repetition 188
tcp_ping received 262144 bytes back
Round trip time was 1.41918 milliseconds in repetition 189
tcp_ping received 262144 bytes back
Round trip time was 1.42183 milliseconds in repetition 190
tcp_ping received 262144 bytes back
Round trip time was 1.41982 milliseconds in repetition 191
tcp_ping received 262144 bytes back
Round trip time was 1.41767 milliseconds in repetition 192
tcp_ping received 262144 bytes back
Round trip time was 1.42987 milliseconds in repetition 193
tcp_ping received 262144 bytes back
Round trip time was 1.44767 milliseconds in repetition 194
tcp_ping received 262144 bytes back
Round trip time was 1.42059 milliseconds in repetition 195
tcp_ping received 262144 bytes back
Round trip time was 1.44106 milliseconds in repetition 196
tcp_ping received 262144 bytes back
Round trip time was 1.41905 milliseconds in repetition 197
tcp_ping received 262144 bytes back
Round trip time was 1.4178 milliseconds in repetition 198
tcp_ping received 262144 bytes back
Round trip time was 1.42341 milliseconds in repetition 199
tcp_ping received 262144 bytes back
Round trip time was 1.41884 milliseconds in repetition 200
tcp_ping received 262144 bytes back
Round trip time was 1.40704 milliseconds in repetition 201
tcp_ping received 262144 bytes back
Round trip time was 1.42455 milliseconds in repetition 202
tcp_ping received 262144 bytes back
Round trip time was 1.41741 milliseconds in repetition 203
tcp_ping received 262144 bytes back
Round trip time was 1.42707 milliseconds in repetition 204
tcp_ping received 262144 bytes back
Round trip time was 1.41985 milliseconds in repetition 205
tcp_ping received 262144 bytes back
Round trip time was 1.41998 milliseconds in repetition 206
tcp_ping received 262144 bytes back
Round trip time was 1.42354 milliseconds in repetition 207
tcp_ping received 262144 bytes back
Round trip time was 1.41786 milliseconds in repetition 208
tcp_ping received 262144 bytes back
Round trip time was 1.42064 milliseconds in repetition 209
tcp_ping received 262144 bytes back
Round trip time was 1.4274 milliseconds in repetition 210
tcp_ping received 262144 bytes back
Round trip time was 1.41768 milliseconds in repetition 211
tcp_ping received 262144 bytes back
Round trip time was 1.41948 milliseconds in repetition 212
tcp_ping received 262144 bytes back
Round trip time was 1.42276 milliseconds in repetition 213
tcp_ping received 262144 bytes back
Round trip time was 1.41836 milliseconds in repetition 214
tcp_ping received 262144 bytes back
Round trip time was 1.42914 milliseconds in repetition 215
tcp_ping received 262144 bytes back
Round trip time was 1.41925 milliseconds in repetition 216
tcp_ping received 262144 bytes back
Round trip time was 1.41945 milliseconds in repetition 217
tcp_ping received 262144 bytes back
Round trip time was 1.42612 milliseconds in repetition 218
tcp_ping received 262144 bytes back
Round trip time was 1.41838 milliseconds in repetition 219
tcp_ping received 262144 bytes back
Round trip time was 1.43155 milliseconds in repetition 220
tcp_ping received 262144 bytes back
Round trip time was 1.42277 milliseconds in repetition 221
tcp_ping received 262144 bytes back
Round trip time was 1.41867 milliseconds in repetition 222
tcp_ping received 262144 bytes back
Round trip time was 1.41728 milliseconds in repetition 223
tcp_ping received 262144 bytes back
Round trip time was 1.42384 milliseconds in repetition 224
tcp_ping received 262144 bytes back
Round trip time was 1.41918 milliseconds in repetition 225
tcp_ping received 262144 bytes back
Round trip time was 1.41555 milliseconds in repetition 226
tcp_ping received 262144 bytes back
Round trip time was 1.42506 milliseconds in repetition 227
tcp_ping received 262144 bytes back
Round trip time was 1.41747 milliseconds in repetition 228
tcp_ping received 262144 bytes back
Round trip time was 1.41167 milliseconds in repetition 229
tcp_ping received 262144 bytes back
Round trip time was 1.41754 milliseconds in repetition 230
tcp_ping received 262144 bytes back
Round trip time was 1.42586 milliseconds in repetition 231
tcp_ping received 262144 bytes back
Round trip time was 1.4225 milliseconds in repetition 232
tcp_ping received 262144 bytes back
Round trip time was 1.41965 milliseconds in repetition 233
tcp_ping received 262144 bytes back
Round trip time was 1.41834 milliseconds in repetition 234
tcp_ping received 262144 bytes back
Round trip time was 1.42149 milliseconds in repetition 235
tcp_ping received 262144 bytes back
Round trip time was 1.41826 milliseconds in repetition 236
tcp_ping received 262144 bytes back
Round trip time was 1.41985 milliseconds in repetition 237
tcp_ping received 262144 bytes back
Round trip time was 1.42264 milliseconds in repetition 238
tcp_ping received 262144 bytes back
Round trip time was 1.41686 milliseconds in repetition 239
tcp_ping received 262144 bytes back
Round trip time was 1.42062 milliseconds in repetition 240
tcp_ping received 262144 bytes back
Round trip time was 1.425 milliseconds in repetition 241
tcp_ping received 262144 bytes back
Round trip time was 1.42049 milliseconds in repetition 242
tcp_ping received 262144 bytes back
Round trip time was 1.44368 milliseconds in repetition 243
tcp_ping received 262144 bytes back
Round trip time was 1.4188 milliseconds in repetition 244
tcp_ping received 262144 bytes back
Round trip time was 1.4172 milliseconds in repetition 245
tcp_ping received 262144 bytes back
Round trip time was 1.42205 milliseconds in repetition 246
tcp_ping received 262144 bytes back
Round trip time was 1.41833 milliseconds in repetition 247
tcp_ping received 262144 bytes back
Round trip time was 1.4198 milliseconds in repetition 248
tcp_ping received 262144 bytes back
Round trip time was 1.42267 milliseconds in repetition 249
tcp_ping received 262144 bytes back
Round trip time was 1.42238 milliseconds in repetition 250
tcp_ping received 262144 bytes back
Round trip time was 1.4176 milliseconds in repetition 251
tcp_ping received 262144 bytes back
Round trip time was 1.42717 milliseconds in repetition 252
tcp_ping received 262144 bytes back
Round trip time was 1.41869 milliseconds in repetition 253
tcp_ping received 262144 bytes back
Round trip time was 1.41888 milliseconds in repetition 254
tcp_ping received 262144 bytes back
Round trip time was 1.4218 milliseconds in repetition 255
tcp_ping received 262144 bytes back
Round trip time was 1.41783 milliseconds in repetition 256
tcp_ping received 262144 bytes back
Round trip time was 1.41246 milliseconds in repetition 257
tcp_ping received 262144 bytes back
Round trip time was 1.42109 milliseconds in repetition 258
tcp_ping received 262144 bytes back
Round trip time was 1.41664 milliseconds in repetition 259
tcp_ping received 262144 bytes back
Round trip time was 1.42234 milliseconds in repetition 260
tcp_ping received 262144 bytes back
Round trip time was 1.42001 milliseconds in repetition 261
tcp_ping received 262144 bytes back
Round trip time was 1.41668 milliseconds in repetition 262
tcp_ping received 262144 bytes back
Round trip time was 1.42478 milliseconds in repetition 263
tcp_ping received 262144 bytes back
Round trip time was 1.44627 milliseconds in repetition 264
tcp_ping received 262144 bytes back
Round trip time was 1.41812 milliseconds in repetition 265
tcp_ping received 262144 bytes back
Round trip time was 1.42416 milliseconds in repetition 266
tcp_ping received 262144 bytes back
Round trip time was 1.42032 milliseconds in repetition 267
tcp_ping received 262144 bytes back
Round trip time was 1.41803 milliseconds in repetition 268
tcp_ping received 262144 bytes back
Round trip time was 1.42215 milliseconds in repetition 269
tcp_ping received 262144 bytes back
Round trip time was 1.41905 milliseconds in repetition 270
tcp_ping received 262144 bytes back
Round trip time was 1.41726 milliseconds in repetition 271
tcp_ping received 262144 bytes back
Round trip time was 1.41908 milliseconds in repetition 272
tcp_ping received 262144 bytes back
Round trip time was 1.42022 milliseconds in repetition 273
tcp_ping received 262144 bytes back
Round trip time was 1.42273 milliseconds in repetition 274
tcp_ping received 262144 bytes back
Round trip time was 1.41969 milliseconds in repetition 275
tcp_ping received 262144 bytes back
Round trip time was 1.41856 milliseconds in repetition 276
tcp_ping received 262144 bytes back
Round trip time was 1.42137 milliseconds in repetition 277
tcp_ping received 262144 bytes back
Round trip time was 1.41926 milliseconds in repetition 278
tcp_ping received 262144 bytes back
Round trip time was 1.41827 milliseconds in repetition 279
tcp_ping received 262144 bytes back
Round trip time was 1.42421 milliseconds in repetition 280
tcp_ping received 262144 bytes back
Round trip time was 1.41874 milliseconds in repetition 281
tcp_ping received 262144 bytes back
Round trip time was 1.41887 milliseconds in repetition 282
tcp_ping received 262144 bytes back
Round trip time was 1.42247 milliseconds in repetition 283
tcp_ping received 262144 bytes back
Round trip time was 1.4225 milliseconds in repetition 284
tcp_ping received 262144 bytes back
Round trip time was 1.42131 milliseconds in repetition 285
tcp_ping received 262144 bytes back
Round trip time was 1.41963 milliseconds in repetition 286
tcp_ping received 262144 bytes back
Round trip time was 1.41814 milliseconds in repetition 287
tcp_ping received 262144 bytes back
Round trip time was 1.42599 milliseconds in repetition 288
tcp_ping received 262144 bytes back
Round trip time was 1.4388 milliseconds in repetition 289
tcp_ping received 262144 bytes back
Round trip time was 1.42073 milliseconds in repetition 290
tcp_ping received 262144 bytes back
Round trip time was 1.40137 milliseconds in repetition 291
tcp_ping received 262144 bytes back
Round trip time was 1.43212 milliseconds in repetition 292
tcp_ping received 262144 bytes back
Round trip time was 1.41798 milliseconds in repetition 293
tcp_ping received 262144 bytes back
Round trip time was 1.42686 milliseconds in repetition 294
tcp_ping received 262144 bytes back
Round trip time was 1.42046 milliseconds in repetition 295
tcp_ping received 262144 bytes back
Round trip time was 1.42019 milliseconds in repetition 296
tcp_ping received 262144 bytes back
Round trip time was 1.42447 milliseconds in repetition 297
tcp_ping received 262144 bytes back
Round trip time was 1.42051 milliseconds in repetition 298
tcp_ping received 262144 bytes back
Round trip time was 1.41323 milliseconds in repetition 299
tcp_ping received 262144 bytes back
Round trip time was 1.41998 milliseconds in repetition 300
tcp_ping received 262144 bytes back
Round trip time was 1.41666 milliseconds in repetition 301
tcp_ping received 262144 bytes back
Round trip time was 1.42005 milliseconds in repetition 302
tcp_ping received 262144 bytes back
Round trip time was 1.4177 milliseconds in repetition 303
tcp_ping received 262144 bytes back
Round trip time was 1.41864 milliseconds in repetition 304
tcp_ping received 262144 bytes back
Round trip time was 1.42191 milliseconds in repetition 305
tcp_ping received 262144 bytes back
Round trip time was 1.41844 milliseconds in repetition 306
tcp_ping received 262144 bytes back
Round trip time was 1.4179 milliseconds in repetition 307
tcp_ping received 262144 bytes back
Round trip time was 1.42316 milliseconds in repetition 308
tcp_ping received 262144 bytes back
Round trip time was 1.42175 milliseconds in repetition 309
tcp_ping received 262144 bytes back
Round trip time was 1.41785 milliseconds in repetition 310
tcp_ping received 262144 bytes back
Round trip time was 1.42157 milliseconds in repetition 311
tcp_ping received 262144 bytes back
Round trip time was 1.41923 milliseconds in repetition 312
tcp_ping received 262144 bytes back
Round trip time was 1.42206 milliseconds in repetition 313
tcp_ping received 262144 bytes back
Round trip time was 1.42097 milliseconds in repetition 314
tcp_ping received 262144 bytes back
Round trip time was 1.41804 milliseconds in repetition 315
tcp_ping received 262144 bytes back
Round trip time was 1.42079 milliseconds in repetition 316
tcp_ping received 262144 bytes back
Round trip time was 1.41964 milliseconds in repetition 317
tcp_ping received 262144 bytes back
Round trip time was 1.42056 milliseconds in repetition 318
tcp_ping received 262144 bytes back
Round trip time was 1.42176 milliseconds in repetition 319
tcp_ping received 262144 bytes back
Round trip time was 1.42318 milliseconds in repetition 320
tcp_ping received 262144 bytes back
Round trip time was 1.41987 milliseconds in repetition 321
tcp_ping received 262144 bytes back
Round trip time was 1.42242 milliseconds in repetition 322
tcp_ping received 262144 bytes back
Round trip time was 1.41789 milliseconds in repetition 323
tcp_ping received 262144 bytes back
Round trip time was 1.41791 milliseconds in repetition 324
tcp_ping received 262144 bytes back
Round trip time was 1.42463 milliseconds in repetition 325
tcp_ping received 262144 bytes back
Round trip time was 1.41969 milliseconds in repetition 326
tcp_ping received 262144 bytes back
Round trip time was 1.41944 milliseconds in repetition 327
tcp_ping received 262144 bytes back
Round trip time was 1.41784 milliseconds in repetition 328
tcp_ping received 262144 bytes back
Round trip time was 1.42035 milliseconds in repetition 329
tcp_ping received 262144 bytes back
Round trip time was 1.42294 milliseconds in repetition 330
tcp_ping received 262144 bytes back
Round trip time was 1.42159 milliseconds in repetition 331
tcp_ping received 262144 bytes back
Round trip time was 1.41842 milliseconds in repetition 332
tcp_ping received 262144 bytes back
Round trip time was 1.42208 milliseconds in repetition 333
tcp_ping received 262144 bytes back
Round trip time was 1.44815 milliseconds in repetition 334
tcp_ping received 262144 bytes back
Round trip time was 1.41824 milliseconds in repetition 335
tcp_ping received 262144 bytes back
Round trip time was 1.42636 milliseconds in repetition 336
tcp_ping received 262144 bytes back
Round trip time was 1.41793 milliseconds in repetition 337
tcp_ping received 262144 bytes back
Round trip time was 1.41801 milliseconds in repetition 338
tcp_ping received 262144 bytes back
Round trip time was 1.42367 milliseconds in repetition 339
tcp_ping received 262144 bytes back
Round trip time was 1.41898 milliseconds in repetition 340
tcp_ping received 262144 bytes back
Round trip time was 1.42251 milliseconds in repetition 341
tcp_ping received 262144 bytes back
Round trip time was 1.41739 milliseconds in repetition 342
tcp_ping received 262144 bytes back
Round trip time was 1.41937 milliseconds in repetition 343
tcp_ping received 262144 bytes back
Round trip time was 1.42258 milliseconds in repetition 344
tcp_ping received 262144 bytes back
Round trip time was 1.41991 milliseconds in repetition 345
tcp_ping received 262144 bytes back
Round trip time was 1.41885 milliseconds in repetition 346
tcp_ping received 262144 bytes back
Round trip time was 1.42113 milliseconds in repetition 347
tcp_ping received 262144 bytes back
Round trip time was 1.4183 milliseconds in repetition 348
tcp_ping received 262144 bytes back
Round trip time was 1.41864 milliseconds in repetition 349
tcp_ping received 262144 bytes back
Round trip time was 1.42073 milliseconds in repetition 350
tcp_ping received 262144 bytes back
Round trip time was 1.4207 milliseconds in repetition 351
tcp_ping received 262144 bytes back
Round trip time was 1.41736 milliseconds in repetition 352
tcp_ping received 262144 bytes back
Round trip time was 1.42094 milliseconds in repetition 353
tcp_ping received 262144 bytes back
Round trip time was 1.416 milliseconds in repetition 354
tcp_ping received 262144 bytes back
Round trip time was 1.42235 milliseconds in repetition 355
tcp_ping received 262144 bytes back
Round trip time was 1.42055 milliseconds in repetition 356
tcp_ping received 262144 bytes back
Round trip time was 1.41914 milliseconds in repetition 357
tcp_ping received 262144 bytes back
Round trip time was 1.42313 milliseconds in repetition 358
tcp_ping received 262144 bytes back
Round trip time was 1.46068 milliseconds in repetition 359
tcp_ping received 262144 bytes back
Round trip time was 1.42238 milliseconds in repetition 360
tcp_ping received 262144 bytes back
Round trip time was 1.42479 milliseconds in repetition 361
tcp_ping received 262144 bytes back
Round trip time was 1.41851 milliseconds in repetition 362
tcp_ping received 262144 bytes back
Round trip time was 1.41898 milliseconds in repetition 363
tcp_ping received 262144 bytes back
Round trip time was 1.43426 milliseconds in repetition 364
tcp_ping received 262144 bytes back
Round trip time was 1.41766 milliseconds in repetition 365
tcp_ping received 262144 bytes back
Round trip time was 1.41978 milliseconds in repetition 366
tcp_ping received 262144 bytes back
Round trip time was 1.42418 milliseconds in repetition 367
tcp_ping received 262144 bytes back
Round trip time was 1.42111 milliseconds in repetition 368
tcp_ping received 262144 bytes back
Round trip time was 1.41651 milliseconds in repetition 369
tcp_ping received 262144 bytes back
Round trip time was 1.41848 milliseconds in repetition 370
tcp_ping received 262144 bytes back
Round trip time was 1.41875 milliseconds in repetition 371
tcp_ping received 262144 bytes back
Round trip time was 1.42275 milliseconds in repetition 372
tcp_ping received 262144 bytes back
Round trip time was 1.41769 milliseconds in repetition 373
tcp_ping received 262144 bytes back
Round trip time was 1.41865 milliseconds in repetition 374
tcp_ping received 262144 bytes back
Round trip time was 1.42283 milliseconds in repetition 375
tcp_ping received 262144 bytes back
Round trip time was 1.41849 milliseconds in repetition 376
tcp_ping received 262144 bytes back
Round trip time was 1.41873 milliseconds in repetition 377
tcp_ping received 262144 bytes back
Round trip time was 1.42172 milliseconds in repetition 378
tcp_ping received 262144 bytes back
Round trip time was 1.41915 milliseconds in repetition 379
tcp_ping received 262144 bytes back
Round trip time was 1.4175 milliseconds in repetition 380
tcp_ping received 262144 bytes back
Round trip time was 1.42247 milliseconds in repetition 381
tcp_ping received 262144 bytes back
Round trip time was 1.42191 milliseconds in repetition 382
tcp_ping received 262144 bytes back
Round trip time was 1.42201 milliseconds in repetition 383
tcp_ping received 262144 bytes back
Round trip time was 1.41686 milliseconds in repetition 384
tcp_ping received 262144 bytes back
Round trip time was 1.4178 milliseconds in repetition 385
tcp_ping received 262144 bytes back
Round trip time was 1.42197 milliseconds in repetition 386
tcp_ping received 262144 bytes back
Round trip time was 1.41828 milliseconds in repetition 387
tcp_ping received 262144 bytes back
Round trip time was 1.41772 milliseconds in repetition 388
tcp_ping received 262144 bytes back
Round trip time was 1.42239 milliseconds in repetition 389
tcp_ping received 262144 bytes back
Round trip time was 1.42379 milliseconds in repetition 390
tcp_ping received 262144 bytes back
Round trip time was 1.41718 milliseconds in repetition 391
tcp_ping received 262144 bytes back
Round trip time was 1.42194 milliseconds in repetition 392
tcp_ping received 262144 bytes back
Round trip time was 1.418 milliseconds in repetition 393
tcp_ping received 262144 bytes back
Round trip time was 1.41608 milliseconds in repetition 394
tcp_ping received 262144 bytes back
Round trip time was 1.40271 milliseconds in repetition 395
tcp_ping received 262144 bytes back
Round trip time was 1.42271 milliseconds in repetition 396
tcp_ping received 262144 bytes back
Round trip time was 1.42315 milliseconds in repetition 397
tcp_ping received 262144 bytes back
Round trip time was 1.42026 milliseconds in repetition 398
tcp_ping received 262144 bytes back
Round trip time was 1.4175 milliseconds in repetition 399
tcp_ping received 262144 bytes back
Round trip time was 1.42312 milliseconds in repetition 400
tcp_ping received 262144 bytes back
Round trip time was 1.41716 milliseconds in repetition 401
tcp_ping received 262144 bytes back
Round trip time was 1.41866 milliseconds in repetition 402
tcp_ping received 262144 bytes back
Round trip time was 1.42252 milliseconds in repetition 403
tcp_ping received 262144 bytes back
Round trip time was 1.44542 milliseconds in repetition 404
tcp_ping received 262144 bytes back
Round trip time was 1.41844 milliseconds in repetition 405
tcp_ping received 262144 bytes back
Round trip time was 1.42265 milliseconds in repetition 406
tcp_ping received 262144 bytes back
Round trip time was 1.41863 milliseconds in repetition 407
tcp_ping received 262144 bytes back
Round trip time was 1.42678 milliseconds in repetition 408
tcp_ping received 262144 bytes back
Round trip time was 1.42284 milliseconds in repetition 409
tcp_ping received 262144 bytes back
Round trip time was 1.41872 milliseconds in repetition 410
tcp_ping received 262144 bytes back
Round trip time was 1.42361 milliseconds in repetition 411
tcp_ping received 262144 bytes back
Round trip time was 1.41995 milliseconds in repetition 412
tcp_ping received 262144 bytes back
Round trip time was 1.41952 milliseconds in repetition 413
tcp_ping received 262144 bytes back
Round trip time was 1.42408 milliseconds in repetition 414
tcp_ping received 262144 bytes back
Round trip time was 1.42052 milliseconds in repetition 415
tcp_ping received 262144 bytes back
Round trip time was 1.42438 milliseconds in repetition 416
tcp_ping received 262144 bytes back
Round trip time was 1.42247 milliseconds in repetition 417
tcp_ping received 262144 bytes back
Round trip time was 1.42201 milliseconds in repetition 418
tcp_ping received 262144 bytes back
Round trip time was 1.41736 milliseconds in repetition 419
tcp_ping received 262144 bytes back
Round trip time was 1.4274 milliseconds in repetition 420
tcp_ping received 262144 bytes back
Round trip time was 1.41988 milliseconds in repetition 421
tcp_ping received 262144 bytes back
Round trip time was 1.41785 milliseconds in repetition 422
tcp_ping received 262144 bytes back
Round trip time was 1.4225 milliseconds in repetition 423
tcp_ping received 262144 bytes back
Round trip time was 1.45765 milliseconds in repetition 424
tcp_ping received 262144 bytes back
Round trip time was 1.41808 milliseconds in repetition 425
tcp_ping received 262144 bytes back
Round trip time was 1.41945 milliseconds in repetition 426
tcp_ping received 262144 bytes back
Round trip time was 1.4184 milliseconds in repetition 427
tcp_ping received 262144 bytes back
Round trip time was 1.42405 milliseconds in repetition 428
tcp_ping received 262144 bytes back
Round trip time was 1.42515 milliseconds in repetition 429
tcp_ping received 262144 bytes back
Round trip time was 1.41903 milliseconds in repetition 430
tcp_ping received 262144 bytes back
Round trip time was 1.42621 milliseconds in repetition 431
tcp_ping received 262144 bytes back
Round trip time was 1.42193 milliseconds in repetition 432
tcp_ping received 262144 bytes back
Round trip time was 1.41977 milliseconds in repetition 433
tcp_ping received 262144 bytes back
Round trip time was 1.42828 milliseconds in repetition 434
tcp_ping received 262144 bytes back
Round trip time was 1.43092 milliseconds in repetition 435
tcp_ping received 262144 bytes back
Round trip time was 1.42015 milliseconds in repetition 436
tcp_ping received 262144 bytes back
Round trip time was 1.42547 milliseconds in repetition 437
tcp_ping received 262144 bytes back
Round trip time was 1.42272 milliseconds in repetition 438
tcp_ping received 262144 bytes back
Round trip time was 1.40847 milliseconds in repetition 439
tcp_ping received 262144 bytes back
Round trip time was 1.41707 milliseconds in repetition 440
tcp_ping received 262144 bytes back
Round trip time was 1.41762 milliseconds in repetition 441
tcp_ping received 262144 bytes back
Round trip time was 1.4229 milliseconds in repetition 442
tcp_ping received 262144 bytes back
Round trip time was 1.41751 milliseconds in repetition 443
tcp_ping received 262144 bytes back
Round trip time was 1.41841 milliseconds in repetition 444
tcp_ping received 262144 bytes back
Round trip time was 1.42408 milliseconds in repetition 445
tcp_ping received 262144 bytes back
Round trip time was 1.42377 milliseconds in repetition 446
tcp_ping received 262144 bytes back
Round trip time was 1.41981 milliseconds in repetition 447
tcp_ping received 262144 bytes back
Round trip time was 1.42154 milliseconds in repetition 448
tcp_ping received 262144 bytes back
Round trip time was 1.41793 milliseconds in repetition 449
tcp_ping received 262144 bytes back
Round trip time was 1.42026 milliseconds in repetition 450
tcp_ping received 262144 bytes back
Round trip time was 1.42407 milliseconds in repetition 451
tcp_ping received 262144 bytes back
Round trip time was 1.41954 milliseconds in repetition 452
tcp_ping received 262144 bytes back
Round trip time was 1.41956 milliseconds in repetition 453
tcp_ping received 262144 bytes back
Round trip time was 1.41825 milliseconds in repetition 454
tcp_ping received 262144 bytes back
Round trip time was 1.41779 milliseconds in repetition 455
tcp_ping received 262144 bytes back
Round trip time was 1.42032 milliseconds in repetition 456
tcp_ping received 262144 bytes back
Round trip time was 1.42208 milliseconds in repetition 457
tcp_ping received 262144 bytes back
Round trip time was 1.41622 milliseconds in repetition 458
tcp_ping received 262144 bytes back
Round trip time was 1.42266 milliseconds in repetition 459
tcp_ping received 262144 bytes back
Round trip time was 1.41891 milliseconds in repetition 460
tcp_ping received 262144 bytes back
Round trip time was 1.41568 milliseconds in repetition 461
tcp_ping received 262144 bytes back
Round trip time was 1.42183 milliseconds in repetition 462
tcp_ping received 262144 bytes back
Round trip time was 1.41776 milliseconds in repetition 463
tcp_ping received 262144 bytes back
Round trip time was 1.41757 milliseconds in repetition 464
tcp_ping received 262144 bytes back
Round trip time was 1.42242 milliseconds in repetition 465
tcp_ping received 262144 bytes back
Round trip time was 1.41733 milliseconds in repetition 466
tcp_ping received 262144 bytes back
Round trip time was 1.42365 milliseconds in repetition 467
tcp_ping received 262144 bytes back
Round trip time was 1.41875 milliseconds in repetition 468
tcp_ping received 262144 bytes back
Round trip time was 1.41725 milliseconds in repetition 469
tcp_ping received 262144 bytes back
Round trip time was 1.42309 milliseconds in repetition 470
tcp_ping received 262144 bytes back
Round trip time was 1.42219 milliseconds in repetition 471
tcp_ping received 262144 bytes back
Round trip time was 1.42251 milliseconds in repetition 472
tcp_ping received 262144 bytes back
Round trip time was 1.42472 milliseconds in repetition 473
tcp_ping received 262144 bytes back
Round trip time was 1.44307 milliseconds in repetition 474
tcp_ping received 262144 bytes back
Round trip time was 1.41781 milliseconds in repetition 475
tcp_ping received 262144 bytes back
Round trip time was 1.42603 milliseconds in repetition 476
tcp_ping received 262144 bytes back
Round trip time was 1.41989 milliseconds in repetition 477
tcp_ping received 262144 bytes back
Round trip time was 1.41963 milliseconds in repetition 478
tcp_ping received 262144 bytes back
Round trip time was 1.42307 milliseconds in repetition 479
tcp_ping received 262144 bytes back
Round trip time was 1.41867 milliseconds in repetition 480
tcp_ping received 262144 bytes back
Round trip time was 1.41786 milliseconds in repetition 481
tcp_ping received 262144 bytes back
Round trip time was 1.41849 milliseconds in repetition 482
tcp_ping received 262144 bytes back
Round trip time was 1.41874 milliseconds in repetition 483
tcp_ping received 262144 bytes back
Round trip time was 1.42201 milliseconds in repetition 484
tcp_ping received 262144 bytes back
Round trip time was 1.41707 milliseconds in repetition 485
tcp_ping received 262144 bytes back
Round trip time was 1.41849 milliseconds in repetition 486
tcp_ping received 262144 bytes back
Round trip time was 1.42092 milliseconds in repetition 487
tcp_ping received 262144 bytes back
Round trip time was 1.42404 milliseconds in repetition 488
tcp_ping received 262144 bytes back
Round trip time was 1.42042 milliseconds in repetition 489
tcp_ping received 262144 bytes back
Round trip time was 1.42283 milliseconds in repetition 490
tcp_ping received 262144 bytes back
Round trip time was 1.41838 milliseconds in repetition 491
tcp_ping received 262144 bytes back
Round trip time was 1.419 milliseconds in repetition 492
tcp_ping received 262144 bytes back
Round trip time was 1.4238 milliseconds in repetition 493
tcp_ping received 262144 bytes back
Round trip time was 1.41907 milliseconds in repetition 494
tcp_ping received 262144 bytes back
Round trip time was 1.42118 milliseconds in repetition 495
tcp_ping received 262144 bytes back
Round trip time was 1.42436 milliseconds in repetition 496
tcp_ping received 262144 bytes back
Round trip time was 1.41833 milliseconds in repetition 497
tcp_ping received 262144 bytes back
Round trip time was 1.42505 milliseconds in repetition 498
tcp_ping received 262144 bytes back
Round trip time was 1.41965 milliseconds in repetition 499
tcp_ping received 262144 bytes back
Round trip time was 1.42491 milliseconds in repetition 500

 ... clock resolution was 1e-06
TCP Ping:  Statistics over 500 repetitions of 262144 byte messages

RTT : percentile 10: 1.4175, median: 1.42079, percentile 90: 1.60094, average: 1.44555, variance: 0.00414505

RTT histogram:
1.39958 10
1.42388 409
1.44818 14
1.47248 2
1.49678 0
1.52108 2
1.54538 2
1.56968 0
1.59398 41
1.61828 17
1.64258 0
1.66689 1
1.69119 1
1.71549 0
1.73979 0
1.76409 0
1.78839 0
1.81269 0
1.83699 0
1.86129 0
1.88559 1

   median Throughput : 369011 KB/s   overall Throughput : 362692 KB/s

