TCP Ping trying to connect to server localhost (127.0.0.1) on port 1491
 ... connected to Pong server: asking for 500 repetitions of 512 bytes TCP messages
 ... Pong server agreed :-)
tcp_ping received 512 bytes back
Round trip time was 0.029674 milliseconds in repetition 1
tcp_ping received 512 bytes back
Round trip time was 0.01897 milliseconds in repetition 2
tcp_ping received 512 bytes back
Round trip time was 0.017451 milliseconds in repetition 3
tcp_ping received 512 bytes back
Round trip time was 0.017033 milliseconds in repetition 4
tcp_ping received 512 bytes back
Round trip time was 0.016929 milliseconds in repetition 5
tcp_ping received 512 bytes back
Round trip time was 0.017275 milliseconds in repetition 6
tcp_ping received 512 bytes back
Round trip time was 0.01725 milliseconds in repetition 7
tcp_ping received 512 bytes back
Round trip time was 0.016916 milliseconds in repetition 8
tcp_ping received 512 bytes back
Round trip time was 0.016991 milliseconds in repetition 9
tcp_ping received 512 bytes back
Round trip time was 0.01722 milliseconds in repetition 10
tcp_ping received 512 bytes back
Round trip time was 0.017027 milliseconds in repetition 11
tcp_ping received 512 bytes back
Round trip time was 0.016719 milliseconds in repetition 12
tcp_ping received 512 bytes back
Round trip time was 0.016751 milliseconds in repetition 13
tcp_ping received 512 bytes back
Round trip time was 0.017109 milliseconds in repetition 14
tcp_ping received 512 bytes back
Round trip time was 0.01716 milliseconds in repetition 15
tcp_ping received 512 bytes back
Round trip time was 0.017067 milliseconds in repetition 16
tcp_ping received 512 bytes back
Round trip time was 0.016882 milliseconds in repetition 17
tcp_ping received 512 bytes back
Round trip time was 0.017398 milliseconds in repetition 18
tcp_ping received 512 bytes back
Round trip time was 0.01714 milliseconds in repetition 19
tcp_ping received 512 bytes back
Round trip time was 0.017011 milliseconds in repetition 20
tcp_ping received 512 bytes back
Round trip time was 0.016687 milliseconds in repetition 21
tcp_ping received 512 bytes back
Round trip time was 0.022014 milliseconds in repetition 22
tcp_ping received 512 bytes back
Round trip time was 0.018277 milliseconds in repetition 23
tcp_ping received 512 bytes back
Round trip time was 0.017261 milliseconds in repetition 24
tcp_ping received 512 bytes back
Round trip time was 0.017537 milliseconds in repetition 25
tcp_ping received 512 bytes back
Round trip time was 0.01704 milliseconds in repetition 26
tcp_ping received 512 bytes back
Round trip time was 0.016943 milliseconds in repetition 27
tcp_ping received 512 bytes back
Round trip time was 0.016773 milliseconds in repetition 28
tcp_ping received 512 bytes back
Round trip time was 0.017432 milliseconds in repetition 29
tcp_ping received 512 bytes back
Round trip time was 0.017046 milliseconds in repetition 30
tcp_ping received 512 bytes back
Round trip time was 0.016872 milliseconds in repetition 31
tcp_ping received 512 bytes back
Round trip time was 0.016921 milliseconds in repetition 32
tcp_ping received 512 bytes back
Round trip time was 0.01748 milliseconds in repetition 33
tcp_ping received 512 bytes back
Round trip time was 0.017162 milliseconds in repetition 34
tcp_ping received 512 bytes back
Round trip time was 0.016909 milliseconds in repetition 35
tcp_ping received 512 bytes back
Round trip time was 0.016773 milliseconds in repetition 36
tcp_ping received 512 bytes back
Round trip time was 0.017207 milliseconds in repetition 37
tcp_ping received 512 bytes back
Round trip time was 0.01741 milliseconds in repetition 38
tcp_ping received 512 bytes back
Round trip time was 0.016969 milliseconds in repetition 39
tcp_ping received 512 bytes back
Round trip time was 0.016819 milliseconds in repetition 40
tcp_ping received 512 bytes back
Round trip time was 0.017457 milliseconds in repetition 41
tcp_ping received 512 bytes back
Round trip time was 0.016967 milliseconds in repetition 42
tcp_ping received 512 bytes back
Round trip time was 0.016943 milliseconds in repetition 43
tcp_ping received 512 bytes back
Round trip time was 0.019203 milliseconds in repetition 44
tcp_ping received 512 bytes back
Round trip time was 0.01781 milliseconds in repetition 45
tcp_ping received 512 bytes back
Round trip time was 0.017261 milliseconds in repetition 46
tcp_ping received 512 bytes back
Round trip time was 0.017142 milliseconds in repetition 47
tcp_ping received 512 bytes back
Round trip time was 0.017159 milliseconds in repetition 48
tcp_ping received 512 bytes back
Round trip time was 0.017218 milliseconds in repetition 49
tcp_ping received 512 bytes back
Round trip time was 0.017299 milliseconds in repetition 50
tcp_ping received 512 bytes back
Round trip time was 0.016875 milliseconds in repetition 51
tcp_ping received 512 bytes back
Round trip time was 0.016832 milliseconds in repetition 52
tcp_ping received 512 bytes back
Round trip time was 0.017185 milliseconds in repetition 53
tcp_ping received 512 bytes back
Round trip time was 0.016993 milliseconds in repetition 54
tcp_ping received 512 bytes back
Round trip time was 0.01698 milliseconds in repetition 55
tcp_ping received 512 bytes back
Round trip time was 0.017159 milliseconds in repetition 56
tcp_ping received 512 bytes back
Round trip time was 0.01726 milliseconds in repetition 57
tcp_ping received 512 bytes back
Round trip time was 0.016908 milliseconds in repetition 58
tcp_ping received 512 bytes back
Round trip time was 0.017006 milliseconds in repetition 59
tcp_ping received 512 bytes back
Round trip time was 0.016938 milliseconds in repetition 60
tcp_ping received 512 bytes back
Round trip time was 0.017233 milliseconds in repetition 61
tcp_ping received 512 bytes back
Round trip time was 0.017242 milliseconds in repetition 62
tcp_ping received 512 bytes back
Round trip time was 0.017036 milliseconds in repetition 63
tcp_ping received 512 bytes back
Round trip time was 0.01721 milliseconds in repetition 64
tcp_ping received 512 bytes back
Round trip time was 0.017229 milliseconds in repetition 65
tcp_ping received 512 bytes back
Round trip time was 0.016995 milliseconds in repetition 66
tcp_ping received 512 bytes back
Round trip time was 0.016878 milliseconds in repetition 67
tcp_ping received 512 bytes back
Round trip time was 0.016736 milliseconds in repetition 68
tcp_ping received 512 bytes back
Round trip time was 0.017086 milliseconds in repetition 69
tcp_ping received 512 bytes back
Round trip time was 0.016824 milliseconds in repetition 70
tcp_ping received 512 bytes back
Round trip time was 0.01687 milliseconds in repetition 71
tcp_ping received 512 bytes back
Round trip time was 0.016985 milliseconds in repetition 72
tcp_ping received 512 bytes back
Round trip time was 0.017163 milliseconds in repetition 73
tcp_ping received 512 bytes back
Round trip time was 0.017197 milliseconds in repetition 74
tcp_ping received 512 bytes back
Round trip time was 0.017033 milliseconds in repetition 75
tcp_ping received 512 bytes back
Round trip time was 0.016945 milliseconds in repetition 76
tcp_ping received 512 bytes back
Round trip time was 0.017817 milliseconds in repetition 77
tcp_ping received 512 bytes back
Round trip time was 0.017145 milliseconds in repetition 78
tcp_ping received 512 bytes back
Round trip time was 0.017008 milliseconds in repetition 79
tcp_ping received 512 bytes back
Round trip time was 0.017043 milliseconds in repetition 80
tcp_ping received 512 bytes back
Round trip time was 0.017032 milliseconds in repetition 81
tcp_ping received 512 bytes back
Round trip time was 0.017293 milliseconds in repetition 82
tcp_ping received 512 bytes back
Round trip time was 0.016902 milliseconds in repetition 83
tcp_ping received 512 bytes back
Round trip time was 0.016938 milliseconds in repetition 84
tcp_ping received 512 bytes back
Round trip time was 0.017191 milliseconds in repetition 85
tcp_ping received 512 bytes back
Round trip time was 0.017264 milliseconds in repetition 86
tcp_ping received 512 bytes back
Round trip time was 0.016953 milliseconds in repetition 87
tcp_ping received 512 bytes back
Round trip time was 0.017019 milliseconds in repetition 88
tcp_ping received 512 bytes back
Round trip time was 0.018546 milliseconds in repetition 89
tcp_ping received 512 bytes back
Round trip time was 0.017417 milliseconds in repetition 90
tcp_ping received 512 bytes back
Round trip time was 0.016852 milliseconds in repetition 91
tcp_ping received 512 bytes back
Round trip time was 0.017149 milliseconds in repetition 92
tcp_ping received 512 bytes back
Round trip time was 0.017153 milliseconds in repetition 93
tcp_ping received 512 bytes back
Round trip time was 0.017059 milliseconds in repetition 94
tcp_ping received 512 bytes back
Round trip time was 0.01704 milliseconds in repetition 95
tcp_ping received 512 bytes back
Round trip time was 0.017129 milliseconds in repetition 96
tcp_ping received 512 bytes back
Round trip time was 0.01692 milliseconds in repetition 97
tcp_ping received 512 bytes back
Round trip time was 0.017446 milliseconds in repetition 98
tcp_ping received 512 bytes back
Round trip time was 0.016977 milliseconds in repetition 99
tcp_ping received 512 bytes back
Round trip time was 0.017196 milliseconds in repetition 100
tcp_ping received 512 bytes back
Round trip time was 0.017139 milliseconds in repetition 101
tcp_ping received 512 bytes back
Round trip time was 0.017067 milliseconds in repetition 102
tcp_ping received 512 bytes back
Round trip time was 0.016959 milliseconds in repetition 103
tcp_ping received 512 bytes back
Round trip time was 0.017129 milliseconds in repetition 104
tcp_ping received 512 bytes back
Round trip time was 0.017313 milliseconds in repetition 105
tcp_ping received 512 bytes back
Round trip time was 0.017133 milliseconds in repetition 106
tcp_ping received 512 bytes back
Round trip time was 0.01685 milliseconds in repetition 107
tcp_ping received 512 bytes back
Round trip time was 0.016988 milliseconds in repetition 108
tcp_ping received 512 bytes back
Round trip time was 0.016954 milliseconds in repetition 109
tcp_ping received 512 bytes back
Round trip time was 0.016922 milliseconds in repetition 110
tcp_ping received 512 bytes back
Round trip time was 0.016781 milliseconds in repetition 111
tcp_ping received 512 bytes back
Round trip time was 0.017073 milliseconds in repetition 112
tcp_ping received 512 bytes back
Round trip time was 0.017031 milliseconds in repetition 113
tcp_ping received 512 bytes back
Round trip time was 0.017329 milliseconds in repetition 114
tcp_ping received 512 bytes back
Round trip time was 0.016873 milliseconds in repetition 115
tcp_ping received 512 bytes back
Round trip time was 0.016995 milliseconds in repetition 116
tcp_ping received 512 bytes back
Round trip time was 0.016931 milliseconds in repetition 117
tcp_ping received 512 bytes back
Round trip time was 0.016913 milliseconds in repetition 118
tcp_ping received 512 bytes back
Round trip time was 0.016798 milliseconds in repetition 119
tcp_ping received 512 bytes back
Round trip time was 0.017094 milliseconds in repetition 120
tcp_ping received 512 bytes back
Round trip time was 0.017194 milliseconds in repetition 121
tcp_ping received 512 bytes back
Round trip time was 0.017022 milliseconds in repetition 122
tcp_ping received 512 bytes back
Round trip time was 0.016823 milliseconds in repetition 123
tcp_ping received 512 bytes back
Round trip time was 0.01712 milliseconds in repetition 124
tcp_ping received 512 bytes back
Round trip time was 0.017006 milliseconds in repetition 125
tcp_ping received 512 bytes back
Round trip time was 0.016988 milliseconds in repetition 126
tcp_ping received 512 bytes back
Round trip time was 0.016946 milliseconds in repetition 127
tcp_ping received 512 bytes back
Round trip time was 0.018688 milliseconds in repetition 128
tcp_ping received 512 bytes back
Round trip time was 0.023257 milliseconds in repetition 129
tcp_ping received 512 bytes back
Round trip time was 0.017225 milliseconds in repetition 130
tcp_ping received 512 bytes back
Round trip time was 0.01807 milliseconds in repetition 131
tcp_ping received 512 bytes back
Round trip time was 0.017508 milliseconds in repetition 132
tcp_ping received 512 bytes back
Round trip time was 0.01842 milliseconds in repetition 133
tcp_ping received 512 bytes back
Round trip time was 0.017437 milliseconds in repetition 134
tcp_ping received 512 bytes back
Round trip time was 0.01698 milliseconds in repetition 135
tcp_ping received 512 bytes back
Round trip time was 0.017124 milliseconds in repetition 136
tcp_ping received 512 bytes back
Round trip time was 0.017003 milliseconds in repetition 137
tcp_ping received 512 bytes back
Round trip time was 0.017003 milliseconds in repetition 138
tcp_ping received 512 bytes back
Round trip time was 0.017195 milliseconds in repetition 139
tcp_ping received 512 bytes back
Round trip time was 0.016931 milliseconds in repetition 140
tcp_ping received 512 bytes back
Round trip time was 0.017033 milliseconds in repetition 141
tcp_ping received 512 bytes back
Round trip time was 0.016736 milliseconds in repetition 142
tcp_ping received 512 bytes back
Round trip time was 0.016848 milliseconds in repetition 143
tcp_ping received 512 bytes back
Round trip time was 0.017041 milliseconds in repetition 144
tcp_ping received 512 bytes back
Round trip time was 0.016918 milliseconds in repetition 145
tcp_ping received 512 bytes back
Round trip time was 0.017092 milliseconds in repetition 146
tcp_ping received 512 bytes back
Round trip time was 0.01683 milliseconds in repetition 147
tcp_ping received 512 bytes back
Round trip time was 0.017039 milliseconds in repetition 148
tcp_ping received 512 bytes back
Round trip time was 0.01693 milliseconds in repetition 149
tcp_ping received 512 bytes back
Round trip time was 0.016703 milliseconds in repetition 150
tcp_ping received 512 bytes back
Round trip time was 0.016408 milliseconds in repetition 151
tcp_ping received 512 bytes back
Round trip time was 0.016757 milliseconds in repetition 152
tcp_ping received 512 bytes back
Round trip time was 0.016952 milliseconds in repetition 153
tcp_ping received 512 bytes back
Round trip time was 0.017026 milliseconds in repetition 154
tcp_ping received 512 bytes back
Round trip time was 0.016699 milliseconds in repetition 155
tcp_ping received 512 bytes back
Round trip time was 0.016929 milliseconds in repetition 156
tcp_ping received 512 bytes back
Round trip time was 0.016883 milliseconds in repetition 157
tcp_ping received 512 bytes back
Round trip time was 0.016722 milliseconds in repetition 158
tcp_ping received 512 bytes back
Round trip time was 0.016563 milliseconds in repetition 159
tcp_ping received 512 bytes back
Round trip time was 0.016699 milliseconds in repetition 160
tcp_ping received 512 bytes back
Round trip time was 0.01681 milliseconds in repetition 161
tcp_ping received 512 bytes back
Round trip time was 0.017088 milliseconds in repetition 162
tcp_ping received 512 bytes back
Round trip time was 0.016775 milliseconds in repetition 163
tcp_ping received 512 bytes back
Round trip time was 0.017042 milliseconds in repetition 164
tcp_ping received 512 bytes back
Round trip time was 0.017312 milliseconds in repetition 165
tcp_ping received 512 bytes back
Round trip time was 0.016912 milliseconds in repetition 166
tcp_ping received 512 bytes back
Round trip time was 0.016685 milliseconds in repetition 167
tcp_ping received 512 bytes back
Round trip time was 0.017206 milliseconds in repetition 168
tcp_ping received 512 bytes back
Round trip time was 0.016915 milliseconds in repetition 169
tcp_ping received 512 bytes back
Round trip time was 0.016979 milliseconds in repetition 170
tcp_ping received 512 bytes back
Round trip time was 0.016745 milliseconds in repetition 171
tcp_ping received 512 bytes back
Round trip time was 0.016948 milliseconds in repetition 172
tcp_ping received 512 bytes back
Round trip time was 0.017196 milliseconds in repetition 173
tcp_ping received 512 bytes back
Round trip time was 0.016846 milliseconds in repetition 174
tcp_ping received 512 bytes back
Round trip time was 0.017027 milliseconds in repetition 175
tcp_ping received 512 bytes back
Round trip time was 0.017015 milliseconds in repetition 176
tcp_ping received 512 bytes back
Round trip time was 0.018494 milliseconds in repetition 177
tcp_ping received 512 bytes back
Round trip time was 0.017116 milliseconds in repetition 178
tcp_ping received 512 bytes back
Round trip time was 0.017144 milliseconds in repetition 179
tcp_ping received 512 bytes back
Round trip time was 0.016598 milliseconds in repetition 180
tcp_ping received 512 bytes back
Round trip time was 0.016992 milliseconds in repetition 181
tcp_ping received 512 bytes back
Round trip time was 0.017012 milliseconds in repetition 182
tcp_ping received 512 bytes back
Round trip time was 0.016934 milliseconds in repetition 183
tcp_ping received 512 bytes back
Round trip time was 0.016944 milliseconds in repetition 184
tcp_ping received 512 bytes back
Round trip time was 0.017002 milliseconds in repetition 185
tcp_ping received 512 bytes back
Round trip time was 0.017127 milliseconds in repetition 186
tcp_ping received 512 bytes back
Round trip time was 0.017022 milliseconds in repetition 187
tcp_ping received 512 bytes back
Round trip time was 0.016685 milliseconds in repetition 188
tcp_ping received 512 bytes back
Round trip time was 0.016923 milliseconds in repetition 189
tcp_ping received 512 bytes back
Round trip time was 0.01684 milliseconds in repetition 190
tcp_ping received 512 bytes back
Round trip time was 0.016822 milliseconds in repetition 191
tcp_ping received 512 bytes back
Round trip time was 0.016842 milliseconds in repetition 192
tcp_ping received 512 bytes back
Round trip time was 0.016961 milliseconds in repetition 193
tcp_ping received 512 bytes back
Round trip time was 0.016966 milliseconds in repetition 194
tcp_ping received 512 bytes back
Round trip time was 0.016756 milliseconds in repetition 195
tcp_ping received 512 bytes back
Round trip time was 0.016434 milliseconds in repetition 196
tcp_ping received 512 bytes back
Round trip time was 0.016775 milliseconds in repetition 197
tcp_ping received 512 bytes back
Round trip time was 0.016971 milliseconds in repetition 198
tcp_ping received 512 bytes back
Round trip time was 0.016894 milliseconds in repetition 199
tcp_ping received 512 bytes back
Round trip time was 0.01699 milliseconds in repetition 200
tcp_ping received 512 bytes back
Round trip time was 0.017051 milliseconds in repetition 201
tcp_ping received 512 bytes back
Round trip time was 0.016729 milliseconds in repetition 202
tcp_ping received 512 bytes back
Round trip time was 0.016892 milliseconds in repetition 203
tcp_ping received 512 bytes back
Round trip time was 0.0166 milliseconds in repetition 204
tcp_ping received 512 bytes back
Round trip time was 0.016711 milliseconds in repetition 205
tcp_ping received 512 bytes back
Round trip time was 0.016714 milliseconds in repetition 206
tcp_ping received 512 bytes back
Round trip time was 0.01697 milliseconds in repetition 207
tcp_ping received 512 bytes back
Round trip time was 0.016836 milliseconds in repetition 208
tcp_ping received 512 bytes back
Round trip time was 0.016817 milliseconds in repetition 209
tcp_ping received 512 bytes back
Round trip time was 0.016932 milliseconds in repetition 210
tcp_ping received 512 bytes back
Round trip time was 0.017008 milliseconds in repetition 211
tcp_ping received 512 bytes back
Round trip time was 0.016703 milliseconds in repetition 212
tcp_ping received 512 bytes back
Round trip time was 0.016877 milliseconds in repetition 213
tcp_ping received 512 bytes back
Round trip time was 0.016753 milliseconds in repetition 214
tcp_ping received 512 bytes back
Round trip time was 0.016955 milliseconds in repetition 215
tcp_ping received 512 bytes back
Round trip time was 0.016898 milliseconds in repetition 216
tcp_ping received 512 bytes back
Round trip time was 0.016995 milliseconds in repetition 217
tcp_ping received 512 bytes back
Round trip time was 0.016871 milliseconds in repetition 218
tcp_ping received 512 bytes back
Round trip time was 0.016839 milliseconds in repetition 219
tcp_ping received 512 bytes back
Round trip time was 0.016671 milliseconds in repetition 220
tcp_ping received 512 bytes back
Round trip time was 0.018125 milliseconds in repetition 221
tcp_ping received 512 bytes back
Round trip time was 0.016968 milliseconds in repetition 222
tcp_ping received 512 bytes back
Round trip time was 0.01714 milliseconds in repetition 223
tcp_ping received 512 bytes back
Round trip time was 0.016789 milliseconds in repetition 224
tcp_ping received 512 bytes back
Round trip time was 0.016887 milliseconds in repetition 225
tcp_ping received 512 bytes back
Round trip time was 0.016985 milliseconds in repetition 226
tcp_ping received 512 bytes back
Round trip time was 0.017016 milliseconds in repetition 227
tcp_ping received 512 bytes back
Round trip time was 0.021475 milliseconds in repetition 228
tcp_ping received 512 bytes back
Round trip time was 0.021319 milliseconds in repetition 229
tcp_ping received 512 bytes back
Round trip time was 0.018901 milliseconds in repetition 230
tcp_ping received 512 bytes back
Round trip time was 0.018602 milliseconds in repetition 231
tcp_ping received 512 bytes back
Round trip time was 0.01769 milliseconds in repetition 232
tcp_ping received 512 bytes back
Round trip time was 0.018041 milliseconds in repetition 233
tcp_ping received 512 bytes back
Round trip time was 0.018629 milliseconds in repetition 234
tcp_ping received 512 bytes back
Round trip time was 0.018329 milliseconds in repetition 235
tcp_ping received 512 bytes back
Round trip time was 0.018146 milliseconds in repetition 236
tcp_ping received 512 bytes back
Round trip time was 0.018272 milliseconds in repetition 237
tcp_ping received 512 bytes back
Round trip time was 0.018394 milliseconds in repetition 238
tcp_ping received 512 bytes back
Round trip time was 0.032665 milliseconds in repetition 239
tcp_ping received 512 bytes back
Round trip time was 0.018143 milliseconds in repetition 240
tcp_ping received 512 bytes back
Round trip time was 0.019201 milliseconds in repetition 241
tcp_ping received 512 bytes back
Round trip time was 0.020944 milliseconds in repetition 242
tcp_ping received 512 bytes back
Round trip time was 0.019762 milliseconds in repetition 243
tcp_ping received 512 bytes back
Round trip time was 0.017357 milliseconds in repetition 244
tcp_ping received 512 bytes back
Round trip time was 0.016947 milliseconds in repetition 245
tcp_ping received 512 bytes back
Round trip time was 0.01691 milliseconds in repetition 246
tcp_ping received 512 bytes back
Round trip time was 0.016838 milliseconds in repetition 247
tcp_ping received 512 bytes back
Round trip time was 0.016965 milliseconds in repetition 248
tcp_ping received 512 bytes back
Round trip time was 0.016802 milliseconds in repetition 249
tcp_ping received 512 bytes back
Round trip time was 0.017357 milliseconds in repetition 250
tcp_ping received 512 bytes back
Round trip time was 0.017122 milliseconds in repetition 251
tcp_ping received 512 bytes back
Round trip time was 0.016875 milliseconds in repetition 252
tcp_ping received 512 bytes back
Round trip time was 0.017102 milliseconds in repetition 253
tcp_ping received 512 bytes back
Round trip time was 0.017077 milliseconds in repetition 254
tcp_ping received 512 bytes back
Round trip time was 0.016806 milliseconds in repetition 255
tcp_ping received 512 bytes back
Round trip time was 0.016933 milliseconds in repetition 256
tcp_ping received 512 bytes back
Round trip time was 0.016978 milliseconds in repetition 257
tcp_ping received 512 bytes back
Round trip time was 0.01693 milliseconds in repetition 258
tcp_ping received 512 bytes back
Round trip time was 0.017064 milliseconds in repetition 259
tcp_ping received 512 bytes back
Round trip time was 0.016818 milliseconds in repetition 260
tcp_ping received 512 bytes back
Round trip time was 0.016859 milliseconds in repetition 261
tcp_ping received 512 bytes back
Round trip time was 0.017134 milliseconds in repetition 262
tcp_ping received 512 bytes back
Round trip time was 0.016942 milliseconds in repetition 263
tcp_ping received 512 bytes back
Round trip time was 0.01711 milliseconds in repetition 264
tcp_ping received 512 bytes back
Round trip time was 0.018451 milliseconds in repetition 265
tcp_ping received 512 bytes back
Round trip time was 0.017525 milliseconds in repetition 266
tcp_ping received 512 bytes back
Round trip time was 0.016849 milliseconds in repetition 267
tcp_ping received 512 bytes back
Round trip time was 0.016621 milliseconds in repetition 268
tcp_ping received 512 bytes back
Round trip time was 0.017064 milliseconds in repetition 269
tcp_ping received 512 bytes back
Round trip time was 0.016864 milliseconds in repetition 270
tcp_ping received 512 bytes back
Round trip time was 0.016855 milliseconds in repetition 271
tcp_ping received 512 bytes back
Round trip time was 0.016953 milliseconds in repetition 272
tcp_ping received 512 bytes back
Round trip time was 0.016877 milliseconds in repetition 273
tcp_ping received 512 bytes back
Round trip time was 0.017581 milliseconds in repetition 274
tcp_ping received 512 bytes back
Round trip time was 0.016783 milliseconds in repetition 275
tcp_ping received 512 bytes back
Round trip time was 0.016606 milliseconds in repetition 276
tcp_ping received 512 bytes back
Round trip time was 0.017062 milliseconds in repetition 277
tcp_ping received 512 bytes back
Round trip time was 0.017129 milliseconds in repetition 278
tcp_ping received 512 bytes back
Round trip time was 0.016983 milliseconds in repetition 279
tcp_ping received 512 bytes back
Round trip time was 0.016751 milliseconds in repetition 280
tcp_ping received 512 bytes back
Round trip time was 0.016922 milliseconds in repetition 281
tcp_ping received 512 bytes back
Round trip time was 0.016885 milliseconds in repetition 282
tcp_ping received 512 bytes back
Round trip time was 0.016731 milliseconds in repetition 283
tcp_ping received 512 bytes back
Round trip time was 0.016837 milliseconds in repetition 284
tcp_ping received 512 bytes back
Round trip time was 0.017161 milliseconds in repetition 285
tcp_ping received 512 bytes back
Round trip time was 0.016862 milliseconds in repetition 286
tcp_ping received 512 bytes back
Round trip time was 0.016902 milliseconds in repetition 287
tcp_ping received 512 bytes back
Round trip time was 0.016942 milliseconds in repetition 288
tcp_ping received 512 bytes back
Round trip time was 0.01698 milliseconds in repetition 289
tcp_ping received 512 bytes back
Round trip time was 0.017248 milliseconds in repetition 290
tcp_ping received 512 bytes back
Round trip time was 0.017069 milliseconds in repetition 291
tcp_ping received 512 bytes back
Round trip time was 0.016939 milliseconds in repetition 292
tcp_ping received 512 bytes back
Round trip time was 0.017154 milliseconds in repetition 293
tcp_ping received 512 bytes back
Round trip time was 0.017152 milliseconds in repetition 294
tcp_ping received 512 bytes back
Round trip time was 0.016851 milliseconds in repetition 295
tcp_ping received 512 bytes back
Round trip time was 0.017052 milliseconds in repetition 296
tcp_ping received 512 bytes back
Round trip time was 0.017032 milliseconds in repetition 297
tcp_ping received 512 bytes back
Round trip time was 0.017366 milliseconds in repetition 298
tcp_ping received 512 bytes back
Round trip time was 0.016756 milliseconds in repetition 299
tcp_ping received 512 bytes back
Round trip time was 0.016746 milliseconds in repetition 300
tcp_ping received 512 bytes back
Round trip time was 0.016995 milliseconds in repetition 301
tcp_ping received 512 bytes back
Round trip time was 0.017225 milliseconds in repetition 302
tcp_ping received 512 bytes back
Round trip time was 0.017093 milliseconds in repetition 303
tcp_ping received 512 bytes back
Round trip time was 0.017193 milliseconds in repetition 304
tcp_ping received 512 bytes back
Round trip time was 0.016769 milliseconds in repetition 305
tcp_ping received 512 bytes back
Round trip time was 0.016918 milliseconds in repetition 306
tcp_ping received 512 bytes back
Round trip time was 0.016892 milliseconds in repetition 307
tcp_ping received 512 bytes back
Round trip time was 0.016767 milliseconds in repetition 308
tcp_ping received 512 bytes back
Round trip time was 0.018548 milliseconds in repetition 309
tcp_ping received 512 bytes back
Round trip time was 0.017552 milliseconds in repetition 310
tcp_ping received 512 bytes back
Round trip time was 0.016963 milliseconds in repetition 311
tcp_ping received 512 bytes back
Round trip time was 0.016747 milliseconds in repetition 312
tcp_ping received 512 bytes back
Round trip time was 0.017136 milliseconds in repetition 313
tcp_ping received 512 bytes back
Round trip time was 0.017123 milliseconds in repetition 314
tcp_ping received 512 bytes back
Round trip time was 0.016867 milliseconds in repetition 315
tcp_ping received 512 bytes back
Round trip time was 0.016962 milliseconds in repetition 316
tcp_ping received 512 bytes back
Round trip time was 0.017432 milliseconds in repetition 317
tcp_ping received 512 bytes back
Round trip time was 0.017221 milliseconds in repetition 318
tcp_ping received 512 bytes back
Round trip time was 0.016767 milliseconds in repetition 319
tcp_ping received 512 bytes back
Round trip time was 0.016788 milliseconds in repetition 320
tcp_ping received 512 bytes back
Round trip time was 0.017236 milliseconds in repetition 321
tcp_ping received 512 bytes back
Round trip time was 0.01728 milliseconds in repetition 322
tcp_ping received 512 bytes back
Round trip time was 0.017064 milliseconds in repetition 323
tcp_ping received 512 bytes back
Round trip time was 0.016763 milliseconds in repetition 324
tcp_ping received 512 bytes back
Round trip time was 0.017187 milliseconds in repetition 325
tcp_ping received 512 bytes back
Round trip time was 0.017171 milliseconds in repetition 326
tcp_ping received 512 bytes back
Round trip time was 0.016798 milliseconds in repetition 327
tcp_ping received 512 bytes back
Round trip time was 0.016723 milliseconds in repetition 328
tcp_ping received 512 bytes back
Round trip time was 0.017416 milliseconds in repetition 329
tcp_ping received 512 bytes back
Round trip time was 0.017355 milliseconds in repetition 330
tcp_ping received 512 bytes back
Round trip time was 0.017214 milliseconds in repetition 331
tcp_ping received 512 bytes back
Round trip time was 0.016799 milliseconds in repetition 332
tcp_ping received 512 bytes back
Round trip time was 0.017114 milliseconds in repetition 333
tcp_ping received 512 bytes back
Round trip time was 0.017263 milliseconds in repetition 334
tcp_ping received 512 bytes back
Round trip time was 0.016957 milliseconds in repetition 335
tcp_ping received 512 bytes back
Round trip time was 0.016671 milliseconds in repetition 336
tcp_ping received 512 bytes back
Round trip time was 0.017175 milliseconds in repetition 337
tcp_ping received 512 bytes back
Round trip time was 0.016932 milliseconds in repetition 338
tcp_ping received 512 bytes back
Round trip time was 0.016442 milliseconds in repetition 339
tcp_ping received 512 bytes back
Round trip time was 0.016744 milliseconds in repetition 340
tcp_ping received 512 bytes back
Round trip time was 0.01708 milliseconds in repetition 341
tcp_ping received 512 bytes back
Round trip time was 0.017251 milliseconds in repetition 342
tcp_ping received 512 bytes back
Round trip time was 0.016998 milliseconds in repetition 343
tcp_ping received 512 bytes back
Round trip time was 0.016807 milliseconds in repetition 344
tcp_ping received 512 bytes back
Round trip time was 0.017388 milliseconds in repetition 345
tcp_ping received 512 bytes back
Round trip time was 0.017119 milliseconds in repetition 346
tcp_ping received 512 bytes back
Round trip time was 0.0166 milliseconds in repetition 347
tcp_ping received 512 bytes back
Round trip time was 0.016935 milliseconds in repetition 348
tcp_ping received 512 bytes back
Round trip time was 0.017026 milliseconds in repetition 349
tcp_ping received 512 bytes back
Round trip time was 0.017084 milliseconds in repetition 350
tcp_ping received 512 bytes back
Round trip time was 0.017073 milliseconds in repetition 351
tcp_ping received 512 bytes back
Round trip time was 0.016828 milliseconds in repetition 352
tcp_ping received 512 bytes back
Round trip time was 0.018379 milliseconds in repetition 353
tcp_ping received 512 bytes back
Round trip time was 0.017301 milliseconds in repetition 354
tcp_ping received 512 bytes back
Round trip time was 0.017005 milliseconds in repetition 355
tcp_ping received 512 bytes back
Round trip time was 0.016888 milliseconds in repetition 356
tcp_ping received 512 bytes back
Round trip time was 0.017126 milliseconds in repetition 357
tcp_ping received 512 bytes back
Round trip time was 0.016937 milliseconds in repetition 358
tcp_ping received 512 bytes back
Round trip time was 0.016854 milliseconds in repetition 359
tcp_ping received 512 bytes back
Round trip time was 0.016782 milliseconds in repetition 360
tcp_ping received 512 bytes back
Round trip time was 0.017258 milliseconds in repetition 361
tcp_ping received 512 bytes back
Round trip time was 0.017366 milliseconds in repetition 362
tcp_ping received 512 bytes back
Round trip time was 0.016894 milliseconds in repetition 363
tcp_ping received 512 bytes back
Round trip time was 0.016848 milliseconds in repetition 364
tcp_ping received 512 bytes back
Round trip time was 0.017235 milliseconds in repetition 365
tcp_ping received 512 bytes back
Round trip time was 0.017076 milliseconds in repetition 366
tcp_ping received 512 bytes back
Round trip time was 0.017033 milliseconds in repetition 367
tcp_ping received 512 bytes back
Round trip time was 0.016872 milliseconds in repetition 368
tcp_ping received 512 bytes back
Round trip time was 0.017022 milliseconds in repetition 369
tcp_ping received 512 bytes back
Round trip time was 0.017096 milliseconds in repetition 370
tcp_ping received 512 bytes back
Round trip time was 0.016796 milliseconds in repetition 371
tcp_ping received 512 bytes back
Round trip time was 0.016746 milliseconds in repetition 372
tcp_ping received 512 bytes back
Round trip time was 0.017391 milliseconds in repetition 373
tcp_ping received 512 bytes back
Round trip time was 0.017372 milliseconds in repetition 374
tcp_ping received 512 bytes back
Round trip time was 0.017022 milliseconds in repetition 375
tcp_ping received 512 bytes back
Round trip time was 0.016778 milliseconds in repetition 376
tcp_ping received 512 bytes back
Round trip time was 0.017056 milliseconds in repetition 377
tcp_ping received 512 bytes back
Round trip time was 0.017029 milliseconds in repetition 378
tcp_ping received 512 bytes back
Round trip time was 0.016688 milliseconds in repetition 379
tcp_ping received 512 bytes back
Round trip time was 0.016838 milliseconds in repetition 380
tcp_ping received 512 bytes back
Round trip time was 0.017119 milliseconds in repetition 381
tcp_ping received 512 bytes back
Round trip time was 0.017096 milliseconds in repetition 382
tcp_ping received 512 bytes back
Round trip time was 0.017249 milliseconds in repetition 383
tcp_ping received 512 bytes back
Round trip time was 0.016963 milliseconds in repetition 384
tcp_ping received 512 bytes back
Round trip time was 0.017232 milliseconds in repetition 385
tcp_ping received 512 bytes back
Round trip time was 0.017003 milliseconds in repetition 386
tcp_ping received 512 bytes back
Round trip time was 0.017399 milliseconds in repetition 387
tcp_ping received 512 bytes back
Round trip time was 0.017489 milliseconds in repetition 388
tcp_ping received 512 bytes back
Round trip time was 0.01741 milliseconds in repetition 389
tcp_ping received 512 bytes back
Round trip time was 0.017118 milliseconds in repetition 390
tcp_ping received 512 bytes back
Round trip time was 0.017023 milliseconds in repetition 391
tcp_ping received 512 bytes back
Round trip time was 0.016741 milliseconds in repetition 392
tcp_ping received 512 bytes back
Round trip time was 0.016908 milliseconds in repetition 393
tcp_ping received 512 bytes back
Round trip time was 0.017025 milliseconds in repetition 394
tcp_ping received 512 bytes back
Round trip time was 0.016904 milliseconds in repetition 395
tcp_ping received 512 bytes back
Round trip time was 0.016658 milliseconds in repetition 396
tcp_ping received 512 bytes back
Round trip time was 0.018518 milliseconds in repetition 397
tcp_ping received 512 bytes back
Round trip time was 0.017533 milliseconds in repetition 398
tcp_ping received 512 bytes back
Round trip time was 0.016726 milliseconds in repetition 399
tcp_ping received 512 bytes back
Round trip time was 0.017043 milliseconds in repetition 400
tcp_ping received 512 bytes back
Round trip time was 0.016925 milliseconds in repetition 401
tcp_ping received 512 bytes back
Round trip time was 0.017094 milliseconds in repetition 402
tcp_ping received 512 bytes back
Round trip time was 0.016836 milliseconds in repetition 403
tcp_ping received 512 bytes back
Round trip time was 0.017162 milliseconds in repetition 404
tcp_ping received 512 bytes back
Round trip time was 0.017113 milliseconds in repetition 405
tcp_ping received 512 bytes back
Round trip time was 0.017004 milliseconds in repetition 406
tcp_ping received 512 bytes back
Round trip time was 0.016919 milliseconds in repetition 407
tcp_ping received 512 bytes back
Round trip time was 0.017283 milliseconds in repetition 408
tcp_ping received 512 bytes back
Round trip time was 0.016855 milliseconds in repetition 409
tcp_ping received 512 bytes back
Round trip time was 0.016592 milliseconds in repetition 410
tcp_ping received 512 bytes back
Round trip time was 0.016691 milliseconds in repetition 411
tcp_ping received 512 bytes back
Round trip time was 0.016925 milliseconds in repetition 412
tcp_ping received 512 bytes back
Round trip time was 0.017307 milliseconds in repetition 413
tcp_ping received 512 bytes back
Round trip time was 0.016776 milliseconds in repetition 414
tcp_ping received 512 bytes back
Round trip time was 0.016875 milliseconds in repetition 415
tcp_ping received 512 bytes back
Round trip time was 0.016942 milliseconds in repetition 416
tcp_ping received 512 bytes back
Round trip time was 0.017154 milliseconds in repetition 417
tcp_ping received 512 bytes back
Round trip time was 0.016991 milliseconds in repetition 418
tcp_ping received 512 bytes back
Round trip time was 0.016708 milliseconds in repetition 419
tcp_ping received 512 bytes back
Round trip time was 0.017025 milliseconds in repetition 420
tcp_ping received 512 bytes back
Round trip time was 0.017103 milliseconds in repetition 421
tcp_ping received 512 bytes back
Round trip time was 0.01676 milliseconds in repetition 422
tcp_ping received 512 bytes back
Round trip time was 0.016683 milliseconds in repetition 423
tcp_ping received 512 bytes back
Round trip time was 0.017026 milliseconds in repetition 424
tcp_ping received 512 bytes back
Round trip time was 0.017016 milliseconds in repetition 425
tcp_ping received 512 bytes back
Round trip time was 0.017098 milliseconds in repetition 426
tcp_ping received 512 bytes back
Round trip time was 0.016597 milliseconds in repetition 427
tcp_ping received 512 bytes back
Round trip time was 0.017163 milliseconds in repetition 428
tcp_ping received 512 bytes back
Round trip time was 0.017218 milliseconds in repetition 429
tcp_ping received 512 bytes back
Round trip time was 0.016826 milliseconds in repetition 430
tcp_ping received 512 bytes back
Round trip time was 0.016789 milliseconds in repetition 431
tcp_ping received 512 bytes back
Round trip time was 0.016916 milliseconds in repetition 432
tcp_ping received 512 bytes back
Round trip time was 0.024773 milliseconds in repetition 433
tcp_ping received 512 bytes back
Round trip time was 0.017337 milliseconds in repetition 434
tcp_ping received 512 bytes back
Round trip time was 0.016863 milliseconds in repetition 435
tcp_ping received 512 bytes back
Round trip time was 0.017172 milliseconds in repetition 436
tcp_ping received 512 bytes back
Round trip time was 0.017129 milliseconds in repetition 437
tcp_ping received 512 bytes back
Round trip time was 0.01656 milliseconds in repetition 438
tcp_ping received 512 bytes back
Round trip time was 0.016764 milliseconds in repetition 439
tcp_ping received 512 bytes back
Round trip time was 0.017066 milliseconds in repetition 440
tcp_ping received 512 bytes back
Round trip time was 0.017003 milliseconds in repetition 441
tcp_ping received 512 bytes back
Round trip time was 0.018318 milliseconds in repetition 442
tcp_ping received 512 bytes back
Round trip time was 0.017254 milliseconds in repetition 443
tcp_ping received 512 bytes back
Round trip time was 0.016947 milliseconds in repetition 444
tcp_ping received 512 bytes back
Round trip time was 0.017117 milliseconds in repetition 445
tcp_ping received 512 bytes back
Round trip time was 0.016862 milliseconds in repetition 446
tcp_ping received 512 bytes back
Round trip time was 0.017036 milliseconds in repetition 447
tcp_ping received 512 bytes back
Round trip time was 0.017004 milliseconds in repetition 448
tcp_ping received 512 bytes back
Round trip time was 0.016906 milliseconds in repetition 449
tcp_ping received 512 bytes back
Round trip time was 0.016763 milliseconds in repetition 450
tcp_ping received 512 bytes back
Round trip time was 0.017051 milliseconds in repetition 451
tcp_ping received 512 bytes back
Round trip time was 0.016854 milliseconds in repetition 452
tcp_ping received 512 bytes back
Round trip time was 0.016985 milliseconds in repetition 453
tcp_ping received 512 bytes back
Round trip time was 0.016984 milliseconds in repetition 454
tcp_ping received 512 bytes back
Round trip time was 0.017351 milliseconds in repetition 455
tcp_ping received 512 bytes back
Round trip time was 0.017113 milliseconds in repetition 456
tcp_ping received 512 bytes back
Round trip time was 0.017003 milliseconds in repetition 457
tcp_ping received 512 bytes back
Round trip time was 0.016516 milliseconds in repetition 458
tcp_ping received 512 bytes back
Round trip time was 0.016888 milliseconds in repetition 459
tcp_ping received 512 bytes back
Round trip time was 0.016864 milliseconds in repetition 460
tcp_ping received 512 bytes back
Round trip time was 0.016855 milliseconds in repetition 461
tcp_ping received 512 bytes back
Round trip time was 0.016719 milliseconds in repetition 462
tcp_ping received 512 bytes back
Round trip time was 0.017008 milliseconds in repetition 463
tcp_ping received 512 bytes back
Round trip time was 0.017222 milliseconds in repetition 464
tcp_ping received 512 bytes back
Round trip time was 0.016991 milliseconds in repetition 465
tcp_ping received 512 bytes back
Round trip time was 0.016554 milliseconds in repetition 466
tcp_ping received 512 bytes back
Round trip time was 0.016986 milliseconds in repetition 467
tcp_ping received 512 bytes back
Round trip time was 0.017105 milliseconds in repetition 468
tcp_ping received 512 bytes back
Round trip time was 0.016936 milliseconds in repetition 469
tcp_ping received 512 bytes back
Round trip time was 0.016632 milliseconds in repetition 470
tcp_ping received 512 bytes back
Round trip time was 0.016889 milliseconds in repetition 471
tcp_ping received 512 bytes back
Round trip time was 0.017076 milliseconds in repetition 472
tcp_ping received 512 bytes back
Round trip time was 0.017186 milliseconds in repetition 473
tcp_ping received 512 bytes back
Round trip time was 0.016537 milliseconds in repetition 474
tcp_ping received 512 bytes back
Round trip time was 0.016867 milliseconds in repetition 475
tcp_ping received 512 bytes back
Round trip time was 0.017033 milliseconds in repetition 476
tcp_ping received 512 bytes back
Round trip time was 0.01674 milliseconds in repetition 477
tcp_ping received 512 bytes back
Round trip time was 0.016709 milliseconds in repetition 478
tcp_ping received 512 bytes back
Round trip time was 0.017114 milliseconds in repetition 479
tcp_ping received 512 bytes back
Round trip time was 0.017109 milliseconds in repetition 480
tcp_ping received 512 bytes back
Round trip time was 0.017252 milliseconds in repetition 481
tcp_ping received 512 bytes back
Round trip time was 0.016568 milliseconds in repetition 482
tcp_ping received 512 bytes back
Round trip time was 0.0171 milliseconds in repetition 483
tcp_ping received 512 bytes back
Round trip time was 0.017403 milliseconds in repetition 484
tcp_ping received 512 bytes back
Round trip time was 0.016556 milliseconds in repetition 485
tcp_ping received 512 bytes back
Round trip time was 0.018195 milliseconds in repetition 486
tcp_ping received 512 bytes back
Round trip time was 0.017235 milliseconds in repetition 487
tcp_ping received 512 bytes back
Round trip time was 0.016886 milliseconds in repetition 488
tcp_ping received 512 bytes back
Round trip time was 0.017019 milliseconds in repetition 489
tcp_ping received 512 bytes back
Round trip time was 0.016791 milliseconds in repetition 490
tcp_ping received 512 bytes back
Round trip time was 0.016894 milliseconds in repetition 491
tcp_ping received 512 bytes back
Round trip time was 0.017232 milliseconds in repetition 492
tcp_ping received 512 bytes back
Round trip time was 0.016958 milliseconds in repetition 493
tcp_ping received 512 bytes back
Round trip time was 0.016876 milliseconds in repetition 494
tcp_ping received 512 bytes back
Round trip time was 0.016892 milliseconds in repetition 495
tcp_ping received 512 bytes back
Round trip time was 0.017015 milliseconds in repetition 496
tcp_ping received 512 bytes back
Round trip time was 0.016961 milliseconds in repetition 497
tcp_ping received 512 bytes back
Round trip time was 0.016892 milliseconds in repetition 498
tcp_ping received 512 bytes back
Round trip time was 0.016998 milliseconds in repetition 499
tcp_ping received 512 bytes back
Round trip time was 0.017247 milliseconds in repetition 500

 ... clock resolution was 1e-06
TCP Ping:  Statistics over 500 repetitions of 512 byte messages

RTT : percentile 10: 0.016747, median: 0.017003, percentile 90: 0.017432, average: 0.0171982, variance: 1.30541e-06

RTT histogram:
0.0164075 85
0.0172204 378
0.0180333 16
0.0188462 12
0.0196591 1
0.020472 0
0.0212849 3
0.0220978 1
0.0229107 1
0.0237236 0
0.0245365 1
0.0253494 0
0.0261623 0
0.0269752 0
0.0277881 0
0.028601 0
0.0294139 1
0.0302268 0
0.0310397 0
0.0318526 0
0.0326655 1

   median Throughput : 60224.7 KB/s   overall Throughput : 59541 KB/s

