TCP Ping trying to connect to server localhost (127.0.0.1) on port 1491
 ... connected to Pong server: asking for 500 repetitions of 768 bytes TCP messages
 ... Pong server agreed :-)
tcp_ping received 768 bytes back
Round trip time was 0.073545 milliseconds in repetition 1
tcp_ping received 768 bytes back
Round trip time was 0.025876 milliseconds in repetition 2
tcp_ping received 768 bytes back
Round trip time was 0.069925 milliseconds in repetition 3
tcp_ping received 768 bytes back
Round trip time was 0.021959 milliseconds in repetition 4
tcp_ping received 768 bytes back
Round trip time was 0.018811 milliseconds in repetition 5
tcp_ping received 768 bytes back
Round trip time was 0.01861 milliseconds in repetition 6
tcp_ping received 768 bytes back
Round trip time was 0.018595 milliseconds in repetition 7
tcp_ping received 768 bytes back
Round trip time was 0.019301 milliseconds in repetition 8
tcp_ping received 768 bytes back
Round trip time was 0.018394 milliseconds in repetition 9
tcp_ping received 768 bytes back
Round trip time was 0.019002 milliseconds in repetition 10
tcp_ping received 768 bytes back
Round trip time was 0.019035 milliseconds in repetition 11
tcp_ping received 768 bytes back
Round trip time was 0.018651 milliseconds in repetition 12
tcp_ping received 768 bytes back
Round trip time was 0.018528 milliseconds in repetition 13
tcp_ping received 768 bytes back
Round trip time was 0.018572 milliseconds in repetition 14
tcp_ping received 768 bytes back
Round trip time was 0.018662 milliseconds in repetition 15
tcp_ping received 768 bytes back
Round trip time was 0.018692 milliseconds in repetition 16
tcp_ping received 768 bytes back
Round trip time was 0.018307 milliseconds in repetition 17
tcp_ping received 768 bytes back
Round trip time was 0.018534 milliseconds in repetition 18
tcp_ping received 768 bytes back
Round trip time was 0.019056 milliseconds in repetition 19
tcp_ping received 768 bytes back
Round trip time was 0.019032 milliseconds in repetition 20
tcp_ping received 768 bytes back
Round trip time was 0.018571 milliseconds in repetition 21
tcp_ping received 768 bytes back
Round trip time was 0.018514 milliseconds in repetition 22
tcp_ping received 768 bytes back
Round trip time was 0.018689 milliseconds in repetition 23
tcp_ping received 768 bytes back
Round trip time was 0.01865 milliseconds in repetition 24
tcp_ping received 768 bytes back
Round trip time was 0.018571 milliseconds in repetition 25
tcp_ping received 768 bytes back
Round trip time was 0.018305 milliseconds in repetition 26
tcp_ping received 768 bytes back
Round trip time was 0.018768 milliseconds in repetition 27
tcp_ping received 768 bytes back
Round trip time was 0.018965 milliseconds in repetition 28
tcp_ping received 768 bytes back
Round trip time was 0.018645 milliseconds in repetition 29
tcp_ping received 768 bytes back
Round trip time was 0.018555 milliseconds in repetition 30
tcp_ping received 768 bytes back
Round trip time was 0.019498 milliseconds in repetition 31
tcp_ping received 768 bytes back
Round trip time was 0.018998 milliseconds in repetition 32
tcp_ping received 768 bytes back
Round trip time was 0.018404 milliseconds in repetition 33
tcp_ping received 768 bytes back
Round trip time was 0.018352 milliseconds in repetition 34
tcp_ping received 768 bytes back
Round trip time was 0.01872 milliseconds in repetition 35
tcp_ping received 768 bytes back
Round trip time was 0.018958 milliseconds in repetition 36
tcp_ping received 768 bytes back
Round trip time was 0.018743 milliseconds in repetition 37
tcp_ping received 768 bytes back
Round trip time was 0.018525 milliseconds in repetition 38
tcp_ping received 768 bytes back
Round trip time was 0.018954 milliseconds in repetition 39
tcp_ping received 768 bytes back
Round trip time was 0.018918 milliseconds in repetition 40
tcp_ping received 768 bytes back
Round trip time was 0.018493 milliseconds in repetition 41
tcp_ping received 768 bytes back
Round trip time was 0.018432 milliseconds in repetition 42
tcp_ping received 768 bytes back
Round trip time was 0.018641 milliseconds in repetition 43
tcp_ping received 768 bytes back
Round trip time was 0.020795 milliseconds in repetition 44
tcp_ping received 768 bytes back
Round trip time was 0.018873 milliseconds in repetition 45
tcp_ping received 768 bytes back
Round trip time was 0.018654 milliseconds in repetition 46
tcp_ping received 768 bytes back
Round trip time was 0.018585 milliseconds in repetition 47
tcp_ping received 768 bytes back
Round trip time was 0.018535 milliseconds in repetition 48
tcp_ping received 768 bytes back
Round trip time was 0.018418 milliseconds in repetition 49
tcp_ping received 768 bytes back
Round trip time was 0.018641 milliseconds in repetition 50
tcp_ping received 768 bytes back
Round trip time was 0.018737 milliseconds in repetition 51
tcp_ping received 768 bytes back
Round trip time was 0.018646 milliseconds in repetition 52
tcp_ping received 768 bytes back
Round trip time was 0.018706 milliseconds in repetition 53
tcp_ping received 768 bytes back
Round trip time was 0.0186 milliseconds in repetition 54
tcp_ping received 768 bytes back
Round trip time was 0.018455 milliseconds in repetition 55
tcp_ping received 768 bytes back
Round trip time was 0.018638 milliseconds in repetition 56
tcp_ping received 768 bytes back
Round trip time was 0.02866 milliseconds in repetition 57
tcp_ping received 768 bytes back
Round trip time was 0.020559 milliseconds in repetition 58
tcp_ping received 768 bytes back
Round trip time was 0.018841 milliseconds in repetition 59
tcp_ping received 768 bytes back
Round trip time was 0.018759 milliseconds in repetition 60
tcp_ping received 768 bytes back
Round trip time was 0.018597 milliseconds in repetition 61
tcp_ping received 768 bytes back
Round trip time was 0.018995 milliseconds in repetition 62
tcp_ping received 768 bytes back
Round trip time was 0.018862 milliseconds in repetition 63
tcp_ping received 768 bytes back
Round trip time was 0.018612 milliseconds in repetition 64
tcp_ping received 768 bytes back
Round trip time was 0.01854 milliseconds in repetition 65
tcp_ping received 768 bytes back
Round trip time was 0.018887 milliseconds in repetition 66
tcp_ping received 768 bytes back
Round trip time was 0.018671 milliseconds in repetition 67
tcp_ping received 768 bytes back
Round trip time was 0.01878 milliseconds in repetition 68
tcp_ping received 768 bytes back
Round trip time was 0.018862 milliseconds in repetition 69
tcp_ping received 768 bytes back
Round trip time was 0.018713 milliseconds in repetition 70
tcp_ping received 768 bytes back
Round trip time was 0.018901 milliseconds in repetition 71
tcp_ping received 768 bytes back
Round trip time was 0.01853 milliseconds in repetition 72
tcp_ping received 768 bytes back
Round trip time was 0.018543 milliseconds in repetition 73
tcp_ping received 768 bytes back
Round trip time was 0.018636 milliseconds in repetition 74
tcp_ping received 768 bytes back
Round trip time was 0.018694 milliseconds in repetition 75
tcp_ping received 768 bytes back
Round trip time was 0.018464 milliseconds in repetition 76
tcp_ping received 768 bytes back
Round trip time was 0.018529 milliseconds in repetition 77
tcp_ping received 768 bytes back
Round trip time was 0.018888 milliseconds in repetition 78
tcp_ping received 768 bytes back
Round trip time was 0.018861 milliseconds in repetition 79
tcp_ping received 768 bytes back
Round trip time was 0.01907 milliseconds in repetition 80
tcp_ping received 768 bytes back
Round trip time was 0.018628 milliseconds in repetition 81
tcp_ping received 768 bytes back
Round trip time was 0.018902 milliseconds in repetition 82
tcp_ping received 768 bytes back
Round trip time was 0.018784 milliseconds in repetition 83
tcp_ping received 768 bytes back
Round trip time was 0.018278 milliseconds in repetition 84
tcp_ping received 768 bytes back
Round trip time was 0.018333 milliseconds in repetition 85
tcp_ping received 768 bytes back
Round trip time was 0.018851 milliseconds in repetition 86
tcp_ping received 768 bytes back
Round trip time was 0.018538 milliseconds in repetition 87
tcp_ping received 768 bytes back
Round trip time was 0.018418 milliseconds in repetition 88
tcp_ping received 768 bytes back
Round trip time was 0.020223 milliseconds in repetition 89
tcp_ping received 768 bytes back
Round trip time was 0.018874 milliseconds in repetition 90
tcp_ping received 768 bytes back
Round trip time was 0.018529 milliseconds in repetition 91
tcp_ping received 768 bytes back
Round trip time was 0.018208 milliseconds in repetition 92
tcp_ping received 768 bytes back
Round trip time was 0.018369 milliseconds in repetition 93
tcp_ping received 768 bytes back
Round trip time was 0.018607 milliseconds in repetition 94
tcp_ping received 768 bytes back
Round trip time was 0.018663 milliseconds in repetition 95
tcp_ping received 768 bytes back
Round trip time was 0.01854 milliseconds in repetition 96
tcp_ping received 768 bytes back
Round trip time was 0.0186 milliseconds in repetition 97
tcp_ping received 768 bytes back
Round trip time was 0.018557 milliseconds in repetition 98
tcp_ping received 768 bytes back
Round trip time was 0.018508 milliseconds in repetition 99
tcp_ping received 768 bytes back
Round trip time was 0.0187 milliseconds in repetition 100
tcp_ping received 768 bytes back
Round trip time was 0.018617 milliseconds in repetition 101
tcp_ping received 768 bytes back
Round trip time was 0.019086 milliseconds in repetition 102
tcp_ping received 768 bytes back
Round trip time was 0.018759 milliseconds in repetition 103
tcp_ping received 768 bytes back
Round trip time was 0.018676 milliseconds in repetition 104
tcp_ping received 768 bytes back
Round trip time was 0.018619 milliseconds in repetition 105
tcp_ping received 768 bytes back
Round trip time was 0.01862 milliseconds in repetition 106
tcp_ping received 768 bytes back
Round trip time was 0.01861 milliseconds in repetition 107
tcp_ping received 768 bytes back
Round trip time was 0.018487 milliseconds in repetition 108
tcp_ping received 768 bytes back
Round trip time was 0.018603 milliseconds in repetition 109
tcp_ping received 768 bytes back
Round trip time was 0.019139 milliseconds in repetition 110
tcp_ping received 768 bytes back
Round trip time was 0.018835 milliseconds in repetition 111
tcp_ping received 768 bytes back
Round trip time was 0.018542 milliseconds in repetition 112
tcp_ping received 768 bytes back
Round trip time was 0.018661 milliseconds in repetition 113
tcp_ping received 768 bytes back
Round trip time was 0.018699 milliseconds in repetition 114
tcp_ping received 768 bytes back
Round trip time was 0.018491 milliseconds in repetition 115
tcp_ping received 768 bytes back
Round trip time was 0.018252 milliseconds in repetition 116
tcp_ping received 768 bytes back
Round trip time was 0.018408 milliseconds in repetition 117
tcp_ping received 768 bytes back
Round trip time was 0.01888 milliseconds in repetition 118
tcp_ping received 768 bytes back
Round trip time was 0.018602 milliseconds in repetition 119
tcp_ping received 768 bytes back
Round trip time was 0.018412 milliseconds in repetition 120
tcp_ping received 768 bytes back
Round trip time was 0.01859 milliseconds in repetition 121
tcp_ping received 768 bytes back
Round trip time was 0.018865 milliseconds in repetition 122
tcp_ping received 768 bytes back
Round trip time was 0.018641 milliseconds in repetition 123
tcp_ping received 768 bytes back
Round trip time was 0.018469 milliseconds in repetition 124
tcp_ping received 768 bytes back
Round trip time was 0.01861 milliseconds in repetition 125
tcp_ping received 768 bytes back
Round trip time was 0.018909 milliseconds in repetition 126
tcp_ping received 768 bytes back
Round trip time was 0.018802 milliseconds in repetition 127
tcp_ping received 768 bytes back
Round trip time was 0.018596 milliseconds in repetition 128
tcp_ping received 768 bytes back
Round trip time was 0.01861 milliseconds in repetition 129
tcp_ping received 768 bytes back
Round trip time was 0.019112 milliseconds in repetition 130
tcp_ping received 768 bytes back
Round trip time was 0.018643 milliseconds in repetition 131
tcp_ping received 768 bytes back
Round trip time was 0.018426 milliseconds in repetition 132
tcp_ping received 768 bytes back
Round trip time was 0.020115 milliseconds in repetition 133
tcp_ping received 768 bytes back
Round trip time was 0.018834 milliseconds in repetition 134
tcp_ping received 768 bytes back
Round trip time was 0.01861 milliseconds in repetition 135
tcp_ping received 768 bytes back
Round trip time was 0.019118 milliseconds in repetition 136
tcp_ping received 768 bytes back
Round trip time was 0.018717 milliseconds in repetition 137
tcp_ping received 768 bytes back
Round trip time was 0.018907 milliseconds in repetition 138
tcp_ping received 768 bytes back
Round trip time was 0.018641 milliseconds in repetition 139
tcp_ping received 768 bytes back
Round trip time was 0.018651 milliseconds in repetition 140
tcp_ping received 768 bytes back
Round trip time was 0.018758 milliseconds in repetition 141
tcp_ping received 768 bytes back
Round trip time was 0.018861 milliseconds in repetition 142
tcp_ping received 768 bytes back
Round trip time was 0.018764 milliseconds in repetition 143
tcp_ping received 768 bytes back
Round trip time was 0.018743 milliseconds in repetition 144
tcp_ping received 768 bytes back
Round trip time was 0.018876 milliseconds in repetition 145
tcp_ping received 768 bytes back
Round trip time was 0.0188 milliseconds in repetition 146
tcp_ping received 768 bytes back
Round trip time was 0.0188 milliseconds in repetition 147
tcp_ping received 768 bytes back
Round trip time was 0.018687 milliseconds in repetition 148
tcp_ping received 768 bytes back
Round trip time was 0.018606 milliseconds in repetition 149
tcp_ping received 768 bytes back
Round trip time was 0.018912 milliseconds in repetition 150
tcp_ping received 768 bytes back
Round trip time was 0.018645 milliseconds in repetition 151
tcp_ping received 768 bytes back
Round trip time was 0.018624 milliseconds in repetition 152
tcp_ping received 768 bytes back
Round trip time was 0.018741 milliseconds in repetition 153
tcp_ping received 768 bytes back
Round trip time was 0.01861 milliseconds in repetition 154
tcp_ping received 768 bytes back
Round trip time was 0.019061 milliseconds in repetition 155
tcp_ping received 768 bytes back
Round trip time was 0.018768 milliseconds in repetition 156
tcp_ping received 768 bytes back
Round trip time was 0.018545 milliseconds in repetition 157
tcp_ping received 768 bytes back
Round trip time was 0.018713 milliseconds in repetition 158
tcp_ping received 768 bytes back
Round trip time was 0.018603 milliseconds in repetition 159
tcp_ping received 768 bytes back
Round trip time was 0.018729 milliseconds in repetition 160
tcp_ping received 768 bytes back
Round trip time was 0.018554 milliseconds in repetition 161
tcp_ping received 768 bytes back
Round trip time was 0.018767 milliseconds in repetition 162
tcp_ping received 768 bytes back
Round trip time was 0.018647 milliseconds in repetition 163
tcp_ping received 768 bytes back
Round trip time was 0.01862 milliseconds in repetition 164
tcp_ping received 768 bytes back
Round trip time was 0.01876 milliseconds in repetition 165
tcp_ping received 768 bytes back
Round trip time was 0.018864 milliseconds in repetition 166
tcp_ping received 768 bytes back
Round trip time was 0.018711 milliseconds in repetition 167
tcp_ping received 768 bytes back
Round trip time was 0.018669 milliseconds in repetition 168
tcp_ping received 768 bytes back
Round trip time was 0.018525 milliseconds in repetition 169
tcp_ping received 768 bytes back
Round trip time was 0.018841 milliseconds in repetition 170
tcp_ping received 768 bytes back
Round trip time was 0.018659 milliseconds in repetition 171
tcp_ping received 768 bytes back
Round trip time was 0.018897 milliseconds in repetition 172
tcp_ping received 768 bytes back
Round trip time was 0.018712 milliseconds in repetition 173
tcp_ping received 768 bytes back
Round trip time was 0.018747 milliseconds in repetition 174
tcp_ping received 768 bytes back
Round trip time was 0.018892 milliseconds in repetition 175
tcp_ping received 768 bytes back
Round trip time was 0.018312 milliseconds in repetition 176
tcp_ping received 768 bytes back
Round trip time was 0.020028 milliseconds in repetition 177
tcp_ping received 768 bytes back
Round trip time was 0.019058 milliseconds in repetition 178
tcp_ping received 768 bytes back
Round trip time was 0.018781 milliseconds in repetition 179
tcp_ping received 768 bytes back
Round trip time was 0.019184 milliseconds in repetition 180
tcp_ping received 768 bytes back
Round trip time was 0.018459 milliseconds in repetition 181
tcp_ping received 768 bytes back
Round trip time was 0.018651 milliseconds in repetition 182
tcp_ping received 768 bytes back
Round trip time was 0.018526 milliseconds in repetition 183
tcp_ping received 768 bytes back
Round trip time was 0.018792 milliseconds in repetition 184
tcp_ping received 768 bytes back
Round trip time was 0.018383 milliseconds in repetition 185
tcp_ping received 768 bytes back
Round trip time was 0.019013 milliseconds in repetition 186
tcp_ping received 768 bytes back
Round trip time was 0.018704 milliseconds in repetition 187
tcp_ping received 768 bytes back
Round trip time was 0.018876 milliseconds in repetition 188
tcp_ping received 768 bytes back
Round trip time was 0.0184 milliseconds in repetition 189
tcp_ping received 768 bytes back
Round trip time was 0.018727 milliseconds in repetition 190
tcp_ping received 768 bytes back
Round trip time was 0.018663 milliseconds in repetition 191
tcp_ping received 768 bytes back
Round trip time was 0.018882 milliseconds in repetition 192
tcp_ping received 768 bytes back
Round trip time was 0.018907 milliseconds in repetition 193
tcp_ping received 768 bytes back
Round trip time was 0.018665 milliseconds in repetition 194
tcp_ping received 768 bytes back
Round trip time was 0.01854 milliseconds in repetition 195
tcp_ping received 768 bytes back
Round trip time was 0.018632 milliseconds in repetition 196
tcp_ping received 768 bytes back
Round trip time was 0.018869 milliseconds in repetition 197
tcp_ping received 768 bytes back
Round trip time was 0.018743 milliseconds in repetition 198
tcp_ping received 768 bytes back
Round trip time was 0.018452 milliseconds in repetition 199
tcp_ping received 768 bytes back
Round trip time was 0.019094 milliseconds in repetition 200
tcp_ping received 768 bytes back
Round trip time was 0.018681 milliseconds in repetition 201
tcp_ping received 768 bytes back
Round trip time was 0.018731 milliseconds in repetition 202
tcp_ping received 768 bytes back
Round trip time was 0.018652 milliseconds in repetition 203
tcp_ping received 768 bytes back
Round trip time was 0.018717 milliseconds in repetition 204
tcp_ping received 768 bytes back
Round trip time was 0.018531 milliseconds in repetition 205
tcp_ping received 768 bytes back
Round trip time was 0.018682 milliseconds in repetition 206
tcp_ping received 768 bytes back
Round trip time was 0.018549 milliseconds in repetition 207
tcp_ping received 768 bytes back
Round trip time was 0.018665 milliseconds in repetition 208
tcp_ping received 768 bytes back
Round trip time was 0.018326 milliseconds in repetition 209
tcp_ping received 768 bytes back
Round trip time was 0.018607 milliseconds in repetition 210
tcp_ping received 768 bytes back
Round trip time was 0.018791 milliseconds in repetition 211
tcp_ping received 768 bytes back
Round trip time was 0.0188 milliseconds in repetition 212
tcp_ping received 768 bytes back
Round trip time was 0.018539 milliseconds in repetition 213
tcp_ping received 768 bytes back
Round trip time was 0.018932 milliseconds in repetition 214
tcp_ping received 768 bytes back
Round trip time was 0.018788 milliseconds in repetition 215
tcp_ping received 768 bytes back
Round trip time was 0.018825 milliseconds in repetition 216
tcp_ping received 768 bytes back
Round trip time was 0.018438 milliseconds in repetition 217
tcp_ping received 768 bytes back
Round trip time was 0.01859 milliseconds in repetition 218
tcp_ping received 768 bytes back
Round trip time was 0.018726 milliseconds in repetition 219
tcp_ping received 768 bytes back
Round trip time was 0.019035 milliseconds in repetition 220
tcp_ping received 768 bytes back
Round trip time was 0.020213 milliseconds in repetition 221
tcp_ping received 768 bytes back
Round trip time was 0.019239 milliseconds in repetition 222
tcp_ping received 768 bytes back
Round trip time was 0.018897 milliseconds in repetition 223
tcp_ping received 768 bytes back
Round trip time was 0.01865 milliseconds in repetition 224
tcp_ping received 768 bytes back
Round trip time was 0.018353 milliseconds in repetition 225
tcp_ping received 768 bytes back
Round trip time was 0.018764 milliseconds in repetition 226
tcp_ping received 768 bytes back
Round trip time was 0.018859 milliseconds in repetition 227
tcp_ping received 768 bytes back
Round trip time was 0.018692 milliseconds in repetition 228
tcp_ping received 768 bytes back
Round trip time was 0.018771 milliseconds in repetition 229
tcp_ping received 768 bytes back
Round trip time was 0.019228 milliseconds in repetition 230
tcp_ping received 768 bytes back
Round trip time was 0.018564 milliseconds in repetition 231
tcp_ping received 768 bytes back
Round trip time was 0.018595 milliseconds in repetition 232
tcp_ping received 768 bytes back
Round trip time was 0.018145 milliseconds in repetition 233
tcp_ping received 768 bytes back
Round trip time was 0.018484 milliseconds in repetition 234
tcp_ping received 768 bytes back
Round trip time was 0.018719 milliseconds in repetition 235
tcp_ping received 768 bytes back
Round trip time was 0.01889 milliseconds in repetition 236
tcp_ping received 768 bytes back
Round trip time was 0.018842 milliseconds in repetition 237
tcp_ping received 768 bytes back
Round trip time was 0.018775 milliseconds in repetition 238
tcp_ping received 768 bytes back
Round trip time was 0.018419 milliseconds in repetition 239
tcp_ping received 768 bytes back
Round trip time was 0.018898 milliseconds in repetition 240
tcp_ping received 768 bytes back
Round trip time was 0.018698 milliseconds in repetition 241
tcp_ping received 768 bytes back
Round trip time was 0.018778 milliseconds in repetition 242
tcp_ping received 768 bytes back
Round trip time was 0.01877 milliseconds in repetition 243
tcp_ping received 768 bytes back
Round trip time was 0.018665 milliseconds in repetition 244
tcp_ping received 768 bytes back
Round trip time was 0.018674 milliseconds in repetition 245
tcp_ping received 768 bytes back
Round trip time was 0.018731 milliseconds in repetition 246
tcp_ping received 768 bytes back
Round trip time was 0.022701 milliseconds in repetition 247
tcp_ping received 768 bytes back
Round trip time was 0.019929 milliseconds in repetition 248
tcp_ping received 768 bytes back
Round trip time was 0.018554 milliseconds in repetition 249
tcp_ping received 768 bytes back
Round trip time was 0.018726 milliseconds in repetition 250
tcp_ping received 768 bytes back
Round trip time was 0.01903 milliseconds in repetition 251
tcp_ping received 768 bytes back
Round trip time was 0.018567 milliseconds in repetition 252
tcp_ping received 768 bytes back
Round trip time was 0.018317 milliseconds in repetition 253
tcp_ping received 768 bytes back
Round trip time was 0.018651 milliseconds in repetition 254
tcp_ping received 768 bytes back
Round trip time was 0.01883 milliseconds in repetition 255
tcp_ping received 768 bytes back
Round trip time was 0.018428 milliseconds in repetition 256
tcp_ping received 768 bytes back
Round trip time was 0.018475 milliseconds in repetition 257
tcp_ping received 768 bytes back
Round trip time was 0.018624 milliseconds in repetition 258
tcp_ping received 768 bytes back
Round trip time was 0.018717 milliseconds in repetition 259
tcp_ping received 768 bytes back
Round trip time was 0.018696 milliseconds in repetition 260
tcp_ping received 768 bytes back
Round trip time was 0.018284 milliseconds in repetition 261
tcp_ping received 768 bytes back
Round trip time was 0.018829 milliseconds in repetition 262
tcp_ping received 768 bytes back
Round trip time was 0.01886 milliseconds in repetition 263
tcp_ping received 768 bytes back
Round trip time was 0.018556 milliseconds in repetition 264
tcp_ping received 768 bytes back
Round trip time was 0.019795 milliseconds in repetition 265
tcp_ping received 768 bytes back
Round trip time was 0.018923 milliseconds in repetition 266
tcp_ping received 768 bytes back
Round trip time was 0.0188 milliseconds in repetition 267
tcp_ping received 768 bytes back
Round trip time was 0.018812 milliseconds in repetition 268
tcp_ping received 768 bytes back
Round trip time was 0.018316 milliseconds in repetition 269
tcp_ping received 768 bytes back
Round trip time was 0.018901 milliseconds in repetition 270
tcp_ping received 768 bytes back
Round trip time was 0.019097 milliseconds in repetition 271
tcp_ping received 768 bytes back
Round trip time was 0.018815 milliseconds in repetition 272
tcp_ping received 768 bytes back
Round trip time was 0.018347 milliseconds in repetition 273
tcp_ping received 768 bytes back
Round trip time was 0.018777 milliseconds in repetition 274
tcp_ping received 768 bytes back
Round trip time was 0.018918 milliseconds in repetition 275
tcp_ping received 768 bytes back
Round trip time was 0.018647 milliseconds in repetition 276
tcp_ping received 768 bytes back
Round trip time was 0.018304 milliseconds in repetition 277
tcp_ping received 768 bytes back
Round trip time was 0.018731 milliseconds in repetition 278
tcp_ping received 768 bytes back
Round trip time was 0.018539 milliseconds in repetition 279
tcp_ping received 768 bytes back
Round trip time was 0.018759 milliseconds in repetition 280
tcp_ping received 768 bytes back
Round trip time was 0.018398 milliseconds in repetition 281
tcp_ping received 768 bytes back
Round trip time was 0.018671 milliseconds in repetition 282
tcp_ping received 768 bytes back
Round trip time was 0.018726 milliseconds in repetition 283
tcp_ping received 768 bytes back
Round trip time was 0.018648 milliseconds in repetition 284
tcp_ping received 768 bytes back
Round trip time was 0.018256 milliseconds in repetition 285
tcp_ping received 768 bytes back
Round trip time was 0.018616 milliseconds in repetition 286
tcp_ping received 768 bytes back
Round trip time was 0.018597 milliseconds in repetition 287
tcp_ping received 768 bytes back
Round trip time was 0.018714 milliseconds in repetition 288
tcp_ping received 768 bytes back
Round trip time was 0.018424 milliseconds in repetition 289
tcp_ping received 768 bytes back
Round trip time was 0.018824 milliseconds in repetition 290
tcp_ping received 768 bytes back
Round trip time was 0.018864 milliseconds in repetition 291
tcp_ping received 768 bytes back
Round trip time was 0.018389 milliseconds in repetition 292
tcp_ping received 768 bytes back
Round trip time was 0.018246 milliseconds in repetition 293
tcp_ping received 768 bytes back
Round trip time was 0.018569 milliseconds in repetition 294
tcp_ping received 768 bytes back
Round trip time was 0.018801 milliseconds in repetition 295
tcp_ping received 768 bytes back
Round trip time was 0.018789 milliseconds in repetition 296
tcp_ping received 768 bytes back
Round trip time was 0.01843 milliseconds in repetition 297
tcp_ping received 768 bytes back
Round trip time was 0.018432 milliseconds in repetition 298
tcp_ping received 768 bytes back
Round trip time was 0.01907 milliseconds in repetition 299
tcp_ping received 768 bytes back
Round trip time was 0.018694 milliseconds in repetition 300
tcp_ping received 768 bytes back
Round trip time was 0.018348 milliseconds in repetition 301
tcp_ping received 768 bytes back
Round trip time was 0.018697 milliseconds in repetition 302
tcp_ping received 768 bytes back
Round trip time was 0.018759 milliseconds in repetition 303
tcp_ping received 768 bytes back
Round trip time was 0.018667 milliseconds in repetition 304
tcp_ping received 768 bytes back
Round trip time was 0.018427 milliseconds in repetition 305
tcp_ping received 768 bytes back
Round trip time was 0.018771 milliseconds in repetition 306
tcp_ping received 768 bytes back
Round trip time was 0.01861 milliseconds in repetition 307
tcp_ping received 768 bytes back
Round trip time was 0.018584 milliseconds in repetition 308
tcp_ping received 768 bytes back
Round trip time was 0.019549 milliseconds in repetition 309
tcp_ping received 768 bytes back
Round trip time was 0.019351 milliseconds in repetition 310
tcp_ping received 768 bytes back
Round trip time was 0.01855 milliseconds in repetition 311
tcp_ping received 768 bytes back
Round trip time was 0.018421 milliseconds in repetition 312
tcp_ping received 768 bytes back
Round trip time was 0.01809 milliseconds in repetition 313
tcp_ping received 768 bytes back
Round trip time was 0.018965 milliseconds in repetition 314
tcp_ping received 768 bytes back
Round trip time was 0.018885 milliseconds in repetition 315
tcp_ping received 768 bytes back
Round trip time was 0.018614 milliseconds in repetition 316
tcp_ping received 768 bytes back
Round trip time was 0.018359 milliseconds in repetition 317
tcp_ping received 768 bytes back
Round trip time was 0.018859 milliseconds in repetition 318
tcp_ping received 768 bytes back
Round trip time was 0.018758 milliseconds in repetition 319
tcp_ping received 768 bytes back
Round trip time was 0.018558 milliseconds in repetition 320
tcp_ping received 768 bytes back
Round trip time was 0.018199 milliseconds in repetition 321
tcp_ping received 768 bytes back
Round trip time was 0.019078 milliseconds in repetition 322
tcp_ping received 768 bytes back
Round trip time was 0.018833 milliseconds in repetition 323
tcp_ping received 768 bytes back
Round trip time was 0.018661 milliseconds in repetition 324
tcp_ping received 768 bytes back
Round trip time was 0.018015 milliseconds in repetition 325
tcp_ping received 768 bytes back
Round trip time was 0.018977 milliseconds in repetition 326
tcp_ping received 768 bytes back
Round trip time was 0.018761 milliseconds in repetition 327
tcp_ping received 768 bytes back
Round trip time was 0.018502 milliseconds in repetition 328
tcp_ping received 768 bytes back
Round trip time was 0.01833 milliseconds in repetition 329
tcp_ping received 768 bytes back
Round trip time was 0.019226 milliseconds in repetition 330
tcp_ping received 768 bytes back
Round trip time was 0.018728 milliseconds in repetition 331
tcp_ping received 768 bytes back
Round trip time was 0.018477 milliseconds in repetition 332
tcp_ping received 768 bytes back
Round trip time was 0.018142 milliseconds in repetition 333
tcp_ping received 768 bytes back
Round trip time was 0.018963 milliseconds in repetition 334
tcp_ping received 768 bytes back
Round trip time was 0.018556 milliseconds in repetition 335
tcp_ping received 768 bytes back
Round trip time was 0.018667 milliseconds in repetition 336
tcp_ping received 768 bytes back
Round trip time was 0.018492 milliseconds in repetition 337
tcp_ping received 768 bytes back
Round trip time was 0.018996 milliseconds in repetition 338
tcp_ping received 768 bytes back
Round trip time was 0.018815 milliseconds in repetition 339
tcp_ping received 768 bytes back
Round trip time was 0.018742 milliseconds in repetition 340
tcp_ping received 768 bytes back
Round trip time was 0.018414 milliseconds in repetition 341
tcp_ping received 768 bytes back
Round trip time was 0.019046 milliseconds in repetition 342
tcp_ping received 768 bytes back
Round trip time was 0.01888 milliseconds in repetition 343
tcp_ping received 768 bytes back
Round trip time was 0.01837 milliseconds in repetition 344
tcp_ping received 768 bytes back
Round trip time was 0.018488 milliseconds in repetition 345
tcp_ping received 768 bytes back
Round trip time was 0.018791 milliseconds in repetition 346
tcp_ping received 768 bytes back
Round trip time was 0.018828 milliseconds in repetition 347
tcp_ping received 768 bytes back
Round trip time was 0.018524 milliseconds in repetition 348
tcp_ping received 768 bytes back
Round trip time was 0.018354 milliseconds in repetition 349
tcp_ping received 768 bytes back
Round trip time was 0.01889 milliseconds in repetition 350
tcp_ping received 768 bytes back
Round trip time was 0.018729 milliseconds in repetition 351
tcp_ping received 768 bytes back
Round trip time was 0.018326 milliseconds in repetition 352
tcp_ping received 768 bytes back
Round trip time was 0.018207 milliseconds in repetition 353
tcp_ping received 768 bytes back
Round trip time was 0.020112 milliseconds in repetition 354
tcp_ping received 768 bytes back
Round trip time was 0.01899 milliseconds in repetition 355
tcp_ping received 768 bytes back
Round trip time was 0.018623 milliseconds in repetition 356
tcp_ping received 768 bytes back
Round trip time was 0.018571 milliseconds in repetition 357
tcp_ping received 768 bytes back
Round trip time was 0.018974 milliseconds in repetition 358
tcp_ping received 768 bytes back
Round trip time was 0.018596 milliseconds in repetition 359
tcp_ping received 768 bytes back
Round trip time was 0.018518 milliseconds in repetition 360
tcp_ping received 768 bytes back
Round trip time was 0.018373 milliseconds in repetition 361
tcp_ping received 768 bytes back
Round trip time was 0.018976 milliseconds in repetition 362
tcp_ping received 768 bytes back
Round trip time was 0.018684 milliseconds in repetition 363
tcp_ping received 768 bytes back
Round trip time was 0.018669 milliseconds in repetition 364
tcp_ping received 768 bytes back
Round trip time was 0.018497 milliseconds in repetition 365
tcp_ping received 768 bytes back
Round trip time was 0.018895 milliseconds in repetition 366
tcp_ping received 768 bytes back
Round trip time was 0.018675 milliseconds in repetition 367
tcp_ping received 768 bytes back
Round trip time was 0.018315 milliseconds in repetition 368
tcp_ping received 768 bytes back
Round trip time was 0.01861 milliseconds in repetition 369
tcp_ping received 768 bytes back
Round trip time was 0.018928 milliseconds in repetition 370
tcp_ping received 768 bytes back
Round trip time was 0.018773 milliseconds in repetition 371
tcp_ping received 768 bytes back
Round trip time was 0.018396 milliseconds in repetition 372
tcp_ping received 768 bytes back
Round trip time was 0.018567 milliseconds in repetition 373
tcp_ping received 768 bytes back
Round trip time was 0.019019 milliseconds in repetition 374
tcp_ping received 768 bytes back
Round trip time was 0.018459 milliseconds in repetition 375
tcp_ping received 768 bytes back
Round trip time was 0.018282 milliseconds in repetition 376
tcp_ping received 768 bytes back
Round trip time was 0.018392 milliseconds in repetition 377
tcp_ping received 768 bytes back
Round trip time was 0.018869 milliseconds in repetition 378
tcp_ping received 768 bytes back
Round trip time was 0.0188 milliseconds in repetition 379
tcp_ping received 768 bytes back
Round trip time was 0.018811 milliseconds in repetition 380
tcp_ping received 768 bytes back
Round trip time was 0.018628 milliseconds in repetition 381
tcp_ping received 768 bytes back
Round trip time was 0.018658 milliseconds in repetition 382
tcp_ping received 768 bytes back
Round trip time was 0.018651 milliseconds in repetition 383
tcp_ping received 768 bytes back
Round trip time was 0.01848 milliseconds in repetition 384
tcp_ping received 768 bytes back
Round trip time was 0.018386 milliseconds in repetition 385
tcp_ping received 768 bytes back
Round trip time was 0.018935 milliseconds in repetition 386
tcp_ping received 768 bytes back
Round trip time was 0.018529 milliseconds in repetition 387
tcp_ping received 768 bytes back
Round trip time was 0.018414 milliseconds in repetition 388
tcp_ping received 768 bytes back
Round trip time was 0.01819 milliseconds in repetition 389
tcp_ping received 768 bytes back
Round trip time was 0.018852 milliseconds in repetition 390
tcp_ping received 768 bytes back
Round trip time was 0.018703 milliseconds in repetition 391
tcp_ping received 768 bytes back
Round trip time was 0.01865 milliseconds in repetition 392
tcp_ping received 768 bytes back
Round trip time was 0.018492 milliseconds in repetition 393
tcp_ping received 768 bytes back
Round trip time was 0.018828 milliseconds in repetition 394
tcp_ping received 768 bytes back
Round trip time was 0.018597 milliseconds in repetition 395
tcp_ping received 768 bytes back
Round trip time was 0.018466 milliseconds in repetition 396
tcp_ping received 768 bytes back
Round trip time was 0.018414 milliseconds in repetition 397
tcp_ping received 768 bytes back
Round trip time was 0.020327 milliseconds in repetition 398
tcp_ping received 768 bytes back
Round trip time was 0.018915 milliseconds in repetition 399
tcp_ping received 768 bytes back
Round trip time was 0.018708 milliseconds in repetition 400
tcp_ping received 768 bytes back
Round trip time was 0.018825 milliseconds in repetition 401
tcp_ping received 768 bytes back
Round trip time was 0.018777 milliseconds in repetition 402
tcp_ping received 768 bytes back
Round trip time was 0.018462 milliseconds in repetition 403
tcp_ping received 768 bytes back
Round trip time was 0.018618 milliseconds in repetition 404
tcp_ping received 768 bytes back
Round trip time was 0.018734 milliseconds in repetition 405
tcp_ping received 768 bytes back
Round trip time was 0.018943 milliseconds in repetition 406
tcp_ping received 768 bytes back
Round trip time was 0.018563 milliseconds in repetition 407
tcp_ping received 768 bytes back
Round trip time was 0.018177 milliseconds in repetition 408
tcp_ping received 768 bytes back
Round trip time was 0.018556 milliseconds in repetition 409
tcp_ping received 768 bytes back
Round trip time was 0.018754 milliseconds in repetition 410
tcp_ping received 768 bytes back
Round trip time was 0.018738 milliseconds in repetition 411
tcp_ping received 768 bytes back
Round trip time was 0.018478 milliseconds in repetition 412
tcp_ping received 768 bytes back
Round trip time was 0.018363 milliseconds in repetition 413
tcp_ping received 768 bytes back
Round trip time was 0.018564 milliseconds in repetition 414
tcp_ping received 768 bytes back
Round trip time was 0.018638 milliseconds in repetition 415
tcp_ping received 768 bytes back
Round trip time was 0.018539 milliseconds in repetition 416
tcp_ping received 768 bytes back
Round trip time was 0.018372 milliseconds in repetition 417
tcp_ping received 768 bytes back
Round trip time was 0.018549 milliseconds in repetition 418
tcp_ping received 768 bytes back
Round trip time was 0.018614 milliseconds in repetition 419
tcp_ping received 768 bytes back
Round trip time was 0.018353 milliseconds in repetition 420
tcp_ping received 768 bytes back
Round trip time was 0.018715 milliseconds in repetition 421
tcp_ping received 768 bytes back
Round trip time was 0.018794 milliseconds in repetition 422
tcp_ping received 768 bytes back
Round trip time was 0.018514 milliseconds in repetition 423
tcp_ping received 768 bytes back
Round trip time was 0.0182 milliseconds in repetition 424
tcp_ping received 768 bytes back
Round trip time was 0.018536 milliseconds in repetition 425
tcp_ping received 768 bytes back
Round trip time was 0.018819 milliseconds in repetition 426
tcp_ping received 768 bytes back
Round trip time was 0.018307 milliseconds in repetition 427
tcp_ping received 768 bytes back
Round trip time was 0.01842 milliseconds in repetition 428
tcp_ping received 768 bytes back
Round trip time was 0.018658 milliseconds in repetition 429
tcp_ping received 768 bytes back
Round trip time was 0.019037 milliseconds in repetition 430
tcp_ping received 768 bytes back
Round trip time was 0.018786 milliseconds in repetition 431
tcp_ping received 768 bytes back
Round trip time was 0.018633 milliseconds in repetition 432
tcp_ping received 768 bytes back
Round trip time was 0.018665 milliseconds in repetition 433
tcp_ping received 768 bytes back
Round trip time was 0.018894 milliseconds in repetition 434
tcp_ping received 768 bytes back
Round trip time was 0.018526 milliseconds in repetition 435
tcp_ping received 768 bytes back
Round trip time was 0.018262 milliseconds in repetition 436
tcp_ping received 768 bytes back
Round trip time was 0.018377 milliseconds in repetition 437
tcp_ping received 768 bytes back
Round trip time was 0.022919 milliseconds in repetition 438
tcp_ping received 768 bytes back
Round trip time was 0.020214 milliseconds in repetition 439
tcp_ping received 768 bytes back
Round trip time was 0.018815 milliseconds in repetition 440
tcp_ping received 768 bytes back
Round trip time was 0.018665 milliseconds in repetition 441
tcp_ping received 768 bytes back
Round trip time was 0.020159 milliseconds in repetition 442
tcp_ping received 768 bytes back
Round trip time was 0.018862 milliseconds in repetition 443
tcp_ping received 768 bytes back
Round trip time was 0.019077 milliseconds in repetition 444
tcp_ping received 768 bytes back
Round trip time was 0.018828 milliseconds in repetition 445
tcp_ping received 768 bytes back
Round trip time was 0.018648 milliseconds in repetition 446
tcp_ping received 768 bytes back
Round trip time was 0.018629 milliseconds in repetition 447
tcp_ping received 768 bytes back
Round trip time was 0.019028 milliseconds in repetition 448
tcp_ping received 768 bytes back
Round trip time was 0.018938 milliseconds in repetition 449
tcp_ping received 768 bytes back
Round trip time was 0.01878 milliseconds in repetition 450
tcp_ping received 768 bytes back
Round trip time was 0.018435 milliseconds in repetition 451
tcp_ping received 768 bytes back
Round trip time was 0.018693 milliseconds in repetition 452
tcp_ping received 768 bytes back
Round trip time was 0.01898 milliseconds in repetition 453
tcp_ping received 768 bytes back
Round trip time was 0.01866 milliseconds in repetition 454
tcp_ping received 768 bytes back
Round trip time was 0.018455 milliseconds in repetition 455
tcp_ping received 768 bytes back
Round trip time was 0.018676 milliseconds in repetition 456
tcp_ping received 768 bytes back
Round trip time was 0.018579 milliseconds in repetition 457
tcp_ping received 768 bytes back
Round trip time was 0.01832 milliseconds in repetition 458
tcp_ping received 768 bytes back
Round trip time was 0.018172 milliseconds in repetition 459
tcp_ping received 768 bytes back
Round trip time was 0.018663 milliseconds in repetition 460
tcp_ping received 768 bytes back
Round trip time was 0.01886 milliseconds in repetition 461
tcp_ping received 768 bytes back
Round trip time was 0.01859 milliseconds in repetition 462
tcp_ping received 768 bytes back
Round trip time was 0.018529 milliseconds in repetition 463
tcp_ping received 768 bytes back
Round trip time was 0.01864 milliseconds in repetition 464
tcp_ping received 768 bytes back
Round trip time was 0.018679 milliseconds in repetition 465
tcp_ping received 768 bytes back
Round trip time was 0.018973 milliseconds in repetition 466
tcp_ping received 768 bytes back
Round trip time was 0.018367 milliseconds in repetition 467
tcp_ping received 768 bytes back
Round trip time was 0.018571 milliseconds in repetition 468
tcp_ping received 768 bytes back
Round trip time was 0.018806 milliseconds in repetition 469
tcp_ping received 768 bytes back
Round trip time was 0.01881 milliseconds in repetition 470
tcp_ping received 768 bytes back
Round trip time was 0.018464 milliseconds in repetition 471
tcp_ping received 768 bytes back
Round trip time was 0.018846 milliseconds in repetition 472
tcp_ping received 768 bytes back
Round trip time was 0.01866 milliseconds in repetition 473
tcp_ping received 768 bytes back
Round trip time was 0.018642 milliseconds in repetition 474
tcp_ping received 768 bytes back
Round trip time was 0.018362 milliseconds in repetition 475
tcp_ping received 768 bytes back
Round trip time was 0.018639 milliseconds in repetition 476
tcp_ping received 768 bytes back
Round trip time was 0.018673 milliseconds in repetition 477
tcp_ping received 768 bytes back
Round trip time was 0.018787 milliseconds in repetition 478
tcp_ping received 768 bytes back
Round trip time was 0.018322 milliseconds in repetition 479
tcp_ping received 768 bytes back
Round trip time was 0.01893 milliseconds in repetition 480
tcp_ping received 768 bytes back
Round trip time was 0.018809 milliseconds in repetition 481
tcp_ping received 768 bytes back
Round trip time was 0.018811 milliseconds in repetition 482
tcp_ping received 768 bytes back
Round trip time was 0.018407 milliseconds in repetition 483
tcp_ping received 768 bytes back
Round trip time was 0.018641 milliseconds in repetition 484
tcp_ping received 768 bytes back
Round trip time was 0.018976 milliseconds in repetition 485
tcp_ping received 768 bytes back
Round trip time was 0.020216 milliseconds in repetition 486
tcp_ping received 768 bytes back
Round trip time was 0.018563 milliseconds in repetition 487
tcp_ping received 768 bytes back
Round trip time was 0.018468 milliseconds in repetition 488
tcp_ping received 768 bytes back
Round trip time was 0.01882 milliseconds in repetition 489
tcp_ping received 768 bytes back
Round trip time was 0.018683 milliseconds in repetition 490
tcp_ping received 768 bytes back
Round trip time was 0.018685 milliseconds in repetition 491
tcp_ping received 768 bytes back
Round trip time was 0.018595 milliseconds in repetition 492
tcp_ping received 768 bytes back
Round trip time was 0.01885 milliseconds in repetition 493
tcp_ping received 768 bytes back
Round trip time was 0.018783 milliseconds in repetition 494
tcp_ping received 768 bytes back
Round trip time was 0.018407 milliseconds in repetition 495
tcp_ping received 768 bytes back
Round trip time was 0.018496 milliseconds in repetition 496
tcp_ping received 768 bytes back
Round trip time was 0.019075 milliseconds in repetition 497
tcp_ping received 768 bytes back
Round trip time was 0.018817 milliseconds in repetition 498
tcp_ping received 768 bytes back
Round trip time was 0.018651 milliseconds in repetition 499
tcp_ping received 768 bytes back
Round trip time was 0.020495 milliseconds in repetition 500

 ... clock resolution was 1e-06
TCP Ping:  Statistics over 500 repetitions of 768 byte messages

RTT : percentile 10: 0.018392, median: 0.018669, percentile 90: 0.019028, average: 0.0189849, variance: 1.17116e-05

RTT histogram:
0.0180145 477
0.020791 17
0.0235676 2
0.0263441 1
0.0291207 1
0.0318972 0
0.0346738 0
0.0374504 0
0.0402269 0
0.0430035 0
0.04578 0
0.0485566 0
0.0513331 0
0.0541097 0
0.0568862 0
0.0596628 0
0.0624393 0
0.0652159 0
0.0679924 0
0.070769 1
0.0735455 1

   median Throughput : 82275.4 KB/s   overall Throughput : 80906.6 KB/s

