TCP Ping trying to connect to server localhost (127.0.0.1) on port 1491
 ... connected to Pong server: asking for 500 repetitions of 1536 bytes TCP messages
 ... Pong server agreed :-)
tcp_ping received 1536 bytes back
Round trip time was 0.036294 milliseconds in repetition 1
tcp_ping received 1536 bytes back
Round trip time was 0.023924 milliseconds in repetition 2
tcp_ping received 1536 bytes back
Round trip time was 0.022694 milliseconds in repetition 3
tcp_ping received 1536 bytes back
Round trip time was 0.022255 milliseconds in repetition 4
tcp_ping received 1536 bytes back
Round trip time was 0.022229 milliseconds in repetition 5
tcp_ping received 1536 bytes back
Round trip time was 0.022066 milliseconds in repetition 6
tcp_ping received 1536 bytes back
Round trip time was 0.022231 milliseconds in repetition 7
tcp_ping received 1536 bytes back
Round trip time was 0.022098 milliseconds in repetition 8
tcp_ping received 1536 bytes back
Round trip time was 0.022319 milliseconds in repetition 9
tcp_ping received 1536 bytes back
Round trip time was 0.021975 milliseconds in repetition 10
tcp_ping received 1536 bytes back
Round trip time was 0.022241 milliseconds in repetition 11
tcp_ping received 1536 bytes back
Round trip time was 0.022486 milliseconds in repetition 12
tcp_ping received 1536 bytes back
Round trip time was 0.022226 milliseconds in repetition 13
tcp_ping received 1536 bytes back
Round trip time was 0.021864 milliseconds in repetition 14
tcp_ping received 1536 bytes back
Round trip time was 0.022066 milliseconds in repetition 15
tcp_ping received 1536 bytes back
Round trip time was 0.021975 milliseconds in repetition 16
tcp_ping received 1536 bytes back
Round trip time was 0.02221 milliseconds in repetition 17
tcp_ping received 1536 bytes back
Round trip time was 0.02202 milliseconds in repetition 18
tcp_ping received 1536 bytes back
Round trip time was 0.022087 milliseconds in repetition 19
tcp_ping received 1536 bytes back
Round trip time was 0.02205 milliseconds in repetition 20
tcp_ping received 1536 bytes back
Round trip time was 0.022284 milliseconds in repetition 21
tcp_ping received 1536 bytes back
Round trip time was 0.021877 milliseconds in repetition 22
tcp_ping received 1536 bytes back
Round trip time was 0.022228 milliseconds in repetition 23
tcp_ping received 1536 bytes back
Round trip time was 0.022008 milliseconds in repetition 24
tcp_ping received 1536 bytes back
Round trip time was 0.021827 milliseconds in repetition 25
tcp_ping received 1536 bytes back
Round trip time was 0.02201 milliseconds in repetition 26
tcp_ping received 1536 bytes back
Round trip time was 0.022292 milliseconds in repetition 27
tcp_ping received 1536 bytes back
Round trip time was 0.022125 milliseconds in repetition 28
tcp_ping received 1536 bytes back
Round trip time was 0.02223 milliseconds in repetition 29
tcp_ping received 1536 bytes back
Round trip time was 0.021558 milliseconds in repetition 30
tcp_ping received 1536 bytes back
Round trip time was 0.021897 milliseconds in repetition 31
tcp_ping received 1536 bytes back
Round trip time was 0.022131 milliseconds in repetition 32
tcp_ping received 1536 bytes back
Round trip time was 0.021914 milliseconds in repetition 33
tcp_ping received 1536 bytes back
Round trip time was 0.021868 milliseconds in repetition 34
tcp_ping received 1536 bytes back
Round trip time was 0.022065 milliseconds in repetition 35
tcp_ping received 1536 bytes back
Round trip time was 0.021994 milliseconds in repetition 36
tcp_ping received 1536 bytes back
Round trip time was 0.022044 milliseconds in repetition 37
tcp_ping received 1536 bytes back
Round trip time was 0.021792 milliseconds in repetition 38
tcp_ping received 1536 bytes back
Round trip time was 0.065549 milliseconds in repetition 39
tcp_ping received 1536 bytes back
Round trip time was 0.07388 milliseconds in repetition 40
tcp_ping received 1536 bytes back
Round trip time was 0.077652 milliseconds in repetition 41
tcp_ping received 1536 bytes back
Round trip time was 0.105051 milliseconds in repetition 42
tcp_ping received 1536 bytes back
Round trip time was 0.070741 milliseconds in repetition 43
tcp_ping received 1536 bytes back
Round trip time was 0.070769 milliseconds in repetition 44
tcp_ping received 1536 bytes back
Round trip time was 0.03065 milliseconds in repetition 45
tcp_ping received 1536 bytes back
Round trip time was 0.023166 milliseconds in repetition 46
tcp_ping received 1536 bytes back
Round trip time was 0.022524 milliseconds in repetition 47
tcp_ping received 1536 bytes back
Round trip time was 0.022698 milliseconds in repetition 48
tcp_ping received 1536 bytes back
Round trip time was 0.022487 milliseconds in repetition 49
tcp_ping received 1536 bytes back
Round trip time was 0.022401 milliseconds in repetition 50
tcp_ping received 1536 bytes back
Round trip time was 0.022464 milliseconds in repetition 51
tcp_ping received 1536 bytes back
Round trip time was 0.022749 milliseconds in repetition 52
tcp_ping received 1536 bytes back
Round trip time was 0.022104 milliseconds in repetition 53
tcp_ping received 1536 bytes back
Round trip time was 0.022299 milliseconds in repetition 54
tcp_ping received 1536 bytes back
Round trip time was 0.02239 milliseconds in repetition 55
tcp_ping received 1536 bytes back
Round trip time was 0.022517 milliseconds in repetition 56
tcp_ping received 1536 bytes back
Round trip time was 0.022262 milliseconds in repetition 57
tcp_ping received 1536 bytes back
Round trip time was 0.022538 milliseconds in repetition 58
tcp_ping received 1536 bytes back
Round trip time was 0.022559 milliseconds in repetition 59
tcp_ping received 1536 bytes back
Round trip time was 0.022595 milliseconds in repetition 60
tcp_ping received 1536 bytes back
Round trip time was 0.022439 milliseconds in repetition 61
tcp_ping received 1536 bytes back
Round trip time was 0.022232 milliseconds in repetition 62
tcp_ping received 1536 bytes back
Round trip time was 0.022315 milliseconds in repetition 63
tcp_ping received 1536 bytes back
Round trip time was 0.022597 milliseconds in repetition 64
tcp_ping received 1536 bytes back
Round trip time was 0.022517 milliseconds in repetition 65
tcp_ping received 1536 bytes back
Round trip time was 0.022471 milliseconds in repetition 66
tcp_ping received 1536 bytes back
Round trip time was 0.022368 milliseconds in repetition 67
tcp_ping received 1536 bytes back
Round trip time was 0.027867 milliseconds in repetition 68
tcp_ping received 1536 bytes back
Round trip time was 0.030361 milliseconds in repetition 69
tcp_ping received 1536 bytes back
Round trip time was 0.02463 milliseconds in repetition 70
tcp_ping received 1536 bytes back
Round trip time was 0.022513 milliseconds in repetition 71
tcp_ping received 1536 bytes back
Round trip time was 0.024024 milliseconds in repetition 72
tcp_ping received 1536 bytes back
Round trip time was 0.02322 milliseconds in repetition 73
tcp_ping received 1536 bytes back
Round trip time was 0.021978 milliseconds in repetition 74
tcp_ping received 1536 bytes back
Round trip time was 0.022228 milliseconds in repetition 75
tcp_ping received 1536 bytes back
Round trip time was 0.022031 milliseconds in repetition 76
tcp_ping received 1536 bytes back
Round trip time was 0.02194 milliseconds in repetition 77
tcp_ping received 1536 bytes back
Round trip time was 0.021959 milliseconds in repetition 78
tcp_ping received 1536 bytes back
Round trip time was 0.022234 milliseconds in repetition 79
tcp_ping received 1536 bytes back
Round trip time was 0.022552 milliseconds in repetition 80
tcp_ping received 1536 bytes back
Round trip time was 0.022275 milliseconds in repetition 81
tcp_ping received 1536 bytes back
Round trip time was 0.021761 milliseconds in repetition 82
tcp_ping received 1536 bytes back
Round trip time was 0.022079 milliseconds in repetition 83
tcp_ping received 1536 bytes back
Round trip time was 0.022075 milliseconds in repetition 84
tcp_ping received 1536 bytes back
Round trip time was 0.021975 milliseconds in repetition 85
tcp_ping received 1536 bytes back
Round trip time was 0.021851 milliseconds in repetition 86
tcp_ping received 1536 bytes back
Round trip time was 0.022081 milliseconds in repetition 87
tcp_ping received 1536 bytes back
Round trip time was 0.023938 milliseconds in repetition 88
tcp_ping received 1536 bytes back
Round trip time was 0.02249 milliseconds in repetition 89
tcp_ping received 1536 bytes back
Round trip time was 0.021697 milliseconds in repetition 90
tcp_ping received 1536 bytes back
Round trip time was 0.021907 milliseconds in repetition 91
tcp_ping received 1536 bytes back
Round trip time was 0.021886 milliseconds in repetition 92
tcp_ping received 1536 bytes back
Round trip time was 0.022102 milliseconds in repetition 93
tcp_ping received 1536 bytes back
Round trip time was 0.021672 milliseconds in repetition 94
tcp_ping received 1536 bytes back
Round trip time was 0.021842 milliseconds in repetition 95
tcp_ping received 1536 bytes back
Round trip time was 0.022279 milliseconds in repetition 96
tcp_ping received 1536 bytes back
Round trip time was 0.021841 milliseconds in repetition 97
tcp_ping received 1536 bytes back
Round trip time was 0.021721 milliseconds in repetition 98
tcp_ping received 1536 bytes back
Round trip time was 0.021832 milliseconds in repetition 99
tcp_ping received 1536 bytes back
Round trip time was 0.022278 milliseconds in repetition 100
tcp_ping received 1536 bytes back
Round trip time was 0.021967 milliseconds in repetition 101
tcp_ping received 1536 bytes back
Round trip time was 0.021637 milliseconds in repetition 102
tcp_ping received 1536 bytes back
Round trip time was 0.021912 milliseconds in repetition 103
tcp_ping received 1536 bytes back
Round trip time was 0.02203 milliseconds in repetition 104
tcp_ping received 1536 bytes back
Round trip time was 0.022012 milliseconds in repetition 105
tcp_ping received 1536 bytes back
Round trip time was 0.021724 milliseconds in repetition 106
tcp_ping received 1536 bytes back
Round trip time was 0.021996 milliseconds in repetition 107
tcp_ping received 1536 bytes back
Round trip time was 0.022023 milliseconds in repetition 108
tcp_ping received 1536 bytes back
Round trip time was 0.021975 milliseconds in repetition 109
tcp_ping received 1536 bytes back
Round trip time was 0.021735 milliseconds in repetition 110
tcp_ping received 1536 bytes back
Round trip time was 0.021755 milliseconds in repetition 111
tcp_ping received 1536 bytes back
Round trip time was 0.022221 milliseconds in repetition 112
tcp_ping received 1536 bytes back
Round trip time was 0.021985 milliseconds in repetition 113
tcp_ping received 1536 bytes back
Round trip time was 0.021663 milliseconds in repetition 114
tcp_ping received 1536 bytes back
Round trip time was 0.021911 milliseconds in repetition 115
tcp_ping received 1536 bytes back
Round trip time was 0.02201 milliseconds in repetition 116
tcp_ping received 1536 bytes back
Round trip time was 0.021577 milliseconds in repetition 117
tcp_ping received 1536 bytes back
Round trip time was 0.021384 milliseconds in repetition 118
tcp_ping received 1536 bytes back
Round trip time was 0.021657 milliseconds in repetition 119
tcp_ping received 1536 bytes back
Round trip time was 0.022136 milliseconds in repetition 120
tcp_ping received 1536 bytes back
Round trip time was 0.021936 milliseconds in repetition 121
tcp_ping received 1536 bytes back
Round trip time was 0.022088 milliseconds in repetition 122
tcp_ping received 1536 bytes back
Round trip time was 0.022187 milliseconds in repetition 123
tcp_ping received 1536 bytes back
Round trip time was 0.021906 milliseconds in repetition 124
tcp_ping received 1536 bytes back
Round trip time was 0.022013 milliseconds in repetition 125
tcp_ping received 1536 bytes back
Round trip time was 0.021632 milliseconds in repetition 126
tcp_ping received 1536 bytes back
Round trip time was 0.021536 milliseconds in repetition 127
tcp_ping received 1536 bytes back
Round trip time was 0.022059 milliseconds in repetition 128
tcp_ping received 1536 bytes back
Round trip time was 0.021931 milliseconds in repetition 129
tcp_ping received 1536 bytes back
Round trip time was 0.021922 milliseconds in repetition 130
tcp_ping received 1536 bytes back
Round trip time was 0.021946 milliseconds in repetition 131
tcp_ping received 1536 bytes back
Round trip time was 0.023428 milliseconds in repetition 132
tcp_ping received 1536 bytes back
Round trip time was 0.021613 milliseconds in repetition 133
tcp_ping received 1536 bytes back
Round trip time was 0.021604 milliseconds in repetition 134
tcp_ping received 1536 bytes back
Round trip time was 0.022008 milliseconds in repetition 135
tcp_ping received 1536 bytes back
Round trip time was 0.021787 milliseconds in repetition 136
tcp_ping received 1536 bytes back
Round trip time was 0.021699 milliseconds in repetition 137
tcp_ping received 1536 bytes back
Round trip time was 0.021896 milliseconds in repetition 138
tcp_ping received 1536 bytes back
Round trip time was 0.022056 milliseconds in repetition 139
tcp_ping received 1536 bytes back
Round trip time was 0.022064 milliseconds in repetition 140
tcp_ping received 1536 bytes back
Round trip time was 0.022121 milliseconds in repetition 141
tcp_ping received 1536 bytes back
Round trip time was 0.021916 milliseconds in repetition 142
tcp_ping received 1536 bytes back
Round trip time was 0.022455 milliseconds in repetition 143
tcp_ping received 1536 bytes back
Round trip time was 0.022041 milliseconds in repetition 144
tcp_ping received 1536 bytes back
Round trip time was 0.021669 milliseconds in repetition 145
tcp_ping received 1536 bytes back
Round trip time was 0.021898 milliseconds in repetition 146
tcp_ping received 1536 bytes back
Round trip time was 0.022036 milliseconds in repetition 147
tcp_ping received 1536 bytes back
Round trip time was 0.022129 milliseconds in repetition 148
tcp_ping received 1536 bytes back
Round trip time was 0.02167 milliseconds in repetition 149
tcp_ping received 1536 bytes back
Round trip time was 0.021758 milliseconds in repetition 150
tcp_ping received 1536 bytes back
Round trip time was 0.021948 milliseconds in repetition 151
tcp_ping received 1536 bytes back
Round trip time was 0.022241 milliseconds in repetition 152
tcp_ping received 1536 bytes back
Round trip time was 0.021867 milliseconds in repetition 153
tcp_ping received 1536 bytes back
Round trip time was 0.02158 milliseconds in repetition 154
tcp_ping received 1536 bytes back
Round trip time was 0.022005 milliseconds in repetition 155
tcp_ping received 1536 bytes back
Round trip time was 0.021921 milliseconds in repetition 156
tcp_ping received 1536 bytes back
Round trip time was 0.021755 milliseconds in repetition 157
tcp_ping received 1536 bytes back
Round trip time was 0.02152 milliseconds in repetition 158
tcp_ping received 1536 bytes back
Round trip time was 0.021965 milliseconds in repetition 159
tcp_ping received 1536 bytes back
Round trip time was 0.022047 milliseconds in repetition 160
tcp_ping received 1536 bytes back
Round trip time was 0.022287 milliseconds in repetition 161
tcp_ping received 1536 bytes back
Round trip time was 0.021792 milliseconds in repetition 162
tcp_ping received 1536 bytes back
Round trip time was 0.022012 milliseconds in repetition 163
tcp_ping received 1536 bytes back
Round trip time was 0.021959 milliseconds in repetition 164
tcp_ping received 1536 bytes back
Round trip time was 0.022043 milliseconds in repetition 165
tcp_ping received 1536 bytes back
Round trip time was 0.022 milliseconds in repetition 166
tcp_ping received 1536 bytes back
Round trip time was 0.022188 milliseconds in repetition 167
tcp_ping received 1536 bytes back
Round trip time was 0.021874 milliseconds in repetition 168
tcp_ping received 1536 bytes back
Round trip time was 0.021866 milliseconds in repetition 169
tcp_ping received 1536 bytes back
Round trip time was 0.021717 milliseconds in repetition 170
tcp_ping received 1536 bytes back
Round trip time was 0.022144 milliseconds in repetition 171
tcp_ping received 1536 bytes back
Round trip time was 0.022113 milliseconds in repetition 172
tcp_ping received 1536 bytes back
Round trip time was 0.021738 milliseconds in repetition 173
tcp_ping received 1536 bytes back
Round trip time was 0.021783 milliseconds in repetition 174
tcp_ping received 1536 bytes back
Round trip time was 0.023484 milliseconds in repetition 175
tcp_ping received 1536 bytes back
Round trip time was 0.022228 milliseconds in repetition 176
tcp_ping received 1536 bytes back
Round trip time was 0.021784 milliseconds in repetition 177
tcp_ping received 1536 bytes back
Round trip time was 0.021582 milliseconds in repetition 178
tcp_ping received 1536 bytes back
Round trip time was 0.022068 milliseconds in repetition 179
tcp_ping received 1536 bytes back
Round trip time was 0.02196 milliseconds in repetition 180
tcp_ping received 1536 bytes back
Round trip time was 0.021852 milliseconds in repetition 181
tcp_ping received 1536 bytes back
Round trip time was 0.021648 milliseconds in repetition 182
tcp_ping received 1536 bytes back
Round trip time was 0.021988 milliseconds in repetition 183
tcp_ping received 1536 bytes back
Round trip time was 0.021734 milliseconds in repetition 184
tcp_ping received 1536 bytes back
Round trip time was 0.021875 milliseconds in repetition 185
tcp_ping received 1536 bytes back
Round trip time was 0.028811 milliseconds in repetition 186
tcp_ping received 1536 bytes back
Round trip time was 0.024242 milliseconds in repetition 187
tcp_ping received 1536 bytes back
Round trip time was 0.022142 milliseconds in repetition 188
tcp_ping received 1536 bytes back
Round trip time was 0.02179 milliseconds in repetition 189
tcp_ping received 1536 bytes back
Round trip time was 0.022283 milliseconds in repetition 190
tcp_ping received 1536 bytes back
Round trip time was 0.021762 milliseconds in repetition 191
tcp_ping received 1536 bytes back
Round trip time was 0.021629 milliseconds in repetition 192
tcp_ping received 1536 bytes back
Round trip time was 0.021757 milliseconds in repetition 193
tcp_ping received 1536 bytes back
Round trip time was 0.022174 milliseconds in repetition 194
tcp_ping received 1536 bytes back
Round trip time was 0.022077 milliseconds in repetition 195
tcp_ping received 1536 bytes back
Round trip time was 0.022074 milliseconds in repetition 196
tcp_ping received 1536 bytes back
Round trip time was 0.021825 milliseconds in repetition 197
tcp_ping received 1536 bytes back
Round trip time was 0.022087 milliseconds in repetition 198
tcp_ping received 1536 bytes back
Round trip time was 0.022013 milliseconds in repetition 199
tcp_ping received 1536 bytes back
Round trip time was 0.021685 milliseconds in repetition 200
tcp_ping received 1536 bytes back
Round trip time was 0.021791 milliseconds in repetition 201
tcp_ping received 1536 bytes back
Round trip time was 0.022159 milliseconds in repetition 202
tcp_ping received 1536 bytes back
Round trip time was 0.022003 milliseconds in repetition 203
tcp_ping received 1536 bytes back
Round trip time was 0.021728 milliseconds in repetition 204
tcp_ping received 1536 bytes back
Round trip time was 0.021614 milliseconds in repetition 205
tcp_ping received 1536 bytes back
Round trip time was 0.022142 milliseconds in repetition 206
tcp_ping received 1536 bytes back
Round trip time was 0.021771 milliseconds in repetition 207
tcp_ping received 1536 bytes back
Round trip time was 0.021672 milliseconds in repetition 208
tcp_ping received 1536 bytes back
Round trip time was 0.021525 milliseconds in repetition 209
tcp_ping received 1536 bytes back
Round trip time was 0.022005 milliseconds in repetition 210
tcp_ping received 1536 bytes back
Round trip time was 0.022 milliseconds in repetition 211
tcp_ping received 1536 bytes back
Round trip time was 0.022096 milliseconds in repetition 212
tcp_ping received 1536 bytes back
Round trip time was 0.021668 milliseconds in repetition 213
tcp_ping received 1536 bytes back
Round trip time was 0.022005 milliseconds in repetition 214
tcp_ping received 1536 bytes back
Round trip time was 0.022146 milliseconds in repetition 215
tcp_ping received 1536 bytes back
Round trip time was 0.021982 milliseconds in repetition 216
tcp_ping received 1536 bytes back
Round trip time was 0.021519 milliseconds in repetition 217
tcp_ping received 1536 bytes back
Round trip time was 0.022289 milliseconds in repetition 218
tcp_ping received 1536 bytes back
Round trip time was 0.023434 milliseconds in repetition 219
tcp_ping received 1536 bytes back
Round trip time was 0.02226 milliseconds in repetition 220
tcp_ping received 1536 bytes back
Round trip time was 0.021792 milliseconds in repetition 221
tcp_ping received 1536 bytes back
Round trip time was 0.022196 milliseconds in repetition 222
tcp_ping received 1536 bytes back
Round trip time was 0.022023 milliseconds in repetition 223
tcp_ping received 1536 bytes back
Round trip time was 0.021707 milliseconds in repetition 224
tcp_ping received 1536 bytes back
Round trip time was 0.021765 milliseconds in repetition 225
tcp_ping received 1536 bytes back
Round trip time was 0.021988 milliseconds in repetition 226
tcp_ping received 1536 bytes back
Round trip time was 0.022173 milliseconds in repetition 227
tcp_ping received 1536 bytes back
Round trip time was 0.022031 milliseconds in repetition 228
tcp_ping received 1536 bytes back
Round trip time was 0.021815 milliseconds in repetition 229
tcp_ping received 1536 bytes back
Round trip time was 0.022284 milliseconds in repetition 230
tcp_ping received 1536 bytes back
Round trip time was 0.022067 milliseconds in repetition 231
tcp_ping received 1536 bytes back
Round trip time was 0.021652 milliseconds in repetition 232
tcp_ping received 1536 bytes back
Round trip time was 0.021694 milliseconds in repetition 233
tcp_ping received 1536 bytes back
Round trip time was 0.021943 milliseconds in repetition 234
tcp_ping received 1536 bytes back
Round trip time was 0.022075 milliseconds in repetition 235
tcp_ping received 1536 bytes back
Round trip time was 0.022025 milliseconds in repetition 236
tcp_ping received 1536 bytes back
Round trip time was 0.021733 milliseconds in repetition 237
tcp_ping received 1536 bytes back
Round trip time was 0.022024 milliseconds in repetition 238
tcp_ping received 1536 bytes back
Round trip time was 0.021885 milliseconds in repetition 239
tcp_ping received 1536 bytes back
Round trip time was 0.021442 milliseconds in repetition 240
tcp_ping received 1536 bytes back
Round trip time was 0.021563 milliseconds in repetition 241
tcp_ping received 1536 bytes back
Round trip time was 0.02207 milliseconds in repetition 242
tcp_ping received 1536 bytes back
Round trip time was 0.022081 milliseconds in repetition 243
tcp_ping received 1536 bytes back
Round trip time was 0.021854 milliseconds in repetition 244
tcp_ping received 1536 bytes back
Round trip time was 0.021679 milliseconds in repetition 245
tcp_ping received 1536 bytes back
Round trip time was 0.021831 milliseconds in repetition 246
tcp_ping received 1536 bytes back
Round trip time was 0.022092 milliseconds in repetition 247
tcp_ping received 1536 bytes back
Round trip time was 0.021643 milliseconds in repetition 248
tcp_ping received 1536 bytes back
Round trip time was 0.021816 milliseconds in repetition 249
tcp_ping received 1536 bytes back
Round trip time was 0.022068 milliseconds in repetition 250
tcp_ping received 1536 bytes back
Round trip time was 0.022798 milliseconds in repetition 251
tcp_ping received 1536 bytes back
Round trip time was 0.02201 milliseconds in repetition 252
tcp_ping received 1536 bytes back
Round trip time was 0.021753 milliseconds in repetition 253
tcp_ping received 1536 bytes back
Round trip time was 0.022052 milliseconds in repetition 254
tcp_ping received 1536 bytes back
Round trip time was 0.02212 milliseconds in repetition 255
tcp_ping received 1536 bytes back
Round trip time was 0.02151 milliseconds in repetition 256
tcp_ping received 1536 bytes back
Round trip time was 0.021778 milliseconds in repetition 257
tcp_ping received 1536 bytes back
Round trip time was 0.022052 milliseconds in repetition 258
tcp_ping received 1536 bytes back
Round trip time was 0.02195 milliseconds in repetition 259
tcp_ping received 1536 bytes back
Round trip time was 0.021795 milliseconds in repetition 260
tcp_ping received 1536 bytes back
Round trip time was 0.021746 milliseconds in repetition 261
tcp_ping received 1536 bytes back
Round trip time was 0.023186 milliseconds in repetition 262
tcp_ping received 1536 bytes back
Round trip time was 0.022366 milliseconds in repetition 263
tcp_ping received 1536 bytes back
Round trip time was 0.02181 milliseconds in repetition 264
tcp_ping received 1536 bytes back
Round trip time was 0.021936 milliseconds in repetition 265
tcp_ping received 1536 bytes back
Round trip time was 0.022092 milliseconds in repetition 266
tcp_ping received 1536 bytes back
Round trip time was 0.022002 milliseconds in repetition 267
tcp_ping received 1536 bytes back
Round trip time was 0.021615 milliseconds in repetition 268
tcp_ping received 1536 bytes back
Round trip time was 0.022108 milliseconds in repetition 269
tcp_ping received 1536 bytes back
Round trip time was 0.022173 milliseconds in repetition 270
tcp_ping received 1536 bytes back
Round trip time was 0.022017 milliseconds in repetition 271
tcp_ping received 1536 bytes back
Round trip time was 0.021568 milliseconds in repetition 272
tcp_ping received 1536 bytes back
Round trip time was 0.021801 milliseconds in repetition 273
tcp_ping received 1536 bytes back
Round trip time was 0.022065 milliseconds in repetition 274
tcp_ping received 1536 bytes back
Round trip time was 0.021927 milliseconds in repetition 275
tcp_ping received 1536 bytes back
Round trip time was 0.021783 milliseconds in repetition 276
tcp_ping received 1536 bytes back
Round trip time was 0.021891 milliseconds in repetition 277
tcp_ping received 1536 bytes back
Round trip time was 0.022016 milliseconds in repetition 278
tcp_ping received 1536 bytes back
Round trip time was 0.022033 milliseconds in repetition 279
tcp_ping received 1536 bytes back
Round trip time was 0.021579 milliseconds in repetition 280
tcp_ping received 1536 bytes back
Round trip time was 0.021793 milliseconds in repetition 281
tcp_ping received 1536 bytes back
Round trip time was 0.022208 milliseconds in repetition 282
tcp_ping received 1536 bytes back
Round trip time was 0.022032 milliseconds in repetition 283
tcp_ping received 1536 bytes back
Round trip time was 0.021892 milliseconds in repetition 284
tcp_ping received 1536 bytes back
Round trip time was 0.021972 milliseconds in repetition 285
tcp_ping received 1536 bytes back
Round trip time was 0.021947 milliseconds in repetition 286
tcp_ping received 1536 bytes back
Round trip time was 0.022183 milliseconds in repetition 287
tcp_ping received 1536 bytes back
Round trip time was 0.021598 milliseconds in repetition 288
tcp_ping received 1536 bytes back
Round trip time was 0.021755 milliseconds in repetition 289
tcp_ping received 1536 bytes back
Round trip time was 0.022044 milliseconds in repetition 290
tcp_ping received 1536 bytes back
Round trip time was 0.021926 milliseconds in repetition 291
tcp_ping received 1536 bytes back
Round trip time was 0.021691 milliseconds in repetition 292
tcp_ping received 1536 bytes back
Round trip time was 0.022081 milliseconds in repetition 293
tcp_ping received 1536 bytes back
Round trip time was 0.022587 milliseconds in repetition 294
tcp_ping received 1536 bytes back
Round trip time was 0.021991 milliseconds in repetition 295
tcp_ping received 1536 bytes back
Round trip time was 0.02171 milliseconds in repetition 296
tcp_ping received 1536 bytes back
Round trip time was 0.021629 milliseconds in repetition 297
tcp_ping received 1536 bytes back
Round trip time was 0.022045 milliseconds in repetition 298
tcp_ping received 1536 bytes back
Round trip time was 0.021908 milliseconds in repetition 299
tcp_ping received 1536 bytes back
Round trip time was 0.021691 milliseconds in repetition 300
tcp_ping received 1536 bytes back
Round trip time was 0.021999 milliseconds in repetition 301
tcp_ping received 1536 bytes back
Round trip time was 0.022152 milliseconds in repetition 302
tcp_ping received 1536 bytes back
Round trip time was 0.021939 milliseconds in repetition 303
tcp_ping received 1536 bytes back
Round trip time was 0.021765 milliseconds in repetition 304
tcp_ping received 1536 bytes back
Round trip time was 0.02199 milliseconds in repetition 305
tcp_ping received 1536 bytes back
Round trip time was 0.023407 milliseconds in repetition 306
tcp_ping received 1536 bytes back
Round trip time was 0.022305 milliseconds in repetition 307
tcp_ping received 1536 bytes back
Round trip time was 0.021907 milliseconds in repetition 308
tcp_ping received 1536 bytes back
Round trip time was 0.022043 milliseconds in repetition 309
tcp_ping received 1536 bytes back
Round trip time was 0.021902 milliseconds in repetition 310
tcp_ping received 1536 bytes back
Round trip time was 0.022187 milliseconds in repetition 311
tcp_ping received 1536 bytes back
Round trip time was 0.021769 milliseconds in repetition 312
tcp_ping received 1536 bytes back
Round trip time was 0.022154 milliseconds in repetition 313
tcp_ping received 1536 bytes back
Round trip time was 0.022298 milliseconds in repetition 314
tcp_ping received 1536 bytes back
Round trip time was 0.022036 milliseconds in repetition 315
tcp_ping received 1536 bytes back
Round trip time was 0.021857 milliseconds in repetition 316
tcp_ping received 1536 bytes back
Round trip time was 0.021901 milliseconds in repetition 317
tcp_ping received 1536 bytes back
Round trip time was 0.022007 milliseconds in repetition 318
tcp_ping received 1536 bytes back
Round trip time was 0.022117 milliseconds in repetition 319
tcp_ping received 1536 bytes back
Round trip time was 0.021865 milliseconds in repetition 320
tcp_ping received 1536 bytes back
Round trip time was 0.021908 milliseconds in repetition 321
tcp_ping received 1536 bytes back
Round trip time was 0.022147 milliseconds in repetition 322
tcp_ping received 1536 bytes back
Round trip time was 0.022307 milliseconds in repetition 323
tcp_ping received 1536 bytes back
Round trip time was 0.021982 milliseconds in repetition 324
tcp_ping received 1536 bytes back
Round trip time was 0.021804 milliseconds in repetition 325
tcp_ping received 1536 bytes back
Round trip time was 0.022121 milliseconds in repetition 326
tcp_ping received 1536 bytes back
Round trip time was 0.022104 milliseconds in repetition 327
tcp_ping received 1536 bytes back
Round trip time was 0.021649 milliseconds in repetition 328
tcp_ping received 1536 bytes back
Round trip time was 0.022167 milliseconds in repetition 329
tcp_ping received 1536 bytes back
Round trip time was 0.022143 milliseconds in repetition 330
tcp_ping received 1536 bytes back
Round trip time was 0.021905 milliseconds in repetition 331
tcp_ping received 1536 bytes back
Round trip time was 0.021736 milliseconds in repetition 332
tcp_ping received 1536 bytes back
Round trip time was 0.021802 milliseconds in repetition 333
tcp_ping received 1536 bytes back
Round trip time was 0.022107 milliseconds in repetition 334
tcp_ping received 1536 bytes back
Round trip time was 0.022115 milliseconds in repetition 335
tcp_ping received 1536 bytes back
Round trip time was 0.021896 milliseconds in repetition 336
tcp_ping received 1536 bytes back
Round trip time was 0.022292 milliseconds in repetition 337
tcp_ping received 1536 bytes back
Round trip time was 0.022306 milliseconds in repetition 338
tcp_ping received 1536 bytes back
Round trip time was 0.021816 milliseconds in repetition 339
tcp_ping received 1536 bytes back
Round trip time was 0.021849 milliseconds in repetition 340
tcp_ping received 1536 bytes back
Round trip time was 0.02207 milliseconds in repetition 341
tcp_ping received 1536 bytes back
Round trip time was 0.022309 milliseconds in repetition 342
tcp_ping received 1536 bytes back
Round trip time was 0.02221 milliseconds in repetition 343
tcp_ping received 1536 bytes back
Round trip time was 0.021797 milliseconds in repetition 344
tcp_ping received 1536 bytes back
Round trip time was 0.021982 milliseconds in repetition 345
tcp_ping received 1536 bytes back
Round trip time was 0.022161 milliseconds in repetition 346
tcp_ping received 1536 bytes back
Round trip time was 0.021868 milliseconds in repetition 347
tcp_ping received 1536 bytes back
Round trip time was 0.021783 milliseconds in repetition 348
tcp_ping received 1536 bytes back
Round trip time was 0.027411 milliseconds in repetition 349
tcp_ping received 1536 bytes back
Round trip time was 0.026687 milliseconds in repetition 350
tcp_ping received 1536 bytes back
Round trip time was 0.022677 milliseconds in repetition 351
tcp_ping received 1536 bytes back
Round trip time was 0.022555 milliseconds in repetition 352
tcp_ping received 1536 bytes back
Round trip time was 0.021909 milliseconds in repetition 353
tcp_ping received 1536 bytes back
Round trip time was 0.021993 milliseconds in repetition 354
tcp_ping received 1536 bytes back
Round trip time was 0.021919 milliseconds in repetition 355
tcp_ping received 1536 bytes back
Round trip time was 0.022197 milliseconds in repetition 356
tcp_ping received 1536 bytes back
Round trip time was 0.022112 milliseconds in repetition 357
tcp_ping received 1536 bytes back
Round trip time was 0.022444 milliseconds in repetition 358
tcp_ping received 1536 bytes back
Round trip time was 0.022461 milliseconds in repetition 359
tcp_ping received 1536 bytes back
Round trip time was 0.022293 milliseconds in repetition 360
tcp_ping received 1536 bytes back
Round trip time was 0.021925 milliseconds in repetition 361
tcp_ping received 1536 bytes back
Round trip time was 0.022183 milliseconds in repetition 362
tcp_ping received 1536 bytes back
Round trip time was 0.02203 milliseconds in repetition 363
tcp_ping received 1536 bytes back
Round trip time was 0.022191 milliseconds in repetition 364
tcp_ping received 1536 bytes back
Round trip time was 0.022075 milliseconds in repetition 365
tcp_ping received 1536 bytes back
Round trip time was 0.022111 milliseconds in repetition 366
tcp_ping received 1536 bytes back
Round trip time was 0.022213 milliseconds in repetition 367
tcp_ping received 1536 bytes back
Round trip time was 0.021832 milliseconds in repetition 368
tcp_ping received 1536 bytes back
Round trip time was 0.021839 milliseconds in repetition 369
tcp_ping received 1536 bytes back
Round trip time was 0.021988 milliseconds in repetition 370
tcp_ping received 1536 bytes back
Round trip time was 0.021926 milliseconds in repetition 371
tcp_ping received 1536 bytes back
Round trip time was 0.022338 milliseconds in repetition 372
tcp_ping received 1536 bytes back
Round trip time was 0.022093 milliseconds in repetition 373
tcp_ping received 1536 bytes back
Round trip time was 0.022277 milliseconds in repetition 374
tcp_ping received 1536 bytes back
Round trip time was 0.0221 milliseconds in repetition 375
tcp_ping received 1536 bytes back
Round trip time was 0.021892 milliseconds in repetition 376
tcp_ping received 1536 bytes back
Round trip time was 0.021864 milliseconds in repetition 377
tcp_ping received 1536 bytes back
Round trip time was 0.022159 milliseconds in repetition 378
tcp_ping received 1536 bytes back
Round trip time was 0.022175 milliseconds in repetition 379
tcp_ping received 1536 bytes back
Round trip time was 0.021934 milliseconds in repetition 380
tcp_ping received 1536 bytes back
Round trip time was 0.02213 milliseconds in repetition 381
tcp_ping received 1536 bytes back
Round trip time was 0.022343 milliseconds in repetition 382
tcp_ping received 1536 bytes back
Round trip time was 0.021908 milliseconds in repetition 383
tcp_ping received 1536 bytes back
Round trip time was 0.02204 milliseconds in repetition 384
tcp_ping received 1536 bytes back
Round trip time was 0.022022 milliseconds in repetition 385
tcp_ping received 1536 bytes back
Round trip time was 0.02208 milliseconds in repetition 386
tcp_ping received 1536 bytes back
Round trip time was 0.022027 milliseconds in repetition 387
tcp_ping received 1536 bytes back
Round trip time was 0.02214 milliseconds in repetition 388
tcp_ping received 1536 bytes back
Round trip time was 0.022186 milliseconds in repetition 389
tcp_ping received 1536 bytes back
Round trip time was 0.022331 milliseconds in repetition 390
tcp_ping received 1536 bytes back
Round trip time was 0.022337 milliseconds in repetition 391
tcp_ping received 1536 bytes back
Round trip time was 0.02223 milliseconds in repetition 392
tcp_ping received 1536 bytes back
Round trip time was 0.024706 milliseconds in repetition 393
tcp_ping received 1536 bytes back
Round trip time was 0.022872 milliseconds in repetition 394
tcp_ping received 1536 bytes back
Round trip time was 0.022506 milliseconds in repetition 395
tcp_ping received 1536 bytes back
Round trip time was 0.022307 milliseconds in repetition 396
tcp_ping received 1536 bytes back
Round trip time was 0.021879 milliseconds in repetition 397
tcp_ping received 1536 bytes back
Round trip time was 0.022087 milliseconds in repetition 398
tcp_ping received 1536 bytes back
Round trip time was 0.022414 milliseconds in repetition 399
tcp_ping received 1536 bytes back
Round trip time was 0.022161 milliseconds in repetition 400
tcp_ping received 1536 bytes back
Round trip time was 0.021831 milliseconds in repetition 401
tcp_ping received 1536 bytes back
Round trip time was 0.022293 milliseconds in repetition 402
tcp_ping received 1536 bytes back
Round trip time was 0.022237 milliseconds in repetition 403
tcp_ping received 1536 bytes back
Round trip time was 0.02207 milliseconds in repetition 404
tcp_ping received 1536 bytes back
Round trip time was 0.021726 milliseconds in repetition 405
tcp_ping received 1536 bytes back
Round trip time was 0.021941 milliseconds in repetition 406
tcp_ping received 1536 bytes back
Round trip time was 0.022477 milliseconds in repetition 407
tcp_ping received 1536 bytes back
Round trip time was 0.021984 milliseconds in repetition 408
tcp_ping received 1536 bytes back
Round trip time was 0.021882 milliseconds in repetition 409
tcp_ping received 1536 bytes back
Round trip time was 0.02211 milliseconds in repetition 410
tcp_ping received 1536 bytes back
Round trip time was 0.022521 milliseconds in repetition 411
tcp_ping received 1536 bytes back
Round trip time was 0.022008 milliseconds in repetition 412
tcp_ping received 1536 bytes back
Round trip time was 0.021802 milliseconds in repetition 413
tcp_ping received 1536 bytes back
Round trip time was 0.022037 milliseconds in repetition 414
tcp_ping received 1536 bytes back
Round trip time was 0.022353 milliseconds in repetition 415
tcp_ping received 1536 bytes back
Round trip time was 0.022106 milliseconds in repetition 416
tcp_ping received 1536 bytes back
Round trip time was 0.021892 milliseconds in repetition 417
tcp_ping received 1536 bytes back
Round trip time was 0.022371 milliseconds in repetition 418
tcp_ping received 1536 bytes back
Round trip time was 0.02282 milliseconds in repetition 419
tcp_ping received 1536 bytes back
Round trip time was 0.022155 milliseconds in repetition 420
tcp_ping received 1536 bytes back
Round trip time was 0.021847 milliseconds in repetition 421
tcp_ping received 1536 bytes back
Round trip time was 0.02208 milliseconds in repetition 422
tcp_ping received 1536 bytes back
Round trip time was 0.022285 milliseconds in repetition 423
tcp_ping received 1536 bytes back
Round trip time was 0.022313 milliseconds in repetition 424
tcp_ping received 1536 bytes back
Round trip time was 0.021854 milliseconds in repetition 425
tcp_ping received 1536 bytes back
Round trip time was 0.022185 milliseconds in repetition 426
tcp_ping received 1536 bytes back
Round trip time was 0.022446 milliseconds in repetition 427
tcp_ping received 1536 bytes back
Round trip time was 0.021926 milliseconds in repetition 428
tcp_ping received 1536 bytes back
Round trip time was 0.021764 milliseconds in repetition 429
tcp_ping received 1536 bytes back
Round trip time was 0.022071 milliseconds in repetition 430
tcp_ping received 1536 bytes back
Round trip time was 0.022365 milliseconds in repetition 431
tcp_ping received 1536 bytes back
Round trip time was 0.022211 milliseconds in repetition 432
tcp_ping received 1536 bytes back
Round trip time was 0.021936 milliseconds in repetition 433
tcp_ping received 1536 bytes back
Round trip time was 0.022394 milliseconds in repetition 434
tcp_ping received 1536 bytes back
Round trip time was 0.022238 milliseconds in repetition 435
tcp_ping received 1536 bytes back
Round trip time was 0.021914 milliseconds in repetition 436
tcp_ping received 1536 bytes back
Round trip time was 0.023252 milliseconds in repetition 437
tcp_ping received 1536 bytes back
Round trip time was 0.022157 milliseconds in repetition 438
tcp_ping received 1536 bytes back
Round trip time was 0.022555 milliseconds in repetition 439
tcp_ping received 1536 bytes back
Round trip time was 0.022351 milliseconds in repetition 440
tcp_ping received 1536 bytes back
Round trip time was 0.02187 milliseconds in repetition 441
tcp_ping received 1536 bytes back
Round trip time was 0.022417 milliseconds in repetition 442
tcp_ping received 1536 bytes back
Round trip time was 0.022226 milliseconds in repetition 443
tcp_ping received 1536 bytes back
Round trip time was 0.022179 milliseconds in repetition 444
tcp_ping received 1536 bytes back
Round trip time was 0.021741 milliseconds in repetition 445
tcp_ping received 1536 bytes back
Round trip time was 0.021953 milliseconds in repetition 446
tcp_ping received 1536 bytes back
Round trip time was 0.022013 milliseconds in repetition 447
tcp_ping received 1536 bytes back
Round trip time was 0.021845 milliseconds in repetition 448
tcp_ping received 1536 bytes back
Round trip time was 0.021927 milliseconds in repetition 449
tcp_ping received 1536 bytes back
Round trip time was 0.022192 milliseconds in repetition 450
tcp_ping received 1536 bytes back
Round trip time was 0.022215 milliseconds in repetition 451
tcp_ping received 1536 bytes back
Round trip time was 0.021967 milliseconds in repetition 452
tcp_ping received 1536 bytes back
Round trip time was 0.021859 milliseconds in repetition 453
tcp_ping received 1536 bytes back
Round trip time was 0.022138 milliseconds in repetition 454
tcp_ping received 1536 bytes back
Round trip time was 0.021889 milliseconds in repetition 455
tcp_ping received 1536 bytes back
Round trip time was 0.022133 milliseconds in repetition 456
tcp_ping received 1536 bytes back
Round trip time was 0.021673 milliseconds in repetition 457
tcp_ping received 1536 bytes back
Round trip time was 0.022094 milliseconds in repetition 458
tcp_ping received 1536 bytes back
Round trip time was 0.022371 milliseconds in repetition 459
tcp_ping received 1536 bytes back
Round trip time was 0.021793 milliseconds in repetition 460
tcp_ping received 1536 bytes back
Round trip time was 0.022041 milliseconds in repetition 461
tcp_ping received 1536 bytes back
Round trip time was 0.02226 milliseconds in repetition 462
tcp_ping received 1536 bytes back
Round trip time was 0.022202 milliseconds in repetition 463
tcp_ping received 1536 bytes back
Round trip time was 0.021933 milliseconds in repetition 464
tcp_ping received 1536 bytes back
Round trip time was 0.021917 milliseconds in repetition 465
tcp_ping received 1536 bytes back
Round trip time was 0.022 milliseconds in repetition 466
tcp_ping received 1536 bytes back
Round trip time was 0.022077 milliseconds in repetition 467
tcp_ping received 1536 bytes back
Round trip time was 0.022047 milliseconds in repetition 468
tcp_ping received 1536 bytes back
Round trip time was 0.022137 milliseconds in repetition 469
tcp_ping received 1536 bytes back
Round trip time was 0.022017 milliseconds in repetition 470
tcp_ping received 1536 bytes back
Round trip time was 0.022213 milliseconds in repetition 471
tcp_ping received 1536 bytes back
Round trip time was 0.02222 milliseconds in repetition 472
tcp_ping received 1536 bytes back
Round trip time was 0.02187 milliseconds in repetition 473
tcp_ping received 1536 bytes back
Round trip time was 0.022143 milliseconds in repetition 474
tcp_ping received 1536 bytes back
Round trip time was 0.022135 milliseconds in repetition 475
tcp_ping received 1536 bytes back
Round trip time was 0.021974 milliseconds in repetition 476
tcp_ping received 1536 bytes back
Round trip time was 0.022067 milliseconds in repetition 477
tcp_ping received 1536 bytes back
Round trip time was 0.021967 milliseconds in repetition 478
tcp_ping received 1536 bytes back
Round trip time was 0.022138 milliseconds in repetition 479
tcp_ping received 1536 bytes back
Round trip time was 0.022071 milliseconds in repetition 480
tcp_ping received 1536 bytes back
Round trip time was 0.023252 milliseconds in repetition 481
tcp_ping received 1536 bytes back
Round trip time was 0.022783 milliseconds in repetition 482
tcp_ping received 1536 bytes back
Round trip time was 0.022126 milliseconds in repetition 483
tcp_ping received 1536 bytes back
Round trip time was 0.022043 milliseconds in repetition 484
tcp_ping received 1536 bytes back
Round trip time was 0.021739 milliseconds in repetition 485
tcp_ping received 1536 bytes back
Round trip time was 0.022255 milliseconds in repetition 486
tcp_ping received 1536 bytes back
Round trip time was 0.022177 milliseconds in repetition 487
tcp_ping received 1536 bytes back
Round trip time was 0.021965 milliseconds in repetition 488
tcp_ping received 1536 bytes back
Round trip time was 0.021635 milliseconds in repetition 489
tcp_ping received 1536 bytes back
Round trip time was 0.022298 milliseconds in repetition 490
tcp_ping received 1536 bytes back
Round trip time was 0.022042 milliseconds in repetition 491
tcp_ping received 1536 bytes back
Round trip time was 0.021663 milliseconds in repetition 492
tcp_ping received 1536 bytes back
Round trip time was 0.021594 milliseconds in repetition 493
tcp_ping received 1536 bytes back
Round trip time was 0.022188 milliseconds in repetition 494
tcp_ping received 1536 bytes back
Round trip time was 0.022047 milliseconds in repetition 495
tcp_ping received 1536 bytes back
Round trip time was 0.022116 milliseconds in repetition 496
tcp_ping received 1536 bytes back
Round trip time was 0.021764 milliseconds in repetition 497
tcp_ping received 1536 bytes back
Round trip time was 0.022393 milliseconds in repetition 498
tcp_ping received 1536 bytes back
Round trip time was 0.022292 milliseconds in repetition 499
tcp_ping received 1536 bytes back
Round trip time was 0.022963 milliseconds in repetition 500

 ... clock resolution was 1e-06
TCP Ping:  Statistics over 500 repetitions of 1536 byte messages

RTT : percentile 10: 0.021726, median: 0.022041, percentile 90: 0.022513, average: 0.0228526, variance: 3.91418e-05

RTT histogram:
0.0213825 480
0.0255659 9
0.0297494 4
0.0339328 0
0.0381163 1
0.0422997 0
0.0464832 0
0.0506666 0
0.0548501 0
0.0590335 0
0.063217 0
0.0674004 1
0.0715839 2
0.0757673 2
0.0799508 0
0.0841343 0
0.0883177 0
0.0925012 0
0.0966846 0
0.100868 0
0.105052 1

   median Throughput : 139377 KB/s   overall Throughput : 134427 KB/s

