TCP Ping trying to connect to server localhost (127.0.0.1) on port 1491
 ... connected to Pong server: asking for 500 repetitions of 32768 bytes TCP messages
 ... Pong server agreed :-)
tcp_ping received 32768 bytes back
Round trip time was 0.285383 milliseconds in repetition 1
tcp_ping received 32768 bytes back
Round trip time was 0.234448 milliseconds in repetition 2
tcp_ping received 32768 bytes back
Round trip time was 0.234994 milliseconds in repetition 3
tcp_ping received 32768 bytes back
Round trip time was 0.233469 milliseconds in repetition 4
tcp_ping received 32768 bytes back
Round trip time was 0.223975 milliseconds in repetition 5
tcp_ping received 32768 bytes back
Round trip time was 0.199909 milliseconds in repetition 6
tcp_ping received 32768 bytes back
Round trip time was 0.19127 milliseconds in repetition 7
tcp_ping received 32768 bytes back
Round trip time was 0.189348 milliseconds in repetition 8
tcp_ping received 32768 bytes back
Round trip time was 0.188231 milliseconds in repetition 9
tcp_ping received 32768 bytes back
Round trip time was 0.189294 milliseconds in repetition 10
tcp_ping received 32768 bytes back
Round trip time was 0.189776 milliseconds in repetition 11
tcp_ping received 32768 bytes back
Round trip time was 0.188371 milliseconds in repetition 12
tcp_ping received 32768 bytes back
Round trip time was 0.225336 milliseconds in repetition 13
tcp_ping received 32768 bytes back
Round trip time was 0.227583 milliseconds in repetition 14
tcp_ping received 32768 bytes back
Round trip time was 0.226695 milliseconds in repetition 15
tcp_ping received 32768 bytes back
Round trip time was 0.22784 milliseconds in repetition 16
tcp_ping received 32768 bytes back
Round trip time was 0.227071 milliseconds in repetition 17
tcp_ping received 32768 bytes back
Round trip time was 0.196838 milliseconds in repetition 18
tcp_ping received 32768 bytes back
Round trip time was 0.189614 milliseconds in repetition 19
tcp_ping received 32768 bytes back
Round trip time was 0.190009 milliseconds in repetition 20
tcp_ping received 32768 bytes back
Round trip time was 0.187955 milliseconds in repetition 21
tcp_ping received 32768 bytes back
Round trip time was 0.18791 milliseconds in repetition 22
tcp_ping received 32768 bytes back
Round trip time was 0.18748 milliseconds in repetition 23
tcp_ping received 32768 bytes back
Round trip time was 0.189002 milliseconds in repetition 24
tcp_ping received 32768 bytes back
Round trip time was 0.188812 milliseconds in repetition 25
tcp_ping received 32768 bytes back
Round trip time was 0.187783 milliseconds in repetition 26
tcp_ping received 32768 bytes back
Round trip time was 0.187791 milliseconds in repetition 27
tcp_ping received 32768 bytes back
Round trip time was 0.18864 milliseconds in repetition 28
tcp_ping received 32768 bytes back
Round trip time was 0.188154 milliseconds in repetition 29
tcp_ping received 32768 bytes back
Round trip time was 0.187778 milliseconds in repetition 30
tcp_ping received 32768 bytes back
Round trip time was 0.188507 milliseconds in repetition 31
tcp_ping received 32768 bytes back
Round trip time was 0.198461 milliseconds in repetition 32
tcp_ping received 32768 bytes back
Round trip time was 0.189639 milliseconds in repetition 33
tcp_ping received 32768 bytes back
Round trip time was 0.188358 milliseconds in repetition 34
tcp_ping received 32768 bytes back
Round trip time was 0.188221 milliseconds in repetition 35
tcp_ping received 32768 bytes back
Round trip time was 0.187718 milliseconds in repetition 36
tcp_ping received 32768 bytes back
Round trip time was 0.188755 milliseconds in repetition 37
tcp_ping received 32768 bytes back
Round trip time was 0.188469 milliseconds in repetition 38
tcp_ping received 32768 bytes back
Round trip time was 0.188746 milliseconds in repetition 39
tcp_ping received 32768 bytes back
Round trip time was 0.188056 milliseconds in repetition 40
tcp_ping received 32768 bytes back
Round trip time was 0.1881 milliseconds in repetition 41
tcp_ping received 32768 bytes back
Round trip time was 0.188242 milliseconds in repetition 42
tcp_ping received 32768 bytes back
Round trip time was 0.190247 milliseconds in repetition 43
tcp_ping received 32768 bytes back
Round trip time was 0.188555 milliseconds in repetition 44
tcp_ping received 32768 bytes back
Round trip time was 0.187862 milliseconds in repetition 45
tcp_ping received 32768 bytes back
Round trip time was 0.188657 milliseconds in repetition 46
tcp_ping received 32768 bytes back
Round trip time was 0.188389 milliseconds in repetition 47
tcp_ping received 32768 bytes back
Round trip time was 0.189125 milliseconds in repetition 48
tcp_ping received 32768 bytes back
Round trip time was 0.188061 milliseconds in repetition 49
tcp_ping received 32768 bytes back
Round trip time was 0.188857 milliseconds in repetition 50
tcp_ping received 32768 bytes back
Round trip time was 0.189144 milliseconds in repetition 51
tcp_ping received 32768 bytes back
Round trip time was 0.189373 milliseconds in repetition 52
tcp_ping received 32768 bytes back
Round trip time was 0.192121 milliseconds in repetition 53
tcp_ping received 32768 bytes back
Round trip time was 0.18971 milliseconds in repetition 54
tcp_ping received 32768 bytes back
Round trip time was 0.191956 milliseconds in repetition 55
tcp_ping received 32768 bytes back
Round trip time was 0.197322 milliseconds in repetition 56
tcp_ping received 32768 bytes back
Round trip time was 0.18949 milliseconds in repetition 57
tcp_ping received 32768 bytes back
Round trip time was 0.18864 milliseconds in repetition 58
tcp_ping received 32768 bytes back
Round trip time was 0.187843 milliseconds in repetition 59
tcp_ping received 32768 bytes back
Round trip time was 0.187706 milliseconds in repetition 60
tcp_ping received 32768 bytes back
Round trip time was 0.187537 milliseconds in repetition 61
tcp_ping received 32768 bytes back
Round trip time was 0.188323 milliseconds in repetition 62
tcp_ping received 32768 bytes back
Round trip time was 0.188082 milliseconds in repetition 63
tcp_ping received 32768 bytes back
Round trip time was 0.187996 milliseconds in repetition 64
tcp_ping received 32768 bytes back
Round trip time was 0.18737 milliseconds in repetition 65
tcp_ping received 32768 bytes back
Round trip time was 0.188993 milliseconds in repetition 66
tcp_ping received 32768 bytes back
Round trip time was 0.188049 milliseconds in repetition 67
tcp_ping received 32768 bytes back
Round trip time was 0.187253 milliseconds in repetition 68
tcp_ping received 32768 bytes back
Round trip time was 0.187226 milliseconds in repetition 69
tcp_ping received 32768 bytes back
Round trip time was 0.187956 milliseconds in repetition 70
tcp_ping received 32768 bytes back
Round trip time was 0.187856 milliseconds in repetition 71
tcp_ping received 32768 bytes back
Round trip time was 0.187368 milliseconds in repetition 72
tcp_ping received 32768 bytes back
Round trip time was 0.187374 milliseconds in repetition 73
tcp_ping received 32768 bytes back
Round trip time was 0.19223 milliseconds in repetition 74
tcp_ping received 32768 bytes back
Round trip time was 0.188443 milliseconds in repetition 75
tcp_ping received 32768 bytes back
Round trip time was 0.187636 milliseconds in repetition 76
tcp_ping received 32768 bytes back
Round trip time was 0.188075 milliseconds in repetition 77
tcp_ping received 32768 bytes back
Round trip time was 0.187312 milliseconds in repetition 78
tcp_ping received 32768 bytes back
Round trip time was 0.187457 milliseconds in repetition 79
tcp_ping received 32768 bytes back
Round trip time was 0.188571 milliseconds in repetition 80
tcp_ping received 32768 bytes back
Round trip time was 0.187348 milliseconds in repetition 81
tcp_ping received 32768 bytes back
Round trip time was 0.187434 milliseconds in repetition 82
tcp_ping received 32768 bytes back
Round trip time was 0.187363 milliseconds in repetition 83
tcp_ping received 32768 bytes back
Round trip time was 0.187274 milliseconds in repetition 84
tcp_ping received 32768 bytes back
Round trip time was 0.188054 milliseconds in repetition 85
tcp_ping received 32768 bytes back
Round trip time was 0.187838 milliseconds in repetition 86
tcp_ping received 32768 bytes back
Round trip time was 0.188608 milliseconds in repetition 87
tcp_ping received 32768 bytes back
Round trip time was 0.188699 milliseconds in repetition 88
tcp_ping received 32768 bytes back
Round trip time was 0.187924 milliseconds in repetition 89
tcp_ping received 32768 bytes back
Round trip time was 0.187336 milliseconds in repetition 90
tcp_ping received 32768 bytes back
Round trip time was 0.188501 milliseconds in repetition 91
tcp_ping received 32768 bytes back
Round trip time was 0.188281 milliseconds in repetition 92
tcp_ping received 32768 bytes back
Round trip time was 0.188127 milliseconds in repetition 93
tcp_ping received 32768 bytes back
Round trip time was 0.187321 milliseconds in repetition 94
tcp_ping received 32768 bytes back
Round trip time was 0.211908 milliseconds in repetition 95
tcp_ping received 32768 bytes back
Round trip time was 0.237039 milliseconds in repetition 96
tcp_ping received 32768 bytes back
Round trip time was 0.189335 milliseconds in repetition 97
tcp_ping received 32768 bytes back
Round trip time was 0.188594 milliseconds in repetition 98
tcp_ping received 32768 bytes back
Round trip time was 0.187992 milliseconds in repetition 99
tcp_ping received 32768 bytes back
Round trip time was 0.187523 milliseconds in repetition 100
tcp_ping received 32768 bytes back
Round trip time was 0.187605 milliseconds in repetition 101
tcp_ping received 32768 bytes back
Round trip time was 0.187746 milliseconds in repetition 102
tcp_ping received 32768 bytes back
Round trip time was 0.188225 milliseconds in repetition 103
tcp_ping received 32768 bytes back
Round trip time was 0.188106 milliseconds in repetition 104
tcp_ping received 32768 bytes back
Round trip time was 0.189703 milliseconds in repetition 105
tcp_ping received 32768 bytes back
Round trip time was 0.188335 milliseconds in repetition 106
tcp_ping received 32768 bytes back
Round trip time was 0.187925 milliseconds in repetition 107
tcp_ping received 32768 bytes back
Round trip time was 0.187731 milliseconds in repetition 108
tcp_ping received 32768 bytes back
Round trip time was 0.187838 milliseconds in repetition 109
tcp_ping received 32768 bytes back
Round trip time was 0.187505 milliseconds in repetition 110
tcp_ping received 32768 bytes back
Round trip time was 0.188077 milliseconds in repetition 111
tcp_ping received 32768 bytes back
Round trip time was 0.187787 milliseconds in repetition 112
tcp_ping received 32768 bytes back
Round trip time was 0.187749 milliseconds in repetition 113
tcp_ping received 32768 bytes back
Round trip time was 0.187557 milliseconds in repetition 114
tcp_ping received 32768 bytes back
Round trip time was 0.188151 milliseconds in repetition 115
tcp_ping received 32768 bytes back
Round trip time was 0.201601 milliseconds in repetition 116
tcp_ping received 32768 bytes back
Round trip time was 0.188668 milliseconds in repetition 117
tcp_ping received 32768 bytes back
Round trip time was 0.188593 milliseconds in repetition 118
tcp_ping received 32768 bytes back
Round trip time was 0.188057 milliseconds in repetition 119
tcp_ping received 32768 bytes back
Round trip time was 0.187692 milliseconds in repetition 120
tcp_ping received 32768 bytes back
Round trip time was 0.187239 milliseconds in repetition 121
tcp_ping received 32768 bytes back
Round trip time was 0.187657 milliseconds in repetition 122
tcp_ping received 32768 bytes back
Round trip time was 0.187555 milliseconds in repetition 123
tcp_ping received 32768 bytes back
Round trip time was 0.187461 milliseconds in repetition 124
tcp_ping received 32768 bytes back
Round trip time was 0.187525 milliseconds in repetition 125
tcp_ping received 32768 bytes back
Round trip time was 0.189017 milliseconds in repetition 126
tcp_ping received 32768 bytes back
Round trip time was 0.187016 milliseconds in repetition 127
tcp_ping received 32768 bytes back
Round trip time was 0.188123 milliseconds in repetition 128
tcp_ping received 32768 bytes back
Round trip time was 0.187472 milliseconds in repetition 129
tcp_ping received 32768 bytes back
Round trip time was 0.189657 milliseconds in repetition 130
tcp_ping received 32768 bytes back
Round trip time was 0.188602 milliseconds in repetition 131
tcp_ping received 32768 bytes back
Round trip time was 0.188497 milliseconds in repetition 132
tcp_ping received 32768 bytes back
Round trip time was 0.187307 milliseconds in repetition 133
tcp_ping received 32768 bytes back
Round trip time was 0.187983 milliseconds in repetition 134
tcp_ping received 32768 bytes back
Round trip time was 0.188124 milliseconds in repetition 135
tcp_ping received 32768 bytes back
Round trip time was 0.187896 milliseconds in repetition 136
tcp_ping received 32768 bytes back
Round trip time was 0.193879 milliseconds in repetition 137
tcp_ping received 32768 bytes back
Round trip time was 0.189006 milliseconds in repetition 138
tcp_ping received 32768 bytes back
Round trip time was 0.188455 milliseconds in repetition 139
tcp_ping received 32768 bytes back
Round trip time was 0.18754 milliseconds in repetition 140
tcp_ping received 32768 bytes back
Round trip time was 0.188058 milliseconds in repetition 141
tcp_ping received 32768 bytes back
Round trip time was 0.188574 milliseconds in repetition 142
tcp_ping received 32768 bytes back
Round trip time was 0.188514 milliseconds in repetition 143
tcp_ping received 32768 bytes back
Round trip time was 0.191295 milliseconds in repetition 144
tcp_ping received 32768 bytes back
Round trip time was 0.188563 milliseconds in repetition 145
tcp_ping received 32768 bytes back
Round trip time was 0.195896 milliseconds in repetition 146
tcp_ping received 32768 bytes back
Round trip time was 0.188479 milliseconds in repetition 147
tcp_ping received 32768 bytes back
Round trip time was 0.188044 milliseconds in repetition 148
tcp_ping received 32768 bytes back
Round trip time was 0.188119 milliseconds in repetition 149
tcp_ping received 32768 bytes back
Round trip time was 0.187487 milliseconds in repetition 150
tcp_ping received 32768 bytes back
Round trip time was 0.187176 milliseconds in repetition 151
tcp_ping received 32768 bytes back
Round trip time was 0.186782 milliseconds in repetition 152
tcp_ping received 32768 bytes back
Round trip time was 0.18797 milliseconds in repetition 153
tcp_ping received 32768 bytes back
Round trip time was 0.187393 milliseconds in repetition 154
tcp_ping received 32768 bytes back
Round trip time was 0.187542 milliseconds in repetition 155
tcp_ping received 32768 bytes back
Round trip time was 0.187086 milliseconds in repetition 156
tcp_ping received 32768 bytes back
Round trip time was 0.203128 milliseconds in repetition 157
tcp_ping received 32768 bytes back
Round trip time was 0.192399 milliseconds in repetition 158
tcp_ping received 32768 bytes back
Round trip time was 0.188868 milliseconds in repetition 159
tcp_ping received 32768 bytes back
Round trip time was 0.187996 milliseconds in repetition 160
tcp_ping received 32768 bytes back
Round trip time was 0.187782 milliseconds in repetition 161
tcp_ping received 32768 bytes back
Round trip time was 0.187688 milliseconds in repetition 162
tcp_ping received 32768 bytes back
Round trip time was 0.186523 milliseconds in repetition 163
tcp_ping received 32768 bytes back
Round trip time was 0.187354 milliseconds in repetition 164
tcp_ping received 32768 bytes back
Round trip time was 0.187879 milliseconds in repetition 165
tcp_ping received 32768 bytes back
Round trip time was 0.188057 milliseconds in repetition 166
tcp_ping received 32768 bytes back
Round trip time was 0.187494 milliseconds in repetition 167
tcp_ping received 32768 bytes back
Round trip time was 0.187437 milliseconds in repetition 168
tcp_ping received 32768 bytes back
Round trip time was 0.187211 milliseconds in repetition 169
tcp_ping received 32768 bytes back
Round trip time was 0.187483 milliseconds in repetition 170
tcp_ping received 32768 bytes back
Round trip time was 0.187488 milliseconds in repetition 171
tcp_ping received 32768 bytes back
Round trip time was 0.186331 milliseconds in repetition 172
tcp_ping received 32768 bytes back
Round trip time was 0.189024 milliseconds in repetition 173
tcp_ping received 32768 bytes back
Round trip time was 0.187616 milliseconds in repetition 174
tcp_ping received 32768 bytes back
Round trip time was 0.188226 milliseconds in repetition 175
tcp_ping received 32768 bytes back
Round trip time was 0.187779 milliseconds in repetition 176
tcp_ping received 32768 bytes back
Round trip time was 0.187973 milliseconds in repetition 177
tcp_ping received 32768 bytes back
Round trip time was 0.193547 milliseconds in repetition 178
tcp_ping received 32768 bytes back
Round trip time was 0.188386 milliseconds in repetition 179
tcp_ping received 32768 bytes back
Round trip time was 0.188748 milliseconds in repetition 180
tcp_ping received 32768 bytes back
Round trip time was 0.188734 milliseconds in repetition 181
tcp_ping received 32768 bytes back
Round trip time was 0.188077 milliseconds in repetition 182
tcp_ping received 32768 bytes back
Round trip time was 0.189683 milliseconds in repetition 183
tcp_ping received 32768 bytes back
Round trip time was 0.187767 milliseconds in repetition 184
tcp_ping received 32768 bytes back
Round trip time was 0.187094 milliseconds in repetition 185
tcp_ping received 32768 bytes back
Round trip time was 0.187715 milliseconds in repetition 186
tcp_ping received 32768 bytes back
Round trip time was 0.187256 milliseconds in repetition 187
tcp_ping received 32768 bytes back
Round trip time was 0.187174 milliseconds in repetition 188
tcp_ping received 32768 bytes back
Round trip time was 0.188295 milliseconds in repetition 189
tcp_ping received 32768 bytes back
Round trip time was 0.187663 milliseconds in repetition 190
tcp_ping received 32768 bytes back
Round trip time was 0.18702 milliseconds in repetition 191
tcp_ping received 32768 bytes back
Round trip time was 0.186951 milliseconds in repetition 192
tcp_ping received 32768 bytes back
Round trip time was 0.187193 milliseconds in repetition 193
tcp_ping received 32768 bytes back
Round trip time was 0.18783 milliseconds in repetition 194
tcp_ping received 32768 bytes back
Round trip time was 0.186893 milliseconds in repetition 195
tcp_ping received 32768 bytes back
Round trip time was 0.186965 milliseconds in repetition 196
tcp_ping received 32768 bytes back
Round trip time was 0.187668 milliseconds in repetition 197
tcp_ping received 32768 bytes back
Round trip time was 0.187313 milliseconds in repetition 198
tcp_ping received 32768 bytes back
Round trip time was 0.205831 milliseconds in repetition 199
tcp_ping received 32768 bytes back
Round trip time was 0.235195 milliseconds in repetition 200
tcp_ping received 32768 bytes back
Round trip time was 0.191868 milliseconds in repetition 201
tcp_ping received 32768 bytes back
Round trip time was 0.188556 milliseconds in repetition 202
tcp_ping received 32768 bytes back
Round trip time was 0.187967 milliseconds in repetition 203
tcp_ping received 32768 bytes back
Round trip time was 0.187281 milliseconds in repetition 204
tcp_ping received 32768 bytes back
Round trip time was 0.187542 milliseconds in repetition 205
tcp_ping received 32768 bytes back
Round trip time was 0.187839 milliseconds in repetition 206
tcp_ping received 32768 bytes back
Round trip time was 0.18802 milliseconds in repetition 207
tcp_ping received 32768 bytes back
Round trip time was 0.187605 milliseconds in repetition 208
tcp_ping received 32768 bytes back
Round trip time was 0.190296 milliseconds in repetition 209
tcp_ping received 32768 bytes back
Round trip time was 0.187628 milliseconds in repetition 210
tcp_ping received 32768 bytes back
Round trip time was 0.188454 milliseconds in repetition 211
tcp_ping received 32768 bytes back
Round trip time was 0.187323 milliseconds in repetition 212
tcp_ping received 32768 bytes back
Round trip time was 0.187781 milliseconds in repetition 213
tcp_ping received 32768 bytes back
Round trip time was 0.186871 milliseconds in repetition 214
tcp_ping received 32768 bytes back
Round trip time was 0.187916 milliseconds in repetition 215
tcp_ping received 32768 bytes back
Round trip time was 0.18939 milliseconds in repetition 216
tcp_ping received 32768 bytes back
Round trip time was 0.187767 milliseconds in repetition 217
tcp_ping received 32768 bytes back
Round trip time was 0.188041 milliseconds in repetition 218
tcp_ping received 32768 bytes back
Round trip time was 0.188438 milliseconds in repetition 219
tcp_ping received 32768 bytes back
Round trip time was 0.193102 milliseconds in repetition 220
tcp_ping received 32768 bytes back
Round trip time was 0.196721 milliseconds in repetition 221
tcp_ping received 32768 bytes back
Round trip time was 0.193223 milliseconds in repetition 222
tcp_ping received 32768 bytes back
Round trip time was 0.194941 milliseconds in repetition 223
tcp_ping received 32768 bytes back
Round trip time was 0.191856 milliseconds in repetition 224
tcp_ping received 32768 bytes back
Round trip time was 0.18891 milliseconds in repetition 225
tcp_ping received 32768 bytes back
Round trip time was 0.189486 milliseconds in repetition 226
tcp_ping received 32768 bytes back
Round trip time was 0.189322 milliseconds in repetition 227
tcp_ping received 32768 bytes back
Round trip time was 0.190238 milliseconds in repetition 228
tcp_ping received 32768 bytes back
Round trip time was 0.188307 milliseconds in repetition 229
tcp_ping received 32768 bytes back
Round trip time was 0.18791 milliseconds in repetition 230
tcp_ping received 32768 bytes back
Round trip time was 0.187473 milliseconds in repetition 231
tcp_ping received 32768 bytes back
Round trip time was 0.187759 milliseconds in repetition 232
tcp_ping received 32768 bytes back
Round trip time was 0.187167 milliseconds in repetition 233
tcp_ping received 32768 bytes back
Round trip time was 0.187248 milliseconds in repetition 234
tcp_ping received 32768 bytes back
Round trip time was 0.187663 milliseconds in repetition 235
tcp_ping received 32768 bytes back
Round trip time was 0.18754 milliseconds in repetition 236
tcp_ping received 32768 bytes back
Round trip time was 0.18786 milliseconds in repetition 237
tcp_ping received 32768 bytes back
Round trip time was 0.187816 milliseconds in repetition 238
tcp_ping received 32768 bytes back
Round trip time was 0.187885 milliseconds in repetition 239
tcp_ping received 32768 bytes back
Round trip time was 0.18751 milliseconds in repetition 240
tcp_ping received 32768 bytes back
Round trip time was 0.196466 milliseconds in repetition 241
tcp_ping received 32768 bytes back
Round trip time was 0.188619 milliseconds in repetition 242
tcp_ping received 32768 bytes back
Round trip time was 0.187955 milliseconds in repetition 243
tcp_ping received 32768 bytes back
Round trip time was 0.188113 milliseconds in repetition 244
tcp_ping received 32768 bytes back
Round trip time was 0.187459 milliseconds in repetition 245
tcp_ping received 32768 bytes back
Round trip time was 0.187597 milliseconds in repetition 246
tcp_ping received 32768 bytes back
Round trip time was 0.187494 milliseconds in repetition 247
tcp_ping received 32768 bytes back
Round trip time was 0.187181 milliseconds in repetition 248
tcp_ping received 32768 bytes back
Round trip time was 0.187806 milliseconds in repetition 249
tcp_ping received 32768 bytes back
Round trip time was 0.187912 milliseconds in repetition 250
tcp_ping received 32768 bytes back
Round trip time was 0.187428 milliseconds in repetition 251
tcp_ping received 32768 bytes back
Round trip time was 0.187455 milliseconds in repetition 252
tcp_ping received 32768 bytes back
Round trip time was 0.187522 milliseconds in repetition 253
tcp_ping received 32768 bytes back
Round trip time was 0.187592 milliseconds in repetition 254
tcp_ping received 32768 bytes back
Round trip time was 0.187196 milliseconds in repetition 255
tcp_ping received 32768 bytes back
Round trip time was 0.187646 milliseconds in repetition 256
tcp_ping received 32768 bytes back
Round trip time was 0.187632 milliseconds in repetition 257
tcp_ping received 32768 bytes back
Round trip time was 0.188124 milliseconds in repetition 258
tcp_ping received 32768 bytes back
Round trip time was 0.187301 milliseconds in repetition 259
tcp_ping received 32768 bytes back
Round trip time was 0.18975 milliseconds in repetition 260
tcp_ping received 32768 bytes back
Round trip time was 0.19229 milliseconds in repetition 261
tcp_ping received 32768 bytes back
Round trip time was 0.189671 milliseconds in repetition 262
tcp_ping received 32768 bytes back
Round trip time was 0.188492 milliseconds in repetition 263
tcp_ping received 32768 bytes back
Round trip time was 0.188141 milliseconds in repetition 264
tcp_ping received 32768 bytes back
Round trip time was 0.187862 milliseconds in repetition 265
tcp_ping received 32768 bytes back
Round trip time was 0.187842 milliseconds in repetition 266
tcp_ping received 32768 bytes back
Round trip time was 0.187546 milliseconds in repetition 267
tcp_ping received 32768 bytes back
Round trip time was 0.187609 milliseconds in repetition 268
tcp_ping received 32768 bytes back
Round trip time was 0.187455 milliseconds in repetition 269
tcp_ping received 32768 bytes back
Round trip time was 0.187456 milliseconds in repetition 270
tcp_ping received 32768 bytes back
Round trip time was 0.187915 milliseconds in repetition 271
tcp_ping received 32768 bytes back
Round trip time was 0.188382 milliseconds in repetition 272
tcp_ping received 32768 bytes back
Round trip time was 0.187478 milliseconds in repetition 273
tcp_ping received 32768 bytes back
Round trip time was 0.187294 milliseconds in repetition 274
tcp_ping received 32768 bytes back
Round trip time was 0.188247 milliseconds in repetition 275
tcp_ping received 32768 bytes back
Round trip time was 0.187847 milliseconds in repetition 276
tcp_ping received 32768 bytes back
Round trip time was 0.187864 milliseconds in repetition 277
tcp_ping received 32768 bytes back
Round trip time was 0.187257 milliseconds in repetition 278
tcp_ping received 32768 bytes back
Round trip time was 0.187472 milliseconds in repetition 279
tcp_ping received 32768 bytes back
Round trip time was 0.187631 milliseconds in repetition 280
tcp_ping received 32768 bytes back
Round trip time was 0.187997 milliseconds in repetition 281
tcp_ping received 32768 bytes back
Round trip time was 0.192616 milliseconds in repetition 282
tcp_ping received 32768 bytes back
Round trip time was 0.190447 milliseconds in repetition 283
tcp_ping received 32768 bytes back
Round trip time was 0.188944 milliseconds in repetition 284
tcp_ping received 32768 bytes back
Round trip time was 0.188127 milliseconds in repetition 285
tcp_ping received 32768 bytes back
Round trip time was 0.187052 milliseconds in repetition 286
tcp_ping received 32768 bytes back
Round trip time was 0.187266 milliseconds in repetition 287
tcp_ping received 32768 bytes back
Round trip time was 0.187979 milliseconds in repetition 288
tcp_ping received 32768 bytes back
Round trip time was 0.187414 milliseconds in repetition 289
tcp_ping received 32768 bytes back
Round trip time was 0.203562 milliseconds in repetition 290
tcp_ping received 32768 bytes back
Round trip time was 0.188474 milliseconds in repetition 291
tcp_ping received 32768 bytes back
Round trip time was 0.187761 milliseconds in repetition 292
tcp_ping received 32768 bytes back
Round trip time was 0.187412 milliseconds in repetition 293
tcp_ping received 32768 bytes back
Round trip time was 0.187772 milliseconds in repetition 294
tcp_ping received 32768 bytes back
Round trip time was 0.188687 milliseconds in repetition 295
tcp_ping received 32768 bytes back
Round trip time was 0.186849 milliseconds in repetition 296
tcp_ping received 32768 bytes back
Round trip time was 0.187724 milliseconds in repetition 297
tcp_ping received 32768 bytes back
Round trip time was 0.18859 milliseconds in repetition 298
tcp_ping received 32768 bytes back
Round trip time was 0.187423 milliseconds in repetition 299
tcp_ping received 32768 bytes back
Round trip time was 0.187052 milliseconds in repetition 300
tcp_ping received 32768 bytes back
Round trip time was 0.187447 milliseconds in repetition 301
tcp_ping received 32768 bytes back
Round trip time was 0.186904 milliseconds in repetition 302
tcp_ping received 32768 bytes back
Round trip time was 0.195129 milliseconds in repetition 303
tcp_ping received 32768 bytes back
Round trip time was 0.190513 milliseconds in repetition 304
tcp_ping received 32768 bytes back
Round trip time was 0.189354 milliseconds in repetition 305
tcp_ping received 32768 bytes back
Round trip time was 0.188011 milliseconds in repetition 306
tcp_ping received 32768 bytes back
Round trip time was 0.187417 milliseconds in repetition 307
tcp_ping received 32768 bytes back
Round trip time was 0.187824 milliseconds in repetition 308
tcp_ping received 32768 bytes back
Round trip time was 0.187943 milliseconds in repetition 309
tcp_ping received 32768 bytes back
Round trip time was 0.188291 milliseconds in repetition 310
tcp_ping received 32768 bytes back
Round trip time was 0.1881 milliseconds in repetition 311
tcp_ping received 32768 bytes back
Round trip time was 0.187979 milliseconds in repetition 312
tcp_ping received 32768 bytes back
Round trip time was 0.18781 milliseconds in repetition 313
tcp_ping received 32768 bytes back
Round trip time was 0.188183 milliseconds in repetition 314
tcp_ping received 32768 bytes back
Round trip time was 0.187461 milliseconds in repetition 315
tcp_ping received 32768 bytes back
Round trip time was 0.187273 milliseconds in repetition 316
tcp_ping received 32768 bytes back
Round trip time was 0.188175 milliseconds in repetition 317
tcp_ping received 32768 bytes back
Round trip time was 0.187958 milliseconds in repetition 318
tcp_ping received 32768 bytes back
Round trip time was 0.188396 milliseconds in repetition 319
tcp_ping received 32768 bytes back
Round trip time was 0.187422 milliseconds in repetition 320
tcp_ping received 32768 bytes back
Round trip time was 0.188399 milliseconds in repetition 321
tcp_ping received 32768 bytes back
Round trip time was 0.188614 milliseconds in repetition 322
tcp_ping received 32768 bytes back
Round trip time was 0.187899 milliseconds in repetition 323
tcp_ping received 32768 bytes back
Round trip time was 0.193025 milliseconds in repetition 324
tcp_ping received 32768 bytes back
Round trip time was 0.191038 milliseconds in repetition 325
tcp_ping received 32768 bytes back
Round trip time was 0.189138 milliseconds in repetition 326
tcp_ping received 32768 bytes back
Round trip time was 0.188262 milliseconds in repetition 327
tcp_ping received 32768 bytes back
Round trip time was 0.188215 milliseconds in repetition 328
tcp_ping received 32768 bytes back
Round trip time was 0.188088 milliseconds in repetition 329
tcp_ping received 32768 bytes back
Round trip time was 0.187738 milliseconds in repetition 330
tcp_ping received 32768 bytes back
Round trip time was 0.187624 milliseconds in repetition 331
tcp_ping received 32768 bytes back
Round trip time was 0.187108 milliseconds in repetition 332
tcp_ping received 32768 bytes back
Round trip time was 0.187564 milliseconds in repetition 333
tcp_ping received 32768 bytes back
Round trip time was 0.188009 milliseconds in repetition 334
tcp_ping received 32768 bytes back
Round trip time was 0.186882 milliseconds in repetition 335
tcp_ping received 32768 bytes back
Round trip time was 0.188223 milliseconds in repetition 336
tcp_ping received 32768 bytes back
Round trip time was 0.187905 milliseconds in repetition 337
tcp_ping received 32768 bytes back
Round trip time was 0.188084 milliseconds in repetition 338
tcp_ping received 32768 bytes back
Round trip time was 0.187096 milliseconds in repetition 339
tcp_ping received 32768 bytes back
Round trip time was 0.187964 milliseconds in repetition 340
tcp_ping received 32768 bytes back
Round trip time was 0.187853 milliseconds in repetition 341
tcp_ping received 32768 bytes back
Round trip time was 0.188022 milliseconds in repetition 342
tcp_ping received 32768 bytes back
Round trip time was 0.187739 milliseconds in repetition 343
tcp_ping received 32768 bytes back
Round trip time was 0.187674 milliseconds in repetition 344
tcp_ping received 32768 bytes back
Round trip time was 0.19247 milliseconds in repetition 345
tcp_ping received 32768 bytes back
Round trip time was 0.191361 milliseconds in repetition 346
tcp_ping received 32768 bytes back
Round trip time was 0.189295 milliseconds in repetition 347
tcp_ping received 32768 bytes back
Round trip time was 0.188613 milliseconds in repetition 348
tcp_ping received 32768 bytes back
Round trip time was 0.18809 milliseconds in repetition 349
tcp_ping received 32768 bytes back
Round trip time was 0.188096 milliseconds in repetition 350
tcp_ping received 32768 bytes back
Round trip time was 0.18785 milliseconds in repetition 351
tcp_ping received 32768 bytes back
Round trip time was 0.18819 milliseconds in repetition 352
tcp_ping received 32768 bytes back
Round trip time was 0.187516 milliseconds in repetition 353
tcp_ping received 32768 bytes back
Round trip time was 0.187705 milliseconds in repetition 354
tcp_ping received 32768 bytes back
Round trip time was 0.188135 milliseconds in repetition 355
tcp_ping received 32768 bytes back
Round trip time was 0.187639 milliseconds in repetition 356
tcp_ping received 32768 bytes back
Round trip time was 0.188219 milliseconds in repetition 357
tcp_ping received 32768 bytes back
Round trip time was 0.187766 milliseconds in repetition 358
tcp_ping received 32768 bytes back
Round trip time was 0.187529 milliseconds in repetition 359
tcp_ping received 32768 bytes back
Round trip time was 0.188131 milliseconds in repetition 360
tcp_ping received 32768 bytes back
Round trip time was 0.187829 milliseconds in repetition 361
tcp_ping received 32768 bytes back
Round trip time was 0.187583 milliseconds in repetition 362
tcp_ping received 32768 bytes back
Round trip time was 0.187581 milliseconds in repetition 363
tcp_ping received 32768 bytes back
Round trip time was 0.187361 milliseconds in repetition 364
tcp_ping received 32768 bytes back
Round trip time was 0.187605 milliseconds in repetition 365
tcp_ping received 32768 bytes back
Round trip time was 0.191623 milliseconds in repetition 366
tcp_ping received 32768 bytes back
Round trip time was 0.190105 milliseconds in repetition 367
tcp_ping received 32768 bytes back
Round trip time was 0.188361 milliseconds in repetition 368
tcp_ping received 32768 bytes back
Round trip time was 0.187997 milliseconds in repetition 369
tcp_ping received 32768 bytes back
Round trip time was 0.188106 milliseconds in repetition 370
tcp_ping received 32768 bytes back
Round trip time was 0.187499 milliseconds in repetition 371
tcp_ping received 32768 bytes back
Round trip time was 0.187327 milliseconds in repetition 372
tcp_ping received 32768 bytes back
Round trip time was 0.187712 milliseconds in repetition 373
tcp_ping received 32768 bytes back
Round trip time was 0.187831 milliseconds in repetition 374
tcp_ping received 32768 bytes back
Round trip time was 0.187893 milliseconds in repetition 375
tcp_ping received 32768 bytes back
Round trip time was 0.187513 milliseconds in repetition 376
tcp_ping received 32768 bytes back
Round trip time was 0.187881 milliseconds in repetition 377
tcp_ping received 32768 bytes back
Round trip time was 0.187935 milliseconds in repetition 378
tcp_ping received 32768 bytes back
Round trip time was 0.187147 milliseconds in repetition 379
tcp_ping received 32768 bytes back
Round trip time was 0.187233 milliseconds in repetition 380
tcp_ping received 32768 bytes back
Round trip time was 0.187115 milliseconds in repetition 381
tcp_ping received 32768 bytes back
Round trip time was 0.187993 milliseconds in repetition 382
tcp_ping received 32768 bytes back
Round trip time was 0.187535 milliseconds in repetition 383
tcp_ping received 32768 bytes back
Round trip time was 0.187447 milliseconds in repetition 384
tcp_ping received 32768 bytes back
Round trip time was 0.188004 milliseconds in repetition 385
tcp_ping received 32768 bytes back
Round trip time was 0.188142 milliseconds in repetition 386
tcp_ping received 32768 bytes back
Round trip time was 0.191105 milliseconds in repetition 387
tcp_ping received 32768 bytes back
Round trip time was 0.188958 milliseconds in repetition 388
tcp_ping received 32768 bytes back
Round trip time was 0.189487 milliseconds in repetition 389
tcp_ping received 32768 bytes back
Round trip time was 0.188684 milliseconds in repetition 390
tcp_ping received 32768 bytes back
Round trip time was 0.188428 milliseconds in repetition 391
tcp_ping received 32768 bytes back
Round trip time was 0.187671 milliseconds in repetition 392
tcp_ping received 32768 bytes back
Round trip time was 0.186925 milliseconds in repetition 393
tcp_ping received 32768 bytes back
Round trip time was 0.187207 milliseconds in repetition 394
tcp_ping received 32768 bytes back
Round trip time was 0.187635 milliseconds in repetition 395
tcp_ping received 32768 bytes back
Round trip time was 0.188169 milliseconds in repetition 396
tcp_ping received 32768 bytes back
Round trip time was 0.188297 milliseconds in repetition 397
tcp_ping received 32768 bytes back
Round trip time was 0.187509 milliseconds in repetition 398
tcp_ping received 32768 bytes back
Round trip time was 0.188449 milliseconds in repetition 399
tcp_ping received 32768 bytes back
Round trip time was 0.187716 milliseconds in repetition 400
tcp_ping received 32768 bytes back
Round trip time was 0.18732 milliseconds in repetition 401
tcp_ping received 32768 bytes back
Round trip time was 0.187795 milliseconds in repetition 402
tcp_ping received 32768 bytes back
Round trip time was 0.186995 milliseconds in repetition 403
tcp_ping received 32768 bytes back
Round trip time was 0.188553 milliseconds in repetition 404
tcp_ping received 32768 bytes back
Round trip time was 0.187807 milliseconds in repetition 405
tcp_ping received 32768 bytes back
Round trip time was 0.187779 milliseconds in repetition 406
tcp_ping received 32768 bytes back
Round trip time was 0.187534 milliseconds in repetition 407
tcp_ping received 32768 bytes back
Round trip time was 0.192239 milliseconds in repetition 408
tcp_ping received 32768 bytes back
Round trip time was 0.189341 milliseconds in repetition 409
tcp_ping received 32768 bytes back
Round trip time was 0.188345 milliseconds in repetition 410
tcp_ping received 32768 bytes back
Round trip time was 0.187188 milliseconds in repetition 411
tcp_ping received 32768 bytes back
Round trip time was 0.188408 milliseconds in repetition 412
tcp_ping received 32768 bytes back
Round trip time was 0.188775 milliseconds in repetition 413
tcp_ping received 32768 bytes back
Round trip time was 0.188176 milliseconds in repetition 414
tcp_ping received 32768 bytes back
Round trip time was 0.187997 milliseconds in repetition 415
tcp_ping received 32768 bytes back
Round trip time was 0.187954 milliseconds in repetition 416
tcp_ping received 32768 bytes back
Round trip time was 0.187185 milliseconds in repetition 417
tcp_ping received 32768 bytes back
Round trip time was 0.188022 milliseconds in repetition 418
tcp_ping received 32768 bytes back
Round trip time was 0.187561 milliseconds in repetition 419
tcp_ping received 32768 bytes back
Round trip time was 0.186843 milliseconds in repetition 420
tcp_ping received 32768 bytes back
Round trip time was 0.187209 milliseconds in repetition 421
tcp_ping received 32768 bytes back
Round trip time was 0.187954 milliseconds in repetition 422
tcp_ping received 32768 bytes back
Round trip time was 0.187686 milliseconds in repetition 423
tcp_ping received 32768 bytes back
Round trip time was 0.188806 milliseconds in repetition 424
tcp_ping received 32768 bytes back
Round trip time was 0.2119 milliseconds in repetition 425
tcp_ping received 32768 bytes back
Round trip time was 0.19628 milliseconds in repetition 426
tcp_ping received 32768 bytes back
Round trip time was 0.19192 milliseconds in repetition 427
tcp_ping received 32768 bytes back
Round trip time was 0.187948 milliseconds in repetition 428
tcp_ping received 32768 bytes back
Round trip time was 0.193297 milliseconds in repetition 429
tcp_ping received 32768 bytes back
Round trip time was 0.191284 milliseconds in repetition 430
tcp_ping received 32768 bytes back
Round trip time was 0.189337 milliseconds in repetition 431
tcp_ping received 32768 bytes back
Round trip time was 0.189795 milliseconds in repetition 432
tcp_ping received 32768 bytes back
Round trip time was 0.188595 milliseconds in repetition 433
tcp_ping received 32768 bytes back
Round trip time was 0.187526 milliseconds in repetition 434
tcp_ping received 32768 bytes back
Round trip time was 0.187624 milliseconds in repetition 435
tcp_ping received 32768 bytes back
Round trip time was 0.187784 milliseconds in repetition 436
tcp_ping received 32768 bytes back
Round trip time was 0.187918 milliseconds in repetition 437
tcp_ping received 32768 bytes back
Round trip time was 0.187442 milliseconds in repetition 438
tcp_ping received 32768 bytes back
Round trip time was 0.18794 milliseconds in repetition 439
tcp_ping received 32768 bytes back
Round trip time was 0.187473 milliseconds in repetition 440
tcp_ping received 32768 bytes back
Round trip time was 0.187689 milliseconds in repetition 441
tcp_ping received 32768 bytes back
Round trip time was 0.187005 milliseconds in repetition 442
tcp_ping received 32768 bytes back
Round trip time was 0.188347 milliseconds in repetition 443
tcp_ping received 32768 bytes back
Round trip time was 0.187817 milliseconds in repetition 444
tcp_ping received 32768 bytes back
Round trip time was 0.187014 milliseconds in repetition 445
tcp_ping received 32768 bytes back
Round trip time was 0.187224 milliseconds in repetition 446
tcp_ping received 32768 bytes back
Round trip time was 0.18761 milliseconds in repetition 447
tcp_ping received 32768 bytes back
Round trip time was 0.18765 milliseconds in repetition 448
tcp_ping received 32768 bytes back
Round trip time was 0.187588 milliseconds in repetition 449
tcp_ping received 32768 bytes back
Round trip time was 0.190391 milliseconds in repetition 450
tcp_ping received 32768 bytes back
Round trip time was 0.188609 milliseconds in repetition 451
tcp_ping received 32768 bytes back
Round trip time was 0.187864 milliseconds in repetition 452
tcp_ping received 32768 bytes back
Round trip time was 0.187753 milliseconds in repetition 453
tcp_ping received 32768 bytes back
Round trip time was 0.188271 milliseconds in repetition 454
tcp_ping received 32768 bytes back
Round trip time was 0.188103 milliseconds in repetition 455
tcp_ping received 32768 bytes back
Round trip time was 0.187724 milliseconds in repetition 456
tcp_ping received 32768 bytes back
Round trip time was 0.187702 milliseconds in repetition 457
tcp_ping received 32768 bytes back
Round trip time was 0.187699 milliseconds in repetition 458
tcp_ping received 32768 bytes back
Round trip time was 0.18735 milliseconds in repetition 459
tcp_ping received 32768 bytes back
Round trip time was 0.187864 milliseconds in repetition 460
tcp_ping received 32768 bytes back
Round trip time was 0.187937 milliseconds in repetition 461
tcp_ping received 32768 bytes back
Round trip time was 0.1876 milliseconds in repetition 462
tcp_ping received 32768 bytes back
Round trip time was 0.187765 milliseconds in repetition 463
tcp_ping received 32768 bytes back
Round trip time was 0.186824 milliseconds in repetition 464
tcp_ping received 32768 bytes back
Round trip time was 0.187439 milliseconds in repetition 465
tcp_ping received 32768 bytes back
Round trip time was 0.187424 milliseconds in repetition 466
tcp_ping received 32768 bytes back
Round trip time was 0.187339 milliseconds in repetition 467
tcp_ping received 32768 bytes back
Round trip time was 0.187594 milliseconds in repetition 468
tcp_ping received 32768 bytes back
Round trip time was 0.187205 milliseconds in repetition 469
tcp_ping received 32768 bytes back
Round trip time was 0.188373 milliseconds in repetition 470
tcp_ping received 32768 bytes back
Round trip time was 0.191297 milliseconds in repetition 471
tcp_ping received 32768 bytes back
Round trip time was 0.188268 milliseconds in repetition 472
tcp_ping received 32768 bytes back
Round trip time was 0.188044 milliseconds in repetition 473
tcp_ping received 32768 bytes back
Round trip time was 0.188057 milliseconds in repetition 474
tcp_ping received 32768 bytes back
Round trip time was 0.189092 milliseconds in repetition 475
tcp_ping received 32768 bytes back
Round trip time was 0.18794 milliseconds in repetition 476
tcp_ping received 32768 bytes back
Round trip time was 0.188048 milliseconds in repetition 477
tcp_ping received 32768 bytes back
Round trip time was 0.187984 milliseconds in repetition 478
tcp_ping received 32768 bytes back
Round trip time was 0.187237 milliseconds in repetition 479
tcp_ping received 32768 bytes back
Round trip time was 0.187824 milliseconds in repetition 480
tcp_ping received 32768 bytes back
Round trip time was 0.187725 milliseconds in repetition 481
tcp_ping received 32768 bytes back
Round trip time was 0.187845 milliseconds in repetition 482
tcp_ping received 32768 bytes back
Round trip time was 0.187715 milliseconds in repetition 483
tcp_ping received 32768 bytes back
Round trip time was 0.187952 milliseconds in repetition 484
tcp_ping received 32768 bytes back
Round trip time was 0.188048 milliseconds in repetition 485
tcp_ping received 32768 bytes back
Round trip time was 0.18696 milliseconds in repetition 486
tcp_ping received 32768 bytes back
Round trip time was 0.187979 milliseconds in repetition 487
tcp_ping received 32768 bytes back
Round trip time was 0.18712 milliseconds in repetition 488
tcp_ping received 32768 bytes back
Round trip time was 0.18817 milliseconds in repetition 489
tcp_ping received 32768 bytes back
Round trip time was 0.18727 milliseconds in repetition 490
tcp_ping received 32768 bytes back
Round trip time was 0.191244 milliseconds in repetition 491
tcp_ping received 32768 bytes back
Round trip time was 0.189224 milliseconds in repetition 492
tcp_ping received 32768 bytes back
Round trip time was 0.187982 milliseconds in repetition 493
tcp_ping received 32768 bytes back
Round trip time was 0.187749 milliseconds in repetition 494
tcp_ping received 32768 bytes back
Round trip time was 0.188103 milliseconds in repetition 495
tcp_ping received 32768 bytes back
Round trip time was 0.186957 milliseconds in repetition 496
tcp_ping received 32768 bytes back
Round trip time was 0.187585 milliseconds in repetition 497
tcp_ping received 32768 bytes back
Round trip time was 0.187942 milliseconds in repetition 498
tcp_ping received 32768 bytes back
Round trip time was 0.187401 milliseconds in repetition 499
tcp_ping received 32768 bytes back
Round trip time was 0.200647 milliseconds in repetition 500

 ... clock resolution was 1e-06
TCP Ping:  Statistics over 500 repetitions of 32768 byte messages

RTT : percentile 10: 0.187266, median: 0.187954, percentile 90: 0.191295, average: 0.189739, variance: 6.34194e-05

RTT histogram:
0.186331 398
0.191283 72
0.196236 10
0.201188 5
0.206141 1
0.211094 2
0.216046 0
0.220999 0
0.225952 6
0.230904 0
0.235857 5
0.24081 0
0.245762 0
0.250715 0
0.255668 0
0.26062 0
0.265573 0
0.270526 0
0.275478 0
0.280431 0
0.285384 1

   median Throughput : 348681 KB/s   overall Throughput : 345401 KB/s

