TCP Ping trying to connect to server localhost (127.0.0.1) on port 1491
 ... connected to Pong server: asking for 500 repetitions of 4096 bytes TCP messages
 ... Pong server agreed :-)
tcp_ping received 4096 bytes back
Round trip time was 0.045642 milliseconds in repetition 1
tcp_ping received 4096 bytes back
Round trip time was 0.037544 milliseconds in repetition 2
tcp_ping received 4096 bytes back
Round trip time was 0.036163 milliseconds in repetition 3
tcp_ping received 4096 bytes back
Round trip time was 0.036072 milliseconds in repetition 4
tcp_ping received 4096 bytes back
Round trip time was 0.035594 milliseconds in repetition 5
tcp_ping received 4096 bytes back
Round trip time was 0.03566 milliseconds in repetition 6
tcp_ping received 4096 bytes back
Round trip time was 0.035789 milliseconds in repetition 7
tcp_ping received 4096 bytes back
Round trip time was 0.036406 milliseconds in repetition 8
tcp_ping received 4096 bytes back
Round trip time was 0.035791 milliseconds in repetition 9
tcp_ping received 4096 bytes back
Round trip time was 0.035336 milliseconds in repetition 10
tcp_ping received 4096 bytes back
Round trip time was 0.035592 milliseconds in repetition 11
tcp_ping received 4096 bytes back
Round trip time was 0.035828 milliseconds in repetition 12
tcp_ping received 4096 bytes back
Round trip time was 0.0361 milliseconds in repetition 13
tcp_ping received 4096 bytes back
Round trip time was 0.035558 milliseconds in repetition 14
tcp_ping received 4096 bytes back
Round trip time was 0.035368 milliseconds in repetition 15
tcp_ping received 4096 bytes back
Round trip time was 0.037795 milliseconds in repetition 16
tcp_ping received 4096 bytes back
Round trip time was 0.04122 milliseconds in repetition 17
tcp_ping received 4096 bytes back
Round trip time was 0.035216 milliseconds in repetition 18
tcp_ping received 4096 bytes back
Round trip time was 0.035379 milliseconds in repetition 19
tcp_ping received 4096 bytes back
Round trip time was 0.035959 milliseconds in repetition 20
tcp_ping received 4096 bytes back
Round trip time was 0.035591 milliseconds in repetition 21
tcp_ping received 4096 bytes back
Round trip time was 0.035268 milliseconds in repetition 22
tcp_ping received 4096 bytes back
Round trip time was 0.035552 milliseconds in repetition 23
tcp_ping received 4096 bytes back
Round trip time was 0.038357 milliseconds in repetition 24
tcp_ping received 4096 bytes back
Round trip time was 0.036064 milliseconds in repetition 25
tcp_ping received 4096 bytes back
Round trip time was 0.035344 milliseconds in repetition 26
tcp_ping received 4096 bytes back
Round trip time was 0.035529 milliseconds in repetition 27
tcp_ping received 4096 bytes back
Round trip time was 0.035424 milliseconds in repetition 28
tcp_ping received 4096 bytes back
Round trip time was 0.035542 milliseconds in repetition 29
tcp_ping received 4096 bytes back
Round trip time was 0.035644 milliseconds in repetition 30
tcp_ping received 4096 bytes back
Round trip time was 0.035424 milliseconds in repetition 31
tcp_ping received 4096 bytes back
Round trip time was 0.035796 milliseconds in repetition 32
tcp_ping received 4096 bytes back
Round trip time was 0.035789 milliseconds in repetition 33
tcp_ping received 4096 bytes back
Round trip time was 0.035485 milliseconds in repetition 34
tcp_ping received 4096 bytes back
Round trip time was 0.035404 milliseconds in repetition 35
tcp_ping received 4096 bytes back
Round trip time was 0.03545 milliseconds in repetition 36
tcp_ping received 4096 bytes back
Round trip time was 0.035485 milliseconds in repetition 37
tcp_ping received 4096 bytes back
Round trip time was 0.035353 milliseconds in repetition 38
tcp_ping received 4096 bytes back
Round trip time was 0.035586 milliseconds in repetition 39
tcp_ping received 4096 bytes back
Round trip time was 0.036075 milliseconds in repetition 40
tcp_ping received 4096 bytes back
Round trip time was 0.035779 milliseconds in repetition 41
tcp_ping received 4096 bytes back
Round trip time was 0.035485 milliseconds in repetition 42
tcp_ping received 4096 bytes back
Round trip time was 0.035379 milliseconds in repetition 43
tcp_ping received 4096 bytes back
Round trip time was 0.037985 milliseconds in repetition 44
tcp_ping received 4096 bytes back
Round trip time was 0.035877 milliseconds in repetition 45
tcp_ping received 4096 bytes back
Round trip time was 0.035461 milliseconds in repetition 46
tcp_ping received 4096 bytes back
Round trip time was 0.035266 milliseconds in repetition 47
tcp_ping received 4096 bytes back
Round trip time was 0.035847 milliseconds in repetition 48
tcp_ping received 4096 bytes back
Round trip time was 0.035626 milliseconds in repetition 49
tcp_ping received 4096 bytes back
Round trip time was 0.035441 milliseconds in repetition 50
tcp_ping received 4096 bytes back
Round trip time was 0.03525 milliseconds in repetition 51
tcp_ping received 4096 bytes back
Round trip time was 0.035731 milliseconds in repetition 52
tcp_ping received 4096 bytes back
Round trip time was 0.035838 milliseconds in repetition 53
tcp_ping received 4096 bytes back
Round trip time was 0.0359 milliseconds in repetition 54
tcp_ping received 4096 bytes back
Round trip time was 0.035522 milliseconds in repetition 55
tcp_ping received 4096 bytes back
Round trip time was 0.035939 milliseconds in repetition 56
tcp_ping received 4096 bytes back
Round trip time was 0.035634 milliseconds in repetition 57
tcp_ping received 4096 bytes back
Round trip time was 0.035645 milliseconds in repetition 58
tcp_ping received 4096 bytes back
Round trip time was 0.035577 milliseconds in repetition 59
tcp_ping received 4096 bytes back
Round trip time was 0.03586 milliseconds in repetition 60
tcp_ping received 4096 bytes back
Round trip time was 0.035494 milliseconds in repetition 61
tcp_ping received 4096 bytes back
Round trip time was 0.035596 milliseconds in repetition 62
tcp_ping received 4096 bytes back
Round trip time was 0.035412 milliseconds in repetition 63
tcp_ping received 4096 bytes back
Round trip time was 0.035646 milliseconds in repetition 64
tcp_ping received 4096 bytes back
Round trip time was 0.035862 milliseconds in repetition 65
tcp_ping received 4096 bytes back
Round trip time was 0.037242 milliseconds in repetition 66
tcp_ping received 4096 bytes back
Round trip time was 0.035858 milliseconds in repetition 67
tcp_ping received 4096 bytes back
Round trip time was 0.036209 milliseconds in repetition 68
tcp_ping received 4096 bytes back
Round trip time was 0.03605 milliseconds in repetition 69
tcp_ping received 4096 bytes back
Round trip time was 0.035442 milliseconds in repetition 70
tcp_ping received 4096 bytes back
Round trip time was 0.035742 milliseconds in repetition 71
tcp_ping received 4096 bytes back
Round trip time was 0.036096 milliseconds in repetition 72
tcp_ping received 4096 bytes back
Round trip time was 0.035694 milliseconds in repetition 73
tcp_ping received 4096 bytes back
Round trip time was 0.035224 milliseconds in repetition 74
tcp_ping received 4096 bytes back
Round trip time was 0.03554 milliseconds in repetition 75
tcp_ping received 4096 bytes back
Round trip time was 0.035973 milliseconds in repetition 76
tcp_ping received 4096 bytes back
Round trip time was 0.035963 milliseconds in repetition 77
tcp_ping received 4096 bytes back
Round trip time was 0.035471 milliseconds in repetition 78
tcp_ping received 4096 bytes back
Round trip time was 0.03554 milliseconds in repetition 79
tcp_ping received 4096 bytes back
Round trip time was 0.035732 milliseconds in repetition 80
tcp_ping received 4096 bytes back
Round trip time was 0.035572 milliseconds in repetition 81
tcp_ping received 4096 bytes back
Round trip time was 0.035598 milliseconds in repetition 82
tcp_ping received 4096 bytes back
Round trip time was 0.035459 milliseconds in repetition 83
tcp_ping received 4096 bytes back
Round trip time was 0.03562 milliseconds in repetition 84
tcp_ping received 4096 bytes back
Round trip time was 0.036998 milliseconds in repetition 85
tcp_ping received 4096 bytes back
Round trip time was 0.035326 milliseconds in repetition 86
tcp_ping received 4096 bytes back
Round trip time was 0.035215 milliseconds in repetition 87
tcp_ping received 4096 bytes back
Round trip time was 0.037416 milliseconds in repetition 88
tcp_ping received 4096 bytes back
Round trip time was 0.035657 milliseconds in repetition 89
tcp_ping received 4096 bytes back
Round trip time was 0.03566 milliseconds in repetition 90
tcp_ping received 4096 bytes back
Round trip time was 0.035365 milliseconds in repetition 91
tcp_ping received 4096 bytes back
Round trip time was 0.036007 milliseconds in repetition 92
tcp_ping received 4096 bytes back
Round trip time was 0.035867 milliseconds in repetition 93
tcp_ping received 4096 bytes back
Round trip time was 0.035848 milliseconds in repetition 94
tcp_ping received 4096 bytes back
Round trip time was 0.036073 milliseconds in repetition 95
tcp_ping received 4096 bytes back
Round trip time was 0.035829 milliseconds in repetition 96
tcp_ping received 4096 bytes back
Round trip time was 0.035485 milliseconds in repetition 97
tcp_ping received 4096 bytes back
Round trip time was 0.035285 milliseconds in repetition 98
tcp_ping received 4096 bytes back
Round trip time was 0.035109 milliseconds in repetition 99
tcp_ping received 4096 bytes back
Round trip time was 0.036006 milliseconds in repetition 100
tcp_ping received 4096 bytes back
Round trip time was 0.035435 milliseconds in repetition 101
tcp_ping received 4096 bytes back
Round trip time was 0.035438 milliseconds in repetition 102
tcp_ping received 4096 bytes back
Round trip time was 0.037718 milliseconds in repetition 103
tcp_ping received 4096 bytes back
Round trip time was 0.036306 milliseconds in repetition 104
tcp_ping received 4096 bytes back
Round trip time was 0.037117 milliseconds in repetition 105
tcp_ping received 4096 bytes back
Round trip time was 0.035494 milliseconds in repetition 106
tcp_ping received 4096 bytes back
Round trip time was 0.035388 milliseconds in repetition 107
tcp_ping received 4096 bytes back
Round trip time was 0.035978 milliseconds in repetition 108
tcp_ping received 4096 bytes back
Round trip time was 0.035597 milliseconds in repetition 109
tcp_ping received 4096 bytes back
Round trip time was 0.035184 milliseconds in repetition 110
tcp_ping received 4096 bytes back
Round trip time was 0.035302 milliseconds in repetition 111
tcp_ping received 4096 bytes back
Round trip time was 0.036156 milliseconds in repetition 112
tcp_ping received 4096 bytes back
Round trip time was 0.035478 milliseconds in repetition 113
tcp_ping received 4096 bytes back
Round trip time was 0.03548 milliseconds in repetition 114
tcp_ping received 4096 bytes back
Round trip time was 0.035454 milliseconds in repetition 115
tcp_ping received 4096 bytes back
Round trip time was 0.036177 milliseconds in repetition 116
tcp_ping received 4096 bytes back
Round trip time was 0.035693 milliseconds in repetition 117
tcp_ping received 4096 bytes back
Round trip time was 0.035708 milliseconds in repetition 118
tcp_ping received 4096 bytes back
Round trip time was 0.035608 milliseconds in repetition 119
tcp_ping received 4096 bytes back
Round trip time was 0.036248 milliseconds in repetition 120
tcp_ping received 4096 bytes back
Round trip time was 0.035841 milliseconds in repetition 121
tcp_ping received 4096 bytes back
Round trip time was 0.035567 milliseconds in repetition 122
tcp_ping received 4096 bytes back
Round trip time was 0.035536 milliseconds in repetition 123
tcp_ping received 4096 bytes back
Round trip time was 0.036126 milliseconds in repetition 124
tcp_ping received 4096 bytes back
Round trip time was 0.035797 milliseconds in repetition 125
tcp_ping received 4096 bytes back
Round trip time was 0.035604 milliseconds in repetition 126
tcp_ping received 4096 bytes back
Round trip time was 0.043126 milliseconds in repetition 127
tcp_ping received 4096 bytes back
Round trip time was 0.037408 milliseconds in repetition 128
tcp_ping received 4096 bytes back
Round trip time was 0.03548 milliseconds in repetition 129
tcp_ping received 4096 bytes back
Round trip time was 0.035582 milliseconds in repetition 130
tcp_ping received 4096 bytes back
Round trip time was 0.036079 milliseconds in repetition 131
tcp_ping received 4096 bytes back
Round trip time was 0.037524 milliseconds in repetition 132
tcp_ping received 4096 bytes back
Round trip time was 0.036086 milliseconds in repetition 133
tcp_ping received 4096 bytes back
Round trip time was 0.035564 milliseconds in repetition 134
tcp_ping received 4096 bytes back
Round trip time was 0.03623 milliseconds in repetition 135
tcp_ping received 4096 bytes back
Round trip time was 0.035893 milliseconds in repetition 136
tcp_ping received 4096 bytes back
Round trip time was 0.035579 milliseconds in repetition 137
tcp_ping received 4096 bytes back
Round trip time was 0.035435 milliseconds in repetition 138
tcp_ping received 4096 bytes back
Round trip time was 0.035768 milliseconds in repetition 139
tcp_ping received 4096 bytes back
Round trip time was 0.035667 milliseconds in repetition 140
tcp_ping received 4096 bytes back
Round trip time was 0.035742 milliseconds in repetition 141
tcp_ping received 4096 bytes back
Round trip time was 0.03555 milliseconds in repetition 142
tcp_ping received 4096 bytes back
Round trip time was 0.036053 milliseconds in repetition 143
tcp_ping received 4096 bytes back
Round trip time was 0.035788 milliseconds in repetition 144
tcp_ping received 4096 bytes back
Round trip time was 0.035654 milliseconds in repetition 145
tcp_ping received 4096 bytes back
Round trip time was 0.03552 milliseconds in repetition 146
tcp_ping received 4096 bytes back
Round trip time was 0.035842 milliseconds in repetition 147
tcp_ping received 4096 bytes back
Round trip time was 0.035949 milliseconds in repetition 148
tcp_ping received 4096 bytes back
Round trip time was 0.035569 milliseconds in repetition 149
tcp_ping received 4096 bytes back
Round trip time was 0.036007 milliseconds in repetition 150
tcp_ping received 4096 bytes back
Round trip time was 0.035867 milliseconds in repetition 151
tcp_ping received 4096 bytes back
Round trip time was 0.035789 milliseconds in repetition 152
tcp_ping received 4096 bytes back
Round trip time was 0.035588 milliseconds in repetition 153
tcp_ping received 4096 bytes back
Round trip time was 0.035977 milliseconds in repetition 154
tcp_ping received 4096 bytes back
Round trip time was 0.036547 milliseconds in repetition 155
tcp_ping received 4096 bytes back
Round trip time was 0.035919 milliseconds in repetition 156
tcp_ping received 4096 bytes back
Round trip time was 0.036221 milliseconds in repetition 157
tcp_ping received 4096 bytes back
Round trip time was 0.035957 milliseconds in repetition 158
tcp_ping received 4096 bytes back
Round trip time was 0.036637 milliseconds in repetition 159
tcp_ping received 4096 bytes back
Round trip time was 0.036224 milliseconds in repetition 160
tcp_ping received 4096 bytes back
Round trip time was 0.035701 milliseconds in repetition 161
tcp_ping received 4096 bytes back
Round trip time was 0.03561 milliseconds in repetition 162
tcp_ping received 4096 bytes back
Round trip time was 0.036172 milliseconds in repetition 163
tcp_ping received 4096 bytes back
Round trip time was 0.035838 milliseconds in repetition 164
tcp_ping received 4096 bytes back
Round trip time was 0.035638 milliseconds in repetition 165
tcp_ping received 4096 bytes back
Round trip time was 0.038106 milliseconds in repetition 166
tcp_ping received 4096 bytes back
Round trip time was 0.036155 milliseconds in repetition 167
tcp_ping received 4096 bytes back
Round trip time was 0.036464 milliseconds in repetition 168
tcp_ping received 4096 bytes back
Round trip time was 0.036343 milliseconds in repetition 169
tcp_ping received 4096 bytes back
Round trip time was 0.037082 milliseconds in repetition 170
tcp_ping received 4096 bytes back
Round trip time was 0.03634 milliseconds in repetition 171
tcp_ping received 4096 bytes back
Round trip time was 0.035887 milliseconds in repetition 172
tcp_ping received 4096 bytes back
Round trip time was 0.035467 milliseconds in repetition 173
tcp_ping received 4096 bytes back
Round trip time was 0.035792 milliseconds in repetition 174
tcp_ping received 4096 bytes back
Round trip time was 0.037921 milliseconds in repetition 175
tcp_ping received 4096 bytes back
Round trip time was 0.036512 milliseconds in repetition 176
tcp_ping received 4096 bytes back
Round trip time was 0.036958 milliseconds in repetition 177
tcp_ping received 4096 bytes back
Round trip time was 0.040983 milliseconds in repetition 178
tcp_ping received 4096 bytes back
Round trip time was 0.036286 milliseconds in repetition 179
tcp_ping received 4096 bytes back
Round trip time was 0.036002 milliseconds in repetition 180
tcp_ping received 4096 bytes back
Round trip time was 0.035734 milliseconds in repetition 181
tcp_ping received 4096 bytes back
Round trip time was 0.035765 milliseconds in repetition 182
tcp_ping received 4096 bytes back
Round trip time was 0.035706 milliseconds in repetition 183
tcp_ping received 4096 bytes back
Round trip time was 0.035653 milliseconds in repetition 184
tcp_ping received 4096 bytes back
Round trip time was 0.035688 milliseconds in repetition 185
tcp_ping received 4096 bytes back
Round trip time was 0.035283 milliseconds in repetition 186
tcp_ping received 4096 bytes back
Round trip time was 0.035522 milliseconds in repetition 187
tcp_ping received 4096 bytes back
Round trip time was 0.037272 milliseconds in repetition 188
tcp_ping received 4096 bytes back
Round trip time was 0.035656 milliseconds in repetition 189
tcp_ping received 4096 bytes back
Round trip time was 0.035412 milliseconds in repetition 190
tcp_ping received 4096 bytes back
Round trip time was 0.035584 milliseconds in repetition 191
tcp_ping received 4096 bytes back
Round trip time was 0.035514 milliseconds in repetition 192
tcp_ping received 4096 bytes back
Round trip time was 0.035096 milliseconds in repetition 193
tcp_ping received 4096 bytes back
Round trip time was 0.035235 milliseconds in repetition 194
tcp_ping received 4096 bytes back
Round trip time was 0.035815 milliseconds in repetition 195
tcp_ping received 4096 bytes back
Round trip time was 0.035668 milliseconds in repetition 196
tcp_ping received 4096 bytes back
Round trip time was 0.035291 milliseconds in repetition 197
tcp_ping received 4096 bytes back
Round trip time was 0.035327 milliseconds in repetition 198
tcp_ping received 4096 bytes back
Round trip time was 0.035796 milliseconds in repetition 199
tcp_ping received 4096 bytes back
Round trip time was 0.035411 milliseconds in repetition 200
tcp_ping received 4096 bytes back
Round trip time was 0.035366 milliseconds in repetition 201
tcp_ping received 4096 bytes back
Round trip time was 0.035524 milliseconds in repetition 202
tcp_ping received 4096 bytes back
Round trip time was 0.035856 milliseconds in repetition 203
tcp_ping received 4096 bytes back
Round trip time was 0.035822 milliseconds in repetition 204
tcp_ping received 4096 bytes back
Round trip time was 0.035717 milliseconds in repetition 205
tcp_ping received 4096 bytes back
Round trip time was 0.035632 milliseconds in repetition 206
tcp_ping received 4096 bytes back
Round trip time was 0.035833 milliseconds in repetition 207
tcp_ping received 4096 bytes back
Round trip time was 0.03585 milliseconds in repetition 208
tcp_ping received 4096 bytes back
Round trip time was 0.035336 milliseconds in repetition 209
tcp_ping received 4096 bytes back
Round trip time was 0.035357 milliseconds in repetition 210
tcp_ping received 4096 bytes back
Round trip time was 0.037276 milliseconds in repetition 211
tcp_ping received 4096 bytes back
Round trip time was 0.035738 milliseconds in repetition 212
tcp_ping received 4096 bytes back
Round trip time was 0.035489 milliseconds in repetition 213
tcp_ping received 4096 bytes back
Round trip time was 0.035354 milliseconds in repetition 214
tcp_ping received 4096 bytes back
Round trip time was 0.035966 milliseconds in repetition 215
tcp_ping received 4096 bytes back
Round trip time was 0.035496 milliseconds in repetition 216
tcp_ping received 4096 bytes back
Round trip time was 0.035316 milliseconds in repetition 217
tcp_ping received 4096 bytes back
Round trip time was 0.03537 milliseconds in repetition 218
tcp_ping received 4096 bytes back
Round trip time was 0.037128 milliseconds in repetition 219
tcp_ping received 4096 bytes back
Round trip time was 0.036022 milliseconds in repetition 220
tcp_ping received 4096 bytes back
Round trip time was 0.035617 milliseconds in repetition 221
tcp_ping received 4096 bytes back
Round trip time was 0.035571 milliseconds in repetition 222
tcp_ping received 4096 bytes back
Round trip time was 0.035692 milliseconds in repetition 223
tcp_ping received 4096 bytes back
Round trip time was 0.035635 milliseconds in repetition 224
tcp_ping received 4096 bytes back
Round trip time was 0.035488 milliseconds in repetition 225
tcp_ping received 4096 bytes back
Round trip time was 0.035472 milliseconds in repetition 226
tcp_ping received 4096 bytes back
Round trip time was 0.035789 milliseconds in repetition 227
tcp_ping received 4096 bytes back
Round trip time was 0.035679 milliseconds in repetition 228
tcp_ping received 4096 bytes back
Round trip time was 0.035331 milliseconds in repetition 229
tcp_ping received 4096 bytes back
Round trip time was 0.039536 milliseconds in repetition 230
tcp_ping received 4096 bytes back
Round trip time was 0.035049 milliseconds in repetition 231
tcp_ping received 4096 bytes back
Round trip time was 0.036386 milliseconds in repetition 232
tcp_ping received 4096 bytes back
Round trip time was 0.035658 milliseconds in repetition 233
tcp_ping received 4096 bytes back
Round trip time was 0.036077 milliseconds in repetition 234
tcp_ping received 4096 bytes back
Round trip time was 0.035877 milliseconds in repetition 235
tcp_ping received 4096 bytes back
Round trip time was 0.035668 milliseconds in repetition 236
tcp_ping received 4096 bytes back
Round trip time was 0.035882 milliseconds in repetition 237
tcp_ping received 4096 bytes back
Round trip time was 0.035522 milliseconds in repetition 238
tcp_ping received 4096 bytes back
Round trip time was 0.035695 milliseconds in repetition 239
tcp_ping received 4096 bytes back
Round trip time was 0.035895 milliseconds in repetition 240
tcp_ping received 4096 bytes back
Round trip time was 0.035499 milliseconds in repetition 241
tcp_ping received 4096 bytes back
Round trip time was 0.035621 milliseconds in repetition 242
tcp_ping received 4096 bytes back
Round trip time was 0.036071 milliseconds in repetition 243
tcp_ping received 4096 bytes back
Round trip time was 0.035608 milliseconds in repetition 244
tcp_ping received 4096 bytes back
Round trip time was 0.035811 milliseconds in repetition 245
tcp_ping received 4096 bytes back
Round trip time was 0.035565 milliseconds in repetition 246
tcp_ping received 4096 bytes back
Round trip time was 0.035572 milliseconds in repetition 247
tcp_ping received 4096 bytes back
Round trip time was 0.035532 milliseconds in repetition 248
tcp_ping received 4096 bytes back
Round trip time was 0.035317 milliseconds in repetition 249
tcp_ping received 4096 bytes back
Round trip time was 0.035521 milliseconds in repetition 250
tcp_ping received 4096 bytes back
Round trip time was 0.036146 milliseconds in repetition 251
tcp_ping received 4096 bytes back
Round trip time was 0.035933 milliseconds in repetition 252
tcp_ping received 4096 bytes back
Round trip time was 0.035669 milliseconds in repetition 253
tcp_ping received 4096 bytes back
Round trip time was 0.035438 milliseconds in repetition 254
tcp_ping received 4096 bytes back
Round trip time was 0.035634 milliseconds in repetition 255
tcp_ping received 4096 bytes back
Round trip time was 0.044456 milliseconds in repetition 256
tcp_ping received 4096 bytes back
Round trip time was 0.037637 milliseconds in repetition 257
tcp_ping received 4096 bytes back
Round trip time was 0.036106 milliseconds in repetition 258
tcp_ping received 4096 bytes back
Round trip time was 0.035973 milliseconds in repetition 259
tcp_ping received 4096 bytes back
Round trip time was 0.035574 milliseconds in repetition 260
tcp_ping received 4096 bytes back
Round trip time was 0.035737 milliseconds in repetition 261
tcp_ping received 4096 bytes back
Round trip time was 0.037226 milliseconds in repetition 262
tcp_ping received 4096 bytes back
Round trip time was 0.035627 milliseconds in repetition 263
tcp_ping received 4096 bytes back
Round trip time was 0.035466 milliseconds in repetition 264
tcp_ping received 4096 bytes back
Round trip time was 0.036076 milliseconds in repetition 265
tcp_ping received 4096 bytes back
Round trip time was 0.036217 milliseconds in repetition 266
tcp_ping received 4096 bytes back
Round trip time was 0.035989 milliseconds in repetition 267
tcp_ping received 4096 bytes back
Round trip time was 0.035555 milliseconds in repetition 268
tcp_ping received 4096 bytes back
Round trip time was 0.035982 milliseconds in repetition 269
tcp_ping received 4096 bytes back
Round trip time was 0.035656 milliseconds in repetition 270
tcp_ping received 4096 bytes back
Round trip time was 0.03587 milliseconds in repetition 271
tcp_ping received 4096 bytes back
Round trip time was 0.035739 milliseconds in repetition 272
tcp_ping received 4096 bytes back
Round trip time was 0.035713 milliseconds in repetition 273
tcp_ping received 4096 bytes back
Round trip time was 0.035671 milliseconds in repetition 274
tcp_ping received 4096 bytes back
Round trip time was 0.036161 milliseconds in repetition 275
tcp_ping received 4096 bytes back
Round trip time was 0.035613 milliseconds in repetition 276
tcp_ping received 4096 bytes back
Round trip time was 0.035795 milliseconds in repetition 277
tcp_ping received 4096 bytes back
Round trip time was 0.035827 milliseconds in repetition 278
tcp_ping received 4096 bytes back
Round trip time was 0.035713 milliseconds in repetition 279
tcp_ping received 4096 bytes back
Round trip time was 0.035283 milliseconds in repetition 280
tcp_ping received 4096 bytes back
Round trip time was 0.035676 milliseconds in repetition 281
tcp_ping received 4096 bytes back
Round trip time was 0.0356 milliseconds in repetition 282
tcp_ping received 4096 bytes back
Round trip time was 0.036015 milliseconds in repetition 283
tcp_ping received 4096 bytes back
Round trip time was 0.035593 milliseconds in repetition 284
tcp_ping received 4096 bytes back
Round trip time was 0.035957 milliseconds in repetition 285
tcp_ping received 4096 bytes back
Round trip time was 0.035874 milliseconds in repetition 286
tcp_ping received 4096 bytes back
Round trip time was 0.036045 milliseconds in repetition 287
tcp_ping received 4096 bytes back
Round trip time was 0.035709 milliseconds in repetition 288
tcp_ping received 4096 bytes back
Round trip time was 0.035715 milliseconds in repetition 289
tcp_ping received 4096 bytes back
Round trip time was 0.035756 milliseconds in repetition 290
tcp_ping received 4096 bytes back
Round trip time was 0.035888 milliseconds in repetition 291
tcp_ping received 4096 bytes back
Round trip time was 0.035368 milliseconds in repetition 292
tcp_ping received 4096 bytes back
Round trip time was 0.035869 milliseconds in repetition 293
tcp_ping received 4096 bytes back
Round trip time was 0.035793 milliseconds in repetition 294
tcp_ping received 4096 bytes back
Round trip time was 0.035889 milliseconds in repetition 295
tcp_ping received 4096 bytes back
Round trip time was 0.035466 milliseconds in repetition 296
tcp_ping received 4096 bytes back
Round trip time was 0.035829 milliseconds in repetition 297
tcp_ping received 4096 bytes back
Round trip time was 0.036019 milliseconds in repetition 298
tcp_ping received 4096 bytes back
Round trip time was 0.036048 milliseconds in repetition 299
tcp_ping received 4096 bytes back
Round trip time was 0.035638 milliseconds in repetition 300
tcp_ping received 4096 bytes back
Round trip time was 0.035646 milliseconds in repetition 301
tcp_ping received 4096 bytes back
Round trip time was 0.035778 milliseconds in repetition 302
tcp_ping received 4096 bytes back
Round trip time was 0.035791 milliseconds in repetition 303
tcp_ping received 4096 bytes back
Round trip time was 0.037116 milliseconds in repetition 304
tcp_ping received 4096 bytes back
Round trip time was 0.035783 milliseconds in repetition 305
tcp_ping received 4096 bytes back
Round trip time was 0.037262 milliseconds in repetition 306
tcp_ping received 4096 bytes back
Round trip time was 0.036155 milliseconds in repetition 307
tcp_ping received 4096 bytes back
Round trip time was 0.035384 milliseconds in repetition 308
tcp_ping received 4096 bytes back
Round trip time was 0.035649 milliseconds in repetition 309
tcp_ping received 4096 bytes back
Round trip time was 0.035568 milliseconds in repetition 310
tcp_ping received 4096 bytes back
Round trip time was 0.0359 milliseconds in repetition 311
tcp_ping received 4096 bytes back
Round trip time was 0.035672 milliseconds in repetition 312
tcp_ping received 4096 bytes back
Round trip time was 0.035742 milliseconds in repetition 313
tcp_ping received 4096 bytes back
Round trip time was 0.035684 milliseconds in repetition 314
tcp_ping received 4096 bytes back
Round trip time was 0.035501 milliseconds in repetition 315
tcp_ping received 4096 bytes back
Round trip time was 0.035624 milliseconds in repetition 316
tcp_ping received 4096 bytes back
Round trip time was 0.035714 milliseconds in repetition 317
tcp_ping received 4096 bytes back
Round trip time was 0.035641 milliseconds in repetition 318
tcp_ping received 4096 bytes back
Round trip time was 0.03602 milliseconds in repetition 319
tcp_ping received 4096 bytes back
Round trip time was 0.035501 milliseconds in repetition 320
tcp_ping received 4096 bytes back
Round trip time was 0.036033 milliseconds in repetition 321
tcp_ping received 4096 bytes back
Round trip time was 0.035801 milliseconds in repetition 322
tcp_ping received 4096 bytes back
Round trip time was 0.035584 milliseconds in repetition 323
tcp_ping received 4096 bytes back
Round trip time was 0.035295 milliseconds in repetition 324
tcp_ping received 4096 bytes back
Round trip time was 0.035332 milliseconds in repetition 325
tcp_ping received 4096 bytes back
Round trip time was 0.035512 milliseconds in repetition 326
tcp_ping received 4096 bytes back
Round trip time was 0.035618 milliseconds in repetition 327
tcp_ping received 4096 bytes back
Round trip time was 0.035866 milliseconds in repetition 328
tcp_ping received 4096 bytes back
Round trip time was 0.035511 milliseconds in repetition 329
tcp_ping received 4096 bytes back
Round trip time was 0.035445 milliseconds in repetition 330
tcp_ping received 4096 bytes back
Round trip time was 0.035808 milliseconds in repetition 331
tcp_ping received 4096 bytes back
Round trip time was 0.035681 milliseconds in repetition 332
tcp_ping received 4096 bytes back
Round trip time was 0.035653 milliseconds in repetition 333
tcp_ping received 4096 bytes back
Round trip time was 0.054004 milliseconds in repetition 334
tcp_ping received 4096 bytes back
Round trip time was 0.042551 milliseconds in repetition 335
tcp_ping received 4096 bytes back
Round trip time was 0.040983 milliseconds in repetition 336
tcp_ping received 4096 bytes back
Round trip time was 0.040222 milliseconds in repetition 337
tcp_ping received 4096 bytes back
Round trip time was 0.040396 milliseconds in repetition 338
tcp_ping received 4096 bytes back
Round trip time was 0.061738 milliseconds in repetition 339
tcp_ping received 4096 bytes back
Round trip time was 0.043222 milliseconds in repetition 340
tcp_ping received 4096 bytes back
Round trip time was 0.041361 milliseconds in repetition 341
tcp_ping received 4096 bytes back
Round trip time was 0.036594 milliseconds in repetition 342
tcp_ping received 4096 bytes back
Round trip time was 0.036021 milliseconds in repetition 343
tcp_ping received 4096 bytes back
Round trip time was 0.035796 milliseconds in repetition 344
tcp_ping received 4096 bytes back
Round trip time was 0.03578 milliseconds in repetition 345
tcp_ping received 4096 bytes back
Round trip time was 0.035985 milliseconds in repetition 346
tcp_ping received 4096 bytes back
Round trip time was 0.035486 milliseconds in repetition 347
tcp_ping received 4096 bytes back
Round trip time was 0.035542 milliseconds in repetition 348
tcp_ping received 4096 bytes back
Round trip time was 0.035681 milliseconds in repetition 349
tcp_ping received 4096 bytes back
Round trip time was 0.037482 milliseconds in repetition 350
tcp_ping received 4096 bytes back
Round trip time was 0.035856 milliseconds in repetition 351
tcp_ping received 4096 bytes back
Round trip time was 0.035517 milliseconds in repetition 352
tcp_ping received 4096 bytes back
Round trip time was 0.035312 milliseconds in repetition 353
tcp_ping received 4096 bytes back
Round trip time was 0.035866 milliseconds in repetition 354
tcp_ping received 4096 bytes back
Round trip time was 0.035601 milliseconds in repetition 355
tcp_ping received 4096 bytes back
Round trip time was 0.035536 milliseconds in repetition 356
tcp_ping received 4096 bytes back
Round trip time was 0.035503 milliseconds in repetition 357
tcp_ping received 4096 bytes back
Round trip time was 0.036016 milliseconds in repetition 358
tcp_ping received 4096 bytes back
Round trip time was 0.03578 milliseconds in repetition 359
tcp_ping received 4096 bytes back
Round trip time was 0.035754 milliseconds in repetition 360
tcp_ping received 4096 bytes back
Round trip time was 0.035499 milliseconds in repetition 361
tcp_ping received 4096 bytes back
Round trip time was 0.035563 milliseconds in repetition 362
tcp_ping received 4096 bytes back
Round trip time was 0.035474 milliseconds in repetition 363
tcp_ping received 4096 bytes back
Round trip time was 0.035868 milliseconds in repetition 364
tcp_ping received 4096 bytes back
Round trip time was 0.035852 milliseconds in repetition 365
tcp_ping received 4096 bytes back
Round trip time was 0.036158 milliseconds in repetition 366
tcp_ping received 4096 bytes back
Round trip time was 0.035675 milliseconds in repetition 367
tcp_ping received 4096 bytes back
Round trip time was 0.035616 milliseconds in repetition 368
tcp_ping received 4096 bytes back
Round trip time was 0.035631 milliseconds in repetition 369
tcp_ping received 4096 bytes back
Round trip time was 0.035558 milliseconds in repetition 370
tcp_ping received 4096 bytes back
Round trip time was 0.035394 milliseconds in repetition 371
tcp_ping received 4096 bytes back
Round trip time was 0.035688 milliseconds in repetition 372
tcp_ping received 4096 bytes back
Round trip time was 0.035579 milliseconds in repetition 373
tcp_ping received 4096 bytes back
Round trip time was 0.035954 milliseconds in repetition 374
tcp_ping received 4096 bytes back
Round trip time was 0.037243 milliseconds in repetition 375
tcp_ping received 4096 bytes back
Round trip time was 0.035908 milliseconds in repetition 376
tcp_ping received 4096 bytes back
Round trip time was 0.035901 milliseconds in repetition 377
tcp_ping received 4096 bytes back
Round trip time was 0.036 milliseconds in repetition 378
tcp_ping received 4096 bytes back
Round trip time was 0.03566 milliseconds in repetition 379
tcp_ping received 4096 bytes back
Round trip time was 0.035539 milliseconds in repetition 380
tcp_ping received 4096 bytes back
Round trip time was 0.035581 milliseconds in repetition 381
tcp_ping received 4096 bytes back
Round trip time was 0.035816 milliseconds in repetition 382
tcp_ping received 4096 bytes back
Round trip time was 0.035743 milliseconds in repetition 383
tcp_ping received 4096 bytes back
Round trip time was 0.035448 milliseconds in repetition 384
tcp_ping received 4096 bytes back
Round trip time was 0.036426 milliseconds in repetition 385
tcp_ping received 4096 bytes back
Round trip time was 0.035812 milliseconds in repetition 386
tcp_ping received 4096 bytes back
Round trip time was 0.035634 milliseconds in repetition 387
tcp_ping received 4096 bytes back
Round trip time was 0.035503 milliseconds in repetition 388
tcp_ping received 4096 bytes back
Round trip time was 0.035609 milliseconds in repetition 389
tcp_ping received 4096 bytes back
Round trip time was 0.035671 milliseconds in repetition 390
tcp_ping received 4096 bytes back
Round trip time was 0.03558 milliseconds in repetition 391
tcp_ping received 4096 bytes back
Round trip time was 0.035962 milliseconds in repetition 392
tcp_ping received 4096 bytes back
Round trip time was 0.036804 milliseconds in repetition 393
tcp_ping received 4096 bytes back
Round trip time was 0.035738 milliseconds in repetition 394
tcp_ping received 4096 bytes back
Round trip time was 0.035945 milliseconds in repetition 395
tcp_ping received 4096 bytes back
Round trip time was 0.035305 milliseconds in repetition 396
tcp_ping received 4096 bytes back
Round trip time was 0.035242 milliseconds in repetition 397
tcp_ping received 4096 bytes back
Round trip time was 0.03581 milliseconds in repetition 398
tcp_ping received 4096 bytes back
Round trip time was 0.035542 milliseconds in repetition 399
tcp_ping received 4096 bytes back
Round trip time was 0.035702 milliseconds in repetition 400
tcp_ping received 4096 bytes back
Round trip time was 0.035594 milliseconds in repetition 401
tcp_ping received 4096 bytes back
Round trip time was 0.035643 milliseconds in repetition 402
tcp_ping received 4096 bytes back
Round trip time was 0.035731 milliseconds in repetition 403
tcp_ping received 4096 bytes back
Round trip time was 0.035453 milliseconds in repetition 404
tcp_ping received 4096 bytes back
Round trip time was 0.035439 milliseconds in repetition 405
tcp_ping received 4096 bytes back
Round trip time was 0.035732 milliseconds in repetition 406
tcp_ping received 4096 bytes back
Round trip time was 0.035791 milliseconds in repetition 407
tcp_ping received 4096 bytes back
Round trip time was 0.035639 milliseconds in repetition 408
tcp_ping received 4096 bytes back
Round trip time was 0.035519 milliseconds in repetition 409
tcp_ping received 4096 bytes back
Round trip time was 0.03569 milliseconds in repetition 410
tcp_ping received 4096 bytes back
Round trip time was 0.035482 milliseconds in repetition 411
tcp_ping received 4096 bytes back
Round trip time was 0.035521 milliseconds in repetition 412
tcp_ping received 4096 bytes back
Round trip time was 0.035379 milliseconds in repetition 413
tcp_ping received 4096 bytes back
Round trip time was 0.03541 milliseconds in repetition 414
tcp_ping received 4096 bytes back
Round trip time was 0.035788 milliseconds in repetition 415
tcp_ping received 4096 bytes back
Round trip time was 0.035564 milliseconds in repetition 416
tcp_ping received 4096 bytes back
Round trip time was 0.035418 milliseconds in repetition 417
tcp_ping received 4096 bytes back
Round trip time was 0.035835 milliseconds in repetition 418
tcp_ping received 4096 bytes back
Round trip time was 0.035597 milliseconds in repetition 419
tcp_ping received 4096 bytes back
Round trip time was 0.035444 milliseconds in repetition 420
tcp_ping received 4096 bytes back
Round trip time was 0.035394 milliseconds in repetition 421
tcp_ping received 4096 bytes back
Round trip time was 0.035347 milliseconds in repetition 422
tcp_ping received 4096 bytes back
Round trip time was 0.035457 milliseconds in repetition 423
tcp_ping received 4096 bytes back
Round trip time was 0.035366 milliseconds in repetition 424
tcp_ping received 4096 bytes back
Round trip time was 0.035463 milliseconds in repetition 425
tcp_ping received 4096 bytes back
Round trip time was 0.0358 milliseconds in repetition 426
tcp_ping received 4096 bytes back
Round trip time was 0.035851 milliseconds in repetition 427
tcp_ping received 4096 bytes back
Round trip time was 0.035422 milliseconds in repetition 428
tcp_ping received 4096 bytes back
Round trip time was 0.035329 milliseconds in repetition 429
tcp_ping received 4096 bytes back
Round trip time was 0.035639 milliseconds in repetition 430
tcp_ping received 4096 bytes back
Round trip time was 0.035644 milliseconds in repetition 431
tcp_ping received 4096 bytes back
Round trip time was 0.035694 milliseconds in repetition 432
tcp_ping received 4096 bytes back
Round trip time was 0.035212 milliseconds in repetition 433
tcp_ping received 4096 bytes back
Round trip time was 0.035451 milliseconds in repetition 434
tcp_ping received 4096 bytes back
Round trip time was 0.035793 milliseconds in repetition 435
tcp_ping received 4096 bytes back
Round trip time was 0.04074 milliseconds in repetition 436
tcp_ping received 4096 bytes back
Round trip time was 0.037831 milliseconds in repetition 437
tcp_ping received 4096 bytes back
Round trip time was 0.036558 milliseconds in repetition 438
tcp_ping received 4096 bytes back
Round trip time was 0.03539 milliseconds in repetition 439
tcp_ping received 4096 bytes back
Round trip time was 0.035332 milliseconds in repetition 440
tcp_ping received 4096 bytes back
Round trip time was 0.035168 milliseconds in repetition 441
tcp_ping received 4096 bytes back
Round trip time was 0.035992 milliseconds in repetition 442
tcp_ping received 4096 bytes back
Round trip time was 0.035653 milliseconds in repetition 443
tcp_ping received 4096 bytes back
Round trip time was 0.03554 milliseconds in repetition 444
tcp_ping received 4096 bytes back
Round trip time was 0.035738 milliseconds in repetition 445
tcp_ping received 4096 bytes back
Round trip time was 0.035648 milliseconds in repetition 446
tcp_ping received 4096 bytes back
Round trip time was 0.035134 milliseconds in repetition 447
tcp_ping received 4096 bytes back
Round trip time was 0.035091 milliseconds in repetition 448
tcp_ping received 4096 bytes back
Round trip time was 0.035305 milliseconds in repetition 449
tcp_ping received 4096 bytes back
Round trip time was 0.035848 milliseconds in repetition 450
tcp_ping received 4096 bytes back
Round trip time was 0.035663 milliseconds in repetition 451
tcp_ping received 4096 bytes back
Round trip time was 0.03558 milliseconds in repetition 452
tcp_ping received 4096 bytes back
Round trip time was 0.035387 milliseconds in repetition 453
tcp_ping received 4096 bytes back
Round trip time was 0.035866 milliseconds in repetition 454
tcp_ping received 4096 bytes back
Round trip time was 0.035348 milliseconds in repetition 455
tcp_ping received 4096 bytes back
Round trip time was 0.035366 milliseconds in repetition 456
tcp_ping received 4096 bytes back
Round trip time was 0.035209 milliseconds in repetition 457
tcp_ping received 4096 bytes back
Round trip time was 0.036039 milliseconds in repetition 458
tcp_ping received 4096 bytes back
Round trip time was 0.035566 milliseconds in repetition 459
tcp_ping received 4096 bytes back
Round trip time was 0.035833 milliseconds in repetition 460
tcp_ping received 4096 bytes back
Round trip time was 0.035798 milliseconds in repetition 461
tcp_ping received 4096 bytes back
Round trip time was 0.035738 milliseconds in repetition 462
tcp_ping received 4096 bytes back
Round trip time was 0.035347 milliseconds in repetition 463
tcp_ping received 4096 bytes back
Round trip time was 0.035592 milliseconds in repetition 464
tcp_ping received 4096 bytes back
Round trip time was 0.035461 milliseconds in repetition 465
tcp_ping received 4096 bytes back
Round trip time was 0.036035 milliseconds in repetition 466
tcp_ping received 4096 bytes back
Round trip time was 0.035536 milliseconds in repetition 467
tcp_ping received 4096 bytes back
Round trip time was 0.035616 milliseconds in repetition 468
tcp_ping received 4096 bytes back
Round trip time was 0.03568 milliseconds in repetition 469
tcp_ping received 4096 bytes back
Round trip time was 0.035633 milliseconds in repetition 470
tcp_ping received 4096 bytes back
Round trip time was 0.035462 milliseconds in repetition 471
tcp_ping received 4096 bytes back
Round trip time was 0.035342 milliseconds in repetition 472
tcp_ping received 4096 bytes back
Round trip time was 0.035565 milliseconds in repetition 473
tcp_ping received 4096 bytes back
Round trip time was 0.035968 milliseconds in repetition 474
tcp_ping received 4096 bytes back
Round trip time was 0.035576 milliseconds in repetition 475
tcp_ping received 4096 bytes back
Round trip time was 0.03708 milliseconds in repetition 476
tcp_ping received 4096 bytes back
Round trip time was 0.035501 milliseconds in repetition 477
tcp_ping received 4096 bytes back
Round trip time was 0.036167 milliseconds in repetition 478
tcp_ping received 4096 bytes back
Round trip time was 0.035536 milliseconds in repetition 479
tcp_ping received 4096 bytes back
Round trip time was 0.035351 milliseconds in repetition 480
tcp_ping received 4096 bytes back
Round trip time was 0.037292 milliseconds in repetition 481
tcp_ping received 4096 bytes back
Round trip time was 0.036096 milliseconds in repetition 482
tcp_ping received 4096 bytes back
Round trip time was 0.035528 milliseconds in repetition 483
tcp_ping received 4096 bytes back
Round trip time was 0.035474 milliseconds in repetition 484
tcp_ping received 4096 bytes back
Round trip time was 0.035319 milliseconds in repetition 485
tcp_ping received 4096 bytes back
Round trip time was 0.035618 milliseconds in repetition 486
tcp_ping received 4096 bytes back
Round trip time was 0.035416 milliseconds in repetition 487
tcp_ping received 4096 bytes back
Round trip time was 0.035121 milliseconds in repetition 488
tcp_ping received 4096 bytes back
Round trip time was 0.035833 milliseconds in repetition 489
tcp_ping received 4096 bytes back
Round trip time was 0.035896 milliseconds in repetition 490
tcp_ping received 4096 bytes back
Round trip time was 0.035714 milliseconds in repetition 491
tcp_ping received 4096 bytes back
Round trip time was 0.035494 milliseconds in repetition 492
tcp_ping received 4096 bytes back
Round trip time was 0.035594 milliseconds in repetition 493
tcp_ping received 4096 bytes back
Round trip time was 0.035915 milliseconds in repetition 494
tcp_ping received 4096 bytes back
Round trip time was 0.035534 milliseconds in repetition 495
tcp_ping received 4096 bytes back
Round trip time was 0.035607 milliseconds in repetition 496
tcp_ping received 4096 bytes back
Round trip time was 0.035554 milliseconds in repetition 497
tcp_ping received 4096 bytes back
Round trip time was 0.035623 milliseconds in repetition 498
tcp_ping received 4096 bytes back
Round trip time was 0.035864 milliseconds in repetition 499
tcp_ping received 4096 bytes back
Round trip time was 0.040916 milliseconds in repetition 500

 ... clock resolution was 1e-06
TCP Ping:  Statistics over 500 repetitions of 4096 byte messages

RTT : percentile 10: 0.035366, median: 0.035675, percentile 90: 0.036464, average: 0.0360418, variance: 3.28225e-06

RTT histogram:
0.0350475 274
0.036382 185
0.0377166 25
0.0390511 1
0.0403857 6
0.0417202 2
0.0430548 3
0.0443893 1
0.0457239 1
0.0470584 0
0.048393 0
0.0497275 0
0.0510621 0
0.0523966 0
0.0537312 1
0.0550657 0
0.0564003 0
0.0577348 0
0.0590694 0
0.0604039 0
0.0617385 1

   median Throughput : 229629 KB/s   overall Throughput : 227292 KB/s

