TCP Ping trying to connect to server localhost (127.0.0.1) on port 1491
 ... connected to Pong server: asking for 500 repetitions of 16384 bytes TCP messages
 ... Pong server agreed :-)
tcp_ping received 16384 bytes back
Round trip time was 0.147837 milliseconds in repetition 1
tcp_ping received 16384 bytes back
Round trip time was 0.14758 milliseconds in repetition 2
tcp_ping received 16384 bytes back
Round trip time was 0.109614 milliseconds in repetition 3
tcp_ping received 16384 bytes back
Round trip time was 0.102721 milliseconds in repetition 4
tcp_ping received 16384 bytes back
Round trip time was 0.106187 milliseconds in repetition 5
tcp_ping received 16384 bytes back
Round trip time was 0.100781 milliseconds in repetition 6
tcp_ping received 16384 bytes back
Round trip time was 0.101016 milliseconds in repetition 7
tcp_ping received 16384 bytes back
Round trip time was 0.102012 milliseconds in repetition 8
tcp_ping received 16384 bytes back
Round trip time was 0.10463 milliseconds in repetition 9
tcp_ping received 16384 bytes back
Round trip time was 0.101425 milliseconds in repetition 10
tcp_ping received 16384 bytes back
Round trip time was 0.101788 milliseconds in repetition 11
tcp_ping received 16384 bytes back
Round trip time was 0.140536 milliseconds in repetition 12
tcp_ping received 16384 bytes back
Round trip time was 0.141602 milliseconds in repetition 13
tcp_ping received 16384 bytes back
Round trip time was 0.140874 milliseconds in repetition 14
tcp_ping received 16384 bytes back
Round trip time was 0.140241 milliseconds in repetition 15
tcp_ping received 16384 bytes back
Round trip time was 0.110403 milliseconds in repetition 16
tcp_ping received 16384 bytes back
Round trip time was 0.10232 milliseconds in repetition 17
tcp_ping received 16384 bytes back
Round trip time was 0.101343 milliseconds in repetition 18
tcp_ping received 16384 bytes back
Round trip time was 0.101963 milliseconds in repetition 19
tcp_ping received 16384 bytes back
Round trip time was 0.101066 milliseconds in repetition 20
tcp_ping received 16384 bytes back
Round trip time was 0.102219 milliseconds in repetition 21
tcp_ping received 16384 bytes back
Round trip time was 0.101936 milliseconds in repetition 22
tcp_ping received 16384 bytes back
Round trip time was 0.101222 milliseconds in repetition 23
tcp_ping received 16384 bytes back
Round trip time was 0.102475 milliseconds in repetition 24
tcp_ping received 16384 bytes back
Round trip time was 0.101894 milliseconds in repetition 25
tcp_ping received 16384 bytes back
Round trip time was 0.101652 milliseconds in repetition 26
tcp_ping received 16384 bytes back
Round trip time was 0.101243 milliseconds in repetition 27
tcp_ping received 16384 bytes back
Round trip time was 0.101273 milliseconds in repetition 28
tcp_ping received 16384 bytes back
Round trip time was 0.102018 milliseconds in repetition 29
tcp_ping received 16384 bytes back
Round trip time was 0.101984 milliseconds in repetition 30
tcp_ping received 16384 bytes back
Round trip time was 0.101245 milliseconds in repetition 31
tcp_ping received 16384 bytes back
Round trip time was 0.101744 milliseconds in repetition 32
tcp_ping received 16384 bytes back
Round trip time was 0.102412 milliseconds in repetition 33
tcp_ping received 16384 bytes back
Round trip time was 0.101865 milliseconds in repetition 34
tcp_ping received 16384 bytes back
Round trip time was 0.100994 milliseconds in repetition 35
tcp_ping received 16384 bytes back
Round trip time was 0.101612 milliseconds in repetition 36
tcp_ping received 16384 bytes back
Round trip time was 0.101621 milliseconds in repetition 37
tcp_ping received 16384 bytes back
Round trip time was 0.101813 milliseconds in repetition 38
tcp_ping received 16384 bytes back
Round trip time was 0.101536 milliseconds in repetition 39
tcp_ping received 16384 bytes back
Round trip time was 0.101821 milliseconds in repetition 40
tcp_ping received 16384 bytes back
Round trip time was 0.102568 milliseconds in repetition 41
tcp_ping received 16384 bytes back
Round trip time was 0.101151 milliseconds in repetition 42
tcp_ping received 16384 bytes back
Round trip time was 0.103336 milliseconds in repetition 43
tcp_ping received 16384 bytes back
Round trip time was 0.102301 milliseconds in repetition 44
tcp_ping received 16384 bytes back
Round trip time was 0.103131 milliseconds in repetition 45
tcp_ping received 16384 bytes back
Round trip time was 0.101218 milliseconds in repetition 46
tcp_ping received 16384 bytes back
Round trip time was 0.101306 milliseconds in repetition 47
tcp_ping received 16384 bytes back
Round trip time was 0.106469 milliseconds in repetition 48
tcp_ping received 16384 bytes back
Round trip time was 0.103386 milliseconds in repetition 49
tcp_ping received 16384 bytes back
Round trip time was 0.10171 milliseconds in repetition 50
tcp_ping received 16384 bytes back
Round trip time was 0.10248 milliseconds in repetition 51
tcp_ping received 16384 bytes back
Round trip time was 0.102971 milliseconds in repetition 52
tcp_ping received 16384 bytes back
Round trip time was 0.101797 milliseconds in repetition 53
tcp_ping received 16384 bytes back
Round trip time was 0.102058 milliseconds in repetition 54
tcp_ping received 16384 bytes back
Round trip time was 0.103161 milliseconds in repetition 55
tcp_ping received 16384 bytes back
Round trip time was 0.103351 milliseconds in repetition 56
tcp_ping received 16384 bytes back
Round trip time was 0.102596 milliseconds in repetition 57
tcp_ping received 16384 bytes back
Round trip time was 0.101507 milliseconds in repetition 58
tcp_ping received 16384 bytes back
Round trip time was 0.102649 milliseconds in repetition 59
tcp_ping received 16384 bytes back
Round trip time was 0.101387 milliseconds in repetition 60
tcp_ping received 16384 bytes back
Round trip time was 0.101029 milliseconds in repetition 61
tcp_ping received 16384 bytes back
Round trip time was 0.101519 milliseconds in repetition 62
tcp_ping received 16384 bytes back
Round trip time was 0.102302 milliseconds in repetition 63
tcp_ping received 16384 bytes back
Round trip time was 0.101678 milliseconds in repetition 64
tcp_ping received 16384 bytes back
Round trip time was 0.101672 milliseconds in repetition 65
tcp_ping received 16384 bytes back
Round trip time was 0.101202 milliseconds in repetition 66
tcp_ping received 16384 bytes back
Round trip time was 0.101205 milliseconds in repetition 67
tcp_ping received 16384 bytes back
Round trip time was 0.101806 milliseconds in repetition 68
tcp_ping received 16384 bytes back
Round trip time was 0.101357 milliseconds in repetition 69
tcp_ping received 16384 bytes back
Round trip time was 0.101155 milliseconds in repetition 70
tcp_ping received 16384 bytes back
Round trip time was 0.101086 milliseconds in repetition 71
tcp_ping received 16384 bytes back
Round trip time was 0.101283 milliseconds in repetition 72
tcp_ping received 16384 bytes back
Round trip time was 0.101857 milliseconds in repetition 73
tcp_ping received 16384 bytes back
Round trip time was 0.102284 milliseconds in repetition 74
tcp_ping received 16384 bytes back
Round trip time was 0.102171 milliseconds in repetition 75
tcp_ping received 16384 bytes back
Round trip time was 0.101618 milliseconds in repetition 76
tcp_ping received 16384 bytes back
Round trip time was 0.10091 milliseconds in repetition 77
tcp_ping received 16384 bytes back
Round trip time was 0.101489 milliseconds in repetition 78
tcp_ping received 16384 bytes back
Round trip time was 0.100882 milliseconds in repetition 79
tcp_ping received 16384 bytes back
Round trip time was 0.101528 milliseconds in repetition 80
tcp_ping received 16384 bytes back
Round trip time was 0.101207 milliseconds in repetition 81
tcp_ping received 16384 bytes back
Round trip time was 0.101689 milliseconds in repetition 82
tcp_ping received 16384 bytes back
Round trip time was 0.101381 milliseconds in repetition 83
tcp_ping received 16384 bytes back
Round trip time was 0.101775 milliseconds in repetition 84
tcp_ping received 16384 bytes back
Round trip time was 0.101261 milliseconds in repetition 85
tcp_ping received 16384 bytes back
Round trip time was 0.104985 milliseconds in repetition 86
tcp_ping received 16384 bytes back
Round trip time was 0.104549 milliseconds in repetition 87
tcp_ping received 16384 bytes back
Round trip time was 0.101544 milliseconds in repetition 88
tcp_ping received 16384 bytes back
Round trip time was 0.101069 milliseconds in repetition 89
tcp_ping received 16384 bytes back
Round trip time was 0.101145 milliseconds in repetition 90
tcp_ping received 16384 bytes back
Round trip time was 0.101658 milliseconds in repetition 91
tcp_ping received 16384 bytes back
Round trip time was 0.101414 milliseconds in repetition 92
tcp_ping received 16384 bytes back
Round trip time was 0.100996 milliseconds in repetition 93
tcp_ping received 16384 bytes back
Round trip time was 0.101318 milliseconds in repetition 94
tcp_ping received 16384 bytes back
Round trip time was 0.101274 milliseconds in repetition 95
tcp_ping received 16384 bytes back
Round trip time was 0.101048 milliseconds in repetition 96
tcp_ping received 16384 bytes back
Round trip time was 0.101189 milliseconds in repetition 97
tcp_ping received 16384 bytes back
Round trip time was 0.101619 milliseconds in repetition 98
tcp_ping received 16384 bytes back
Round trip time was 0.10156 milliseconds in repetition 99
tcp_ping received 16384 bytes back
Round trip time was 0.101522 milliseconds in repetition 100
tcp_ping received 16384 bytes back
Round trip time was 0.101647 milliseconds in repetition 101
tcp_ping received 16384 bytes back
Round trip time was 0.10115 milliseconds in repetition 102
tcp_ping received 16384 bytes back
Round trip time was 0.101516 milliseconds in repetition 103
tcp_ping received 16384 bytes back
Round trip time was 0.101694 milliseconds in repetition 104
tcp_ping received 16384 bytes back
Round trip time was 0.101451 milliseconds in repetition 105
tcp_ping received 16384 bytes back
Round trip time was 0.101129 milliseconds in repetition 106
tcp_ping received 16384 bytes back
Round trip time was 0.101148 milliseconds in repetition 107
tcp_ping received 16384 bytes back
Round trip time was 0.100961 milliseconds in repetition 108
tcp_ping received 16384 bytes back
Round trip time was 0.101344 milliseconds in repetition 109
tcp_ping received 16384 bytes back
Round trip time was 0.100899 milliseconds in repetition 110
tcp_ping received 16384 bytes back
Round trip time was 0.101641 milliseconds in repetition 111
tcp_ping received 16384 bytes back
Round trip time was 0.101116 milliseconds in repetition 112
tcp_ping received 16384 bytes back
Round trip time was 0.101226 milliseconds in repetition 113
tcp_ping received 16384 bytes back
Round trip time was 0.100761 milliseconds in repetition 114
tcp_ping received 16384 bytes back
Round trip time was 0.102452 milliseconds in repetition 115
tcp_ping received 16384 bytes back
Round trip time was 0.10162 milliseconds in repetition 116
tcp_ping received 16384 bytes back
Round trip time was 0.100624 milliseconds in repetition 117
tcp_ping received 16384 bytes back
Round trip time was 0.101251 milliseconds in repetition 118
tcp_ping received 16384 bytes back
Round trip time was 0.101341 milliseconds in repetition 119
tcp_ping received 16384 bytes back
Round trip time was 0.100869 milliseconds in repetition 120
tcp_ping received 16384 bytes back
Round trip time was 0.101506 milliseconds in repetition 121
tcp_ping received 16384 bytes back
Round trip time was 0.100613 milliseconds in repetition 122
tcp_ping received 16384 bytes back
Round trip time was 0.101793 milliseconds in repetition 123
tcp_ping received 16384 bytes back
Round trip time was 0.101225 milliseconds in repetition 124
tcp_ping received 16384 bytes back
Round trip time was 0.112631 milliseconds in repetition 125
tcp_ping received 16384 bytes back
Round trip time was 0.102143 milliseconds in repetition 126
tcp_ping received 16384 bytes back
Round trip time was 0.1012 milliseconds in repetition 127
tcp_ping received 16384 bytes back
Round trip time was 0.100941 milliseconds in repetition 128
tcp_ping received 16384 bytes back
Round trip time was 0.101461 milliseconds in repetition 129
tcp_ping received 16384 bytes back
Round trip time was 0.102728 milliseconds in repetition 130
tcp_ping received 16384 bytes back
Round trip time was 0.101292 milliseconds in repetition 131
tcp_ping received 16384 bytes back
Round trip time was 0.101128 milliseconds in repetition 132
tcp_ping received 16384 bytes back
Round trip time was 0.100192 milliseconds in repetition 133
tcp_ping received 16384 bytes back
Round trip time was 0.101653 milliseconds in repetition 134
tcp_ping received 16384 bytes back
Round trip time was 0.101627 milliseconds in repetition 135
tcp_ping received 16384 bytes back
Round trip time was 0.100788 milliseconds in repetition 136
tcp_ping received 16384 bytes back
Round trip time was 0.100907 milliseconds in repetition 137
tcp_ping received 16384 bytes back
Round trip time was 0.101815 milliseconds in repetition 138
tcp_ping received 16384 bytes back
Round trip time was 0.100614 milliseconds in repetition 139
tcp_ping received 16384 bytes back
Round trip time was 0.101271 milliseconds in repetition 140
tcp_ping received 16384 bytes back
Round trip time was 0.101348 milliseconds in repetition 141
tcp_ping received 16384 bytes back
Round trip time was 0.10093 milliseconds in repetition 142
tcp_ping received 16384 bytes back
Round trip time was 0.101097 milliseconds in repetition 143
tcp_ping received 16384 bytes back
Round trip time was 0.100845 milliseconds in repetition 144
tcp_ping received 16384 bytes back
Round trip time was 0.101114 milliseconds in repetition 145
tcp_ping received 16384 bytes back
Round trip time was 0.100982 milliseconds in repetition 146
tcp_ping received 16384 bytes back
Round trip time was 0.101416 milliseconds in repetition 147
tcp_ping received 16384 bytes back
Round trip time was 0.101404 milliseconds in repetition 148
tcp_ping received 16384 bytes back
Round trip time was 0.100958 milliseconds in repetition 149
tcp_ping received 16384 bytes back
Round trip time was 0.100925 milliseconds in repetition 150
tcp_ping received 16384 bytes back
Round trip time was 0.101478 milliseconds in repetition 151
tcp_ping received 16384 bytes back
Round trip time was 0.10024 milliseconds in repetition 152
tcp_ping received 16384 bytes back
Round trip time was 0.100527 milliseconds in repetition 153
tcp_ping received 16384 bytes back
Round trip time was 0.10178 milliseconds in repetition 154
tcp_ping received 16384 bytes back
Round trip time was 0.101246 milliseconds in repetition 155
tcp_ping received 16384 bytes back
Round trip time was 0.101013 milliseconds in repetition 156
tcp_ping received 16384 bytes back
Round trip time was 0.100371 milliseconds in repetition 157
tcp_ping received 16384 bytes back
Round trip time was 0.101877 milliseconds in repetition 158
tcp_ping received 16384 bytes back
Round trip time was 0.101101 milliseconds in repetition 159
tcp_ping received 16384 bytes back
Round trip time was 0.100696 milliseconds in repetition 160
tcp_ping received 16384 bytes back
Round trip time was 0.101339 milliseconds in repetition 161
tcp_ping received 16384 bytes back
Round trip time was 0.101409 milliseconds in repetition 162
tcp_ping received 16384 bytes back
Round trip time was 0.105013 milliseconds in repetition 163
tcp_ping received 16384 bytes back
Round trip time was 0.102211 milliseconds in repetition 164
tcp_ping received 16384 bytes back
Round trip time was 0.101078 milliseconds in repetition 165
tcp_ping received 16384 bytes back
Round trip time was 0.100839 milliseconds in repetition 166
tcp_ping received 16384 bytes back
Round trip time was 0.100882 milliseconds in repetition 167
tcp_ping received 16384 bytes back
Round trip time was 0.102049 milliseconds in repetition 168
tcp_ping received 16384 bytes back
Round trip time was 0.101114 milliseconds in repetition 169
tcp_ping received 16384 bytes back
Round trip time was 0.101221 milliseconds in repetition 170
tcp_ping received 16384 bytes back
Round trip time was 0.100328 milliseconds in repetition 171
tcp_ping received 16384 bytes back
Round trip time was 0.101275 milliseconds in repetition 172
tcp_ping received 16384 bytes back
Round trip time was 0.104737 milliseconds in repetition 173
tcp_ping received 16384 bytes back
Round trip time was 0.101174 milliseconds in repetition 174
tcp_ping received 16384 bytes back
Round trip time was 0.100955 milliseconds in repetition 175
tcp_ping received 16384 bytes back
Round trip time was 0.100739 milliseconds in repetition 176
tcp_ping received 16384 bytes back
Round trip time was 0.101137 milliseconds in repetition 177
tcp_ping received 16384 bytes back
Round trip time was 0.100955 milliseconds in repetition 178
tcp_ping received 16384 bytes back
Round trip time was 0.100567 milliseconds in repetition 179
tcp_ping received 16384 bytes back
Round trip time was 0.100835 milliseconds in repetition 180
tcp_ping received 16384 bytes back
Round trip time was 0.101271 milliseconds in repetition 181
tcp_ping received 16384 bytes back
Round trip time was 0.100803 milliseconds in repetition 182
tcp_ping received 16384 bytes back
Round trip time was 0.101385 milliseconds in repetition 183
tcp_ping received 16384 bytes back
Round trip time was 0.100807 milliseconds in repetition 184
tcp_ping received 16384 bytes back
Round trip time was 0.101088 milliseconds in repetition 185
tcp_ping received 16384 bytes back
Round trip time was 0.101257 milliseconds in repetition 186
tcp_ping received 16384 bytes back
Round trip time was 0.100768 milliseconds in repetition 187
tcp_ping received 16384 bytes back
Round trip time was 0.100765 milliseconds in repetition 188
tcp_ping received 16384 bytes back
Round trip time was 0.101273 milliseconds in repetition 189
tcp_ping received 16384 bytes back
Round trip time was 0.100854 milliseconds in repetition 190
tcp_ping received 16384 bytes back
Round trip time was 0.101152 milliseconds in repetition 191
tcp_ping received 16384 bytes back
Round trip time was 0.100778 milliseconds in repetition 192
tcp_ping received 16384 bytes back
Round trip time was 0.101082 milliseconds in repetition 193
tcp_ping received 16384 bytes back
Round trip time was 0.101241 milliseconds in repetition 194
tcp_ping received 16384 bytes back
Round trip time was 0.101169 milliseconds in repetition 195
tcp_ping received 16384 bytes back
Round trip time was 0.101069 milliseconds in repetition 196
tcp_ping received 16384 bytes back
Round trip time was 0.100825 milliseconds in repetition 197
tcp_ping received 16384 bytes back
Round trip time was 0.101143 milliseconds in repetition 198
tcp_ping received 16384 bytes back
Round trip time was 0.1017 milliseconds in repetition 199
tcp_ping received 16384 bytes back
Round trip time was 0.100862 milliseconds in repetition 200
tcp_ping received 16384 bytes back
Round trip time was 0.10582 milliseconds in repetition 201
tcp_ping received 16384 bytes back
Round trip time was 0.102861 milliseconds in repetition 202
tcp_ping received 16384 bytes back
Round trip time was 0.10071 milliseconds in repetition 203
tcp_ping received 16384 bytes back
Round trip time was 0.100693 milliseconds in repetition 204
tcp_ping received 16384 bytes back
Round trip time was 0.101026 milliseconds in repetition 205
tcp_ping received 16384 bytes back
Round trip time was 0.100796 milliseconds in repetition 206
tcp_ping received 16384 bytes back
Round trip time was 0.101456 milliseconds in repetition 207
tcp_ping received 16384 bytes back
Round trip time was 0.100843 milliseconds in repetition 208
tcp_ping received 16384 bytes back
Round trip time was 0.101028 milliseconds in repetition 209
tcp_ping received 16384 bytes back
Round trip time was 0.101021 milliseconds in repetition 210
tcp_ping received 16384 bytes back
Round trip time was 0.101208 milliseconds in repetition 211
tcp_ping received 16384 bytes back
Round trip time was 0.100951 milliseconds in repetition 212
tcp_ping received 16384 bytes back
Round trip time was 0.101107 milliseconds in repetition 213
tcp_ping received 16384 bytes back
Round trip time was 0.100865 milliseconds in repetition 214
tcp_ping received 16384 bytes back
Round trip time was 0.10104 milliseconds in repetition 215
tcp_ping received 16384 bytes back
Round trip time was 0.102185 milliseconds in repetition 216
tcp_ping received 16384 bytes back
Round trip time was 0.101054 milliseconds in repetition 217
tcp_ping received 16384 bytes back
Round trip time was 0.101465 milliseconds in repetition 218
tcp_ping received 16384 bytes back
Round trip time was 0.100823 milliseconds in repetition 219
tcp_ping received 16384 bytes back
Round trip time was 0.100753 milliseconds in repetition 220
tcp_ping received 16384 bytes back
Round trip time was 0.101054 milliseconds in repetition 221
tcp_ping received 16384 bytes back
Round trip time was 0.100308 milliseconds in repetition 222
tcp_ping received 16384 bytes back
Round trip time was 0.101002 milliseconds in repetition 223
tcp_ping received 16384 bytes back
Round trip time was 0.101435 milliseconds in repetition 224
tcp_ping received 16384 bytes back
Round trip time was 0.100536 milliseconds in repetition 225
tcp_ping received 16384 bytes back
Round trip time was 0.100677 milliseconds in repetition 226
tcp_ping received 16384 bytes back
Round trip time was 0.100718 milliseconds in repetition 227
tcp_ping received 16384 bytes back
Round trip time was 0.101317 milliseconds in repetition 228
tcp_ping received 16384 bytes back
Round trip time was 0.101152 milliseconds in repetition 229
tcp_ping received 16384 bytes back
Round trip time was 0.100256 milliseconds in repetition 230
tcp_ping received 16384 bytes back
Round trip time was 0.100973 milliseconds in repetition 231
tcp_ping received 16384 bytes back
Round trip time was 0.100422 milliseconds in repetition 232
tcp_ping received 16384 bytes back
Round trip time was 0.100958 milliseconds in repetition 233
tcp_ping received 16384 bytes back
Round trip time was 0.101172 milliseconds in repetition 234
tcp_ping received 16384 bytes back
Round trip time was 0.100721 milliseconds in repetition 235
tcp_ping received 16384 bytes back
Round trip time was 0.101717 milliseconds in repetition 236
tcp_ping received 16384 bytes back
Round trip time was 0.100965 milliseconds in repetition 237
tcp_ping received 16384 bytes back
Round trip time was 0.100561 milliseconds in repetition 238
tcp_ping received 16384 bytes back
Round trip time was 0.104818 milliseconds in repetition 239
tcp_ping received 16384 bytes back
Round trip time was 0.102209 milliseconds in repetition 240
tcp_ping received 16384 bytes back
Round trip time was 0.100652 milliseconds in repetition 241
tcp_ping received 16384 bytes back
Round trip time was 0.101116 milliseconds in repetition 242
tcp_ping received 16384 bytes back
Round trip time was 0.101085 milliseconds in repetition 243
tcp_ping received 16384 bytes back
Round trip time was 0.100719 milliseconds in repetition 244
tcp_ping received 16384 bytes back
Round trip time was 0.100679 milliseconds in repetition 245
tcp_ping received 16384 bytes back
Round trip time was 0.100404 milliseconds in repetition 246
tcp_ping received 16384 bytes back
Round trip time was 0.101122 milliseconds in repetition 247
tcp_ping received 16384 bytes back
Round trip time was 0.100893 milliseconds in repetition 248
tcp_ping received 16384 bytes back
Round trip time was 0.100735 milliseconds in repetition 249
tcp_ping received 16384 bytes back
Round trip time was 0.101021 milliseconds in repetition 250
tcp_ping received 16384 bytes back
Round trip time was 0.100959 milliseconds in repetition 251
tcp_ping received 16384 bytes back
Round trip time was 0.100783 milliseconds in repetition 252
tcp_ping received 16384 bytes back
Round trip time was 0.100827 milliseconds in repetition 253
tcp_ping received 16384 bytes back
Round trip time was 0.100679 milliseconds in repetition 254
tcp_ping received 16384 bytes back
Round trip time was 0.10154 milliseconds in repetition 255
tcp_ping received 16384 bytes back
Round trip time was 0.101205 milliseconds in repetition 256
tcp_ping received 16384 bytes back
Round trip time was 0.101105 milliseconds in repetition 257
tcp_ping received 16384 bytes back
Round trip time was 0.100847 milliseconds in repetition 258
tcp_ping received 16384 bytes back
Round trip time was 0.100887 milliseconds in repetition 259
tcp_ping received 16384 bytes back
Round trip time was 0.102476 milliseconds in repetition 260
tcp_ping received 16384 bytes back
Round trip time was 0.101722 milliseconds in repetition 261
tcp_ping received 16384 bytes back
Round trip time was 0.10101 milliseconds in repetition 262
tcp_ping received 16384 bytes back
Round trip time was 0.101133 milliseconds in repetition 263
tcp_ping received 16384 bytes back
Round trip time was 0.100983 milliseconds in repetition 264
tcp_ping received 16384 bytes back
Round trip time was 0.100475 milliseconds in repetition 265
tcp_ping received 16384 bytes back
Round trip time was 0.101195 milliseconds in repetition 266
tcp_ping received 16384 bytes back
Round trip time was 0.100925 milliseconds in repetition 267
tcp_ping received 16384 bytes back
Round trip time was 0.100776 milliseconds in repetition 268
tcp_ping received 16384 bytes back
Round trip time was 0.101067 milliseconds in repetition 269
tcp_ping received 16384 bytes back
Round trip time was 0.100244 milliseconds in repetition 270
tcp_ping received 16384 bytes back
Round trip time was 0.101316 milliseconds in repetition 271
tcp_ping received 16384 bytes back
Round trip time was 0.101113 milliseconds in repetition 272
tcp_ping received 16384 bytes back
Round trip time was 0.100538 milliseconds in repetition 273
tcp_ping received 16384 bytes back
Round trip time was 0.10109 milliseconds in repetition 274
tcp_ping received 16384 bytes back
Round trip time was 0.101458 milliseconds in repetition 275
tcp_ping received 16384 bytes back
Round trip time was 0.100947 milliseconds in repetition 276
tcp_ping received 16384 bytes back
Round trip time was 0.101247 milliseconds in repetition 277
tcp_ping received 16384 bytes back
Round trip time was 0.107928 milliseconds in repetition 278
tcp_ping received 16384 bytes back
Round trip time was 0.102115 milliseconds in repetition 279
tcp_ping received 16384 bytes back
Round trip time was 0.100771 milliseconds in repetition 280
tcp_ping received 16384 bytes back
Round trip time was 0.100674 milliseconds in repetition 281
tcp_ping received 16384 bytes back
Round trip time was 0.1009 milliseconds in repetition 282
tcp_ping received 16384 bytes back
Round trip time was 0.100849 milliseconds in repetition 283
tcp_ping received 16384 bytes back
Round trip time was 0.100671 milliseconds in repetition 284
tcp_ping received 16384 bytes back
Round trip time was 0.101337 milliseconds in repetition 285
tcp_ping received 16384 bytes back
Round trip time was 0.100695 milliseconds in repetition 286
tcp_ping received 16384 bytes back
Round trip time was 0.100893 milliseconds in repetition 287
tcp_ping received 16384 bytes back
Round trip time was 0.100719 milliseconds in repetition 288
tcp_ping received 16384 bytes back
Round trip time was 0.100718 milliseconds in repetition 289
tcp_ping received 16384 bytes back
Round trip time was 0.101488 milliseconds in repetition 290
tcp_ping received 16384 bytes back
Round trip time was 0.101412 milliseconds in repetition 291
tcp_ping received 16384 bytes back
Round trip time was 0.100265 milliseconds in repetition 292
tcp_ping received 16384 bytes back
Round trip time was 0.101388 milliseconds in repetition 293
tcp_ping received 16384 bytes back
Round trip time was 0.101271 milliseconds in repetition 294
tcp_ping received 16384 bytes back
Round trip time was 0.101371 milliseconds in repetition 295
tcp_ping received 16384 bytes back
Round trip time was 0.100606 milliseconds in repetition 296
tcp_ping received 16384 bytes back
Round trip time was 0.100811 milliseconds in repetition 297
tcp_ping received 16384 bytes back
Round trip time was 0.100959 milliseconds in repetition 298
tcp_ping received 16384 bytes back
Round trip time was 0.101363 milliseconds in repetition 299
tcp_ping received 16384 bytes back
Round trip time was 0.101535 milliseconds in repetition 300
tcp_ping received 16384 bytes back
Round trip time was 0.10052 milliseconds in repetition 301
tcp_ping received 16384 bytes back
Round trip time was 0.101184 milliseconds in repetition 302
tcp_ping received 16384 bytes back
Round trip time was 0.102353 milliseconds in repetition 303
tcp_ping received 16384 bytes back
Round trip time was 0.101137 milliseconds in repetition 304
tcp_ping received 16384 bytes back
Round trip time was 0.100951 milliseconds in repetition 305
tcp_ping received 16384 bytes back
Round trip time was 0.101124 milliseconds in repetition 306
tcp_ping received 16384 bytes back
Round trip time was 0.101281 milliseconds in repetition 307
tcp_ping received 16384 bytes back
Round trip time was 0.100465 milliseconds in repetition 308
tcp_ping received 16384 bytes back
Round trip time was 0.10108 milliseconds in repetition 309
tcp_ping received 16384 bytes back
Round trip time was 0.101347 milliseconds in repetition 310
tcp_ping received 16384 bytes back
Round trip time was 0.10144 milliseconds in repetition 311
tcp_ping received 16384 bytes back
Round trip time was 0.10117 milliseconds in repetition 312
tcp_ping received 16384 bytes back
Round trip time was 0.100852 milliseconds in repetition 313
tcp_ping received 16384 bytes back
Round trip time was 0.101212 milliseconds in repetition 314
tcp_ping received 16384 bytes back
Round trip time was 0.102158 milliseconds in repetition 315
tcp_ping received 16384 bytes back
Round trip time was 0.104982 milliseconds in repetition 316
tcp_ping received 16384 bytes back
Round trip time was 0.101988 milliseconds in repetition 317
tcp_ping received 16384 bytes back
Round trip time was 0.100962 milliseconds in repetition 318
tcp_ping received 16384 bytes back
Round trip time was 0.100997 milliseconds in repetition 319
tcp_ping received 16384 bytes back
Round trip time was 0.101109 milliseconds in repetition 320
tcp_ping received 16384 bytes back
Round trip time was 0.101063 milliseconds in repetition 321
tcp_ping received 16384 bytes back
Round trip time was 0.10069 milliseconds in repetition 322
tcp_ping received 16384 bytes back
Round trip time was 0.101115 milliseconds in repetition 323
tcp_ping received 16384 bytes back
Round trip time was 0.100245 milliseconds in repetition 324
tcp_ping received 16384 bytes back
Round trip time was 0.101116 milliseconds in repetition 325
tcp_ping received 16384 bytes back
Round trip time was 0.101238 milliseconds in repetition 326
tcp_ping received 16384 bytes back
Round trip time was 0.10097 milliseconds in repetition 327
tcp_ping received 16384 bytes back
Round trip time was 0.100838 milliseconds in repetition 328
tcp_ping received 16384 bytes back
Round trip time was 0.10095 milliseconds in repetition 329
tcp_ping received 16384 bytes back
Round trip time was 0.101173 milliseconds in repetition 330
tcp_ping received 16384 bytes back
Round trip time was 0.101286 milliseconds in repetition 331
tcp_ping received 16384 bytes back
Round trip time was 0.100772 milliseconds in repetition 332
tcp_ping received 16384 bytes back
Round trip time was 0.100618 milliseconds in repetition 333
tcp_ping received 16384 bytes back
Round trip time was 0.100698 milliseconds in repetition 334
tcp_ping received 16384 bytes back
Round trip time was 0.100968 milliseconds in repetition 335
tcp_ping received 16384 bytes back
Round trip time was 0.101015 milliseconds in repetition 336
tcp_ping received 16384 bytes back
Round trip time was 0.101108 milliseconds in repetition 337
tcp_ping received 16384 bytes back
Round trip time was 0.100777 milliseconds in repetition 338
tcp_ping received 16384 bytes back
Round trip time was 0.101408 milliseconds in repetition 339
tcp_ping received 16384 bytes back
Round trip time was 0.101434 milliseconds in repetition 340
tcp_ping received 16384 bytes back
Round trip time was 0.10048 milliseconds in repetition 341
tcp_ping received 16384 bytes back
Round trip time was 0.101086 milliseconds in repetition 342
tcp_ping received 16384 bytes back
Round trip time was 0.100755 milliseconds in repetition 343
tcp_ping received 16384 bytes back
Round trip time was 0.100891 milliseconds in repetition 344
tcp_ping received 16384 bytes back
Round trip time was 0.101167 milliseconds in repetition 345
tcp_ping received 16384 bytes back
Round trip time was 0.102613 milliseconds in repetition 346
tcp_ping received 16384 bytes back
Round trip time was 0.101705 milliseconds in repetition 347
tcp_ping received 16384 bytes back
Round trip time was 0.100789 milliseconds in repetition 348
tcp_ping received 16384 bytes back
Round trip time was 0.101252 milliseconds in repetition 349
tcp_ping received 16384 bytes back
Round trip time was 0.101237 milliseconds in repetition 350
tcp_ping received 16384 bytes back
Round trip time was 0.100498 milliseconds in repetition 351
tcp_ping received 16384 bytes back
Round trip time was 0.100836 milliseconds in repetition 352
tcp_ping received 16384 bytes back
Round trip time was 0.101137 milliseconds in repetition 353
tcp_ping received 16384 bytes back
Round trip time was 0.100454 milliseconds in repetition 354
tcp_ping received 16384 bytes back
Round trip time was 0.105706 milliseconds in repetition 355
tcp_ping received 16384 bytes back
Round trip time was 0.102544 milliseconds in repetition 356
tcp_ping received 16384 bytes back
Round trip time was 0.100922 milliseconds in repetition 357
tcp_ping received 16384 bytes back
Round trip time was 0.101307 milliseconds in repetition 358
tcp_ping received 16384 bytes back
Round trip time was 0.100645 milliseconds in repetition 359
tcp_ping received 16384 bytes back
Round trip time was 0.101137 milliseconds in repetition 360
tcp_ping received 16384 bytes back
Round trip time was 0.101546 milliseconds in repetition 361
tcp_ping received 16384 bytes back
Round trip time was 0.101242 milliseconds in repetition 362
tcp_ping received 16384 bytes back
Round trip time was 0.101903 milliseconds in repetition 363
tcp_ping received 16384 bytes back
Round trip time was 0.101522 milliseconds in repetition 364
tcp_ping received 16384 bytes back
Round trip time was 0.101537 milliseconds in repetition 365
tcp_ping received 16384 bytes back
Round trip time was 0.10089 milliseconds in repetition 366
tcp_ping received 16384 bytes back
Round trip time was 0.101074 milliseconds in repetition 367
tcp_ping received 16384 bytes back
Round trip time was 0.100866 milliseconds in repetition 368
tcp_ping received 16384 bytes back
Round trip time was 0.101467 milliseconds in repetition 369
tcp_ping received 16384 bytes back
Round trip time was 0.101128 milliseconds in repetition 370
tcp_ping received 16384 bytes back
Round trip time was 0.101378 milliseconds in repetition 371
tcp_ping received 16384 bytes back
Round trip time was 0.1013 milliseconds in repetition 372
tcp_ping received 16384 bytes back
Round trip time was 0.101453 milliseconds in repetition 373
tcp_ping received 16384 bytes back
Round trip time was 0.100617 milliseconds in repetition 374
tcp_ping received 16384 bytes back
Round trip time was 0.101062 milliseconds in repetition 375
tcp_ping received 16384 bytes back
Round trip time was 0.101504 milliseconds in repetition 376
tcp_ping received 16384 bytes back
Round trip time was 0.101193 milliseconds in repetition 377
tcp_ping received 16384 bytes back
Round trip time was 0.100849 milliseconds in repetition 378
tcp_ping received 16384 bytes back
Round trip time was 0.101041 milliseconds in repetition 379
tcp_ping received 16384 bytes back
Round trip time was 0.101279 milliseconds in repetition 380
tcp_ping received 16384 bytes back
Round trip time was 0.101264 milliseconds in repetition 381
tcp_ping received 16384 bytes back
Round trip time was 0.10155 milliseconds in repetition 382
tcp_ping received 16384 bytes back
Round trip time was 0.101147 milliseconds in repetition 383
tcp_ping received 16384 bytes back
Round trip time was 0.100787 milliseconds in repetition 384
tcp_ping received 16384 bytes back
Round trip time was 0.10155 milliseconds in repetition 385
tcp_ping received 16384 bytes back
Round trip time was 0.101355 milliseconds in repetition 386
tcp_ping received 16384 bytes back
Round trip time was 0.101101 milliseconds in repetition 387
tcp_ping received 16384 bytes back
Round trip time was 0.101452 milliseconds in repetition 388
tcp_ping received 16384 bytes back
Round trip time was 0.102773 milliseconds in repetition 389
tcp_ping received 16384 bytes back
Round trip time was 0.101684 milliseconds in repetition 390
tcp_ping received 16384 bytes back
Round trip time was 0.10076 milliseconds in repetition 391
tcp_ping received 16384 bytes back
Round trip time was 0.101378 milliseconds in repetition 392
tcp_ping received 16384 bytes back
Round trip time was 0.105323 milliseconds in repetition 393
tcp_ping received 16384 bytes back
Round trip time was 0.102741 milliseconds in repetition 394
tcp_ping received 16384 bytes back
Round trip time was 0.101132 milliseconds in repetition 395
tcp_ping received 16384 bytes back
Round trip time was 0.101423 milliseconds in repetition 396
tcp_ping received 16384 bytes back
Round trip time was 0.10109 milliseconds in repetition 397
tcp_ping received 16384 bytes back
Round trip time was 0.101202 milliseconds in repetition 398
tcp_ping received 16384 bytes back
Round trip time was 0.101068 milliseconds in repetition 399
tcp_ping received 16384 bytes back
Round trip time was 0.101128 milliseconds in repetition 400
tcp_ping received 16384 bytes back
Round trip time was 0.100878 milliseconds in repetition 401
tcp_ping received 16384 bytes back
Round trip time was 0.101081 milliseconds in repetition 402
tcp_ping received 16384 bytes back
Round trip time was 0.101414 milliseconds in repetition 403
tcp_ping received 16384 bytes back
Round trip time was 0.101635 milliseconds in repetition 404
tcp_ping received 16384 bytes back
Round trip time was 0.10131 milliseconds in repetition 405
tcp_ping received 16384 bytes back
Round trip time was 0.101008 milliseconds in repetition 406
tcp_ping received 16384 bytes back
Round trip time was 0.101476 milliseconds in repetition 407
tcp_ping received 16384 bytes back
Round trip time was 0.101028 milliseconds in repetition 408
tcp_ping received 16384 bytes back
Round trip time was 0.101096 milliseconds in repetition 409
tcp_ping received 16384 bytes back
Round trip time was 0.10085 milliseconds in repetition 410
tcp_ping received 16384 bytes back
Round trip time was 0.101231 milliseconds in repetition 411
tcp_ping received 16384 bytes back
Round trip time was 0.10124 milliseconds in repetition 412
tcp_ping received 16384 bytes back
Round trip time was 0.1011 milliseconds in repetition 413
tcp_ping received 16384 bytes back
Round trip time was 0.102004 milliseconds in repetition 414
tcp_ping received 16384 bytes back
Round trip time was 0.101199 milliseconds in repetition 415
tcp_ping received 16384 bytes back
Round trip time was 0.101549 milliseconds in repetition 416
tcp_ping received 16384 bytes back
Round trip time was 0.101452 milliseconds in repetition 417
tcp_ping received 16384 bytes back
Round trip time was 0.100468 milliseconds in repetition 418
tcp_ping received 16384 bytes back
Round trip time was 0.100561 milliseconds in repetition 419
tcp_ping received 16384 bytes back
Round trip time was 0.101301 milliseconds in repetition 420
tcp_ping received 16384 bytes back
Round trip time was 0.100761 milliseconds in repetition 421
tcp_ping received 16384 bytes back
Round trip time was 0.101238 milliseconds in repetition 422
tcp_ping received 16384 bytes back
Round trip time was 0.101347 milliseconds in repetition 423
tcp_ping received 16384 bytes back
Round trip time was 0.10103 milliseconds in repetition 424
tcp_ping received 16384 bytes back
Round trip time was 0.101054 milliseconds in repetition 425
tcp_ping received 16384 bytes back
Round trip time was 0.100793 milliseconds in repetition 426
tcp_ping received 16384 bytes back
Round trip time was 0.101219 milliseconds in repetition 427
tcp_ping received 16384 bytes back
Round trip time was 0.101437 milliseconds in repetition 428
tcp_ping received 16384 bytes back
Round trip time was 0.101467 milliseconds in repetition 429
tcp_ping received 16384 bytes back
Round trip time was 0.101033 milliseconds in repetition 430
tcp_ping received 16384 bytes back
Round trip time was 0.101024 milliseconds in repetition 431
tcp_ping received 16384 bytes back
Round trip time was 0.105863 milliseconds in repetition 432
tcp_ping received 16384 bytes back
Round trip time was 0.102303 milliseconds in repetition 433
tcp_ping received 16384 bytes back
Round trip time was 0.101588 milliseconds in repetition 434
tcp_ping received 16384 bytes back
Round trip time was 0.101224 milliseconds in repetition 435
tcp_ping received 16384 bytes back
Round trip time was 0.10157 milliseconds in repetition 436
tcp_ping received 16384 bytes back
Round trip time was 0.100758 milliseconds in repetition 437
tcp_ping received 16384 bytes back
Round trip time was 0.101157 milliseconds in repetition 438
tcp_ping received 16384 bytes back
Round trip time was 0.101179 milliseconds in repetition 439
tcp_ping received 16384 bytes back
Round trip time was 0.101227 milliseconds in repetition 440
tcp_ping received 16384 bytes back
Round trip time was 0.10132 milliseconds in repetition 441
tcp_ping received 16384 bytes back
Round trip time was 0.101165 milliseconds in repetition 442
tcp_ping received 16384 bytes back
Round trip time was 0.100929 milliseconds in repetition 443
tcp_ping received 16384 bytes back
Round trip time was 0.100854 milliseconds in repetition 444
tcp_ping received 16384 bytes back
Round trip time was 0.100777 milliseconds in repetition 445
tcp_ping received 16384 bytes back
Round trip time was 0.10103 milliseconds in repetition 446
tcp_ping received 16384 bytes back
Round trip time was 0.101648 milliseconds in repetition 447
tcp_ping received 16384 bytes back
Round trip time was 0.10086 milliseconds in repetition 448
tcp_ping received 16384 bytes back
Round trip time was 0.101646 milliseconds in repetition 449
tcp_ping received 16384 bytes back
Round trip time was 0.101058 milliseconds in repetition 450
tcp_ping received 16384 bytes back
Round trip time was 0.100981 milliseconds in repetition 451
tcp_ping received 16384 bytes back
Round trip time was 0.101485 milliseconds in repetition 452
tcp_ping received 16384 bytes back
Round trip time was 0.100428 milliseconds in repetition 453
tcp_ping received 16384 bytes back
Round trip time was 0.100851 milliseconds in repetition 454
tcp_ping received 16384 bytes back
Round trip time was 0.101117 milliseconds in repetition 455
tcp_ping received 16384 bytes back
Round trip time was 0.101571 milliseconds in repetition 456
tcp_ping received 16384 bytes back
Round trip time was 0.101627 milliseconds in repetition 457
tcp_ping received 16384 bytes back
Round trip time was 0.101126 milliseconds in repetition 458
tcp_ping received 16384 bytes back
Round trip time was 0.100736 milliseconds in repetition 459
tcp_ping received 16384 bytes back
Round trip time was 0.100699 milliseconds in repetition 460
tcp_ping received 16384 bytes back
Round trip time was 0.100697 milliseconds in repetition 461
tcp_ping received 16384 bytes back
Round trip time was 0.100882 milliseconds in repetition 462
tcp_ping received 16384 bytes back
Round trip time was 0.101409 milliseconds in repetition 463
tcp_ping received 16384 bytes back
Round trip time was 0.101052 milliseconds in repetition 464
tcp_ping received 16384 bytes back
Round trip time was 0.101353 milliseconds in repetition 465
tcp_ping received 16384 bytes back
Round trip time was 0.101094 milliseconds in repetition 466
tcp_ping received 16384 bytes back
Round trip time was 0.100629 milliseconds in repetition 467
tcp_ping received 16384 bytes back
Round trip time was 0.101621 milliseconds in repetition 468
tcp_ping received 16384 bytes back
Round trip time was 0.101041 milliseconds in repetition 469
tcp_ping received 16384 bytes back
Round trip time was 0.104926 milliseconds in repetition 470
tcp_ping received 16384 bytes back
Round trip time was 0.102039 milliseconds in repetition 471
tcp_ping received 16384 bytes back
Round trip time was 0.101574 milliseconds in repetition 472
tcp_ping received 16384 bytes back
Round trip time was 0.101485 milliseconds in repetition 473
tcp_ping received 16384 bytes back
Round trip time was 0.100967 milliseconds in repetition 474
tcp_ping received 16384 bytes back
Round trip time was 0.102259 milliseconds in repetition 475
tcp_ping received 16384 bytes back
Round trip time was 0.101317 milliseconds in repetition 476
tcp_ping received 16384 bytes back
Round trip time was 0.10157 milliseconds in repetition 477
tcp_ping received 16384 bytes back
Round trip time was 0.100969 milliseconds in repetition 478
tcp_ping received 16384 bytes back
Round trip time was 0.101571 milliseconds in repetition 479
tcp_ping received 16384 bytes back
Round trip time was 0.101017 milliseconds in repetition 480
tcp_ping received 16384 bytes back
Round trip time was 0.101271 milliseconds in repetition 481
tcp_ping received 16384 bytes back
Round trip time was 0.101574 milliseconds in repetition 482
tcp_ping received 16384 bytes back
Round trip time was 0.101376 milliseconds in repetition 483
tcp_ping received 16384 bytes back
Round trip time was 0.101772 milliseconds in repetition 484
tcp_ping received 16384 bytes back
Round trip time was 0.1012 milliseconds in repetition 485
tcp_ping received 16384 bytes back
Round trip time was 0.101238 milliseconds in repetition 486
tcp_ping received 16384 bytes back
Round trip time was 0.101442 milliseconds in repetition 487
tcp_ping received 16384 bytes back
Round trip time was 0.101032 milliseconds in repetition 488
tcp_ping received 16384 bytes back
Round trip time was 0.101128 milliseconds in repetition 489
tcp_ping received 16384 bytes back
Round trip time was 0.101826 milliseconds in repetition 490
tcp_ping received 16384 bytes back
Round trip time was 0.101369 milliseconds in repetition 491
tcp_ping received 16384 bytes back
Round trip time was 0.101153 milliseconds in repetition 492
tcp_ping received 16384 bytes back
Round trip time was 0.101113 milliseconds in repetition 493
tcp_ping received 16384 bytes back
Round trip time was 0.100671 milliseconds in repetition 494
tcp_ping received 16384 bytes back
Round trip time was 0.101534 milliseconds in repetition 495
tcp_ping received 16384 bytes back
Round trip time was 0.101105 milliseconds in repetition 496
tcp_ping received 16384 bytes back
Round trip time was 0.100938 milliseconds in repetition 497
tcp_ping received 16384 bytes back
Round trip time was 0.101368 milliseconds in repetition 498
tcp_ping received 16384 bytes back
Round trip time was 0.10135 milliseconds in repetition 499
tcp_ping received 16384 bytes back
Round trip time was 0.113663 milliseconds in repetition 500

 ... clock resolution was 1e-06
TCP Ping:  Statistics over 500 repetitions of 16384 byte messages

RTT : percentile 10: 0.100719, median: 0.1012, percentile 90: 0.102302, average: 0.101968, variance: 2.23755e-05

RTT histogram:
0.100191 326
0.102573 149
0.104955 12
0.107338 3
0.10972 2
0.112102 1
0.114485 1
0.116867 0
0.119249 0
0.121632 0
0.124014 0
0.126396 0
0.128779 0
0.131161 0
0.133543 0
0.135926 0
0.138308 0
0.14069 4
0.143073 0
0.145455 0
0.147838 2

   median Throughput : 323794 KB/s   overall Throughput : 321356 KB/s

