TCP Ping trying to connect to server localhost (127.0.0.1) on port 1491
 ... connected to Pong server: asking for 500 repetitions of 64 bytes TCP messages
 ... Pong server agreed :-)
tcp_ping received 64 bytes back
Round trip time was 0.030231 milliseconds in repetition 1
tcp_ping received 64 bytes back
Round trip time was 0.017017 milliseconds in repetition 2
tcp_ping received 64 bytes back
Round trip time was 0.015342 milliseconds in repetition 3
tcp_ping received 64 bytes back
Round trip time was 0.015081 milliseconds in repetition 4
tcp_ping received 64 bytes back
Round trip time was 0.014783 milliseconds in repetition 5
tcp_ping received 64 bytes back
Round trip time was 0.014855 milliseconds in repetition 6
tcp_ping received 64 bytes back
Round trip time was 0.014787 milliseconds in repetition 7
tcp_ping received 64 bytes back
Round trip time was 0.014742 milliseconds in repetition 8
tcp_ping received 64 bytes back
Round trip time was 0.015181 milliseconds in repetition 9
tcp_ping received 64 bytes back
Round trip time was 0.014957 milliseconds in repetition 10
tcp_ping received 64 bytes back
Round trip time was 0.014895 milliseconds in repetition 11
tcp_ping received 64 bytes back
Round trip time was 0.014638 milliseconds in repetition 12
tcp_ping received 64 bytes back
Round trip time was 0.014809 milliseconds in repetition 13
tcp_ping received 64 bytes back
Round trip time was 0.015007 milliseconds in repetition 14
tcp_ping received 64 bytes back
Round trip time was 0.015083 milliseconds in repetition 15
tcp_ping received 64 bytes back
Round trip time was 0.01481 milliseconds in repetition 16
tcp_ping received 64 bytes back
Round trip time was 0.014769 milliseconds in repetition 17
tcp_ping received 64 bytes back
Round trip time was 0.015058 milliseconds in repetition 18
tcp_ping received 64 bytes back
Round trip time was 0.015005 milliseconds in repetition 19
tcp_ping received 64 bytes back
Round trip time was 0.014817 milliseconds in repetition 20
tcp_ping received 64 bytes back
Round trip time was 0.014802 milliseconds in repetition 21
tcp_ping received 64 bytes back
Round trip time was 0.014961 milliseconds in repetition 22
tcp_ping received 64 bytes back
Round trip time was 0.014832 milliseconds in repetition 23
tcp_ping received 64 bytes back
Round trip time was 0.014716 milliseconds in repetition 24
tcp_ping received 64 bytes back
Round trip time was 0.014719 milliseconds in repetition 25
tcp_ping received 64 bytes back
Round trip time was 0.014893 milliseconds in repetition 26
tcp_ping received 64 bytes back
Round trip time was 0.014685 milliseconds in repetition 27
tcp_ping received 64 bytes back
Round trip time was 0.014723 milliseconds in repetition 28
tcp_ping received 64 bytes back
Round trip time was 0.014693 milliseconds in repetition 29
tcp_ping received 64 bytes back
Round trip time was 0.015023 milliseconds in repetition 30
tcp_ping received 64 bytes back
Round trip time was 0.014796 milliseconds in repetition 31
tcp_ping received 64 bytes back
Round trip time was 0.014641 milliseconds in repetition 32
tcp_ping received 64 bytes back
Round trip time was 0.014529 milliseconds in repetition 33
tcp_ping received 64 bytes back
Round trip time was 0.014923 milliseconds in repetition 34
tcp_ping received 64 bytes back
Round trip time was 0.014743 milliseconds in repetition 35
tcp_ping received 64 bytes back
Round trip time was 0.014489 milliseconds in repetition 36
tcp_ping received 64 bytes back
Round trip time was 0.014794 milliseconds in repetition 37
tcp_ping received 64 bytes back
Round trip time was 0.014956 milliseconds in repetition 38
tcp_ping received 64 bytes back
Round trip time was 0.015245 milliseconds in repetition 39
tcp_ping received 64 bytes back
Round trip time was 0.014845 milliseconds in repetition 40
tcp_ping received 64 bytes back
Round trip time was 0.015098 milliseconds in repetition 41
tcp_ping received 64 bytes back
Round trip time was 0.01486 milliseconds in repetition 42
tcp_ping received 64 bytes back
Round trip time was 0.014804 milliseconds in repetition 43
tcp_ping received 64 bytes back
Round trip time was 0.014629 milliseconds in repetition 44
tcp_ping received 64 bytes back
Round trip time was 0.017171 milliseconds in repetition 45
tcp_ping received 64 bytes back
Round trip time was 0.015235 milliseconds in repetition 46
tcp_ping received 64 bytes back
Round trip time was 0.014959 milliseconds in repetition 47
tcp_ping received 64 bytes back
Round trip time was 0.014855 milliseconds in repetition 48
tcp_ping received 64 bytes back
Round trip time was 0.0149 milliseconds in repetition 49
tcp_ping received 64 bytes back
Round trip time was 0.014862 milliseconds in repetition 50
tcp_ping received 64 bytes back
Round trip time was 0.014833 milliseconds in repetition 51
tcp_ping received 64 bytes back
Round trip time was 0.015015 milliseconds in repetition 52
tcp_ping received 64 bytes back
Round trip time was 0.015049 milliseconds in repetition 53
tcp_ping received 64 bytes back
Round trip time was 0.014892 milliseconds in repetition 54
tcp_ping received 64 bytes back
Round trip time was 0.015056 milliseconds in repetition 55
tcp_ping received 64 bytes back
Round trip time was 0.015195 milliseconds in repetition 56
tcp_ping received 64 bytes back
Round trip time was 0.015016 milliseconds in repetition 57
tcp_ping received 64 bytes back
Round trip time was 0.015228 milliseconds in repetition 58
tcp_ping received 64 bytes back
Round trip time was 0.014999 milliseconds in repetition 59
tcp_ping received 64 bytes back
Round trip time was 0.015102 milliseconds in repetition 60
tcp_ping received 64 bytes back
Round trip time was 0.01476 milliseconds in repetition 61
tcp_ping received 64 bytes back
Round trip time was 0.014787 milliseconds in repetition 62
tcp_ping received 64 bytes back
Round trip time was 0.014976 milliseconds in repetition 63
tcp_ping received 64 bytes back
Round trip time was 0.015286 milliseconds in repetition 64
tcp_ping received 64 bytes back
Round trip time was 0.015164 milliseconds in repetition 65
tcp_ping received 64 bytes back
Round trip time was 0.015232 milliseconds in repetition 66
tcp_ping received 64 bytes back
Round trip time was 0.014927 milliseconds in repetition 67
tcp_ping received 64 bytes back
Round trip time was 0.014825 milliseconds in repetition 68
tcp_ping received 64 bytes back
Round trip time was 0.014825 milliseconds in repetition 69
tcp_ping received 64 bytes back
Round trip time was 0.015175 milliseconds in repetition 70
tcp_ping received 64 bytes back
Round trip time was 0.014686 milliseconds in repetition 71
tcp_ping received 64 bytes back
Round trip time was 0.014784 milliseconds in repetition 72
tcp_ping received 64 bytes back
Round trip time was 0.014898 milliseconds in repetition 73
tcp_ping received 64 bytes back
Round trip time was 0.015008 milliseconds in repetition 74
tcp_ping received 64 bytes back
Round trip time was 0.014643 milliseconds in repetition 75
tcp_ping received 64 bytes back
Round trip time was 0.014692 milliseconds in repetition 76
tcp_ping received 64 bytes back
Round trip time was 0.014738 milliseconds in repetition 77
tcp_ping received 64 bytes back
Round trip time was 0.014911 milliseconds in repetition 78
tcp_ping received 64 bytes back
Round trip time was 0.015023 milliseconds in repetition 79
tcp_ping received 64 bytes back
Round trip time was 0.014914 milliseconds in repetition 80
tcp_ping received 64 bytes back
Round trip time was 0.014623 milliseconds in repetition 81
tcp_ping received 64 bytes back
Round trip time was 0.015055 milliseconds in repetition 82
tcp_ping received 64 bytes back
Round trip time was 0.014842 milliseconds in repetition 83
tcp_ping received 64 bytes back
Round trip time was 0.015063 milliseconds in repetition 84
tcp_ping received 64 bytes back
Round trip time was 0.015038 milliseconds in repetition 85
tcp_ping received 64 bytes back
Round trip time was 0.015021 milliseconds in repetition 86
tcp_ping received 64 bytes back
Round trip time was 0.014762 milliseconds in repetition 87
tcp_ping received 64 bytes back
Round trip time was 0.015082 milliseconds in repetition 88
tcp_ping received 64 bytes back
Round trip time was 0.01481 milliseconds in repetition 89
tcp_ping received 64 bytes back
Round trip time was 0.016989 milliseconds in repetition 90
tcp_ping received 64 bytes back
Round trip time was 0.015278 milliseconds in repetition 91
tcp_ping received 64 bytes back
Round trip time was 0.015182 milliseconds in repetition 92
tcp_ping received 64 bytes back
Round trip time was 0.014921 milliseconds in repetition 93
tcp_ping received 64 bytes back
Round trip time was 0.014826 milliseconds in repetition 94
tcp_ping received 64 bytes back
Round trip time was 0.014828 milliseconds in repetition 95
tcp_ping received 64 bytes back
Round trip time was 0.015101 milliseconds in repetition 96
tcp_ping received 64 bytes back
Round trip time was 0.014806 milliseconds in repetition 97
tcp_ping received 64 bytes back
Round trip time was 0.014844 milliseconds in repetition 98
tcp_ping received 64 bytes back
Round trip time was 0.015202 milliseconds in repetition 99
tcp_ping received 64 bytes back
Round trip time was 0.014947 milliseconds in repetition 100
tcp_ping received 64 bytes back
Round trip time was 0.014842 milliseconds in repetition 101
tcp_ping received 64 bytes back
Round trip time was 0.014746 milliseconds in repetition 102
tcp_ping received 64 bytes back
Round trip time was 0.014778 milliseconds in repetition 103
tcp_ping received 64 bytes back
Round trip time was 0.014921 milliseconds in repetition 104
tcp_ping received 64 bytes back
Round trip time was 0.014812 milliseconds in repetition 105
tcp_ping received 64 bytes back
Round trip time was 0.014939 milliseconds in repetition 106
tcp_ping received 64 bytes back
Round trip time was 0.014777 milliseconds in repetition 107
tcp_ping received 64 bytes back
Round trip time was 0.014845 milliseconds in repetition 108
tcp_ping received 64 bytes back
Round trip time was 0.014722 milliseconds in repetition 109
tcp_ping received 64 bytes back
Round trip time was 0.014791 milliseconds in repetition 110
tcp_ping received 64 bytes back
Round trip time was 0.014846 milliseconds in repetition 111
tcp_ping received 64 bytes back
Round trip time was 0.014883 milliseconds in repetition 112
tcp_ping received 64 bytes back
Round trip time was 0.014906 milliseconds in repetition 113
tcp_ping received 64 bytes back
Round trip time was 0.015093 milliseconds in repetition 114
tcp_ping received 64 bytes back
Round trip time was 0.015116 milliseconds in repetition 115
tcp_ping received 64 bytes back
Round trip time was 0.014954 milliseconds in repetition 116
tcp_ping received 64 bytes back
Round trip time was 0.014848 milliseconds in repetition 117
tcp_ping received 64 bytes back
Round trip time was 0.01483 milliseconds in repetition 118
tcp_ping received 64 bytes back
Round trip time was 0.014903 milliseconds in repetition 119
tcp_ping received 64 bytes back
Round trip time was 0.014938 milliseconds in repetition 120
tcp_ping received 64 bytes back
Round trip time was 0.014905 milliseconds in repetition 121
tcp_ping received 64 bytes back
Round trip time was 0.014956 milliseconds in repetition 122
tcp_ping received 64 bytes back
Round trip time was 0.015175 milliseconds in repetition 123
tcp_ping received 64 bytes back
Round trip time was 0.014811 milliseconds in repetition 124
tcp_ping received 64 bytes back
Round trip time was 0.014936 milliseconds in repetition 125
tcp_ping received 64 bytes back
Round trip time was 0.014939 milliseconds in repetition 126
tcp_ping received 64 bytes back
Round trip time was 0.014681 milliseconds in repetition 127
tcp_ping received 64 bytes back
Round trip time was 0.014809 milliseconds in repetition 128
tcp_ping received 64 bytes back
Round trip time was 0.014764 milliseconds in repetition 129
tcp_ping received 64 bytes back
Round trip time was 0.015234 milliseconds in repetition 130
tcp_ping received 64 bytes back
Round trip time was 0.015086 milliseconds in repetition 131
tcp_ping received 64 bytes back
Round trip time was 0.015112 milliseconds in repetition 132
tcp_ping received 64 bytes back
Round trip time was 0.014833 milliseconds in repetition 133
tcp_ping received 64 bytes back
Round trip time was 0.016761 milliseconds in repetition 134
tcp_ping received 64 bytes back
Round trip time was 0.015108 milliseconds in repetition 135
tcp_ping received 64 bytes back
Round trip time was 0.014875 milliseconds in repetition 136
tcp_ping received 64 bytes back
Round trip time was 0.014637 milliseconds in repetition 137
tcp_ping received 64 bytes back
Round trip time was 0.01496 milliseconds in repetition 138
tcp_ping received 64 bytes back
Round trip time was 0.015224 milliseconds in repetition 139
tcp_ping received 64 bytes back
Round trip time was 0.01486 milliseconds in repetition 140
tcp_ping received 64 bytes back
Round trip time was 0.014919 milliseconds in repetition 141
tcp_ping received 64 bytes back
Round trip time was 0.014928 milliseconds in repetition 142
tcp_ping received 64 bytes back
Round trip time was 0.01517 milliseconds in repetition 143
tcp_ping received 64 bytes back
Round trip time was 0.014828 milliseconds in repetition 144
tcp_ping received 64 bytes back
Round trip time was 0.014787 milliseconds in repetition 145
tcp_ping received 64 bytes back
Round trip time was 0.014802 milliseconds in repetition 146
tcp_ping received 64 bytes back
Round trip time was 0.015358 milliseconds in repetition 147
tcp_ping received 64 bytes back
Round trip time was 0.015071 milliseconds in repetition 148
tcp_ping received 64 bytes back
Round trip time was 0.015244 milliseconds in repetition 149
tcp_ping received 64 bytes back
Round trip time was 0.015141 milliseconds in repetition 150
tcp_ping received 64 bytes back
Round trip time was 0.014836 milliseconds in repetition 151
tcp_ping received 64 bytes back
Round trip time was 0.014812 milliseconds in repetition 152
tcp_ping received 64 bytes back
Round trip time was 0.014588 milliseconds in repetition 153
tcp_ping received 64 bytes back
Round trip time was 0.015087 milliseconds in repetition 154
tcp_ping received 64 bytes back
Round trip time was 0.015088 milliseconds in repetition 155
tcp_ping received 64 bytes back
Round trip time was 0.015154 milliseconds in repetition 156
tcp_ping received 64 bytes back
Round trip time was 0.014857 milliseconds in repetition 157
tcp_ping received 64 bytes back
Round trip time was 0.015197 milliseconds in repetition 158
tcp_ping received 64 bytes back
Round trip time was 0.015206 milliseconds in repetition 159
tcp_ping received 64 bytes back
Round trip time was 0.015227 milliseconds in repetition 160
tcp_ping received 64 bytes back
Round trip time was 0.014853 milliseconds in repetition 161
tcp_ping received 64 bytes back
Round trip time was 0.014705 milliseconds in repetition 162
tcp_ping received 64 bytes back
Round trip time was 0.015248 milliseconds in repetition 163
tcp_ping received 64 bytes back
Round trip time was 0.01502 milliseconds in repetition 164
tcp_ping received 64 bytes back
Round trip time was 0.014938 milliseconds in repetition 165
tcp_ping received 64 bytes back
Round trip time was 0.014962 milliseconds in repetition 166
tcp_ping received 64 bytes back
Round trip time was 0.015052 milliseconds in repetition 167
tcp_ping received 64 bytes back
Round trip time was 0.014955 milliseconds in repetition 168
tcp_ping received 64 bytes back
Round trip time was 0.01467 milliseconds in repetition 169
tcp_ping received 64 bytes back
Round trip time was 0.014947 milliseconds in repetition 170
tcp_ping received 64 bytes back
Round trip time was 0.015057 milliseconds in repetition 171
tcp_ping received 64 bytes back
Round trip time was 0.014911 milliseconds in repetition 172
tcp_ping received 64 bytes back
Round trip time was 0.014964 milliseconds in repetition 173
tcp_ping received 64 bytes back
Round trip time was 0.014998 milliseconds in repetition 174
tcp_ping received 64 bytes back
Round trip time was 0.015021 milliseconds in repetition 175
tcp_ping received 64 bytes back
Round trip time was 0.015075 milliseconds in repetition 176
tcp_ping received 64 bytes back
Round trip time was 0.01502 milliseconds in repetition 177
tcp_ping received 64 bytes back
Round trip time was 0.014839 milliseconds in repetition 178
tcp_ping received 64 bytes back
Round trip time was 0.016747 milliseconds in repetition 179
tcp_ping received 64 bytes back
Round trip time was 0.015102 milliseconds in repetition 180
tcp_ping received 64 bytes back
Round trip time was 0.014551 milliseconds in repetition 181
tcp_ping received 64 bytes back
Round trip time was 0.014805 milliseconds in repetition 182
tcp_ping received 64 bytes back
Round trip time was 0.014909 milliseconds in repetition 183
tcp_ping received 64 bytes back
Round trip time was 0.015038 milliseconds in repetition 184
tcp_ping received 64 bytes back
Round trip time was 0.014627 milliseconds in repetition 185
tcp_ping received 64 bytes back
Round trip time was 0.015484 milliseconds in repetition 186
tcp_ping received 64 bytes back
Round trip time was 0.014886 milliseconds in repetition 187
tcp_ping received 64 bytes back
Round trip time was 0.014842 milliseconds in repetition 188
tcp_ping received 64 bytes back
Round trip time was 0.014739 milliseconds in repetition 189
tcp_ping received 64 bytes back
Round trip time was 0.014945 milliseconds in repetition 190
tcp_ping received 64 bytes back
Round trip time was 0.01502 milliseconds in repetition 191
tcp_ping received 64 bytes back
Round trip time was 0.014917 milliseconds in repetition 192
tcp_ping received 64 bytes back
Round trip time was 0.01473 milliseconds in repetition 193
tcp_ping received 64 bytes back
Round trip time was 0.015043 milliseconds in repetition 194
tcp_ping received 64 bytes back
Round trip time was 0.015066 milliseconds in repetition 195
tcp_ping received 64 bytes back
Round trip time was 0.014923 milliseconds in repetition 196
tcp_ping received 64 bytes back
Round trip time was 0.014709 milliseconds in repetition 197
tcp_ping received 64 bytes back
Round trip time was 0.015022 milliseconds in repetition 198
tcp_ping received 64 bytes back
Round trip time was 0.014944 milliseconds in repetition 199
tcp_ping received 64 bytes back
Round trip time was 0.014958 milliseconds in repetition 200
tcp_ping received 64 bytes back
Round trip time was 0.014909 milliseconds in repetition 201
tcp_ping received 64 bytes back
Round trip time was 0.014902 milliseconds in repetition 202
tcp_ping received 64 bytes back
Round trip time was 0.014996 milliseconds in repetition 203
tcp_ping received 64 bytes back
Round trip time was 0.014919 milliseconds in repetition 204
tcp_ping received 64 bytes back
Round trip time was 0.014848 milliseconds in repetition 205
tcp_ping received 64 bytes back
Round trip time was 0.015004 milliseconds in repetition 206
tcp_ping received 64 bytes back
Round trip time was 0.014889 milliseconds in repetition 207
tcp_ping received 64 bytes back
Round trip time was 0.014899 milliseconds in repetition 208
tcp_ping received 64 bytes back
Round trip time was 0.014715 milliseconds in repetition 209
tcp_ping received 64 bytes back
Round trip time was 0.01507 milliseconds in repetition 210
tcp_ping received 64 bytes back
Round trip time was 0.014952 milliseconds in repetition 211
tcp_ping received 64 bytes back
Round trip time was 0.014986 milliseconds in repetition 212
tcp_ping received 64 bytes back
Round trip time was 0.014953 milliseconds in repetition 213
tcp_ping received 64 bytes back
Round trip time was 0.014796 milliseconds in repetition 214
tcp_ping received 64 bytes back
Round trip time was 0.014893 milliseconds in repetition 215
tcp_ping received 64 bytes back
Round trip time was 0.014907 milliseconds in repetition 216
tcp_ping received 64 bytes back
Round trip time was 0.014803 milliseconds in repetition 217
tcp_ping received 64 bytes back
Round trip time was 0.015032 milliseconds in repetition 218
tcp_ping received 64 bytes back
Round trip time was 0.015226 milliseconds in repetition 219
tcp_ping received 64 bytes back
Round trip time was 0.014957 milliseconds in repetition 220
tcp_ping received 64 bytes back
Round trip time was 0.014909 milliseconds in repetition 221
tcp_ping received 64 bytes back
Round trip time was 0.015068 milliseconds in repetition 222
tcp_ping received 64 bytes back
Round trip time was 0.016344 milliseconds in repetition 223
tcp_ping received 64 bytes back
Round trip time was 0.0149 milliseconds in repetition 224
tcp_ping received 64 bytes back
Round trip time was 0.014695 milliseconds in repetition 225
tcp_ping received 64 bytes back
Round trip time was 0.014935 milliseconds in repetition 226
tcp_ping received 64 bytes back
Round trip time was 0.014951 milliseconds in repetition 227
tcp_ping received 64 bytes back
Round trip time was 0.014795 milliseconds in repetition 228
tcp_ping received 64 bytes back
Round trip time was 0.014645 milliseconds in repetition 229
tcp_ping received 64 bytes back
Round trip time was 0.027725 milliseconds in repetition 230
tcp_ping received 64 bytes back
Round trip time was 0.028091 milliseconds in repetition 231
tcp_ping received 64 bytes back
Round trip time was 0.017095 milliseconds in repetition 232
tcp_ping received 64 bytes back
Round trip time was 0.016982 milliseconds in repetition 233
tcp_ping received 64 bytes back
Round trip time was 0.016729 milliseconds in repetition 234
tcp_ping received 64 bytes back
Round trip time was 0.016791 milliseconds in repetition 235
tcp_ping received 64 bytes back
Round trip time was 0.016796 milliseconds in repetition 236
tcp_ping received 64 bytes back
Round trip time was 0.016669 milliseconds in repetition 237
tcp_ping received 64 bytes back
Round trip time was 0.016741 milliseconds in repetition 238
tcp_ping received 64 bytes back
Round trip time was 0.016363 milliseconds in repetition 239
tcp_ping received 64 bytes back
Round trip time was 0.016074 milliseconds in repetition 240
tcp_ping received 64 bytes back
Round trip time was 0.040695 milliseconds in repetition 241
tcp_ping received 64 bytes back
Round trip time was 0.017249 milliseconds in repetition 242
tcp_ping received 64 bytes back
Round trip time was 0.0193 milliseconds in repetition 243
tcp_ping received 64 bytes back
Round trip time was 0.017553 milliseconds in repetition 244
tcp_ping received 64 bytes back
Round trip time was 0.017497 milliseconds in repetition 245
tcp_ping received 64 bytes back
Round trip time was 0.015363 milliseconds in repetition 246
tcp_ping received 64 bytes back
Round trip time was 0.014831 milliseconds in repetition 247
tcp_ping received 64 bytes back
Round trip time was 0.014782 milliseconds in repetition 248
tcp_ping received 64 bytes back
Round trip time was 0.015074 milliseconds in repetition 249
tcp_ping received 64 bytes back
Round trip time was 0.015155 milliseconds in repetition 250
tcp_ping received 64 bytes back
Round trip time was 0.015012 milliseconds in repetition 251
tcp_ping received 64 bytes back
Round trip time was 0.015589 milliseconds in repetition 252
tcp_ping received 64 bytes back
Round trip time was 0.015078 milliseconds in repetition 253
tcp_ping received 64 bytes back
Round trip time was 0.015221 milliseconds in repetition 254
tcp_ping received 64 bytes back
Round trip time was 0.015002 milliseconds in repetition 255
tcp_ping received 64 bytes back
Round trip time was 0.014908 milliseconds in repetition 256
tcp_ping received 64 bytes back
Round trip time was 0.015049 milliseconds in repetition 257
tcp_ping received 64 bytes back
Round trip time was 0.014894 milliseconds in repetition 258
tcp_ping received 64 bytes back
Round trip time was 0.015199 milliseconds in repetition 259
tcp_ping received 64 bytes back
Round trip time was 0.014876 milliseconds in repetition 260
tcp_ping received 64 bytes back
Round trip time was 0.015112 milliseconds in repetition 261
tcp_ping received 64 bytes back
Round trip time was 0.015212 milliseconds in repetition 262
tcp_ping received 64 bytes back
Round trip time was 0.01514 milliseconds in repetition 263
tcp_ping received 64 bytes back
Round trip time was 0.014801 milliseconds in repetition 264
tcp_ping received 64 bytes back
Round trip time was 0.015119 milliseconds in repetition 265
tcp_ping received 64 bytes back
Round trip time was 0.015131 milliseconds in repetition 266
tcp_ping received 64 bytes back
Round trip time was 0.015012 milliseconds in repetition 267
tcp_ping received 64 bytes back
Round trip time was 0.017236 milliseconds in repetition 268
tcp_ping received 64 bytes back
Round trip time was 0.015246 milliseconds in repetition 269
tcp_ping received 64 bytes back
Round trip time was 0.014952 milliseconds in repetition 270
tcp_ping received 64 bytes back
Round trip time was 0.014886 milliseconds in repetition 271
tcp_ping received 64 bytes back
Round trip time was 0.01452 milliseconds in repetition 272
tcp_ping received 64 bytes back
Round trip time was 0.014898 milliseconds in repetition 273
tcp_ping received 64 bytes back
Round trip time was 0.015208 milliseconds in repetition 274
tcp_ping received 64 bytes back
Round trip time was 0.015236 milliseconds in repetition 275
tcp_ping received 64 bytes back
Round trip time was 0.014765 milliseconds in repetition 276
tcp_ping received 64 bytes back
Round trip time was 0.01497 milliseconds in repetition 277
tcp_ping received 64 bytes back
Round trip time was 0.01505 milliseconds in repetition 278
tcp_ping received 64 bytes back
Round trip time was 0.014777 milliseconds in repetition 279
tcp_ping received 64 bytes back
Round trip time was 0.014738 milliseconds in repetition 280
tcp_ping received 64 bytes back
Round trip time was 0.014968 milliseconds in repetition 281
tcp_ping received 64 bytes back
Round trip time was 0.015115 milliseconds in repetition 282
tcp_ping received 64 bytes back
Round trip time was 0.014903 milliseconds in repetition 283
tcp_ping received 64 bytes back
Round trip time was 0.014889 milliseconds in repetition 284
tcp_ping received 64 bytes back
Round trip time was 0.014833 milliseconds in repetition 285
tcp_ping received 64 bytes back
Round trip time was 0.015272 milliseconds in repetition 286
tcp_ping received 64 bytes back
Round trip time was 0.014873 milliseconds in repetition 287
tcp_ping received 64 bytes back
Round trip time was 0.014861 milliseconds in repetition 288
tcp_ping received 64 bytes back
Round trip time was 0.014921 milliseconds in repetition 289
tcp_ping received 64 bytes back
Round trip time was 0.015209 milliseconds in repetition 290
tcp_ping received 64 bytes back
Round trip time was 0.015188 milliseconds in repetition 291
tcp_ping received 64 bytes back
Round trip time was 0.014684 milliseconds in repetition 292
tcp_ping received 64 bytes back
Round trip time was 0.014991 milliseconds in repetition 293
tcp_ping received 64 bytes back
Round trip time was 0.015275 milliseconds in repetition 294
tcp_ping received 64 bytes back
Round trip time was 0.015049 milliseconds in repetition 295
tcp_ping received 64 bytes back
Round trip time was 0.015074 milliseconds in repetition 296
tcp_ping received 64 bytes back
Round trip time was 0.015046 milliseconds in repetition 297
tcp_ping received 64 bytes back
Round trip time was 0.015343 milliseconds in repetition 298
tcp_ping received 64 bytes back
Round trip time was 0.015069 milliseconds in repetition 299
tcp_ping received 64 bytes back
Round trip time was 0.015583 milliseconds in repetition 300
tcp_ping received 64 bytes back
Round trip time was 0.015087 milliseconds in repetition 301
tcp_ping received 64 bytes back
Round trip time was 0.015479 milliseconds in repetition 302
tcp_ping received 64 bytes back
Round trip time was 0.014918 milliseconds in repetition 303
tcp_ping received 64 bytes back
Round trip time was 0.015097 milliseconds in repetition 304
tcp_ping received 64 bytes back
Round trip time was 0.015073 milliseconds in repetition 305
tcp_ping received 64 bytes back
Round trip time was 0.015121 milliseconds in repetition 306
tcp_ping received 64 bytes back
Round trip time was 0.014915 milliseconds in repetition 307
tcp_ping received 64 bytes back
Round trip time was 0.014713 milliseconds in repetition 308
tcp_ping received 64 bytes back
Round trip time was 0.0149 milliseconds in repetition 309
tcp_ping received 64 bytes back
Round trip time was 0.01481 milliseconds in repetition 310
tcp_ping received 64 bytes back
Round trip time was 0.014809 milliseconds in repetition 311
tcp_ping received 64 bytes back
Round trip time was 0.0148 milliseconds in repetition 312
tcp_ping received 64 bytes back
Round trip time was 0.016483 milliseconds in repetition 313
tcp_ping received 64 bytes back
Round trip time was 0.015326 milliseconds in repetition 314
tcp_ping received 64 bytes back
Round trip time was 0.014937 milliseconds in repetition 315
tcp_ping received 64 bytes back
Round trip time was 0.014978 milliseconds in repetition 316
tcp_ping received 64 bytes back
Round trip time was 0.014948 milliseconds in repetition 317
tcp_ping received 64 bytes back
Round trip time was 0.015178 milliseconds in repetition 318
tcp_ping received 64 bytes back
Round trip time was 0.014867 milliseconds in repetition 319
tcp_ping received 64 bytes back
Round trip time was 0.015396 milliseconds in repetition 320
tcp_ping received 64 bytes back
Round trip time was 0.015065 milliseconds in repetition 321
tcp_ping received 64 bytes back
Round trip time was 0.015135 milliseconds in repetition 322
tcp_ping received 64 bytes back
Round trip time was 0.015159 milliseconds in repetition 323
tcp_ping received 64 bytes back
Round trip time was 0.015304 milliseconds in repetition 324
tcp_ping received 64 bytes back
Round trip time was 0.014929 milliseconds in repetition 325
tcp_ping received 64 bytes back
Round trip time was 0.015054 milliseconds in repetition 326
tcp_ping received 64 bytes back
Round trip time was 0.014989 milliseconds in repetition 327
tcp_ping received 64 bytes back
Round trip time was 0.015159 milliseconds in repetition 328
tcp_ping received 64 bytes back
Round trip time was 0.015182 milliseconds in repetition 329
tcp_ping received 64 bytes back
Round trip time was 0.015016 milliseconds in repetition 330
tcp_ping received 64 bytes back
Round trip time was 0.014824 milliseconds in repetition 331
tcp_ping received 64 bytes back
Round trip time was 0.015009 milliseconds in repetition 332
tcp_ping received 64 bytes back
Round trip time was 0.015088 milliseconds in repetition 333
tcp_ping received 64 bytes back
Round trip time was 0.015197 milliseconds in repetition 334
tcp_ping received 64 bytes back
Round trip time was 0.01482 milliseconds in repetition 335
tcp_ping received 64 bytes back
Round trip time was 0.015004 milliseconds in repetition 336
tcp_ping received 64 bytes back
Round trip time was 0.015055 milliseconds in repetition 337
tcp_ping received 64 bytes back
Round trip time was 0.014988 milliseconds in repetition 338
tcp_ping received 64 bytes back
Round trip time was 0.015066 milliseconds in repetition 339
tcp_ping received 64 bytes back
Round trip time was 0.01522 milliseconds in repetition 340
tcp_ping received 64 bytes back
Round trip time was 0.016755 milliseconds in repetition 341
tcp_ping received 64 bytes back
Round trip time was 0.015253 milliseconds in repetition 342
tcp_ping received 64 bytes back
Round trip time was 0.014967 milliseconds in repetition 343
tcp_ping received 64 bytes back
Round trip time was 0.015024 milliseconds in repetition 344
tcp_ping received 64 bytes back
Round trip time was 0.015133 milliseconds in repetition 345
tcp_ping received 64 bytes back
Round trip time was 0.015312 milliseconds in repetition 346
tcp_ping received 64 bytes back
Round trip time was 0.014983 milliseconds in repetition 347
tcp_ping received 64 bytes back
Round trip time was 0.015433 milliseconds in repetition 348
tcp_ping received 64 bytes back
Round trip time was 0.015182 milliseconds in repetition 349
tcp_ping received 64 bytes back
Round trip time was 0.015099 milliseconds in repetition 350
tcp_ping received 64 bytes back
Round trip time was 0.015198 milliseconds in repetition 351
tcp_ping received 64 bytes back
Round trip time was 0.015359 milliseconds in repetition 352
tcp_ping received 64 bytes back
Round trip time was 0.015123 milliseconds in repetition 353
tcp_ping received 64 bytes back
Round trip time was 0.0154 milliseconds in repetition 354
tcp_ping received 64 bytes back
Round trip time was 0.015177 milliseconds in repetition 355
tcp_ping received 64 bytes back
Round trip time was 0.015562 milliseconds in repetition 356
tcp_ping received 64 bytes back
Round trip time was 0.016402 milliseconds in repetition 357
tcp_ping received 64 bytes back
Round trip time was 0.015282 milliseconds in repetition 358
tcp_ping received 64 bytes back
Round trip time was 0.015209 milliseconds in repetition 359
tcp_ping received 64 bytes back
Round trip time was 0.014914 milliseconds in repetition 360
tcp_ping received 64 bytes back
Round trip time was 0.014913 milliseconds in repetition 361
tcp_ping received 64 bytes back
Round trip time was 0.015343 milliseconds in repetition 362
tcp_ping received 64 bytes back
Round trip time was 0.015169 milliseconds in repetition 363
tcp_ping received 64 bytes back
Round trip time was 0.015625 milliseconds in repetition 364
tcp_ping received 64 bytes back
Round trip time was 0.014935 milliseconds in repetition 365
tcp_ping received 64 bytes back
Round trip time was 0.015269 milliseconds in repetition 366
tcp_ping received 64 bytes back
Round trip time was 0.014885 milliseconds in repetition 367
tcp_ping received 64 bytes back
Round trip time was 0.015139 milliseconds in repetition 368
tcp_ping received 64 bytes back
Round trip time was 0.015053 milliseconds in repetition 369
tcp_ping received 64 bytes back
Round trip time was 0.015059 milliseconds in repetition 370
tcp_ping received 64 bytes back
Round trip time was 0.015566 milliseconds in repetition 371
tcp_ping received 64 bytes back
Round trip time was 0.015423 milliseconds in repetition 372
tcp_ping received 64 bytes back
Round trip time was 0.01486 milliseconds in repetition 373
tcp_ping received 64 bytes back
Round trip time was 0.015128 milliseconds in repetition 374
tcp_ping received 64 bytes back
Round trip time was 0.014768 milliseconds in repetition 375
tcp_ping received 64 bytes back
Round trip time was 0.01504 milliseconds in repetition 376
tcp_ping received 64 bytes back
Round trip time was 0.015021 milliseconds in repetition 377
tcp_ping received 64 bytes back
Round trip time was 0.015208 milliseconds in repetition 378
tcp_ping received 64 bytes back
Round trip time was 0.014927 milliseconds in repetition 379
tcp_ping received 64 bytes back
Round trip time was 0.015279 milliseconds in repetition 380
tcp_ping received 64 bytes back
Round trip time was 0.01479 milliseconds in repetition 381
tcp_ping received 64 bytes back
Round trip time was 0.015036 milliseconds in repetition 382
tcp_ping received 64 bytes back
Round trip time was 0.015156 milliseconds in repetition 383
tcp_ping received 64 bytes back
Round trip time was 0.015079 milliseconds in repetition 384
tcp_ping received 64 bytes back
Round trip time was 0.014961 milliseconds in repetition 385
tcp_ping received 64 bytes back
Round trip time was 0.015204 milliseconds in repetition 386
tcp_ping received 64 bytes back
Round trip time was 0.014839 milliseconds in repetition 387
tcp_ping received 64 bytes back
Round trip time was 0.019385 milliseconds in repetition 388
tcp_ping received 64 bytes back
Round trip time was 0.017309 milliseconds in repetition 389
tcp_ping received 64 bytes back
Round trip time was 0.015222 milliseconds in repetition 390
tcp_ping received 64 bytes back
Round trip time was 0.015123 milliseconds in repetition 391
tcp_ping received 64 bytes back
Round trip time was 0.015277 milliseconds in repetition 392
tcp_ping received 64 bytes back
Round trip time was 0.014958 milliseconds in repetition 393
tcp_ping received 64 bytes back
Round trip time was 0.015308 milliseconds in repetition 394
tcp_ping received 64 bytes back
Round trip time was 0.014817 milliseconds in repetition 395
tcp_ping received 64 bytes back
Round trip time was 0.015165 milliseconds in repetition 396
tcp_ping received 64 bytes back
Round trip time was 0.015087 milliseconds in repetition 397
tcp_ping received 64 bytes back
Round trip time was 0.015171 milliseconds in repetition 398
tcp_ping received 64 bytes back
Round trip time was 0.014944 milliseconds in repetition 399
tcp_ping received 64 bytes back
Round trip time was 0.015186 milliseconds in repetition 400
tcp_ping received 64 bytes back
Round trip time was 0.014971 milliseconds in repetition 401
tcp_ping received 64 bytes back
Round trip time was 0.016175 milliseconds in repetition 402
tcp_ping received 64 bytes back
Round trip time was 0.015777 milliseconds in repetition 403
tcp_ping received 64 bytes back
Round trip time was 0.015183 milliseconds in repetition 404
tcp_ping received 64 bytes back
Round trip time was 0.015076 milliseconds in repetition 405
tcp_ping received 64 bytes back
Round trip time was 0.014882 milliseconds in repetition 406
tcp_ping received 64 bytes back
Round trip time was 0.015415 milliseconds in repetition 407
tcp_ping received 64 bytes back
Round trip time was 0.015026 milliseconds in repetition 408
tcp_ping received 64 bytes back
Round trip time was 0.014709 milliseconds in repetition 409
tcp_ping received 64 bytes back
Round trip time was 0.015142 milliseconds in repetition 410
tcp_ping received 64 bytes back
Round trip time was 0.015168 milliseconds in repetition 411
tcp_ping received 64 bytes back
Round trip time was 0.014942 milliseconds in repetition 412
tcp_ping received 64 bytes back
Round trip time was 0.014702 milliseconds in repetition 413
tcp_ping received 64 bytes back
Round trip time was 0.014921 milliseconds in repetition 414
tcp_ping received 64 bytes back
Round trip time was 0.015186 milliseconds in repetition 415
tcp_ping received 64 bytes back
Round trip time was 0.014999 milliseconds in repetition 416
tcp_ping received 64 bytes back
Round trip time was 0.014805 milliseconds in repetition 417
tcp_ping received 64 bytes back
Round trip time was 0.014807 milliseconds in repetition 418
tcp_ping received 64 bytes back
Round trip time was 0.015215 milliseconds in repetition 419
tcp_ping received 64 bytes back
Round trip time was 0.014987 milliseconds in repetition 420
tcp_ping received 64 bytes back
Round trip time was 0.014809 milliseconds in repetition 421
tcp_ping received 64 bytes back
Round trip time was 0.015209 milliseconds in repetition 422
tcp_ping received 64 bytes back
Round trip time was 0.015139 milliseconds in repetition 423
tcp_ping received 64 bytes back
Round trip time was 0.014927 milliseconds in repetition 424
tcp_ping received 64 bytes back
Round trip time was 0.014878 milliseconds in repetition 425
tcp_ping received 64 bytes back
Round trip time was 0.015014 milliseconds in repetition 426
tcp_ping received 64 bytes back
Round trip time was 0.014965 milliseconds in repetition 427
tcp_ping received 64 bytes back
Round trip time was 0.014842 milliseconds in repetition 428
tcp_ping received 64 bytes back
Round trip time was 0.014743 milliseconds in repetition 429
tcp_ping received 64 bytes back
Round trip time was 0.014862 milliseconds in repetition 430
tcp_ping received 64 bytes back
Round trip time was 0.015196 milliseconds in repetition 431
tcp_ping received 64 bytes back
Round trip time was 0.014861 milliseconds in repetition 432
tcp_ping received 64 bytes back
Round trip time was 0.015077 milliseconds in repetition 433
tcp_ping received 64 bytes back
Round trip time was 0.014734 milliseconds in repetition 434
tcp_ping received 64 bytes back
Round trip time was 0.0152 milliseconds in repetition 435
tcp_ping received 64 bytes back
Round trip time was 0.01486 milliseconds in repetition 436
tcp_ping received 64 bytes back
Round trip time was 0.014798 milliseconds in repetition 437
tcp_ping received 64 bytes back
Round trip time was 0.015091 milliseconds in repetition 438
tcp_ping received 64 bytes back
Round trip time was 0.015416 milliseconds in repetition 439
tcp_ping received 64 bytes back
Round trip time was 0.015119 milliseconds in repetition 440
tcp_ping received 64 bytes back
Round trip time was 0.015026 milliseconds in repetition 441
tcp_ping received 64 bytes back
Round trip time was 0.015072 milliseconds in repetition 442
tcp_ping received 64 bytes back
Round trip time was 0.015217 milliseconds in repetition 443
tcp_ping received 64 bytes back
Round trip time was 0.01497 milliseconds in repetition 444
tcp_ping received 64 bytes back
Round trip time was 0.014703 milliseconds in repetition 445
tcp_ping received 64 bytes back
Round trip time was 0.016125 milliseconds in repetition 446
tcp_ping received 64 bytes back
Round trip time was 0.015218 milliseconds in repetition 447
tcp_ping received 64 bytes back
Round trip time was 0.014995 milliseconds in repetition 448
tcp_ping received 64 bytes back
Round trip time was 0.014913 milliseconds in repetition 449
tcp_ping received 64 bytes back
Round trip time was 0.015013 milliseconds in repetition 450
tcp_ping received 64 bytes back
Round trip time was 0.015035 milliseconds in repetition 451
tcp_ping received 64 bytes back
Round trip time was 0.014932 milliseconds in repetition 452
tcp_ping received 64 bytes back
Round trip time was 0.014992 milliseconds in repetition 453
tcp_ping received 64 bytes back
Round trip time was 0.022166 milliseconds in repetition 454
tcp_ping received 64 bytes back
Round trip time was 0.018342 milliseconds in repetition 455
tcp_ping received 64 bytes back
Round trip time was 0.015444 milliseconds in repetition 456
tcp_ping received 64 bytes back
Round trip time was 0.015072 milliseconds in repetition 457
tcp_ping received 64 bytes back
Round trip time was 0.015291 milliseconds in repetition 458
tcp_ping received 64 bytes back
Round trip time was 0.01487 milliseconds in repetition 459
tcp_ping received 64 bytes back
Round trip time was 0.014868 milliseconds in repetition 460
tcp_ping received 64 bytes back
Round trip time was 0.014839 milliseconds in repetition 461
tcp_ping received 64 bytes back
Round trip time was 0.015127 milliseconds in repetition 462
tcp_ping received 64 bytes back
Round trip time was 0.014744 milliseconds in repetition 463
tcp_ping received 64 bytes back
Round trip time was 0.014679 milliseconds in repetition 464
tcp_ping received 64 bytes back
Round trip time was 0.014924 milliseconds in repetition 465
tcp_ping received 64 bytes back
Round trip time was 0.015163 milliseconds in repetition 466
tcp_ping received 64 bytes back
Round trip time was 0.015196 milliseconds in repetition 467
tcp_ping received 64 bytes back
Round trip time was 0.015092 milliseconds in repetition 468
tcp_ping received 64 bytes back
Round trip time was 0.014773 milliseconds in repetition 469
tcp_ping received 64 bytes back
Round trip time was 0.01506 milliseconds in repetition 470
tcp_ping received 64 bytes back
Round trip time was 0.014998 milliseconds in repetition 471
tcp_ping received 64 bytes back
Round trip time was 0.014697 milliseconds in repetition 472
tcp_ping received 64 bytes back
Round trip time was 0.01487 milliseconds in repetition 473
tcp_ping received 64 bytes back
Round trip time was 0.015262 milliseconds in repetition 474
tcp_ping received 64 bytes back
Round trip time was 0.014977 milliseconds in repetition 475
tcp_ping received 64 bytes back
Round trip time was 0.014855 milliseconds in repetition 476
tcp_ping received 64 bytes back
Round trip time was 0.014828 milliseconds in repetition 477
tcp_ping received 64 bytes back
Round trip time was 0.015067 milliseconds in repetition 478
tcp_ping received 64 bytes back
Round trip time was 0.014781 milliseconds in repetition 479
tcp_ping received 64 bytes back
Round trip time was 0.014366 milliseconds in repetition 480
tcp_ping received 64 bytes back
Round trip time was 0.014715 milliseconds in repetition 481
tcp_ping received 64 bytes back
Round trip time was 0.01524 milliseconds in repetition 482
tcp_ping received 64 bytes back
Round trip time was 0.014933 milliseconds in repetition 483
tcp_ping received 64 bytes back
Round trip time was 0.015028 milliseconds in repetition 484
tcp_ping received 64 bytes back
Round trip time was 0.014792 milliseconds in repetition 485
tcp_ping received 64 bytes back
Round trip time was 0.015388 milliseconds in repetition 486
tcp_ping received 64 bytes back
Round trip time was 0.014915 milliseconds in repetition 487
tcp_ping received 64 bytes back
Round trip time was 0.014678 milliseconds in repetition 488
tcp_ping received 64 bytes back
Round trip time was 0.014923 milliseconds in repetition 489
tcp_ping received 64 bytes back
Round trip time was 0.015307 milliseconds in repetition 490
tcp_ping received 64 bytes back
Round trip time was 0.016339 milliseconds in repetition 491
tcp_ping received 64 bytes back
Round trip time was 0.015297 milliseconds in repetition 492
tcp_ping received 64 bytes back
Round trip time was 0.01501 milliseconds in repetition 493
tcp_ping received 64 bytes back
Round trip time was 0.015119 milliseconds in repetition 494
tcp_ping received 64 bytes back
Round trip time was 0.014791 milliseconds in repetition 495
tcp_ping received 64 bytes back
Round trip time was 0.014694 milliseconds in repetition 496
tcp_ping received 64 bytes back
Round trip time was 0.014938 milliseconds in repetition 497
tcp_ping received 64 bytes back
Round trip time was 0.015374 milliseconds in repetition 498
tcp_ping received 64 bytes back
Round trip time was 0.015285 milliseconds in repetition 499
tcp_ping received 64 bytes back
Round trip time was 0.01514 milliseconds in repetition 500

 ... clock resolution was 1e-06
TCP Ping:  Statistics over 500 repetitions of 64 byte messages

RTT : percentile 10: 0.014764, median: 0.014995, percentile 90: 0.015388, average: 0.0152541, variance: 2.80433e-06

RTT histogram:
0.0143655 280
0.015682 190
0.0169985 22
0.018315 1
0.0196315 2
0.020948 0
0.0222645 1
0.023581 0
0.0248975 0
0.026214 0
0.0275305 2
0.028847 0
0.0301635 1
0.03148 0
0.0327965 0
0.034113 0
0.0354295 0
0.036746 0
0.0380625 0
0.039379 0
0.0406955 1

   median Throughput : 8536.18 KB/s   overall Throughput : 8391.21 KB/s

