TCP Ping trying to connect to server seti.dibris.unige.it (130.251.61.30) on port 1491
 ... connected to Pong server: asking for 151 repetitions of 768 bytes TCP messages
 ... Pong server agreed :-)
tcp_ping received 768 bytes back
Round trip time was 115.367 milliseconds in repetition 1
tcp_ping received 768 bytes back
Round trip time was 103.504 milliseconds in repetition 2
tcp_ping received 768 bytes back
Round trip time was 101.993 milliseconds in repetition 3
tcp_ping received 768 bytes back
Round trip time was 101.919 milliseconds in repetition 4
tcp_ping received 768 bytes back
Round trip time was 204.452 milliseconds in repetition 5
tcp_ping received 768 bytes back
Round trip time was 102.107 milliseconds in repetition 6
tcp_ping received 768 bytes back
Round trip time was 102.548 milliseconds in repetition 7
tcp_ping received 768 bytes back
Round trip time was 104.01 milliseconds in repetition 8
tcp_ping received 768 bytes back
Round trip time was 100.951 milliseconds in repetition 9
tcp_ping received 768 bytes back
Round trip time was 209.445 milliseconds in repetition 10
tcp_ping received 768 bytes back
Round trip time was 223.971 milliseconds in repetition 11
tcp_ping received 768 bytes back
Round trip time was 180.872 milliseconds in repetition 12
tcp_ping received 768 bytes back
Round trip time was 69.7954 milliseconds in repetition 13
tcp_ping received 768 bytes back
Round trip time was 89.5543 milliseconds in repetition 14
tcp_ping received 768 bytes back
Round trip time was 249.805 milliseconds in repetition 15
tcp_ping received 768 bytes back
Round trip time was 204.83 milliseconds in repetition 16
tcp_ping received 768 bytes back
Round trip time was 201.867 milliseconds in repetition 17
tcp_ping received 768 bytes back
Round trip time was 207.859 milliseconds in repetition 18
tcp_ping received 768 bytes back
Round trip time was 203.842 milliseconds in repetition 19
tcp_ping received 768 bytes back
Round trip time was 205.586 milliseconds in repetition 20
tcp_ping received 768 bytes back
Round trip time was 204.448 milliseconds in repetition 21
tcp_ping received 768 bytes back
Round trip time was 191.962 milliseconds in repetition 22
tcp_ping received 768 bytes back
Round trip time was 217.869 milliseconds in repetition 23
tcp_ping received 768 bytes back
Round trip time was 66.3155 milliseconds in repetition 24
tcp_ping received 768 bytes back
Round trip time was 138.293 milliseconds in repetition 25
tcp_ping received 768 bytes back
Round trip time was 204.547 milliseconds in repetition 26
tcp_ping received 768 bytes back
Round trip time was 204.66 milliseconds in repetition 27
tcp_ping received 768 bytes back
Round trip time was 204.625 milliseconds in repetition 28
tcp_ping received 768 bytes back
Round trip time was 205.012 milliseconds in repetition 29
tcp_ping received 768 bytes back
Round trip time was 204.839 milliseconds in repetition 30
tcp_ping received 768 bytes back
Round trip time was 98.095 milliseconds in repetition 31
tcp_ping received 768 bytes back
Round trip time was 106.818 milliseconds in repetition 32
tcp_ping received 768 bytes back
Round trip time was 173.043 milliseconds in repetition 33
tcp_ping received 768 bytes back
Round trip time was 319.23 milliseconds in repetition 34
tcp_ping received 768 bytes back
Round trip time was 121.684 milliseconds in repetition 35
tcp_ping received 768 bytes back
Round trip time was 222.299 milliseconds in repetition 36
tcp_ping received 768 bytes back
Round trip time was 132.945 milliseconds in repetition 37
tcp_ping received 768 bytes back
Round trip time was 189.127 milliseconds in repetition 38
tcp_ping received 768 bytes back
Round trip time was 69.2989 milliseconds in repetition 39
tcp_ping received 768 bytes back
Round trip time was 409.625 milliseconds in repetition 40
tcp_ping received 768 bytes back
Round trip time was 99.0308 milliseconds in repetition 41
tcp_ping received 768 bytes back
Round trip time was 105.93 milliseconds in repetition 42
tcp_ping received 768 bytes back
Round trip time was 205.443 milliseconds in repetition 43
tcp_ping received 768 bytes back
Round trip time was 408.265 milliseconds in repetition 44
tcp_ping received 768 bytes back
Round trip time was 204.914 milliseconds in repetition 45
tcp_ping received 768 bytes back
Round trip time was 204.953 milliseconds in repetition 46
tcp_ping received 768 bytes back
Round trip time was 204.44 milliseconds in repetition 47
tcp_ping received 768 bytes back
Round trip time was 204.64 milliseconds in repetition 48
tcp_ping received 768 bytes back
Round trip time was 204.485 milliseconds in repetition 49
tcp_ping received 768 bytes back
Round trip time was 205.001 milliseconds in repetition 50
tcp_ping received 768 bytes back
Round trip time was 102.237 milliseconds in repetition 51
tcp_ping received 768 bytes back
Round trip time was 921.451 milliseconds in repetition 52
tcp_ping received 768 bytes back
Round trip time was 204.801 milliseconds in repetition 53
tcp_ping received 768 bytes back
Round trip time was 204.515 milliseconds in repetition 54
tcp_ping received 768 bytes back
Round trip time was 204.703 milliseconds in repetition 55
tcp_ping received 768 bytes back
Round trip time was 204.726 milliseconds in repetition 56
tcp_ping received 768 bytes back
Round trip time was 204.286 milliseconds in repetition 57
tcp_ping received 768 bytes back
Round trip time was 102.668 milliseconds in repetition 58
tcp_ping received 768 bytes back
Round trip time was 102.576 milliseconds in repetition 59
tcp_ping received 768 bytes back
Round trip time was 469.903 milliseconds in repetition 60
tcp_ping received 768 bytes back
Round trip time was 144.412 milliseconds in repetition 61
tcp_ping received 768 bytes back
Round trip time was 204.611 milliseconds in repetition 62
tcp_ping received 768 bytes back
Round trip time was 204.604 milliseconds in repetition 63
tcp_ping received 768 bytes back
Round trip time was 204.812 milliseconds in repetition 64
tcp_ping received 768 bytes back
Round trip time was 204.678 milliseconds in repetition 65
tcp_ping received 768 bytes back
Round trip time was 204.623 milliseconds in repetition 66
tcp_ping received 768 bytes back
Round trip time was 113.978 milliseconds in repetition 67
tcp_ping received 768 bytes back
Round trip time was 90.6781 milliseconds in repetition 68
tcp_ping received 768 bytes back
Round trip time was 409.101 milliseconds in repetition 69
tcp_ping received 768 bytes back
Round trip time was 205.163 milliseconds in repetition 70
tcp_ping received 768 bytes back
Round trip time was 204.693 milliseconds in repetition 71
tcp_ping received 768 bytes back
Round trip time was 64.0391 milliseconds in repetition 72
tcp_ping received 768 bytes back
Round trip time was 140.651 milliseconds in repetition 73
tcp_ping received 768 bytes back
Round trip time was 204.838 milliseconds in repetition 74
tcp_ping received 768 bytes back
Round trip time was 204.634 milliseconds in repetition 75
tcp_ping received 768 bytes back
Round trip time was 313.008 milliseconds in repetition 76
tcp_ping received 768 bytes back
Round trip time was 96.3949 milliseconds in repetition 77
tcp_ping received 768 bytes back
Round trip time was 102.354 milliseconds in repetition 78
tcp_ping received 768 bytes back
Round trip time was 102.393 milliseconds in repetition 79
tcp_ping received 768 bytes back
Round trip time was 204.558 milliseconds in repetition 80
tcp_ping received 768 bytes back
Round trip time was 206.643 milliseconds in repetition 81
tcp_ping received 768 bytes back
Round trip time was 206.158 milliseconds in repetition 82
tcp_ping received 768 bytes back
Round trip time was 201.596 milliseconds in repetition 83
tcp_ping received 768 bytes back
Round trip time was 165.641 milliseconds in repetition 84
tcp_ping received 768 bytes back
Round trip time was 206.092 milliseconds in repetition 85
tcp_ping received 768 bytes back
Round trip time was 206.606 milliseconds in repetition 86
tcp_ping received 768 bytes back
Round trip time was 205.83 milliseconds in repetition 87
tcp_ping received 768 bytes back
Round trip time was 205.717 milliseconds in repetition 88
tcp_ping received 768 bytes back
Round trip time was 83.8931 milliseconds in repetition 89
tcp_ping received 768 bytes back
Round trip time was 84.1446 milliseconds in repetition 90
tcp_ping received 768 bytes back
Round trip time was 73.695 milliseconds in repetition 91
tcp_ping received 768 bytes back
Round trip time was 163.894 milliseconds in repetition 92
tcp_ping received 768 bytes back
Round trip time was 205.974 milliseconds in repetition 93
tcp_ping received 768 bytes back
Round trip time was 347.153 milliseconds in repetition 94
tcp_ping received 768 bytes back
Round trip time was 302.62 milliseconds in repetition 95
tcp_ping received 768 bytes back
Round trip time was 110.566 milliseconds in repetition 96
tcp_ping received 768 bytes back
Round trip time was 94.5122 milliseconds in repetition 97
tcp_ping received 768 bytes back
Round trip time was 209.823 milliseconds in repetition 98
tcp_ping received 768 bytes back
Round trip time was 199.165 milliseconds in repetition 99
tcp_ping received 768 bytes back
Round trip time was 204.719 milliseconds in repetition 100
tcp_ping received 768 bytes back
Round trip time was 115.472 milliseconds in repetition 101
tcp_ping received 768 bytes back
Round trip time was 76.2081 milliseconds in repetition 102
tcp_ping received 768 bytes back
Round trip time was 218.621 milliseconds in repetition 103
tcp_ping received 768 bytes back
Round trip time was 203.97 milliseconds in repetition 104
tcp_ping received 768 bytes back
Round trip time was 364.734 milliseconds in repetition 105
tcp_ping received 768 bytes back
Round trip time was 249.086 milliseconds in repetition 106
tcp_ping received 768 bytes back
Round trip time was 179.323 milliseconds in repetition 107
tcp_ping received 768 bytes back
Round trip time was 230.472 milliseconds in repetition 108
tcp_ping received 768 bytes back
Round trip time was 204.883 milliseconds in repetition 109
tcp_ping received 768 bytes back
Round trip time was 160.243 milliseconds in repetition 110
tcp_ping received 768 bytes back
Round trip time was 58.4994 milliseconds in repetition 111
tcp_ping received 768 bytes back
Round trip time was 190.919 milliseconds in repetition 112
tcp_ping received 768 bytes back
Round trip time was 204.259 milliseconds in repetition 113
tcp_ping received 768 bytes back
Round trip time was 292.397 milliseconds in repetition 114
tcp_ping received 768 bytes back
Round trip time was 116.716 milliseconds in repetition 115
tcp_ping received 768 bytes back
Round trip time was 204.831 milliseconds in repetition 116
tcp_ping received 768 bytes back
Round trip time was 204.949 milliseconds in repetition 117
tcp_ping received 768 bytes back
Round trip time was 204.676 milliseconds in repetition 118
tcp_ping received 768 bytes back
Round trip time was 103.722 milliseconds in repetition 119
tcp_ping received 768 bytes back
Round trip time was 101.157 milliseconds in repetition 120
tcp_ping received 768 bytes back
Round trip time was 103.783 milliseconds in repetition 121
tcp_ping received 768 bytes back
Round trip time was 101.225 milliseconds in repetition 122
tcp_ping received 768 bytes back
Round trip time was 100.846 milliseconds in repetition 123
tcp_ping received 768 bytes back
Round trip time was 111.2 milliseconds in repetition 124
tcp_ping received 768 bytes back
Round trip time was 170.054 milliseconds in repetition 125
tcp_ping received 768 bytes back
Round trip time was 111.108 milliseconds in repetition 126
tcp_ping received 768 bytes back
Round trip time was 120.98 milliseconds in repetition 127
tcp_ping received 768 bytes back
Round trip time was 129.708 milliseconds in repetition 128
tcp_ping received 768 bytes back
Round trip time was 58.9691 milliseconds in repetition 129
tcp_ping received 768 bytes back
Round trip time was 209.046 milliseconds in repetition 130
tcp_ping received 768 bytes back
Round trip time was 215.626 milliseconds in repetition 131
tcp_ping received 768 bytes back
Round trip time was 204.723 milliseconds in repetition 132
tcp_ping received 768 bytes back
Round trip time was 100.818 milliseconds in repetition 133
tcp_ping received 768 bytes back
Round trip time was 68.928 milliseconds in repetition 134
tcp_ping received 768 bytes back
Round trip time was 205.653 milliseconds in repetition 135
tcp_ping received 768 bytes back
Round trip time was 260.56 milliseconds in repetition 136
tcp_ping received 768 bytes back
Round trip time was 71.6936 milliseconds in repetition 137
tcp_ping received 768 bytes back
Round trip time was 99.7357 milliseconds in repetition 138
tcp_ping received 768 bytes back
Round trip time was 62.4912 milliseconds in repetition 139
tcp_ping received 768 bytes back
Round trip time was 66.9421 milliseconds in repetition 140
tcp_ping received 768 bytes back
Round trip time was 62.9728 milliseconds in repetition 141
tcp_ping received 768 bytes back
Round trip time was 105.862 milliseconds in repetition 142
tcp_ping received 768 bytes back
Round trip time was 58.5043 milliseconds in repetition 143
tcp_ping received 768 bytes back
Round trip time was 61.5015 milliseconds in repetition 144
tcp_ping received 768 bytes back
Round trip time was 71.4619 milliseconds in repetition 145
tcp_ping received 768 bytes back
Round trip time was 61.993 milliseconds in repetition 146
tcp_ping received 768 bytes back
Round trip time was 66.7735 milliseconds in repetition 147
tcp_ping received 768 bytes back
Round trip time was 79.719 milliseconds in repetition 148
tcp_ping received 768 bytes back
Round trip time was 70.2007 milliseconds in repetition 149
tcp_ping received 768 bytes back
Round trip time was 81.0461 milliseconds in repetition 150
tcp_ping received 768 bytes back
Round trip time was 69.2303 milliseconds in repetition 151

 ... clock resolution was 1e-06
TCP Ping:  Statistics over 151 repetitions of 768 byte messages

RTT : percentile 10: 70.2007, median: 191.962, percentile 90: 223.971, average: 171.491, variance: 9923.25

RTT histogram:
58.4994 21
101.647 40
144.795 8
187.942 61
231.09 9
274.237 2
317.385 3
360.533 2
403.68 3
446.828 0
489.975 1
533.123 0
576.271 0
619.418 0
662.566 0
705.713 0
748.861 0
792.009 0
835.156 0
878.304 0
921.451 1

   median Throughput : 8.0016 KB/s   overall Throughput : 8.95674 KB/s

