TCP Ping trying to connect to server seti.dibris.unige.it (130.251.61.30) on port 1491
 ... connected to Pong server: asking for 151 repetitions of 128 bytes TCP messages
 ... Pong server agreed :-)
tcp_ping received 128 bytes back
Round trip time was 204.926 milliseconds in repetition 1
tcp_ping received 128 bytes back
Round trip time was 134.41 milliseconds in repetition 2
tcp_ping received 128 bytes back
Round trip time was 69.7038 milliseconds in repetition 3
tcp_ping received 128 bytes back
Round trip time was 59.5787 milliseconds in repetition 4
tcp_ping received 128 bytes back
Round trip time was 145.046 milliseconds in repetition 5
tcp_ping received 128 bytes back
Round trip time was 204.861 milliseconds in repetition 6
tcp_ping received 128 bytes back
Round trip time was 409.292 milliseconds in repetition 7
tcp_ping received 128 bytes back
Round trip time was 391.346 milliseconds in repetition 8
tcp_ping received 128 bytes back
Round trip time was 428.359 milliseconds in repetition 9
tcp_ping received 128 bytes back
Round trip time was 408.923 milliseconds in repetition 10
tcp_ping received 128 bytes back
Round trip time was 102.204 milliseconds in repetition 11
tcp_ping received 128 bytes back
Round trip time was 100.448 milliseconds in repetition 12
tcp_ping received 128 bytes back
Round trip time was 412.334 milliseconds in repetition 13
tcp_ping received 128 bytes back
Round trip time was 204.712 milliseconds in repetition 14
tcp_ping received 128 bytes back
Round trip time was 204.466 milliseconds in repetition 15
tcp_ping received 128 bytes back
Round trip time was 346.413 milliseconds in repetition 16
tcp_ping received 128 bytes back
Round trip time was 66.3168 milliseconds in repetition 17
tcp_ping received 128 bytes back
Round trip time was 201.081 milliseconds in repetition 18
tcp_ping received 128 bytes back
Round trip time was 204.975 milliseconds in repetition 19
tcp_ping received 128 bytes back
Round trip time was 205.275 milliseconds in repetition 20
tcp_ping received 128 bytes back
Round trip time was 61.8707 milliseconds in repetition 21
tcp_ping received 128 bytes back
Round trip time was 151.629 milliseconds in repetition 22
tcp_ping received 128 bytes back
Round trip time was 64.445 milliseconds in repetition 23
tcp_ping received 128 bytes back
Round trip time was 131.123 milliseconds in repetition 24
tcp_ping received 128 bytes back
Round trip time was 205.61 milliseconds in repetition 25
tcp_ping received 128 bytes back
Round trip time was 204.3 milliseconds in repetition 26
tcp_ping received 128 bytes back
Round trip time was 204.797 milliseconds in repetition 27
tcp_ping received 128 bytes back
Round trip time was 204.341 milliseconds in repetition 28
tcp_ping received 128 bytes back
Round trip time was 204.644 milliseconds in repetition 29
tcp_ping received 128 bytes back
Round trip time was 201.625 milliseconds in repetition 30
tcp_ping received 128 bytes back
Round trip time was 208.319 milliseconds in repetition 31
tcp_ping received 128 bytes back
Round trip time was 203.165 milliseconds in repetition 32
tcp_ping received 128 bytes back
Round trip time was 103.552 milliseconds in repetition 33
tcp_ping received 128 bytes back
Round trip time was 102.738 milliseconds in repetition 34
tcp_ping received 128 bytes back
Round trip time was 397.046 milliseconds in repetition 35
tcp_ping received 128 bytes back
Round trip time was 217.275 milliseconds in repetition 36
tcp_ping received 128 bytes back
Round trip time was 159.319 milliseconds in repetition 37
tcp_ping received 128 bytes back
Round trip time was 57.1438 milliseconds in repetition 38
tcp_ping received 128 bytes back
Round trip time was 192.909 milliseconds in repetition 39
tcp_ping received 128 bytes back
Round trip time was 408.964 milliseconds in repetition 40
tcp_ping received 128 bytes back
Round trip time was 205.244 milliseconds in repetition 41
tcp_ping received 128 bytes back
Round trip time was 165.486 milliseconds in repetition 42
tcp_ping received 128 bytes back
Round trip time was 71.2485 milliseconds in repetition 43
tcp_ping received 128 bytes back
Round trip time was 69.2375 milliseconds in repetition 44
tcp_ping received 128 bytes back
Round trip time was 103.765 milliseconds in repetition 45
tcp_ping received 128 bytes back
Round trip time was 172.917 milliseconds in repetition 46
tcp_ping received 128 bytes back
Round trip time was 236.271 milliseconds in repetition 47
tcp_ping received 128 bytes back
Round trip time was 204.24 milliseconds in repetition 48
tcp_ping received 128 bytes back
Round trip time was 204.457 milliseconds in repetition 49
tcp_ping received 128 bytes back
Round trip time was 205.639 milliseconds in repetition 50
tcp_ping received 128 bytes back
Round trip time was 204.194 milliseconds in repetition 51
tcp_ping received 128 bytes back
Round trip time was 204.863 milliseconds in repetition 52
tcp_ping received 128 bytes back
Round trip time was 204.948 milliseconds in repetition 53
tcp_ping received 128 bytes back
Round trip time was 101.891 milliseconds in repetition 54
tcp_ping received 128 bytes back
Round trip time was 105.575 milliseconds in repetition 55
tcp_ping received 128 bytes back
Round trip time was 202.362 milliseconds in repetition 56
tcp_ping received 128 bytes back
Round trip time was 206.037 milliseconds in repetition 57
tcp_ping received 128 bytes back
Round trip time was 202.573 milliseconds in repetition 58
tcp_ping received 128 bytes back
Round trip time was 205.224 milliseconds in repetition 59
tcp_ping received 128 bytes back
Round trip time was 204.921 milliseconds in repetition 60
tcp_ping received 128 bytes back
Round trip time was 204.703 milliseconds in repetition 61
tcp_ping received 128 bytes back
Round trip time was 201.151 milliseconds in repetition 62
tcp_ping received 128 bytes back
Round trip time was 208.03 milliseconds in repetition 63
tcp_ping received 128 bytes back
Round trip time was 205.114 milliseconds in repetition 64
tcp_ping received 128 bytes back
Round trip time was 75.3144 milliseconds in repetition 65
tcp_ping received 128 bytes back
Round trip time was 129.175 milliseconds in repetition 66
tcp_ping received 128 bytes back
Round trip time was 77.2541 milliseconds in repetition 67
tcp_ping received 128 bytes back
Round trip time was 318.242 milliseconds in repetition 68
tcp_ping received 128 bytes back
Round trip time was 218.457 milliseconds in repetition 69
tcp_ping received 128 bytes back
Round trip time was 204.745 milliseconds in repetition 70
tcp_ping received 128 bytes back
Round trip time was 204.767 milliseconds in repetition 71
tcp_ping received 128 bytes back
Round trip time was 204.9 milliseconds in repetition 72
tcp_ping received 128 bytes back
Round trip time was 55.43 milliseconds in repetition 73
tcp_ping received 128 bytes back
Round trip time was 149.408 milliseconds in repetition 74
tcp_ping received 128 bytes back
Round trip time was 385.957 milliseconds in repetition 75
tcp_ping received 128 bytes back
Round trip time was 125.567 milliseconds in repetition 76
tcp_ping received 128 bytes back
Round trip time was 102.629 milliseconds in repetition 77
tcp_ping received 128 bytes back
Round trip time was 172.449 milliseconds in repetition 78
tcp_ping received 128 bytes back
Round trip time was 236.561 milliseconds in repetition 79
tcp_ping received 128 bytes back
Round trip time was 204.948 milliseconds in repetition 80
tcp_ping received 128 bytes back
Round trip time was 204.918 milliseconds in repetition 81
tcp_ping received 128 bytes back
Round trip time was 204.959 milliseconds in repetition 82
tcp_ping received 128 bytes back
Round trip time was 191.71 milliseconds in repetition 83
tcp_ping received 128 bytes back
Round trip time was 217.574 milliseconds in repetition 84
tcp_ping received 128 bytes back
Round trip time was 204.417 milliseconds in repetition 85
tcp_ping received 128 bytes back
Round trip time was 147.612 milliseconds in repetition 86
tcp_ping received 128 bytes back
Round trip time was 262.229 milliseconds in repetition 87
tcp_ping received 128 bytes back
Round trip time was 102.085 milliseconds in repetition 88
tcp_ping received 128 bytes back
Round trip time was 204.932 milliseconds in repetition 89
tcp_ping received 128 bytes back
Round trip time was 409.496 milliseconds in repetition 90
tcp_ping received 128 bytes back
Round trip time was 102.229 milliseconds in repetition 91
tcp_ping received 128 bytes back
Round trip time was 172.38 milliseconds in repetition 92
tcp_ping received 128 bytes back
Round trip time was 236.559 milliseconds in repetition 93
tcp_ping received 128 bytes back
Round trip time was 204.864 milliseconds in repetition 94
tcp_ping received 128 bytes back
Round trip time was 135.035 milliseconds in repetition 95
tcp_ping received 128 bytes back
Round trip time was 189.512 milliseconds in repetition 96
tcp_ping received 128 bytes back
Round trip time was 84.7902 milliseconds in repetition 97
tcp_ping received 128 bytes back
Round trip time was 205.248 milliseconds in repetition 98
tcp_ping received 128 bytes back
Round trip time was 409.081 milliseconds in repetition 99
tcp_ping received 128 bytes back
Round trip time was 193.124 milliseconds in repetition 100
tcp_ping received 128 bytes back
Round trip time was 216.824 milliseconds in repetition 101
tcp_ping received 128 bytes back
Round trip time was 204.883 milliseconds in repetition 102
tcp_ping received 128 bytes back
Round trip time was 204.407 milliseconds in repetition 103
tcp_ping received 128 bytes back
Round trip time was 204.585 milliseconds in repetition 104
tcp_ping received 128 bytes back
Round trip time was 408.89 milliseconds in repetition 105
tcp_ping received 128 bytes back
Round trip time was 205.496 milliseconds in repetition 106
tcp_ping received 128 bytes back
Round trip time was 338.807 milliseconds in repetition 107
tcp_ping received 128 bytes back
Round trip time was 70.3208 milliseconds in repetition 108
tcp_ping received 128 bytes back
Round trip time was 205.04 milliseconds in repetition 109
tcp_ping received 128 bytes back
Round trip time was 204.934 milliseconds in repetition 110
tcp_ping received 128 bytes back
Round trip time was 204.807 milliseconds in repetition 111
tcp_ping received 128 bytes back
Round trip time was 204.572 milliseconds in repetition 112
tcp_ping received 128 bytes back
Round trip time was 307.1 milliseconds in repetition 113
tcp_ping received 128 bytes back
Round trip time was 59.0476 milliseconds in repetition 114
tcp_ping received 128 bytes back
Round trip time was 147.119 milliseconds in repetition 115
tcp_ping received 128 bytes back
Round trip time was 100.871 milliseconds in repetition 116
tcp_ping received 128 bytes back
Round trip time was 410.037 milliseconds in repetition 117
tcp_ping received 128 bytes back
Round trip time was 203.897 milliseconds in repetition 118
tcp_ping received 128 bytes back
Round trip time was 204.673 milliseconds in repetition 119
tcp_ping received 128 bytes back
Round trip time was 205.239 milliseconds in repetition 120
tcp_ping received 128 bytes back
Round trip time was 49.0027 milliseconds in repetition 121
tcp_ping received 128 bytes back
Round trip time was 155.983 milliseconds in repetition 122
tcp_ping received 128 bytes back
Round trip time was 84.1334 milliseconds in repetition 123
tcp_ping received 128 bytes back
Round trip time was 120.724 milliseconds in repetition 124
tcp_ping received 128 bytes back
Round trip time was 204.09 milliseconds in repetition 125
tcp_ping received 128 bytes back
Round trip time was 204.995 milliseconds in repetition 126
tcp_ping received 128 bytes back
Round trip time was 101.912 milliseconds in repetition 127
tcp_ping received 128 bytes back
Round trip time was 102.659 milliseconds in repetition 128
tcp_ping received 128 bytes back
Round trip time was 103.62 milliseconds in repetition 129
tcp_ping received 128 bytes back
Round trip time was 74.1825 milliseconds in repetition 130
tcp_ping received 128 bytes back
Round trip time was 206.938 milliseconds in repetition 131
tcp_ping received 128 bytes back
Round trip time was 229.652 milliseconds in repetition 132
tcp_ping received 128 bytes back
Round trip time was 204.553 milliseconds in repetition 133
tcp_ping received 128 bytes back
Round trip time was 204.759 milliseconds in repetition 134
tcp_ping received 128 bytes back
Round trip time was 204.881 milliseconds in repetition 135
tcp_ping received 128 bytes back
Round trip time was 204.965 milliseconds in repetition 136
tcp_ping received 128 bytes back
Round trip time was 204.183 milliseconds in repetition 137
tcp_ping received 128 bytes back
Round trip time was 69.3373 milliseconds in repetition 138
tcp_ping received 128 bytes back
Round trip time was 134.542 milliseconds in repetition 139
tcp_ping received 128 bytes back
Round trip time was 205.276 milliseconds in repetition 140
tcp_ping received 128 bytes back
Round trip time was 66.3396 milliseconds in repetition 141
tcp_ping received 128 bytes back
Round trip time was 325.303 milliseconds in repetition 142
tcp_ping received 128 bytes back
Round trip time was 222.733 milliseconds in repetition 143
tcp_ping received 128 bytes back
Round trip time was 409.909 milliseconds in repetition 144
tcp_ping received 128 bytes back
Round trip time was 204.789 milliseconds in repetition 145
tcp_ping received 128 bytes back
Round trip time was 190.706 milliseconds in repetition 146
tcp_ping received 128 bytes back
Round trip time was 255.618 milliseconds in repetition 147
tcp_ping received 128 bytes back
Round trip time was 167.511 milliseconds in repetition 148
tcp_ping received 128 bytes back
Round trip time was 204.128 milliseconds in repetition 149
tcp_ping received 128 bytes back
Round trip time was 205.544 milliseconds in repetition 150
tcp_ping received 128 bytes back
Round trip time was 77.7836 milliseconds in repetition 151

 ... clock resolution was 1e-06
TCP Ping:  Statistics over 151 repetitions of 128 byte messages

RTT : percentile 10: 75.3144, median: 204.466, percentile 90: 325.303, average: 193.049, variance: 7907.53

RTT histogram:
49.0027 3
67.9705 14
86.9383 3
105.906 14
124.874 4
143.842 8
162.81 4
181.778 5
200.745 67
219.713 5
238.681 4
257.649 2
276.617 0
295.585 0
314.552 2
333.52 2
352.488 1
371.456 0
390.424 3
409.392 9
428.359 1

   median Throughput : 1.25204 KB/s   overall Throughput : 1.32609 KB/s

