TCP Ping trying to connect to server seti.dibris.unige.it (130.251.61.30) on port 1491
 ... connected to Pong server: asking for 151 repetitions of 192 bytes TCP messages
 ... Pong server agreed :-)
tcp_ping received 192 bytes back
Round trip time was 207.495 milliseconds in repetition 1
tcp_ping received 192 bytes back
Round trip time was 66.174 milliseconds in repetition 2
tcp_ping received 192 bytes back
Round trip time was 205.592 milliseconds in repetition 3
tcp_ping received 192 bytes back
Round trip time was 160.031 milliseconds in repetition 4
tcp_ping received 192 bytes back
Round trip time was 204.672 milliseconds in repetition 5
tcp_ping received 192 bytes back
Round trip time was 205.641 milliseconds in repetition 6
tcp_ping received 192 bytes back
Round trip time was 54.9249 milliseconds in repetition 7
tcp_ping received 192 bytes back
Round trip time was 152.212 milliseconds in repetition 8
tcp_ping received 192 bytes back
Round trip time was 59.9232 milliseconds in repetition 9
tcp_ping received 192 bytes back
Round trip time was 72.4644 milliseconds in repetition 10
tcp_ping received 192 bytes back
Round trip time was 67.659 milliseconds in repetition 11
tcp_ping received 192 bytes back
Round trip time was 92.2659 milliseconds in repetition 12
tcp_ping received 192 bytes back
Round trip time was 67.0296 milliseconds in repetition 13
tcp_ping received 192 bytes back
Round trip time was 61.2331 milliseconds in repetition 14
tcp_ping received 192 bytes back
Round trip time was 58.6965 milliseconds in repetition 15
tcp_ping received 192 bytes back
Round trip time was 52.022 milliseconds in repetition 16
tcp_ping received 192 bytes back
Round trip time was 61.7942 milliseconds in repetition 17
tcp_ping received 192 bytes back
Round trip time was 71.3521 milliseconds in repetition 18
tcp_ping received 192 bytes back
Round trip time was 71.6187 milliseconds in repetition 19
tcp_ping received 192 bytes back
Round trip time was 63.1757 milliseconds in repetition 20
tcp_ping received 192 bytes back
Round trip time was 91.233 milliseconds in repetition 21
tcp_ping received 192 bytes back
Round trip time was 55.2123 milliseconds in repetition 22
tcp_ping received 192 bytes back
Round trip time was 58.7898 milliseconds in repetition 23
tcp_ping received 192 bytes back
Round trip time was 57.9642 milliseconds in repetition 24
tcp_ping received 192 bytes back
Round trip time was 62.0024 milliseconds in repetition 25
tcp_ping received 192 bytes back
Round trip time was 83.9243 milliseconds in repetition 26
tcp_ping received 192 bytes back
Round trip time was 59.4139 milliseconds in repetition 27
tcp_ping received 192 bytes back
Round trip time was 61.3028 milliseconds in repetition 28
tcp_ping received 192 bytes back
Round trip time was 67.8307 milliseconds in repetition 29
tcp_ping received 192 bytes back
Round trip time was 93.9103 milliseconds in repetition 30
tcp_ping received 192 bytes back
Round trip time was 53.6711 milliseconds in repetition 31
tcp_ping received 192 bytes back
Round trip time was 64.9228 milliseconds in repetition 32
tcp_ping received 192 bytes back
Round trip time was 59.7193 milliseconds in repetition 33
tcp_ping received 192 bytes back
Round trip time was 60.8447 milliseconds in repetition 34
tcp_ping received 192 bytes back
Round trip time was 65.5292 milliseconds in repetition 35
tcp_ping received 192 bytes back
Round trip time was 64.0324 milliseconds in repetition 36
tcp_ping received 192 bytes back
Round trip time was 54.2283 milliseconds in repetition 37
tcp_ping received 192 bytes back
Round trip time was 56.4825 milliseconds in repetition 38
tcp_ping received 192 bytes back
Round trip time was 56.5339 milliseconds in repetition 39
tcp_ping received 192 bytes back
Round trip time was 54.3562 milliseconds in repetition 40
tcp_ping received 192 bytes back
Round trip time was 60.7535 milliseconds in repetition 41
tcp_ping received 192 bytes back
Round trip time was 66.5529 milliseconds in repetition 42
tcp_ping received 192 bytes back
Round trip time was 80.5648 milliseconds in repetition 43
tcp_ping received 192 bytes back
Round trip time was 123.551 milliseconds in repetition 44
tcp_ping received 192 bytes back
Round trip time was 68.2362 milliseconds in repetition 45
tcp_ping received 192 bytes back
Round trip time was 87.5951 milliseconds in repetition 46
tcp_ping received 192 bytes back
Round trip time was 61.2381 milliseconds in repetition 47
tcp_ping received 192 bytes back
Round trip time was 65.3468 milliseconds in repetition 48
tcp_ping received 192 bytes back
Round trip time was 60.7077 milliseconds in repetition 49
tcp_ping received 192 bytes back
Round trip time was 61.2987 milliseconds in repetition 50
tcp_ping received 192 bytes back
Round trip time was 57.4199 milliseconds in repetition 51
tcp_ping received 192 bytes back
Round trip time was 76.7872 milliseconds in repetition 52
tcp_ping received 192 bytes back
Round trip time was 56.4028 milliseconds in repetition 53
tcp_ping received 192 bytes back
Round trip time was 77.3117 milliseconds in repetition 54
tcp_ping received 192 bytes back
Round trip time was 88.1451 milliseconds in repetition 55
tcp_ping received 192 bytes back
Round trip time was 61.3339 milliseconds in repetition 56
tcp_ping received 192 bytes back
Round trip time was 60.0387 milliseconds in repetition 57
tcp_ping received 192 bytes back
Round trip time was 63.1539 milliseconds in repetition 58
tcp_ping received 192 bytes back
Round trip time was 57.1706 milliseconds in repetition 59
tcp_ping received 192 bytes back
Round trip time was 61.1783 milliseconds in repetition 60
tcp_ping received 192 bytes back
Round trip time was 55.7414 milliseconds in repetition 61
tcp_ping received 192 bytes back
Round trip time was 74.9658 milliseconds in repetition 62
tcp_ping received 192 bytes back
Round trip time was 95.4266 milliseconds in repetition 63
tcp_ping received 192 bytes back
Round trip time was 62.7325 milliseconds in repetition 64
tcp_ping received 192 bytes back
Round trip time was 56.4295 milliseconds in repetition 65
tcp_ping received 192 bytes back
Round trip time was 63.6073 milliseconds in repetition 66
tcp_ping received 192 bytes back
Round trip time was 59.1924 milliseconds in repetition 67
tcp_ping received 192 bytes back
Round trip time was 60.1254 milliseconds in repetition 68
tcp_ping received 192 bytes back
Round trip time was 69.0442 milliseconds in repetition 69
tcp_ping received 192 bytes back
Round trip time was 67.9788 milliseconds in repetition 70
tcp_ping received 192 bytes back
Round trip time was 69.2975 milliseconds in repetition 71
tcp_ping received 192 bytes back
Round trip time was 65.2432 milliseconds in repetition 72
tcp_ping received 192 bytes back
Round trip time was 102.235 milliseconds in repetition 73
tcp_ping received 192 bytes back
Round trip time was 57.5837 milliseconds in repetition 74
tcp_ping received 192 bytes back
Round trip time was 63.273 milliseconds in repetition 75
tcp_ping received 192 bytes back
Round trip time was 65.814 milliseconds in repetition 76
tcp_ping received 192 bytes back
Round trip time was 58.9057 milliseconds in repetition 77
tcp_ping received 192 bytes back
Round trip time was 59.8759 milliseconds in repetition 78
tcp_ping received 192 bytes back
Round trip time was 60.1115 milliseconds in repetition 79
tcp_ping received 192 bytes back
Round trip time was 61.9431 milliseconds in repetition 80
tcp_ping received 192 bytes back
Round trip time was 56.774 milliseconds in repetition 81
tcp_ping received 192 bytes back
Round trip time was 60.5052 milliseconds in repetition 82
tcp_ping received 192 bytes back
Round trip time was 60.5859 milliseconds in repetition 83
tcp_ping received 192 bytes back
Round trip time was 59.5431 milliseconds in repetition 84
tcp_ping received 192 bytes back
Round trip time was 57.8312 milliseconds in repetition 85
tcp_ping received 192 bytes back
Round trip time was 55.5289 milliseconds in repetition 86
tcp_ping received 192 bytes back
Round trip time was 56.8165 milliseconds in repetition 87
tcp_ping received 192 bytes back
Round trip time was 60.6098 milliseconds in repetition 88
tcp_ping received 192 bytes back
Round trip time was 59.0246 milliseconds in repetition 89
tcp_ping received 192 bytes back
Round trip time was 98.4669 milliseconds in repetition 90
tcp_ping received 192 bytes back
Round trip time was 71.2417 milliseconds in repetition 91
tcp_ping received 192 bytes back
Round trip time was 60.6848 milliseconds in repetition 92
tcp_ping received 192 bytes back
Round trip time was 78.1862 milliseconds in repetition 93
tcp_ping received 192 bytes back
Round trip time was 60.5546 milliseconds in repetition 94
tcp_ping received 192 bytes back
Round trip time was 60.6626 milliseconds in repetition 95
tcp_ping received 192 bytes back
Round trip time was 66.6103 milliseconds in repetition 96
tcp_ping received 192 bytes back
Round trip time was 53.9932 milliseconds in repetition 97
tcp_ping received 192 bytes back
Round trip time was 254.285 milliseconds in repetition 98
tcp_ping received 192 bytes back
Round trip time was 176.548 milliseconds in repetition 99
tcp_ping received 192 bytes back
Round trip time was 233.638 milliseconds in repetition 100
tcp_ping received 192 bytes back
Round trip time was 82.7227 milliseconds in repetition 101
tcp_ping received 192 bytes back
Round trip time was 121.43 milliseconds in repetition 102
tcp_ping received 192 bytes back
Round trip time was 204.476 milliseconds in repetition 103
tcp_ping received 192 bytes back
Round trip time was 204.812 milliseconds in repetition 104
tcp_ping received 192 bytes back
Round trip time was 204.883 milliseconds in repetition 105
tcp_ping received 192 bytes back
Round trip time was 77.0172 milliseconds in repetition 106
tcp_ping received 192 bytes back
Round trip time was 127.494 milliseconds in repetition 107
tcp_ping received 192 bytes back
Round trip time was 204.917 milliseconds in repetition 108
tcp_ping received 192 bytes back
Round trip time was 102.227 milliseconds in repetition 109
tcp_ping received 192 bytes back
Round trip time was 102.37 milliseconds in repetition 110
tcp_ping received 192 bytes back
Round trip time was 204.685 milliseconds in repetition 111
tcp_ping received 192 bytes back
Round trip time was 204.823 milliseconds in repetition 112
tcp_ping received 192 bytes back
Round trip time was 204.731 milliseconds in repetition 113
tcp_ping received 192 bytes back
Round trip time was 204.669 milliseconds in repetition 114
tcp_ping received 192 bytes back
Round trip time was 204.506 milliseconds in repetition 115
tcp_ping received 192 bytes back
Round trip time was 204.831 milliseconds in repetition 116
tcp_ping received 192 bytes back
Round trip time was 208.55 milliseconds in repetition 117
tcp_ping received 192 bytes back
Round trip time was 201.066 milliseconds in repetition 118
tcp_ping received 192 bytes back
Round trip time was 158.566 milliseconds in repetition 119
tcp_ping received 192 bytes back
Round trip time was 60.3241 milliseconds in repetition 120
tcp_ping received 192 bytes back
Round trip time was 257.524 milliseconds in repetition 121
tcp_ping received 192 bytes back
Round trip time was 137.562 milliseconds in repetition 122
tcp_ping received 192 bytes back
Round trip time was 411.731 milliseconds in repetition 123
tcp_ping received 192 bytes back
Round trip time was 202.961 milliseconds in repetition 124
tcp_ping received 192 bytes back
Round trip time was 204.207 milliseconds in repetition 125
tcp_ping received 192 bytes back
Round trip time was 204.729 milliseconds in repetition 126
tcp_ping received 192 bytes back
Round trip time was 117.181 milliseconds in repetition 127
tcp_ping received 192 bytes back
Round trip time was 87.1637 milliseconds in repetition 128
tcp_ping received 192 bytes back
Round trip time was 206.221 milliseconds in repetition 129
tcp_ping received 192 bytes back
Round trip time was 96.6837 milliseconds in repetition 130
tcp_ping received 192 bytes back
Round trip time was 110.921 milliseconds in repetition 131
tcp_ping received 192 bytes back
Round trip time was 402.605 milliseconds in repetition 132
tcp_ping received 192 bytes back
Round trip time was 207.772 milliseconds in repetition 133
tcp_ping received 192 bytes back
Round trip time was 205.101 milliseconds in repetition 134
tcp_ping received 192 bytes back
Round trip time was 468.577 milliseconds in repetition 135
tcp_ping received 192 bytes back
Round trip time was 147.912 milliseconds in repetition 136
tcp_ping received 192 bytes back
Round trip time was 201.811 milliseconds in repetition 137
tcp_ping received 192 bytes back
Round trip time was 300.112 milliseconds in repetition 138
tcp_ping received 192 bytes back
Round trip time was 109.962 milliseconds in repetition 139
tcp_ping received 192 bytes back
Round trip time was 205.089 milliseconds in repetition 140
tcp_ping received 192 bytes back
Round trip time was 204.167 milliseconds in repetition 141
tcp_ping received 192 bytes back
Round trip time was 227.763 milliseconds in repetition 142
tcp_ping received 192 bytes back
Round trip time was 182.01 milliseconds in repetition 143
tcp_ping received 192 bytes back
Round trip time was 204.565 milliseconds in repetition 144
tcp_ping received 192 bytes back
Round trip time was 204.373 milliseconds in repetition 145
tcp_ping received 192 bytes back
Round trip time was 515.396 milliseconds in repetition 146
tcp_ping received 192 bytes back
Round trip time was 98.7112 milliseconds in repetition 147
tcp_ping received 192 bytes back
Round trip time was 108.474 milliseconds in repetition 148
tcp_ping received 192 bytes back
Round trip time was 100.517 milliseconds in repetition 149
tcp_ping received 192 bytes back
Round trip time was 406.353 milliseconds in repetition 150
tcp_ping received 192 bytes back
Round trip time was 207.926 milliseconds in repetition 151

 ... clock resolution was 1e-06
TCP Ping:  Statistics over 151 repetitions of 192 byte messages

RTT : percentile 10: 57.1706, median: 71.6187, percentile 90: 205.641, average: 118.142, variance: 7483.03

RTT histogram:
52.022 56
75.1907 29
98.3594 15
121.528 6
144.697 3
167.865 3
191.034 3
214.203 26
237.371 2
260.54 2
283.709 0
306.877 1
330.046 0
353.215 0
376.383 0
399.552 2
422.721 1
445.889 0
469.058 1
492.227 0
515.396 1

   median Throughput : 5.36173 KB/s   overall Throughput : 3.25032 KB/s

