TCP Ping trying to connect to server seti.dibris.unige.it (130.251.61.30) on port 1491
 ... connected to Pong server: asking for 151 repetitions of 48 bytes TCP messages
 ... Pong server agreed :-)
tcp_ping received 48 bytes back
Round trip time was 143.684 milliseconds in repetition 1
tcp_ping received 48 bytes back
Round trip time was 266.745 milliseconds in repetition 2
tcp_ping received 48 bytes back
Round trip time was 205.635 milliseconds in repetition 3
tcp_ping received 48 bytes back
Round trip time was 102.526 milliseconds in repetition 4
tcp_ping received 48 bytes back
Round trip time was 142.032 milliseconds in repetition 5
tcp_ping received 48 bytes back
Round trip time was 63.267 milliseconds in repetition 6
tcp_ping received 48 bytes back
Round trip time was 202.553 milliseconds in repetition 7
tcp_ping received 48 bytes back
Round trip time was 208.115 milliseconds in repetition 8
tcp_ping received 48 bytes back
Round trip time was 102.458 milliseconds in repetition 9
tcp_ping received 48 bytes back
Round trip time was 205.386 milliseconds in repetition 10
tcp_ping received 48 bytes back
Round trip time was 205.354 milliseconds in repetition 11
tcp_ping received 48 bytes back
Round trip time was 205.644 milliseconds in repetition 12
tcp_ping received 48 bytes back
Round trip time was 52.9365 milliseconds in repetition 13
tcp_ping received 48 bytes back
Round trip time was 152.004 milliseconds in repetition 14
tcp_ping received 48 bytes back
Round trip time was 205.062 milliseconds in repetition 15
tcp_ping received 48 bytes back
Round trip time was 188.241 milliseconds in repetition 16
tcp_ping received 48 bytes back
Round trip time was 119.501 milliseconds in repetition 17
tcp_ping received 48 bytes back
Round trip time was 205.188 milliseconds in repetition 18
tcp_ping received 48 bytes back
Round trip time was 102.871 milliseconds in repetition 19
tcp_ping received 48 bytes back
Round trip time was 205.144 milliseconds in repetition 20
tcp_ping received 48 bytes back
Round trip time was 205.201 milliseconds in repetition 21
tcp_ping received 48 bytes back
Round trip time was 724.181 milliseconds in repetition 22
tcp_ping received 48 bytes back
Round trip time was 96.956 milliseconds in repetition 23
tcp_ping received 48 bytes back
Round trip time was 205.245 milliseconds in repetition 24
tcp_ping received 48 bytes back
Round trip time was 209.194 milliseconds in repetition 25
tcp_ping received 48 bytes back
Round trip time was 200.177 milliseconds in repetition 26
tcp_ping received 48 bytes back
Round trip time was 103.769 milliseconds in repetition 27
tcp_ping received 48 bytes back
Round trip time was 102.906 milliseconds in repetition 28
tcp_ping received 48 bytes back
Round trip time was 205.426 milliseconds in repetition 29
tcp_ping received 48 bytes back
Round trip time was 67.324 milliseconds in repetition 30
tcp_ping received 48 bytes back
Round trip time was 137.451 milliseconds in repetition 31
tcp_ping received 48 bytes back
Round trip time was 46.5334 milliseconds in repetition 32
tcp_ping received 48 bytes back
Round trip time was 60.1296 milliseconds in repetition 33
tcp_ping received 48 bytes back
Round trip time was 98.5708 milliseconds in repetition 34
tcp_ping received 48 bytes back
Round trip time was 205.599 milliseconds in repetition 35
tcp_ping received 48 bytes back
Round trip time was 206.183 milliseconds in repetition 36
tcp_ping received 48 bytes back
Round trip time was 219.158 milliseconds in repetition 37
tcp_ping received 48 bytes back
Round trip time was 190.047 milliseconds in repetition 38
tcp_ping received 48 bytes back
Round trip time was 204.684 milliseconds in repetition 39
tcp_ping received 48 bytes back
Round trip time was 206.278 milliseconds in repetition 40
tcp_ping received 48 bytes back
Round trip time was 204.989 milliseconds in repetition 41
tcp_ping received 48 bytes back
Round trip time was 204.441 milliseconds in repetition 42
tcp_ping received 48 bytes back
Round trip time was 205.152 milliseconds in repetition 43
tcp_ping received 48 bytes back
Round trip time was 144.842 milliseconds in repetition 44
tcp_ping received 48 bytes back
Round trip time was 61.9183 milliseconds in repetition 45
tcp_ping received 48 bytes back
Round trip time was 60.6196 milliseconds in repetition 46
tcp_ping received 48 bytes back
Round trip time was 61.2404 milliseconds in repetition 47
tcp_ping received 48 bytes back
Round trip time was 55.5824 milliseconds in repetition 48
tcp_ping received 48 bytes back
Round trip time was 61.7768 milliseconds in repetition 49
tcp_ping received 48 bytes back
Round trip time was 65.4349 milliseconds in repetition 50
tcp_ping received 48 bytes back
Round trip time was 65.9131 milliseconds in repetition 51
tcp_ping received 48 bytes back
Round trip time was 61.714 milliseconds in repetition 52
tcp_ping received 48 bytes back
Round trip time was 67.0355 milliseconds in repetition 53
tcp_ping received 48 bytes back
Round trip time was 377.537 milliseconds in repetition 54
tcp_ping received 48 bytes back
Round trip time was 78.0597 milliseconds in repetition 55
tcp_ping received 48 bytes back
Round trip time was 69.5795 milliseconds in repetition 56
tcp_ping received 48 bytes back
Round trip time was 50.3589 milliseconds in repetition 57
tcp_ping received 48 bytes back
Round trip time was 70.5407 milliseconds in repetition 58
tcp_ping received 48 bytes back
Round trip time was 49.5321 milliseconds in repetition 59
tcp_ping received 48 bytes back
Round trip time was 60.9482 milliseconds in repetition 60
tcp_ping received 48 bytes back
Round trip time was 58.9974 milliseconds in repetition 61
tcp_ping received 48 bytes back
Round trip time was 79.2509 milliseconds in repetition 62
tcp_ping received 48 bytes back
Round trip time was 58.4225 milliseconds in repetition 63
tcp_ping received 48 bytes back
Round trip time was 53.0616 milliseconds in repetition 64
tcp_ping received 48 bytes back
Round trip time was 50.2645 milliseconds in repetition 65
tcp_ping received 48 bytes back
Round trip time was 70.1494 milliseconds in repetition 66
tcp_ping received 48 bytes back
Round trip time was 49.0009 milliseconds in repetition 67
tcp_ping received 48 bytes back
Round trip time was 71.0025 milliseconds in repetition 68
tcp_ping received 48 bytes back
Round trip time was 98.6191 milliseconds in repetition 69
tcp_ping received 48 bytes back
Round trip time was 53.1159 milliseconds in repetition 70
tcp_ping received 48 bytes back
Round trip time was 152.403 milliseconds in repetition 71
tcp_ping received 48 bytes back
Round trip time was 205.356 milliseconds in repetition 72
tcp_ping received 48 bytes back
Round trip time was 61.4965 milliseconds in repetition 73
tcp_ping received 48 bytes back
Round trip time was 344.386 milliseconds in repetition 74
tcp_ping received 48 bytes back
Round trip time was 209.196 milliseconds in repetition 75
tcp_ping received 48 bytes back
Round trip time was 204.931 milliseconds in repetition 76
tcp_ping received 48 bytes back
Round trip time was 138.281 milliseconds in repetition 77
tcp_ping received 48 bytes back
Round trip time was 275.234 milliseconds in repetition 78
tcp_ping received 48 bytes back
Round trip time was 213.271 milliseconds in repetition 79
tcp_ping received 48 bytes back
Round trip time was 193.126 milliseconds in repetition 80
tcp_ping received 48 bytes back
Round trip time was 134.175 milliseconds in repetition 81
tcp_ping received 48 bytes back
Round trip time was 71.8169 milliseconds in repetition 82
tcp_ping received 48 bytes back
Round trip time was 449.621 milliseconds in repetition 83
tcp_ping received 48 bytes back
Round trip time was 165.717 milliseconds in repetition 84
tcp_ping received 48 bytes back
Round trip time was 205.266 milliseconds in repetition 85
tcp_ping received 48 bytes back
Round trip time was 410.951 milliseconds in repetition 86
tcp_ping received 48 bytes back
Round trip time was 204.407 milliseconds in repetition 87
tcp_ping received 48 bytes back
Round trip time was 205.29 milliseconds in repetition 88
tcp_ping received 48 bytes back
Round trip time was 113.411 milliseconds in repetition 89
tcp_ping received 48 bytes back
Round trip time was 296.95 milliseconds in repetition 90
tcp_ping received 48 bytes back
Round trip time was 205.56 milliseconds in repetition 91
tcp_ping received 48 bytes back
Round trip time was 204.814 milliseconds in repetition 92
tcp_ping received 48 bytes back
Round trip time was 127.213 milliseconds in repetition 93
tcp_ping received 48 bytes back
Round trip time was 78.3021 milliseconds in repetition 94
tcp_ping received 48 bytes back
Round trip time was 204.8 milliseconds in repetition 95
tcp_ping received 48 bytes back
Round trip time was 204.365 milliseconds in repetition 96
tcp_ping received 48 bytes back
Round trip time was 205.405 milliseconds in repetition 97
tcp_ping received 48 bytes back
Round trip time was 205.267 milliseconds in repetition 98
tcp_ping received 48 bytes back
Round trip time was 205.651 milliseconds in repetition 99
tcp_ping received 48 bytes back
Round trip time was 102.417 milliseconds in repetition 100
tcp_ping received 48 bytes back
Round trip time was 102.993 milliseconds in repetition 101
tcp_ping received 48 bytes back
Round trip time was 204.556 milliseconds in repetition 102
tcp_ping received 48 bytes back
Round trip time was 205.136 milliseconds in repetition 103
tcp_ping received 48 bytes back
Round trip time was 361.94 milliseconds in repetition 104
tcp_ping received 48 bytes back
Round trip time was 475.595 milliseconds in repetition 105
tcp_ping received 48 bytes back
Round trip time was 188.366 milliseconds in repetition 106
tcp_ping received 48 bytes back
Round trip time was 204.524 milliseconds in repetition 107
tcp_ping received 48 bytes back
Round trip time was 183.63 milliseconds in repetition 108
tcp_ping received 48 bytes back
Round trip time was 226.881 milliseconds in repetition 109
tcp_ping received 48 bytes back
Round trip time was 410.342 milliseconds in repetition 110
tcp_ping received 48 bytes back
Round trip time was 205.155 milliseconds in repetition 111
tcp_ping received 48 bytes back
Round trip time was 307.425 milliseconds in repetition 112
tcp_ping received 48 bytes back
Round trip time was 102.465 milliseconds in repetition 113
tcp_ping received 48 bytes back
Round trip time was 204.906 milliseconds in repetition 114
tcp_ping received 48 bytes back
Round trip time was 204.964 milliseconds in repetition 115
tcp_ping received 48 bytes back
Round trip time was 308.055 milliseconds in repetition 116
tcp_ping received 48 bytes back
Round trip time was 102.983 milliseconds in repetition 117
tcp_ping received 48 bytes back
Round trip time was 204.609 milliseconds in repetition 118
tcp_ping received 48 bytes back
Round trip time was 205.006 milliseconds in repetition 119
tcp_ping received 48 bytes back
Round trip time was 205.46 milliseconds in repetition 120
tcp_ping received 48 bytes back
Round trip time was 205.181 milliseconds in repetition 121
tcp_ping received 48 bytes back
Round trip time was 204.73 milliseconds in repetition 122
tcp_ping received 48 bytes back
Round trip time was 205.827 milliseconds in repetition 123
tcp_ping received 48 bytes back
Round trip time was 57.2325 milliseconds in repetition 124
tcp_ping received 48 bytes back
Round trip time was 326.859 milliseconds in repetition 125
tcp_ping received 48 bytes back
Round trip time was 344.998 milliseconds in repetition 126
tcp_ping received 48 bytes back
Round trip time was 193.259 milliseconds in repetition 127
tcp_ping received 48 bytes back
Round trip time was 102.772 milliseconds in repetition 128
tcp_ping received 48 bytes back
Round trip time was 204.742 milliseconds in repetition 129
tcp_ping received 48 bytes back
Round trip time was 439.807 milliseconds in repetition 130
tcp_ping received 48 bytes back
Round trip time was 175.918 milliseconds in repetition 131
tcp_ping received 48 bytes back
Round trip time was 409.701 milliseconds in repetition 132
tcp_ping received 48 bytes back
Round trip time was 410.277 milliseconds in repetition 133
tcp_ping received 48 bytes back
Round trip time was 49.6425 milliseconds in repetition 134
tcp_ping received 48 bytes back
Round trip time was 257.887 milliseconds in repetition 135
tcp_ping received 48 bytes back
Round trip time was 102.419 milliseconds in repetition 136
tcp_ping received 48 bytes back
Round trip time was 205.308 milliseconds in repetition 137
tcp_ping received 48 bytes back
Round trip time was 204.963 milliseconds in repetition 138
tcp_ping received 48 bytes back
Round trip time was 205.412 milliseconds in repetition 139
tcp_ping received 48 bytes back
Round trip time was 205.092 milliseconds in repetition 140
tcp_ping received 48 bytes back
Round trip time was 204.87 milliseconds in repetition 141
tcp_ping received 48 bytes back
Round trip time was 204.973 milliseconds in repetition 142
tcp_ping received 48 bytes back
Round trip time was 205.459 milliseconds in repetition 143
tcp_ping received 48 bytes back
Round trip time was 204.994 milliseconds in repetition 144
tcp_ping received 48 bytes back
Round trip time was 204.929 milliseconds in repetition 145
tcp_ping received 48 bytes back
Round trip time was 204.892 milliseconds in repetition 146
tcp_ping received 48 bytes back
Round trip time was 205.081 milliseconds in repetition 147
tcp_ping received 48 bytes back
Round trip time was 205.221 milliseconds in repetition 148
tcp_ping received 48 bytes back
Round trip time was 386.629 milliseconds in repetition 149
tcp_ping received 48 bytes back
Round trip time was 433.544 milliseconds in repetition 150
tcp_ping received 48 bytes back
Round trip time was 207.114 milliseconds in repetition 151

 ... clock resolution was 1e-06
TCP Ping:  Statistics over 151 repetitions of 48 byte messages

RTT : percentile 10: 60.9482, median: 204.684, percentile 90: 308.055, average: 182.068, variance: 11271

RTT histogram:
46.5334 22
80.4157 13
114.298 16
148.18 8
182.063 8
215.945 63
249.828 2
283.71 2
317.592 3
351.475 3
385.357 2
419.239 5
453.122 2
487.004 1
520.887 0
554.769 0
588.651 0
622.534 0
656.416 0
690.298 0
724.181 1

   median Throughput : 0.469017 KB/s   overall Throughput : 0.527276 KB/s

