TCP Ping trying to connect to server seti.dibris.unige.it (130.251.61.30) on port 1491
 ... connected to Pong server: asking for 151 repetitions of 1024 bytes TCP messages
 ... Pong server agreed :-)
tcp_ping received 1024 bytes back
Round trip time was 86.7407 milliseconds in repetition 1
tcp_ping received 1024 bytes back
Round trip time was 104.505 milliseconds in repetition 2
tcp_ping received 1024 bytes back
Round trip time was 112.57 milliseconds in repetition 3
tcp_ping received 1024 bytes back
Round trip time was 80.7892 milliseconds in repetition 4
tcp_ping received 1024 bytes back
Round trip time was 90.7036 milliseconds in repetition 5
tcp_ping received 1024 bytes back
Round trip time was 97.0555 milliseconds in repetition 6
tcp_ping received 1024 bytes back
Round trip time was 75.0632 milliseconds in repetition 7
tcp_ping received 1024 bytes back
Round trip time was 78.5752 milliseconds in repetition 8
tcp_ping received 1024 bytes back
Round trip time was 64.0029 milliseconds in repetition 9
tcp_ping received 1024 bytes back
Round trip time was 80.5847 milliseconds in repetition 10
tcp_ping received 1024 bytes back
Round trip time was 116.666 milliseconds in repetition 11
tcp_ping received 1024 bytes back
Round trip time was 88.0564 milliseconds in repetition 12
tcp_ping received 1024 bytes back
Round trip time was 76.0883 milliseconds in repetition 13
tcp_ping received 1024 bytes back
Round trip time was 109.161 milliseconds in repetition 14
tcp_ping received 1024 bytes back
Round trip time was 75.1396 milliseconds in repetition 15
tcp_ping received 1024 bytes back
Round trip time was 78.2651 milliseconds in repetition 16
tcp_ping received 1024 bytes back
Round trip time was 74.0176 milliseconds in repetition 17
tcp_ping received 1024 bytes back
Round trip time was 71.1751 milliseconds in repetition 18
tcp_ping received 1024 bytes back
Round trip time was 90.2818 milliseconds in repetition 19
tcp_ping received 1024 bytes back
Round trip time was 65.7926 milliseconds in repetition 20
tcp_ping received 1024 bytes back
Round trip time was 65.8267 milliseconds in repetition 21
tcp_ping received 1024 bytes back
Round trip time was 74.2646 milliseconds in repetition 22
tcp_ping received 1024 bytes back
Round trip time was 76.6761 milliseconds in repetition 23
tcp_ping received 1024 bytes back
Round trip time was 70.6292 milliseconds in repetition 24
tcp_ping received 1024 bytes back
Round trip time was 85.3332 milliseconds in repetition 25
tcp_ping received 1024 bytes back
Round trip time was 70.222 milliseconds in repetition 26
tcp_ping received 1024 bytes back
Round trip time was 60.5988 milliseconds in repetition 27
tcp_ping received 1024 bytes back
Round trip time was 64.196 milliseconds in repetition 28
tcp_ping received 1024 bytes back
Round trip time was 70.8527 milliseconds in repetition 29
tcp_ping received 1024 bytes back
Round trip time was 80.2863 milliseconds in repetition 30
tcp_ping received 1024 bytes back
Round trip time was 74.2549 milliseconds in repetition 31
tcp_ping received 1024 bytes back
Round trip time was 78.4723 milliseconds in repetition 32
tcp_ping received 1024 bytes back
Round trip time was 90.1682 milliseconds in repetition 33
tcp_ping received 1024 bytes back
Round trip time was 62.0877 milliseconds in repetition 34
tcp_ping received 1024 bytes back
Round trip time was 86.4701 milliseconds in repetition 35
tcp_ping received 1024 bytes back
Round trip time was 73.0621 milliseconds in repetition 36
tcp_ping received 1024 bytes back
Round trip time was 89.0306 milliseconds in repetition 37
tcp_ping received 1024 bytes back
Round trip time was 71.3268 milliseconds in repetition 38
tcp_ping received 1024 bytes back
Round trip time was 61.4254 milliseconds in repetition 39
tcp_ping received 1024 bytes back
Round trip time was 65.6108 milliseconds in repetition 40
tcp_ping received 1024 bytes back
Round trip time was 67.4818 milliseconds in repetition 41
tcp_ping received 1024 bytes back
Round trip time was 73.2393 milliseconds in repetition 42
tcp_ping received 1024 bytes back
Round trip time was 78.4494 milliseconds in repetition 43
tcp_ping received 1024 bytes back
Round trip time was 87.1967 milliseconds in repetition 44
tcp_ping received 1024 bytes back
Round trip time was 96.8859 milliseconds in repetition 45
tcp_ping received 1024 bytes back
Round trip time was 82.022 milliseconds in repetition 46
tcp_ping received 1024 bytes back
Round trip time was 71.6026 milliseconds in repetition 47
tcp_ping received 1024 bytes back
Round trip time was 85.6708 milliseconds in repetition 48
tcp_ping received 1024 bytes back
Round trip time was 64.2679 milliseconds in repetition 49
tcp_ping received 1024 bytes back
Round trip time was 81.6607 milliseconds in repetition 50
tcp_ping received 1024 bytes back
Round trip time was 124.442 milliseconds in repetition 51
tcp_ping received 1024 bytes back
Round trip time was 65.5941 milliseconds in repetition 52
tcp_ping received 1024 bytes back
Round trip time was 60.9041 milliseconds in repetition 53
tcp_ping received 1024 bytes back
Round trip time was 88.3338 milliseconds in repetition 54
tcp_ping received 1024 bytes back
Round trip time was 67.5322 milliseconds in repetition 55
tcp_ping received 1024 bytes back
Round trip time was 71.0479 milliseconds in repetition 56
tcp_ping received 1024 bytes back
Round trip time was 74.4239 milliseconds in repetition 57
tcp_ping received 1024 bytes back
Round trip time was 70.6636 milliseconds in repetition 58
tcp_ping received 1024 bytes back
Round trip time was 63.7969 milliseconds in repetition 59
tcp_ping received 1024 bytes back
Round trip time was 87.1849 milliseconds in repetition 60
tcp_ping received 1024 bytes back
Round trip time was 92.0814 milliseconds in repetition 61
tcp_ping received 1024 bytes back
Round trip time was 67.6148 milliseconds in repetition 62
tcp_ping received 1024 bytes back
Round trip time was 67.5588 milliseconds in repetition 63
tcp_ping received 1024 bytes back
Round trip time was 60.7647 milliseconds in repetition 64
tcp_ping received 1024 bytes back
Round trip time was 79.7265 milliseconds in repetition 65
tcp_ping received 1024 bytes back
Round trip time was 69.261 milliseconds in repetition 66
tcp_ping received 1024 bytes back
Round trip time was 85.4923 milliseconds in repetition 67
tcp_ping received 1024 bytes back
Round trip time was 97.2671 milliseconds in repetition 68
tcp_ping received 1024 bytes back
Round trip time was 71.1283 milliseconds in repetition 69
tcp_ping received 1024 bytes back
Round trip time was 69.4095 milliseconds in repetition 70
tcp_ping received 1024 bytes back
Round trip time was 69.3225 milliseconds in repetition 71
tcp_ping received 1024 bytes back
Round trip time was 72.9416 milliseconds in repetition 72
tcp_ping received 1024 bytes back
Round trip time was 84.5805 milliseconds in repetition 73
tcp_ping received 1024 bytes back
Round trip time was 62.5303 milliseconds in repetition 74
tcp_ping received 1024 bytes back
Round trip time was 83.8075 milliseconds in repetition 75
tcp_ping received 1024 bytes back
Round trip time was 80.0257 milliseconds in repetition 76
tcp_ping received 1024 bytes back
Round trip time was 74.2221 milliseconds in repetition 77
tcp_ping received 1024 bytes back
Round trip time was 64.5192 milliseconds in repetition 78
tcp_ping received 1024 bytes back
Round trip time was 65.7603 milliseconds in repetition 79
tcp_ping received 1024 bytes back
Round trip time was 71.8295 milliseconds in repetition 80
tcp_ping received 1024 bytes back
Round trip time was 72.1845 milliseconds in repetition 81
tcp_ping received 1024 bytes back
Round trip time was 87.5755 milliseconds in repetition 82
tcp_ping received 1024 bytes back
Round trip time was 63.7512 milliseconds in repetition 83
tcp_ping received 1024 bytes back
Round trip time was 84.1557 milliseconds in repetition 84
tcp_ping received 1024 bytes back
Round trip time was 67.839 milliseconds in repetition 85
tcp_ping received 1024 bytes back
Round trip time was 61.6935 milliseconds in repetition 86
tcp_ping received 1024 bytes back
Round trip time was 110.009 milliseconds in repetition 87
tcp_ping received 1024 bytes back
Round trip time was 102.845 milliseconds in repetition 88
tcp_ping received 1024 bytes back
Round trip time was 72.1702 milliseconds in repetition 89
tcp_ping received 1024 bytes back
Round trip time was 66.7565 milliseconds in repetition 90
tcp_ping received 1024 bytes back
Round trip time was 74.7034 milliseconds in repetition 91
tcp_ping received 1024 bytes back
Round trip time was 82.134 milliseconds in repetition 92
tcp_ping received 1024 bytes back
Round trip time was 80.7734 milliseconds in repetition 93
tcp_ping received 1024 bytes back
Round trip time was 64.1842 milliseconds in repetition 94
tcp_ping received 1024 bytes back
Round trip time was 73.125 milliseconds in repetition 95
tcp_ping received 1024 bytes back
Round trip time was 112.625 milliseconds in repetition 96
tcp_ping received 1024 bytes back
Round trip time was 104.651 milliseconds in repetition 97
tcp_ping received 1024 bytes back
Round trip time was 82.1758 milliseconds in repetition 98
tcp_ping received 1024 bytes back
Round trip time was 93.235 milliseconds in repetition 99
tcp_ping received 1024 bytes back
Round trip time was 61.9132 milliseconds in repetition 100
tcp_ping received 1024 bytes back
Round trip time was 70.1508 milliseconds in repetition 101
tcp_ping received 1024 bytes back
Round trip time was 60.5764 milliseconds in repetition 102
tcp_ping received 1024 bytes back
Round trip time was 61.1874 milliseconds in repetition 103
tcp_ping received 1024 bytes back
Round trip time was 66.2847 milliseconds in repetition 104
tcp_ping received 1024 bytes back
Round trip time was 89.6259 milliseconds in repetition 105
tcp_ping received 1024 bytes back
Round trip time was 72.6347 milliseconds in repetition 106
tcp_ping received 1024 bytes back
Round trip time was 63.871 milliseconds in repetition 107
tcp_ping received 1024 bytes back
Round trip time was 80.5562 milliseconds in repetition 108
tcp_ping received 1024 bytes back
Round trip time was 100.685 milliseconds in repetition 109
tcp_ping received 1024 bytes back
Round trip time was 72.0944 milliseconds in repetition 110
tcp_ping received 1024 bytes back
Round trip time was 71.6827 milliseconds in repetition 111
tcp_ping received 1024 bytes back
Round trip time was 69.1016 milliseconds in repetition 112
tcp_ping received 1024 bytes back
Round trip time was 72.7772 milliseconds in repetition 113
tcp_ping received 1024 bytes back
Round trip time was 66.6942 milliseconds in repetition 114
tcp_ping received 1024 bytes back
Round trip time was 67.9728 milliseconds in repetition 115
tcp_ping received 1024 bytes back
Round trip time was 58.1625 milliseconds in repetition 116
tcp_ping received 1024 bytes back
Round trip time was 76.8638 milliseconds in repetition 117
tcp_ping received 1024 bytes back
Round trip time was 65.9089 milliseconds in repetition 118
tcp_ping received 1024 bytes back
Round trip time was 77.3922 milliseconds in repetition 119
tcp_ping received 1024 bytes back
Round trip time was 70.6847 milliseconds in repetition 120
tcp_ping received 1024 bytes back
Round trip time was 90.8256 milliseconds in repetition 121
tcp_ping received 1024 bytes back
Round trip time was 57.1139 milliseconds in repetition 122
tcp_ping received 1024 bytes back
Round trip time was 81.6202 milliseconds in repetition 123
tcp_ping received 1024 bytes back
Round trip time was 73.6966 milliseconds in repetition 124
tcp_ping received 1024 bytes back
Round trip time was 86.3223 milliseconds in repetition 125
tcp_ping received 1024 bytes back
Round trip time was 80.3421 milliseconds in repetition 126
tcp_ping received 1024 bytes back
Round trip time was 69.4022 milliseconds in repetition 127
tcp_ping received 1024 bytes back
Round trip time was 54.2186 milliseconds in repetition 128
tcp_ping received 1024 bytes back
Round trip time was 76.769 milliseconds in repetition 129
tcp_ping received 1024 bytes back
Round trip time was 62.9977 milliseconds in repetition 130
tcp_ping received 1024 bytes back
Round trip time was 73.7292 milliseconds in repetition 131
tcp_ping received 1024 bytes back
Round trip time was 75.2884 milliseconds in repetition 132
tcp_ping received 1024 bytes back
Round trip time was 61.9843 milliseconds in repetition 133
tcp_ping received 1024 bytes back
Round trip time was 84.841 milliseconds in repetition 134
tcp_ping received 1024 bytes back
Round trip time was 70.8874 milliseconds in repetition 135
tcp_ping received 1024 bytes back
Round trip time was 101.617 milliseconds in repetition 136
tcp_ping received 1024 bytes back
Round trip time was 71.4242 milliseconds in repetition 137
tcp_ping received 1024 bytes back
Round trip time was 102.066 milliseconds in repetition 138
tcp_ping received 1024 bytes back
Round trip time was 55.4669 milliseconds in repetition 139
tcp_ping received 1024 bytes back
Round trip time was 77.3462 milliseconds in repetition 140
tcp_ping received 1024 bytes back
Round trip time was 84.412 milliseconds in repetition 141
tcp_ping received 1024 bytes back
Round trip time was 97.5674 milliseconds in repetition 142
tcp_ping received 1024 bytes back
Round trip time was 124.417 milliseconds in repetition 143
tcp_ping received 1024 bytes back
Round trip time was 102.055 milliseconds in repetition 144
tcp_ping received 1024 bytes back
Round trip time was 311.607 milliseconds in repetition 145
tcp_ping received 1024 bytes back
Round trip time was 98.2928 milliseconds in repetition 146
tcp_ping received 1024 bytes back
Round trip time was 204.735 milliseconds in repetition 147
tcp_ping received 1024 bytes back
Round trip time was 376.11 milliseconds in repetition 148
tcp_ping received 1024 bytes back
Round trip time was 235.859 milliseconds in repetition 149
tcp_ping received 1024 bytes back
Round trip time was 206.764 milliseconds in repetition 150
tcp_ping received 1024 bytes back
Round trip time was 158.401 milliseconds in repetition 151

 ... clock resolution was 1e-06
TCP Ping:  Statistics over 151 repetitions of 1024 byte messages

RTT : percentile 10: 62.9977, median: 74.7034, percentile 90: 102.845, average: 84.7673, variance: 1530.32

RTT histogram:
54.2186 14
70.3132 72
86.4077 40
102.502 14
118.597 5
134.691 0
150.786 1
166.881 0
182.975 0
199.07 2
215.164 0
231.259 1
247.354 0
263.448 0
279.543 0
295.637 0
311.732 1
327.826 0
343.921 0
360.016 0
376.11 1

   median Throughput : 27.4151 KB/s   overall Throughput : 24.1603 KB/s

