TCP Ping trying to connect to server seti.dibris.unige.it (130.251.61.30) on port 1491
 ... connected to Pong server: asking for 151 repetitions of 64 bytes TCP messages
 ... Pong server agreed :-)
tcp_ping received 64 bytes back
Round trip time was 102.254 milliseconds in repetition 1
tcp_ping received 64 bytes back
Round trip time was 204.955 milliseconds in repetition 2
tcp_ping received 64 bytes back
Round trip time was 205.48 milliseconds in repetition 3
tcp_ping received 64 bytes back
Round trip time was 205.294 milliseconds in repetition 4
tcp_ping received 64 bytes back
Round trip time was 204.855 milliseconds in repetition 5
tcp_ping received 64 bytes back
Round trip time was 202.406 milliseconds in repetition 6
tcp_ping received 64 bytes back
Round trip time was 412.318 milliseconds in repetition 7
tcp_ping received 64 bytes back
Round trip time was 205.802 milliseconds in repetition 8
tcp_ping received 64 bytes back
Round trip time was 174.264 milliseconds in repetition 9
tcp_ping received 64 bytes back
Round trip time was 440.092 milliseconds in repetition 10
tcp_ping received 64 bytes back
Round trip time was 191.641 milliseconds in repetition 11
tcp_ping received 64 bytes back
Round trip time was 218.906 milliseconds in repetition 12
tcp_ping received 64 bytes back
Round trip time was 205.25 milliseconds in repetition 13
tcp_ping received 64 bytes back
Round trip time was 204.617 milliseconds in repetition 14
tcp_ping received 64 bytes back
Round trip time was 409.765 milliseconds in repetition 15
tcp_ping received 64 bytes back
Round trip time was 205.163 milliseconds in repetition 16
tcp_ping received 64 bytes back
Round trip time was 111.003 milliseconds in repetition 17
tcp_ping received 64 bytes back
Round trip time was 94.832 milliseconds in repetition 18
tcp_ping received 64 bytes back
Round trip time was 376.19 milliseconds in repetition 19
tcp_ping received 64 bytes back
Round trip time was 238.461 milliseconds in repetition 20
tcp_ping received 64 bytes back
Round trip time was 205.207 milliseconds in repetition 21
tcp_ping received 64 bytes back
Round trip time was 204.929 milliseconds in repetition 22
tcp_ping received 64 bytes back
Round trip time was 424.584 milliseconds in repetition 23
tcp_ping received 64 bytes back
Round trip time was 395.349 milliseconds in repetition 24
tcp_ping received 64 bytes back
Round trip time was 73.4976 milliseconds in repetition 25
tcp_ping received 64 bytes back
Round trip time was 131.932 milliseconds in repetition 26
tcp_ping received 64 bytes back
Round trip time was 205.141 milliseconds in repetition 27
tcp_ping received 64 bytes back
Round trip time was 204.492 milliseconds in repetition 28
tcp_ping received 64 bytes back
Round trip time was 410.166 milliseconds in repetition 29
tcp_ping received 64 bytes back
Round trip time was 204.753 milliseconds in repetition 30
tcp_ping received 64 bytes back
Round trip time was 205.018 milliseconds in repetition 31
tcp_ping received 64 bytes back
Round trip time was 80.6085 milliseconds in repetition 32
tcp_ping received 64 bytes back
Round trip time was 124.369 milliseconds in repetition 33
tcp_ping received 64 bytes back
Round trip time was 205.111 milliseconds in repetition 34
tcp_ping received 64 bytes back
Round trip time was 131.088 milliseconds in repetition 35
tcp_ping received 64 bytes back
Round trip time was 73.8961 milliseconds in repetition 36
tcp_ping received 64 bytes back
Round trip time was 204.612 milliseconds in repetition 37
tcp_ping received 64 bytes back
Round trip time was 205.53 milliseconds in repetition 38
tcp_ping received 64 bytes back
Round trip time was 79.2057 milliseconds in repetition 39
tcp_ping received 64 bytes back
Round trip time was 126.512 milliseconds in repetition 40
tcp_ping received 64 bytes back
Round trip time was 409.037 milliseconds in repetition 41
tcp_ping received 64 bytes back
Round trip time was 271.823 milliseconds in repetition 42
tcp_ping received 64 bytes back
Round trip time was 343.544 milliseconds in repetition 43
tcp_ping received 64 bytes back
Round trip time was 204.902 milliseconds in repetition 44
tcp_ping received 64 bytes back
Round trip time was 49.0833 milliseconds in repetition 45
tcp_ping received 64 bytes back
Round trip time was 155.753 milliseconds in repetition 46
tcp_ping received 64 bytes back
Round trip time was 205.371 milliseconds in repetition 47
tcp_ping received 64 bytes back
Round trip time was 205.123 milliseconds in repetition 48
tcp_ping received 64 bytes back
Round trip time was 409.465 milliseconds in repetition 49
tcp_ping received 64 bytes back
Round trip time was 147.247 milliseconds in repetition 50
tcp_ping received 64 bytes back
Round trip time was 263.155 milliseconds in repetition 51
tcp_ping received 64 bytes back
Round trip time was 72.668 milliseconds in repetition 52
tcp_ping received 64 bytes back
Round trip time was 131.768 milliseconds in repetition 53
tcp_ping received 64 bytes back
Round trip time was 51.3702 milliseconds in repetition 54
tcp_ping received 64 bytes back
Round trip time was 153.863 milliseconds in repetition 55
tcp_ping received 64 bytes back
Round trip time was 204.946 milliseconds in repetition 56
tcp_ping received 64 bytes back
Round trip time was 102.254 milliseconds in repetition 57
tcp_ping received 64 bytes back
Round trip time was 106.87 milliseconds in repetition 58
tcp_ping received 64 bytes back
Round trip time was 200.619 milliseconds in repetition 59
tcp_ping received 64 bytes back
Round trip time was 117.035 milliseconds in repetition 60
tcp_ping received 64 bytes back
Round trip time was 88.1695 milliseconds in repetition 61
tcp_ping received 64 bytes back
Round trip time was 205.031 milliseconds in repetition 62
tcp_ping received 64 bytes back
Round trip time was 193.575 milliseconds in repetition 63
tcp_ping received 64 bytes back
Round trip time was 180.524 milliseconds in repetition 64
tcp_ping received 64 bytes back
Round trip time was 240.639 milliseconds in repetition 65
tcp_ping received 64 bytes back
Round trip time was 406.292 milliseconds in repetition 66
tcp_ping received 64 bytes back
Round trip time was 173.858 milliseconds in repetition 67
tcp_ping received 64 bytes back
Round trip time was 58.7248 milliseconds in repetition 68
tcp_ping received 64 bytes back
Round trip time was 62.6696 milliseconds in repetition 69
tcp_ping received 64 bytes back
Round trip time was 57.4837 milliseconds in repetition 70
tcp_ping received 64 bytes back
Round trip time was 82.4204 milliseconds in repetition 71
tcp_ping received 64 bytes back
Round trip time was 53.6952 milliseconds in repetition 72
tcp_ping received 64 bytes back
Round trip time was 73.0534 milliseconds in repetition 73
tcp_ping received 64 bytes back
Round trip time was 61.2813 milliseconds in repetition 74
tcp_ping received 64 bytes back
Round trip time was 65.9028 milliseconds in repetition 75
tcp_ping received 64 bytes back
Round trip time was 50.341 milliseconds in repetition 76
tcp_ping received 64 bytes back
Round trip time was 45.8082 milliseconds in repetition 77
tcp_ping received 64 bytes back
Round trip time was 74.8268 milliseconds in repetition 78
tcp_ping received 64 bytes back
Round trip time was 55.1371 milliseconds in repetition 79
tcp_ping received 64 bytes back
Round trip time was 68.8987 milliseconds in repetition 80
tcp_ping received 64 bytes back
Round trip time was 46.1782 milliseconds in repetition 81
tcp_ping received 64 bytes back
Round trip time was 65.0982 milliseconds in repetition 82
tcp_ping received 64 bytes back
Round trip time was 65.3641 milliseconds in repetition 83
tcp_ping received 64 bytes back
Round trip time was 70.8921 milliseconds in repetition 84
tcp_ping received 64 bytes back
Round trip time was 55.255 milliseconds in repetition 85
tcp_ping received 64 bytes back
Round trip time was 53.597 milliseconds in repetition 86
tcp_ping received 64 bytes back
Round trip time was 46.275 milliseconds in repetition 87
tcp_ping received 64 bytes back
Round trip time was 65.0958 milliseconds in repetition 88
tcp_ping received 64 bytes back
Round trip time was 58.536 milliseconds in repetition 89
tcp_ping received 64 bytes back
Round trip time was 70.4816 milliseconds in repetition 90
tcp_ping received 64 bytes back
Round trip time was 52.6823 milliseconds in repetition 91
tcp_ping received 64 bytes back
Round trip time was 75.9408 milliseconds in repetition 92
tcp_ping received 64 bytes back
Round trip time was 46.0181 milliseconds in repetition 93
tcp_ping received 64 bytes back
Round trip time was 51.1156 milliseconds in repetition 94
tcp_ping received 64 bytes back
Round trip time was 74.0036 milliseconds in repetition 95
tcp_ping received 64 bytes back
Round trip time was 50.5532 milliseconds in repetition 96
tcp_ping received 64 bytes back
Round trip time was 65.8085 milliseconds in repetition 97
tcp_ping received 64 bytes back
Round trip time was 62.8884 milliseconds in repetition 98
tcp_ping received 64 bytes back
Round trip time was 66.06 milliseconds in repetition 99
tcp_ping received 64 bytes back
Round trip time was 44.9785 milliseconds in repetition 100
tcp_ping received 64 bytes back
Round trip time was 60.4784 milliseconds in repetition 101
tcp_ping received 64 bytes back
Round trip time was 128.635 milliseconds in repetition 102
tcp_ping received 64 bytes back
Round trip time was 102.32 milliseconds in repetition 103
tcp_ping received 64 bytes back
Round trip time was 205.147 milliseconds in repetition 104
tcp_ping received 64 bytes back
Round trip time was 205.211 milliseconds in repetition 105
tcp_ping received 64 bytes back
Round trip time was 389.547 milliseconds in repetition 106
tcp_ping received 64 bytes back
Round trip time was 225.151 milliseconds in repetition 107
tcp_ping received 64 bytes back
Round trip time was 191.534 milliseconds in repetition 108
tcp_ping received 64 bytes back
Round trip time was 218.795 milliseconds in repetition 109
tcp_ping received 64 bytes back
Round trip time was 204.874 milliseconds in repetition 110
tcp_ping received 64 bytes back
Round trip time was 61.5255 milliseconds in repetition 111
tcp_ping received 64 bytes back
Round trip time was 90.965 milliseconds in repetition 112
tcp_ping received 64 bytes back
Round trip time was 56.1807 milliseconds in repetition 113
tcp_ping received 64 bytes back
Round trip time was 70.7134 milliseconds in repetition 114
tcp_ping received 64 bytes back
Round trip time was 130.254 milliseconds in repetition 115
tcp_ping received 64 bytes back
Round trip time was 55.7872 milliseconds in repetition 116
tcp_ping received 64 bytes back
Round trip time was 45.4075 milliseconds in repetition 117
tcp_ping received 64 bytes back
Round trip time was 103.988 milliseconds in repetition 118
tcp_ping received 64 bytes back
Round trip time was 50.0117 milliseconds in repetition 119
tcp_ping received 64 bytes back
Round trip time was 155.142 milliseconds in repetition 120
tcp_ping received 64 bytes back
Round trip time was 205.051 milliseconds in repetition 121
tcp_ping received 64 bytes back
Round trip time was 204.117 milliseconds in repetition 122
tcp_ping received 64 bytes back
Round trip time was 205.345 milliseconds in repetition 123
tcp_ping received 64 bytes back
Round trip time was 189.803 milliseconds in repetition 124
tcp_ping received 64 bytes back
Round trip time was 103.564 milliseconds in repetition 125
tcp_ping received 64 bytes back
Round trip time was 102.892 milliseconds in repetition 126
tcp_ping received 64 bytes back
Round trip time was 306.125 milliseconds in repetition 127
tcp_ping received 64 bytes back
Round trip time was 117.825 milliseconds in repetition 128
tcp_ping received 64 bytes back
Round trip time was 87.655 milliseconds in repetition 129
tcp_ping received 64 bytes back
Round trip time was 219.383 milliseconds in repetition 130
tcp_ping received 64 bytes back
Round trip time was 110.636 milliseconds in repetition 131
tcp_ping received 64 bytes back
Round trip time was 95.2585 milliseconds in repetition 132
tcp_ping received 64 bytes back
Round trip time was 339.051 milliseconds in repetition 133
tcp_ping received 64 bytes back
Round trip time was 176.083 milliseconds in repetition 134
tcp_ping received 64 bytes back
Round trip time was 419.249 milliseconds in repetition 135
tcp_ping received 64 bytes back
Round trip time was 294.491 milliseconds in repetition 136
tcp_ping received 64 bytes back
Round trip time was 123.593 milliseconds in repetition 137
tcp_ping received 64 bytes back
Round trip time was 81.2529 milliseconds in repetition 138
tcp_ping received 64 bytes back
Round trip time was 102.503 milliseconds in repetition 139
tcp_ping received 64 bytes back
Round trip time was 205.048 milliseconds in repetition 140
tcp_ping received 64 bytes back
Round trip time was 293.136 milliseconds in repetition 141
tcp_ping received 64 bytes back
Round trip time was 117.327 milliseconds in repetition 142
tcp_ping received 64 bytes back
Round trip time was 204.781 milliseconds in repetition 143
tcp_ping received 64 bytes back
Round trip time was 204.347 milliseconds in repetition 144
tcp_ping received 64 bytes back
Round trip time was 205.281 milliseconds in repetition 145
tcp_ping received 64 bytes back
Round trip time was 409.634 milliseconds in repetition 146
tcp_ping received 64 bytes back
Round trip time was 192.073 milliseconds in repetition 147
tcp_ping received 64 bytes back
Round trip time was 390.15 milliseconds in repetition 148
tcp_ping received 64 bytes back
Round trip time was 49.8167 milliseconds in repetition 149
tcp_ping received 64 bytes back
Round trip time was 393.44 milliseconds in repetition 150
tcp_ping received 64 bytes back
Round trip time was 204.846 milliseconds in repetition 151

 ... clock resolution was 1e-06
TCP Ping:  Statistics over 151 repetitions of 64 byte messages

RTT : percentile 10: 53.6952, median: 147.247, percentile 90: 343.544, average: 164.941, variance: 11399.7

RTT histogram:
44.9785 16
64.7342 27
84.4899 9
104.246 12
124.001 11
143.757 1
163.513 3
183.268 8
203.024 36
222.78 4
242.535 2
262.291 2
282.047 0
301.802 3
321.558 0
341.314 2
361.07 0
380.825 3
400.581 8
420.337 3
440.092 1

   median Throughput : 0.869286 KB/s   overall Throughput : 0.776037 KB/s

