UDP Ping trying to connect to server seti.dibris.unige.it (130.251.61.30) on TCP port 1491
 ... connected to Pong server: asking for 151 repetitions of 64 _bytes UDP messages
 ... Pong server agreed to ping-pong using port 49152 :-)
Round trip time was 203.678 milliseconds in repetition 1
Round trip time was 323.566 milliseconds in repetition 2
Round trip time was 86.191 milliseconds in repetition 3
Round trip time was 88.469 milliseconds in repetition 4
Round trip time was 116.315 milliseconds in repetition 5
Round trip time was 204.859 milliseconds in repetition 6
Round trip time was 189.977 milliseconds in repetition 7
Round trip time was 55.585 milliseconds in repetition 8
Round trip time was 208.633 milliseconds in repetition 9
Round trip time was 160.633 milliseconds in repetition 10
Round trip time was 204.929 milliseconds in repetition 11
Round trip time was 329.676 milliseconds in repetition 12
Round trip time was 284.967 milliseconds in repetition 13
Round trip time was 409.781 milliseconds in repetition 14
Round trip time was 106.871 milliseconds in repetition 15
Round trip time was 95.660 milliseconds in repetition 16
Round trip time was 330.615 milliseconds in repetition 17
Round trip time was 81.949 milliseconds in repetition 18
Round trip time was 204.781 milliseconds in repetition 19
Round trip time was 92.127 milliseconds in repetition 20
Round trip time was 112.660 milliseconds in repetition 21
Round trip time was 204.721 milliseconds in repetition 22
Round trip time was 409.979 milliseconds in repetition 23
Round trip time was 205.180 milliseconds in repetition 24
Round trip time was 204.860 milliseconds in repetition 25
Round trip time was 204.720 milliseconds in repetition 26
Round trip time was 155.020 milliseconds in repetition 27
Round trip time was 160.240 milliseconds in repetition 28
Round trip time was 60.443 milliseconds in repetition 29
Round trip time was 239.262 milliseconds in repetition 30
Round trip time was 102.242 milliseconds in repetition 31
Round trip time was 102.341 milliseconds in repetition 32
Round trip time was 205.045 milliseconds in repetition 33
Round trip time was 409.718 milliseconds in repetition 34
Round trip time was 205.037 milliseconds in repetition 35
Round trip time was 204.792 milliseconds in repetition 36
Round trip time was 205.046 milliseconds in repetition 37
Round trip time was 153.825 milliseconds in repetition 38
Round trip time was 58.253 milliseconds in repetition 39
Round trip time was 197.646 milliseconds in repetition 40
Round trip time was 205.027 milliseconds in repetition 41
Round trip time was 204.997 milliseconds in repetition 42
Round trip time was 409.650 milliseconds in repetition 43
Round trip time was 204.734 milliseconds in repetition 44
Round trip time was 205.127 milliseconds in repetition 45
Round trip time was 131.080 milliseconds in repetition 46
Round trip time was 382.074 milliseconds in repetition 47
Round trip time was 101.680 milliseconds in repetition 48
Round trip time was 204.836 milliseconds in repetition 49
Round trip time was 204.799 milliseconds in repetition 50
Round trip time was 50.947 milliseconds in repetition 51
Round trip time was 154.078 milliseconds in repetition 52
Round trip time was 82.989 milliseconds in repetition 53
Round trip time was 132.806 milliseconds in repetition 54
Round trip time was 399.168 milliseconds in repetition 55
Round trip time was 204.703 milliseconds in repetition 56
Round trip time was 204.914 milliseconds in repetition 57
Round trip time was 204.913 milliseconds in repetition 58
Round trip time was 327.305 milliseconds in repetition 59
Round trip time was 82.738 milliseconds in repetition 60
Round trip time was 94.362 milliseconds in repetition 61
Round trip time was 212.804 milliseconds in repetition 62
Round trip time was 102.446 milliseconds in repetition 63
Round trip time was 359.380 milliseconds in repetition 64
Round trip time was 255.584 milliseconds in repetition 65
Round trip time was 204.720 milliseconds in repetition 66
Round trip time was 204.784 milliseconds in repetition 67
Round trip time was 205.011 milliseconds in repetition 68
Round trip time was 150.031 milliseconds in repetition 69
Round trip time was 58.204 milliseconds in repetition 70
Round trip time was 166.554 milliseconds in repetition 71
Round trip time was 152.161 milliseconds in repetition 72
Round trip time was 89.019 milliseconds in repetition 73
Round trip time was 172.891 milliseconds in repetition 74
Round trip time was 217.723 milliseconds in repetition 75
Round trip time was 223.127 milliseconds in repetition 76
Round trip time was 204.672 milliseconds in repetition 77
Round trip time was 204.998 milliseconds in repetition 78
Round trip time was 205.057 milliseconds in repetition 79
Round trip time was 409.542 milliseconds in repetition 80
Round trip time was 137.285 milliseconds in repetition 81
Round trip time was 129.645 milliseconds in repetition 82
Round trip time was 60.249 milliseconds in repetition 83
Round trip time was 82.636 milliseconds in repetition 84
Round trip time was 204.914 milliseconds in repetition 85
Round trip time was 409.919 milliseconds in repetition 86
Round trip time was 409.893 milliseconds in repetition 87
Round trip time was 204.776 milliseconds in repetition 88
Round trip time was 409.821 milliseconds in repetition 89
Round trip time was 71.987 milliseconds in repetition 90
Round trip time was 132.934 milliseconds in repetition 91
Round trip time was 204.976 milliseconds in repetition 92
Round trip time was 409.754 milliseconds in repetition 93
Round trip time was 204.925 milliseconds in repetition 94
Round trip time was 46.162 milliseconds in repetition 95
Round trip time was 158.943 milliseconds in repetition 96
Round trip time was 204.610 milliseconds in repetition 97
Round trip time was 204.815 milliseconds in repetition 98
Round trip time was 103.287 milliseconds in repetition 99
Round trip time was 101.809 milliseconds in repetition 100
Round trip time was 204.881 milliseconds in repetition 101
Round trip time was 307.408 milliseconds in repetition 102
Round trip time was 102.455 milliseconds in repetition 103
Round trip time was 205.113 milliseconds in repetition 104
Round trip time was 204.915 milliseconds in repetition 105
Round trip time was 204.782 milliseconds in repetition 106
Round trip time was 204.955 milliseconds in repetition 107
Round trip time was 204.869 milliseconds in repetition 108
Round trip time was 204.842 milliseconds in repetition 109
Round trip time was 205.109 milliseconds in repetition 110
Round trip time was 177.926 milliseconds in repetition 111
Round trip time was 51.549 milliseconds in repetition 112
Round trip time was 180.348 milliseconds in repetition 113
Round trip time was 204.711 milliseconds in repetition 114
Round trip time was 311.055 milliseconds in repetition 115
Round trip time was 99.061 milliseconds in repetition 116
Round trip time was 204.601 milliseconds in repetition 117
Round trip time was 204.989 milliseconds in repetition 118
Round trip time was 204.826 milliseconds in repetition 119
Round trip time was 209.284 milliseconds in repetition 120
Round trip time was 200.686 milliseconds in repetition 121
Round trip time was 204.763 milliseconds in repetition 122
Round trip time was 205.546 milliseconds in repetition 123
Round trip time was 101.620 milliseconds in repetition 124
Round trip time was 102.592 milliseconds in repetition 125
Round trip time was 190.684 milliseconds in repetition 126
Round trip time was 219.218 milliseconds in repetition 127
Round trip time was 204.815 milliseconds in repetition 128
Round trip time was 204.921 milliseconds in repetition 129
Round trip time was 204.904 milliseconds in repetition 130
Round trip time was 204.907 milliseconds in repetition 131
Round trip time was 347.909 milliseconds in repetition 132
Round trip time was 99.208 milliseconds in repetition 133
Round trip time was 171.470 milliseconds in repetition 134
Round trip time was 55.994 milliseconds in repetition 135
Round trip time was 110.769 milliseconds in repetition 136
Round trip time was 315.182 milliseconds in repetition 137
Round trip time was 129.043 milliseconds in repetition 138
Round trip time was 143.561 milliseconds in repetition 139
Round trip time was 163.848 milliseconds in repetition 140
Round trip time was 102.235 milliseconds in repetition 141
Round trip time was 204.784 milliseconds in repetition 142
Round trip time was 204.840 milliseconds in repetition 143
Round trip time was 205.101 milliseconds in repetition 144
Round trip time was 141.780 milliseconds in repetition 145
Round trip time was 63.334 milliseconds in repetition 146
Round trip time was 204.568 milliseconds in repetition 147
Round trip time was 409.957 milliseconds in repetition 148
Round trip time was 204.776 milliseconds in repetition 149
Round trip time was 102.258 milliseconds in repetition 150
Round trip time was 72.949 milliseconds in repetition 151

 ... clock resolution was 1e-06
UDP Ping:  Statistics over 151 repetitions of 64 byte messages

RTT : percentile 10: 82.9895, median: 204.734, percentile 90: 329.676, average: 191.134, variance: 8292.78

RTT histogram:
46.1624 3
64.3532 9
82.544 7
100.735 17
118.926 3
137.117 8
155.307 9
173.498 5
191.689 4
209.88 60
228.071 2
246.261 1
264.452 1
282.643 1
300.834 1
319.025 4
337.216 2
355.406 2
373.597 1
391.788 1
409.979 10

   median Throughput : 0.6252 KB/s   overall Throughput : 0.669689 KB/s

