UDP Ping trying to connect to server seti.dibris.unige.it (130.251.61.30) on TCP port 1491
 ... connected to Pong server: asking for 151 repetitions of 48 _bytes UDP messages
 ... Pong server agreed to ping-pong using port 49152 :-)
Round trip time was 71.076 milliseconds in repetition 1
Round trip time was 204.868 milliseconds in repetition 2
Round trip time was 205.116 milliseconds in repetition 3
Round trip time was 79.535 milliseconds in repetition 4
Round trip time was 127.718 milliseconds in repetition 5
Round trip time was 410.698 milliseconds in repetition 6
Round trip time was 201.718 milliseconds in repetition 7
Round trip time was 409.960 milliseconds in repetition 8
Round trip time was 409.713 milliseconds in repetition 9
Round trip time was 205.181 milliseconds in repetition 10
Round trip time was 91.961 milliseconds in repetition 11
Round trip time was 112.918 milliseconds in repetition 12
Round trip time was 204.965 milliseconds in repetition 13
Round trip time was 409.939 milliseconds in repetition 14
Round trip time was 417.123 milliseconds in repetition 15
Round trip time was 402.957 milliseconds in repetition 16
Round trip time was 208.367 milliseconds in repetition 17
Round trip time was 201.372 milliseconds in repetition 18
Round trip time was 102.324 milliseconds in repetition 19
Round trip time was 102.488 milliseconds in repetition 20
Round trip time was 410.047 milliseconds in repetition 21
Round trip time was 204.975 milliseconds in repetition 22
Round trip time was 204.946 milliseconds in repetition 23
Round trip time was 204.959 milliseconds in repetition 24
Round trip time was 204.959 milliseconds in repetition 25
Round trip time was 307.326 milliseconds in repetition 26
Round trip time was 102.476 milliseconds in repetition 27
Round trip time was 205.703 milliseconds in repetition 28
Round trip time was 101.924 milliseconds in repetition 29
Round trip time was 102.406 milliseconds in repetition 30
Round trip time was 204.953 milliseconds in repetition 31
Round trip time was 204.945 milliseconds in repetition 32
Round trip time was 204.893 milliseconds in repetition 33
Round trip time was 409.937 milliseconds in repetition 34
Round trip time was 584.762 milliseconds in repetition 35
Round trip time was 131.874 milliseconds in repetition 36
Round trip time was 102.983 milliseconds in repetition 37
Round trip time was 205.146 milliseconds in repetition 38
Round trip time was 409.720 milliseconds in repetition 39
Round trip time was 205.140 milliseconds in repetition 40
Round trip time was 205.060 milliseconds in repetition 41
Round trip time was 204.927 milliseconds in repetition 42
Round trip time was 409.949 milliseconds in repetition 43
Round trip time was 204.694 milliseconds in repetition 44
Round trip time was 102.610 milliseconds in repetition 45
Round trip time was 102.672 milliseconds in repetition 46
Round trip time was 204.621 milliseconds in repetition 47
Round trip time was 205.274 milliseconds in repetition 48
Round trip time was 205.225 milliseconds in repetition 49
Round trip time was 204.804 milliseconds in repetition 50
Round trip time was 208.271 milliseconds in repetition 51
Round trip time was 201.365 milliseconds in repetition 52
Round trip time was 205.009 milliseconds in repetition 53
Round trip time was 204.887 milliseconds in repetition 54
Round trip time was 204.935 milliseconds in repetition 55
Round trip time was 124.128 milliseconds in repetition 56
Round trip time was 80.928 milliseconds in repetition 57
Round trip time was 124.238 milliseconds in repetition 58
Round trip time was 80.701 milliseconds in repetition 59
Round trip time was 204.740 milliseconds in repetition 60
Round trip time was 205.158 milliseconds in repetition 61
Round trip time was 204.814 milliseconds in repetition 62
Round trip time was 205.135 milliseconds in repetition 63
Round trip time was 204.653 milliseconds in repetition 64
Round trip time was 410.130 milliseconds in repetition 65
Round trip time was 171.413 milliseconds in repetition 66
Round trip time was 238.569 milliseconds in repetition 67
Round trip time was 204.816 milliseconds in repetition 68
Round trip time was 409.681 milliseconds in repetition 69
Round trip time was 204.941 milliseconds in repetition 70
Round trip time was 49.615 milliseconds in repetition 71
Round trip time was 140.671 milliseconds in repetition 72
Round trip time was 219.802 milliseconds in repetition 73
Round trip time was 204.730 milliseconds in repetition 74
Round trip time was 204.878 milliseconds in repetition 75
Round trip time was 137.558 milliseconds in repetition 76
Round trip time was 68.229 milliseconds in repetition 77
Round trip time was 204.145 milliseconds in repetition 78
Round trip time was 204.846 milliseconds in repetition 79
Round trip time was 204.685 milliseconds in repetition 80
Round trip time was 205.005 milliseconds in repetition 81
Round trip time was 170.833 milliseconds in repetition 82
Round trip time was 239.236 milliseconds in repetition 83
Round trip time was 409.923 milliseconds in repetition 84
Round trip time was 277.650 milliseconds in repetition 85
Round trip time was 234.535 milliseconds in repetition 86
Round trip time was 102.836 milliseconds in repetition 87
Round trip time was 204.719 milliseconds in repetition 88
Round trip time was 204.807 milliseconds in repetition 89
Round trip time was 205.079 milliseconds in repetition 90
Round trip time was 205.007 milliseconds in repetition 91
Round trip time was 204.733 milliseconds in repetition 92
Round trip time was 70.401 milliseconds in repetition 93
Round trip time was 137.921 milliseconds in repetition 94
Round trip time was 337.929 milliseconds in repetition 95
Round trip time was 107.219 milliseconds in repetition 96
Round trip time was 64.198 milliseconds in repetition 97
Round trip time was 102.047 milliseconds in repetition 98
Round trip time was 131.300 milliseconds in repetition 99
Round trip time was 73.975 milliseconds in repetition 100
Round trip time was 204.690 milliseconds in repetition 101
Round trip time was 409.907 milliseconds in repetition 102
Round trip time was 208.338 milliseconds in repetition 103
Round trip time was 611.630 milliseconds in repetition 104
Round trip time was 113.959 milliseconds in repetition 105
Round trip time was 90.751 milliseconds in repetition 106
Round trip time was 204.737 milliseconds in repetition 107
Round trip time was 205.125 milliseconds in repetition 108
Round trip time was 204.946 milliseconds in repetition 109
Round trip time was 307.138 milliseconds in repetition 110
Round trip time was 105.855 milliseconds in repetition 111
Round trip time was 201.601 milliseconds in repetition 112
Round trip time was 409.745 milliseconds in repetition 113
Round trip time was 205.138 milliseconds in repetition 114
Round trip time was 80.984 milliseconds in repetition 115
Round trip time was 123.798 milliseconds in repetition 116
Round trip time was 205.273 milliseconds in repetition 117
Round trip time was 204.855 milliseconds in repetition 118
Round trip time was 204.893 milliseconds in repetition 119
Round trip time was 204.613 milliseconds in repetition 120
Round trip time was 205.182 milliseconds in repetition 121
Round trip time was 204.688 milliseconds in repetition 122
Round trip time was 409.850 milliseconds in repetition 123
Round trip time was 204.939 milliseconds in repetition 124
Round trip time was 204.917 milliseconds in repetition 125
Round trip time was 161.844 milliseconds in repetition 126
Round trip time was 54.731 milliseconds in repetition 127
Round trip time was 193.149 milliseconds in repetition 128
Round trip time was 205.061 milliseconds in repetition 129
Round trip time was 55.827 milliseconds in repetition 130
Round trip time was 149.297 milliseconds in repetition 131
Round trip time was 204.597 milliseconds in repetition 132
Round trip time was 614.931 milliseconds in repetition 133
Round trip time was 204.910 milliseconds in repetition 134
Round trip time was 110.589 milliseconds in repetition 135
Round trip time was 94.350 milliseconds in repetition 136
Round trip time was 160.226 milliseconds in repetition 137
Round trip time was 249.670 milliseconds in repetition 138
Round trip time was 204.838 milliseconds in repetition 139
Round trip time was 204.927 milliseconds in repetition 140
Round trip time was 204.928 milliseconds in repetition 141
Round trip time was 204.925 milliseconds in repetition 142
Round trip time was 205.066 milliseconds in repetition 143
Round trip time was 204.659 milliseconds in repetition 144
Round trip time was 121.729 milliseconds in repetition 145
Round trip time was 83.127 milliseconds in repetition 146
Round trip time was 205.003 milliseconds in repetition 147
Round trip time was 159.057 milliseconds in repetition 148
Round trip time was 46.188 milliseconds in repetition 149
Round trip time was 204.584 milliseconds in repetition 150
Round trip time was 205.261 milliseconds in repetition 151

 ... clock resolution was 1e-06
UDP Ping:  Statistics over 151 repetitions of 48 byte messages

RTT : percentile 10: 91.9613, median: 204.855, percentile 90: 409.72, average: 206.768, variance: 11451.6

RTT histogram:
46.1885 4
74.6256 10
103.063 18
131.5 10
159.937 6
188.374 5
216.811 71
245.248 4
273.685 1
302.123 2
330.56 1
358.997 0
387.434 0
415.871 16
444.308 0
472.745 0
501.182 0
529.619 0
558.057 0
586.494 1
614.931 2

   median Throughput : 0.468624 KB/s   overall Throughput : 0.464289 KB/s

